[0.266s] Invoking command in '/home/ons/ros2_ws/build/articubot_one': CMAKE_PREFIX_PATH=${CMAKE_PREFIX_PATH}:/home/ons/ros2_ws/install/test_node:/home/ons/ros2_ws/install/serial_motor_demo:/opt/ros/humble /usr/bin/cmake --build /home/ons/ros2_ws/build/articubot_one -- -j4 -l4
[1.176s] Invoked command in '/home/ons/ros2_ws/build/articubot_one' returned '0': CMAKE_PREFIX_PATH=${CMAKE_PREFIX_PATH}:/home/ons/ros2_ws/install/test_node:/home/ons/ros2_ws/install/serial_motor_demo:/opt/ros/humble /usr/bin/cmake --build /home/ons/ros2_ws/build/articubot_one -- -j4 -l4
[1.299s] Invoking command in '/home/ons/ros2_ws/build/articubot_one': CMAKE_PREFIX_PATH=${CMAKE_PREFIX_PATH}:/home/ons/ros2_ws/install/test_node:/home/ons/ros2_ws/install/serial_motor_demo:/opt/ros/humble /usr/bin/cmake --install /home/ons/ros2_ws/build/articubot_one
[1.315s] -- Install configuration: ""
[1.316s] -- Execute custom install script
[1.317s] -- Up-to-date symlink: /home/ons/ros2_ws/install/articubot_one/share/articubot_one/config/ball_tracker_params_robot.yaml
[1.318s] -- Up-to-date symlink: /home/ons/ros2_ws/install/articubot_one/share/articubot_one/config/ball_tracker_params_sim.yaml
[1.318s] -- Up-to-date symlink: /home/ons/ros2_ws/install/articubot_one/share/articubot_one/config/drive_bot.rviz
[1.318s] -- Up-to-date symlink: /home/ons/ros2_ws/install/articubot_one/share/articubot_one/config/empty.yaml
[1.318s] -- Up-to-date symlink: /home/ons/ros2_ws/install/articubot_one/share/articubot_one/config/gaz_ros2_ctl_use_sim.yaml
[1.318s] -- Up-to-date symlink: /home/ons/ros2_ws/install/articubot_one/share/articubot_one/config/gazebo_params.yaml
[1.319s] -- Up-to-date symlink: /home/ons/ros2_ws/install/articubot_one/share/articubot_one/config/joystick.yaml
[1.319s] -- Up-to-date symlink: /home/ons/ros2_ws/install/articubot_one/share/articubot_one/config/main.rviz
[1.319s] -- Up-to-date symlink: /home/ons/ros2_ws/install/articubot_one/share/articubot_one/config/map.rviz
[1.319s] -- Up-to-date symlink: /home/ons/ros2_ws/install/articubot_one/share/articubot_one/config/mapper_params_online_async.yaml
[1.319s] -- Up-to-date symlink: /home/ons/ros2_ws/install/articubot_one/share/articubot_one/config/my_controllers.yaml
[1.319s] -- Up-to-date symlink: /home/ons/ros2_ws/install/articubot_one/share/articubot_one/config/nav2_params.yaml
[1.324s] -- Up-to-date symlink: /home/ons/ros2_ws/install/articubot_one/share/articubot_one/config/twist_mux.yaml
[1.324s] -- Up-to-date symlink: /home/ons/ros2_ws/install/articubot_one/share/articubot_one/config/view_bot.rviz
[1.324s] -- Up-to-date symlink: /home/ons/ros2_ws/install/articubot_one/share/articubot_one/description/camera.xacro
[1.324s] -- Up-to-date symlink: /home/ons/ros2_ws/install/articubot_one/share/articubot_one/description/depth_camera.xacro
[1.324s] -- Up-to-date symlink: /home/ons/ros2_ws/install/articubot_one/share/articubot_one/description/face.xacro
[1.324s] -- Up-to-date symlink: /home/ons/ros2_ws/install/articubot_one/share/articubot_one/description/gazebo_control.xacro
[1.325s] -- Up-to-date symlink: /home/ons/ros2_ws/install/articubot_one/share/articubot_one/description/inertial_macros.xacro
[1.325s] -- Up-to-date symlink: /home/ons/ros2_ws/install/articubot_one/share/articubot_one/description/lidar.xacro
[1.325s] -- Up-to-date symlink: /home/ons/ros2_ws/install/articubot_one/share/articubot_one/description/robot.urdf.xacro
[1.325s] -- Up-to-date symlink: /home/ons/ros2_ws/install/articubot_one/share/articubot_one/description/robot_core.xacro
[1.325s] -- Up-to-date symlink: /home/ons/ros2_ws/install/articubot_one/share/articubot_one/description/ros2_control.xacro
[1.326s] -- Up-to-date symlink: /home/ons/ros2_ws/install/articubot_one/share/articubot_one/launch/ball_tracker.launch.py
[1.326s] -- Up-to-date symlink: /home/ons/ros2_ws/install/articubot_one/share/articubot_one/launch/camera.launch.py
[1.326s] -- Up-to-date symlink: /home/ons/ros2_ws/install/articubot_one/share/articubot_one/launch/joystick.launch.py
[1.326s] -- Up-to-date symlink: /home/ons/ros2_ws/install/articubot_one/share/articubot_one/launch/launch_robot.launch.py
[1.326s] -- Up-to-date symlink: /home/ons/ros2_ws/install/articubot_one/share/articubot_one/launch/launch_sim.launch.py
[1.326s] -- Up-to-date symlink: /home/ons/ros2_ws/install/articubot_one/share/articubot_one/launch/localization_launch.py
[1.327s] -- Up-to-date symlink: /home/ons/ros2_ws/install/articubot_one/share/articubot_one/launch/navigation_launch.py
[1.327s] -- Up-to-date symlink: /home/ons/ros2_ws/install/articubot_one/share/articubot_one/launch/online_async_launch.py
[1.327s] -- Up-to-date symlink: /home/ons/ros2_ws/install/articubot_one/share/articubot_one/launch/rplidar.launch.py
[1.327s] -- Up-to-date symlink: /home/ons/ros2_ws/install/articubot_one/share/articubot_one/launch/rsp.launch.py
[1.327s] -- Up-to-date symlink: /home/ons/ros2_ws/install/articubot_one/share/articubot_one/worlds/empty.world
[1.327s] -- Up-to-date symlink: /home/ons/ros2_ws/install/articubot_one/share/articubot_one/worlds/obstacles.world
[1.328s] -- Up-to-date symlink: /home/ons/ros2_ws/install/articubot_one/share/ament_index/resource_index/package_run_dependencies/articubot_one
[1.328s] -- Up-to-date symlink: /home/ons/ros2_ws/install/articubot_one/share/ament_index/resource_index/parent_prefix_path/articubot_one
[1.329s] -- Up-to-date symlink: /home/ons/ros2_ws/install/articubot_one/share/articubot_one/environment/ament_prefix_path.sh
[1.329s] -- Up-to-date symlink: /home/ons/ros2_ws/install/articubot_one/share/articubot_one/environment/ament_prefix_path.dsv
[1.332s] -- Up-to-date symlink: /home/ons/ros2_ws/install/articubot_one/share/articubot_one/environment/path.sh
[1.333s] -- Up-to-date symlink: /home/ons/ros2_ws/install/articubot_one/share/articubot_one/environment/path.dsv
[1.333s] -- Up-to-date symlink: /home/ons/ros2_ws/install/articubot_one/share/articubot_one/local_setup.bash
[1.333s] -- Up-to-date symlink: /home/ons/ros2_ws/install/articubot_one/share/articubot_one/local_setup.sh
[1.333s] -- Up-to-date symlink: /home/ons/ros2_ws/install/articubot_one/share/articubot_one/local_setup.zsh
[1.333s] -- Up-to-date symlink: /home/ons/ros2_ws/install/articubot_one/share/articubot_one/local_setup.dsv
[1.334s] -- Symlinking: /home/ons/ros2_ws/install/articubot_one/share/articubot_one/package.dsv
[1.365s] -- Up-to-date symlink: /home/ons/ros2_ws/install/articubot_one/share/ament_index/resource_index/packages/articubot_one
[1.366s] -- Up-to-date symlink: /home/ons/ros2_ws/install/articubot_one/share/articubot_one/cmake/articubot_oneConfig.cmake
[1.366s] -- Up-to-date symlink: /home/ons/ros2_ws/install/articubot_one/share/articubot_one/cmake/articubot_oneConfig-version.cmake
[1.366s] -- Up-to-date symlink: /home/ons/ros2_ws/install/articubot_one/share/articubot_one/package.xml
[1.622s] Invoked command in '/home/ons/ros2_ws/build/articubot_one' returned '0': CMAKE_PREFIX_PATH=${CMAKE_PREFIX_PATH}:/home/ons/ros2_ws/install/test_node:/home/ons/ros2_ws/install/serial_motor_demo:/opt/ros/humble /usr/bin/cmake --install /home/ons/ros2_ws/build/articubot_one
