[0.548s] Invoking command in '/home/ons/ros2_ws/build/serial_motor_demo_msgs': CMAKE_PREFIX_PATH=${CMAKE_PREFIX_PATH}:/home/ons/ros2_ws/install/test_node:/home/ons/ros2_ws/install/serial_motor_demo:/opt/ros/humble /usr/bin/cmake --build /home/ons/ros2_ws/build/serial_motor_demo_msgs -- -j4 -l4
[0.835s] [  2%] Built target serial_motor_demo_msgs__cpp
[0.953s] [ 12%] Built target serial_motor_demo_msgs__rosidl_generator_c
[0.967s] [ 12%] Built target ament_cmake_python_copy_serial_motor_demo_msgs
[0.984s] [ 23%] Built target serial_motor_demo_msgs__rosidl_typesupport_fastrtps_cpp
[0.993s] [ 34%] Built target serial_motor_demo_msgs__rosidl_typesupport_introspection_cpp
[1.061s] [ 44%] Built target serial_motor_demo_msgs__rosidl_typesupport_cpp
[1.072s] [ 55%] Built target serial_motor_demo_msgs__rosidl_typesupport_fastrtps_c
[1.093s] [ 65%] Built target serial_motor_demo_msgs__rosidl_typesupport_c
[1.142s] [ 76%] Built target serial_motor_demo_msgs__rosidl_typesupport_introspection_c
[1.247s] [ 76%] Built target serial_motor_demo_msgs
[1.410s] [ 78%] Built target serial_motor_demo_msgs__py
[1.529s] [ 87%] Built target serial_motor_demo_msgs__rosidl_generator_py
[1.675s] [ 91%] Built target serial_motor_demo_msgs__rosidl_typesupport_introspection_c__pyext
[1.678s] [ 95%] Built target serial_motor_demo_msgs__rosidl_typesupport_fastrtps_c__pyext
[1.709s] [100%] Built target serial_motor_demo_msgs__rosidl_typesupport_c__pyext
[2.212s] running egg_info
[2.213s] writing serial_motor_demo_msgs.egg-info/PKG-INFO
[2.225s] writing dependency_links to serial_motor_demo_msgs.egg-info/dependency_links.txt
[2.225s] writing top-level names to serial_motor_demo_msgs.egg-info/top_level.txt
[2.226s] reading manifest file 'serial_motor_demo_msgs.egg-info/SOURCES.txt'
[2.228s] writing manifest file 'serial_motor_demo_msgs.egg-info/SOURCES.txt'
[2.374s] [100%] Built target ament_cmake_python_build_serial_motor_demo_msgs_egg
[2.439s] Invoked command in '/home/ons/ros2_ws/build/serial_motor_demo_msgs' returned '0': CMAKE_PREFIX_PATH=${CMAKE_PREFIX_PATH}:/home/ons/ros2_ws/install/test_node:/home/ons/ros2_ws/install/serial_motor_demo:/opt/ros/humble /usr/bin/cmake --build /home/ons/ros2_ws/build/serial_motor_demo_msgs -- -j4 -l4
[3.012s] Invoking command in '/home/ons/ros2_ws/build/serial_motor_demo_msgs': CMAKE_PREFIX_PATH=${CMAKE_PREFIX_PATH}:/home/ons/ros2_ws/install/test_node:/home/ons/ros2_ws/install/serial_motor_demo:/opt/ros/humble /usr/bin/cmake --install /home/ons/ros2_ws/build/serial_motor_demo_msgs
[3.056s] -- Install configuration: ""
[3.057s] -- Up-to-date: /home/ons/ros2_ws/install/serial_motor_demo_msgs/share/ament_index/resource_index/rosidl_interfaces/serial_motor_demo_msgs
[3.066s] -- Up-to-date: /home/ons/ros2_ws/install/serial_motor_demo_msgs/include/serial_motor_demo_msgs/serial_motor_demo_msgs
[3.067s] -- Up-to-date: /home/ons/ros2_ws/install/serial_motor_demo_msgs/include/serial_motor_demo_msgs/serial_motor_demo_msgs/msg
[3.067s] -- Up-to-date: /home/ons/ros2_ws/install/serial_motor_demo_msgs/include/serial_motor_demo_msgs/serial_motor_demo_msgs/msg/motor_vels.h
[3.068s] -- Up-to-date: /home/ons/ros2_ws/install/serial_motor_demo_msgs/include/serial_motor_demo_msgs/serial_motor_demo_msgs/msg/detail
[3.068s] -- Up-to-date: /home/ons/ros2_ws/install/serial_motor_demo_msgs/include/serial_motor_demo_msgs/serial_motor_demo_msgs/msg/detail/motor_vels__type_support.h
[3.068s] -- Up-to-date: /home/ons/ros2_ws/install/serial_motor_demo_msgs/include/serial_motor_demo_msgs/serial_motor_demo_msgs/msg/detail/motor_command__struct.h
[3.068s] -- Up-to-date: /home/ons/ros2_ws/install/serial_motor_demo_msgs/include/serial_motor_demo_msgs/serial_motor_demo_msgs/msg/detail/motor_command__functions.c
[3.068s] -- Up-to-date: /home/ons/ros2_ws/install/serial_motor_demo_msgs/include/serial_motor_demo_msgs/serial_motor_demo_msgs/msg/detail/motor_command__type_support.h
[3.068s] -- Up-to-date: /home/ons/ros2_ws/install/serial_motor_demo_msgs/include/serial_motor_demo_msgs/serial_motor_demo_msgs/msg/detail/encoder_vals__type_support.h
[3.069s] -- Up-to-date: /home/ons/ros2_ws/install/serial_motor_demo_msgs/include/serial_motor_demo_msgs/serial_motor_demo_msgs/msg/detail/encoder_vals__struct.h
[3.080s] -- Up-to-date: /home/ons/ros2_ws/install/serial_motor_demo_msgs/include/serial_motor_demo_msgs/serial_motor_demo_msgs/msg/detail/motor_vels__struct.h
[3.080s] -- Up-to-date: /home/ons/ros2_ws/install/serial_motor_demo_msgs/include/serial_motor_demo_msgs/serial_motor_demo_msgs/msg/detail/encoder_vals__functions.c
[3.080s] -- Up-to-date: /home/ons/ros2_ws/install/serial_motor_demo_msgs/include/serial_motor_demo_msgs/serial_motor_demo_msgs/msg/detail/motor_command__functions.h
[3.080s] -- Up-to-date: /home/ons/ros2_ws/install/serial_motor_demo_msgs/include/serial_motor_demo_msgs/serial_motor_demo_msgs/msg/detail/motor_vels__functions.h
[3.081s] -- Up-to-date: /home/ons/ros2_ws/install/serial_motor_demo_msgs/include/serial_motor_demo_msgs/serial_motor_demo_msgs/msg/detail/encoder_vals__functions.h
[3.081s] -- Up-to-date: /home/ons/ros2_ws/install/serial_motor_demo_msgs/include/serial_motor_demo_msgs/serial_motor_demo_msgs/msg/detail/motor_vels__functions.c
[3.081s] -- Up-to-date: /home/ons/ros2_ws/install/serial_motor_demo_msgs/include/serial_motor_demo_msgs/serial_motor_demo_msgs/msg/motor_command.h
[3.081s] -- Up-to-date: /home/ons/ros2_ws/install/serial_motor_demo_msgs/include/serial_motor_demo_msgs/serial_motor_demo_msgs/msg/encoder_vals.h
[3.085s] -- Up-to-date: /home/ons/ros2_ws/install/serial_motor_demo_msgs/include/serial_motor_demo_msgs/serial_motor_demo_msgs/msg/rosidl_generator_c__visibility_control.h
[3.097s] -- Up-to-date: /home/ons/ros2_ws/install/serial_motor_demo_msgs/share/serial_motor_demo_msgs/environment/library_path.sh
[3.098s] -- Up-to-date: /home/ons/ros2_ws/install/serial_motor_demo_msgs/share/serial_motor_demo_msgs/environment/library_path.dsv
[3.098s] -- Up-to-date: /home/ons/ros2_ws/install/serial_motor_demo_msgs/lib/libserial_motor_demo_msgs__rosidl_generator_c.so
[3.098s] -- Up-to-date: /home/ons/ros2_ws/install/serial_motor_demo_msgs/include/serial_motor_demo_msgs/serial_motor_demo_msgs
[3.098s] -- Up-to-date: /home/ons/ros2_ws/install/serial_motor_demo_msgs/include/serial_motor_demo_msgs/serial_motor_demo_msgs/msg
[3.098s] -- Up-to-date: /home/ons/ros2_ws/install/serial_motor_demo_msgs/include/serial_motor_demo_msgs/serial_motor_demo_msgs/msg/detail
[3.106s] -- Up-to-date: /home/ons/ros2_ws/install/serial_motor_demo_msgs/include/serial_motor_demo_msgs/serial_motor_demo_msgs/msg/detail/motor_vels__rosidl_typesupport_fastrtps_c.h
[3.106s] -- Up-to-date: /home/ons/ros2_ws/install/serial_motor_demo_msgs/include/serial_motor_demo_msgs/serial_motor_demo_msgs/msg/detail/encoder_vals__rosidl_typesupport_fastrtps_c.h
[3.106s] -- Up-to-date: /home/ons/ros2_ws/install/serial_motor_demo_msgs/include/serial_motor_demo_msgs/serial_motor_demo_msgs/msg/detail/motor_command__rosidl_typesupport_fastrtps_c.h
[3.106s] -- Up-to-date: /home/ons/ros2_ws/install/serial_motor_demo_msgs/include/serial_motor_demo_msgs/serial_motor_demo_msgs/msg/rosidl_typesupport_fastrtps_c__visibility_control.h
[3.106s] -- Up-to-date: /home/ons/ros2_ws/install/serial_motor_demo_msgs/lib/libserial_motor_demo_msgs__rosidl_typesupport_fastrtps_c.so
[3.106s] -- Up-to-date: /home/ons/ros2_ws/install/serial_motor_demo_msgs/include/serial_motor_demo_msgs/serial_motor_demo_msgs
[3.107s] -- Up-to-date: /home/ons/ros2_ws/install/serial_motor_demo_msgs/include/serial_motor_demo_msgs/serial_motor_demo_msgs/msg
[3.107s] -- Up-to-date: /home/ons/ros2_ws/install/serial_motor_demo_msgs/include/serial_motor_demo_msgs/serial_motor_demo_msgs/msg/detail
[3.107s] -- Up-to-date: /home/ons/ros2_ws/install/serial_motor_demo_msgs/include/serial_motor_demo_msgs/serial_motor_demo_msgs/msg/detail/motor_vels__type_support.c
[3.107s] -- Up-to-date: /home/ons/ros2_ws/install/serial_motor_demo_msgs/include/serial_motor_demo_msgs/serial_motor_demo_msgs/msg/detail/encoder_vals__rosidl_typesupport_introspection_c.h
[3.107s] -- Up-to-date: /home/ons/ros2_ws/install/serial_motor_demo_msgs/include/serial_motor_demo_msgs/serial_motor_demo_msgs/msg/detail/motor_command__rosidl_typesupport_introspection_c.h
[3.107s] -- Up-to-date: /home/ons/ros2_ws/install/serial_motor_demo_msgs/include/serial_motor_demo_msgs/serial_motor_demo_msgs/msg/detail/encoder_vals__type_support.c
[3.107s] -- Up-to-date: /home/ons/ros2_ws/install/serial_motor_demo_msgs/include/serial_motor_demo_msgs/serial_motor_demo_msgs/msg/detail/motor_vels__rosidl_typesupport_introspection_c.h
[3.108s] -- Up-to-date: /home/ons/ros2_ws/install/serial_motor_demo_msgs/include/serial_motor_demo_msgs/serial_motor_demo_msgs/msg/detail/motor_command__type_support.c
[3.108s] -- Up-to-date: /home/ons/ros2_ws/install/serial_motor_demo_msgs/include/serial_motor_demo_msgs/serial_motor_demo_msgs/msg/rosidl_typesupport_introspection_c__visibility_control.h
[3.108s] -- Up-to-date: /home/ons/ros2_ws/install/serial_motor_demo_msgs/lib/libserial_motor_demo_msgs__rosidl_typesupport_introspection_c.so
[3.108s] -- Up-to-date: /home/ons/ros2_ws/install/serial_motor_demo_msgs/lib/libserial_motor_demo_msgs__rosidl_typesupport_c.so
[3.108s] -- Up-to-date: /home/ons/ros2_ws/install/serial_motor_demo_msgs/include/serial_motor_demo_msgs/serial_motor_demo_msgs
[3.108s] -- Up-to-date: /home/ons/ros2_ws/install/serial_motor_demo_msgs/include/serial_motor_demo_msgs/serial_motor_demo_msgs/msg
[3.109s] -- Up-to-date: /home/ons/ros2_ws/install/serial_motor_demo_msgs/include/serial_motor_demo_msgs/serial_motor_demo_msgs/msg/detail
[3.109s] -- Up-to-date: /home/ons/ros2_ws/install/serial_motor_demo_msgs/include/serial_motor_demo_msgs/serial_motor_demo_msgs/msg/detail/motor_command__traits.hpp
[3.109s] -- Up-to-date: /home/ons/ros2_ws/install/serial_motor_demo_msgs/include/serial_motor_demo_msgs/serial_motor_demo_msgs/msg/detail/encoder_vals__builder.hpp
[3.109s] -- Up-to-date: /home/ons/ros2_ws/install/serial_motor_demo_msgs/include/serial_motor_demo_msgs/serial_motor_demo_msgs/msg/detail/motor_vels__struct.hpp
[3.109s] -- Up-to-date: /home/ons/ros2_ws/install/serial_motor_demo_msgs/include/serial_motor_demo_msgs/serial_motor_demo_msgs/msg/detail/motor_command__builder.hpp
[3.109s] -- Up-to-date: /home/ons/ros2_ws/install/serial_motor_demo_msgs/include/serial_motor_demo_msgs/serial_motor_demo_msgs/msg/detail/encoder_vals__traits.hpp
[3.109s] -- Up-to-date: /home/ons/ros2_ws/install/serial_motor_demo_msgs/include/serial_motor_demo_msgs/serial_motor_demo_msgs/msg/detail/motor_vels__traits.hpp
[3.110s] -- Up-to-date: /home/ons/ros2_ws/install/serial_motor_demo_msgs/include/serial_motor_demo_msgs/serial_motor_demo_msgs/msg/detail/motor_vels__builder.hpp
[3.110s] -- Up-to-date: /home/ons/ros2_ws/install/serial_motor_demo_msgs/include/serial_motor_demo_msgs/serial_motor_demo_msgs/msg/detail/motor_command__struct.hpp
[3.110s] -- Up-to-date: /home/ons/ros2_ws/install/serial_motor_demo_msgs/include/serial_motor_demo_msgs/serial_motor_demo_msgs/msg/detail/encoder_vals__struct.hpp
[3.110s] -- Up-to-date: /home/ons/ros2_ws/install/serial_motor_demo_msgs/include/serial_motor_demo_msgs/serial_motor_demo_msgs/msg/encoder_vals.hpp
[3.115s] -- Up-to-date: /home/ons/ros2_ws/install/serial_motor_demo_msgs/include/serial_motor_demo_msgs/serial_motor_demo_msgs/msg/motor_command.hpp
[3.115s] -- Up-to-date: /home/ons/ros2_ws/install/serial_motor_demo_msgs/include/serial_motor_demo_msgs/serial_motor_demo_msgs/msg/motor_vels.hpp
[3.115s] -- Up-to-date: /home/ons/ros2_ws/install/serial_motor_demo_msgs/include/serial_motor_demo_msgs/serial_motor_demo_msgs
[3.115s] -- Up-to-date: /home/ons/ros2_ws/install/serial_motor_demo_msgs/include/serial_motor_demo_msgs/serial_motor_demo_msgs/msg
[3.116s] -- Up-to-date: /home/ons/ros2_ws/install/serial_motor_demo_msgs/include/serial_motor_demo_msgs/serial_motor_demo_msgs/msg/detail
[3.116s] -- Up-to-date: /home/ons/ros2_ws/install/serial_motor_demo_msgs/include/serial_motor_demo_msgs/serial_motor_demo_msgs/msg/detail/motor_command__rosidl_typesupport_fastrtps_cpp.hpp
[3.116s] -- Up-to-date: /home/ons/ros2_ws/install/serial_motor_demo_msgs/include/serial_motor_demo_msgs/serial_motor_demo_msgs/msg/detail/dds_fastrtps
[3.116s] -- Up-to-date: /home/ons/ros2_ws/install/serial_motor_demo_msgs/include/serial_motor_demo_msgs/serial_motor_demo_msgs/msg/detail/encoder_vals__rosidl_typesupport_fastrtps_cpp.hpp
[3.117s] -- Up-to-date: /home/ons/ros2_ws/install/serial_motor_demo_msgs/include/serial_motor_demo_msgs/serial_motor_demo_msgs/msg/detail/motor_vels__rosidl_typesupport_fastrtps_cpp.hpp
[3.117s] -- Up-to-date: /home/ons/ros2_ws/install/serial_motor_demo_msgs/include/serial_motor_demo_msgs/serial_motor_demo_msgs/msg/rosidl_typesupport_fastrtps_cpp__visibility_control.h
[3.117s] -- Up-to-date: /home/ons/ros2_ws/install/serial_motor_demo_msgs/lib/libserial_motor_demo_msgs__rosidl_typesupport_fastrtps_cpp.so
[3.118s] -- Up-to-date: /home/ons/ros2_ws/install/serial_motor_demo_msgs/include/serial_motor_demo_msgs/serial_motor_demo_msgs
[3.118s] -- Up-to-date: /home/ons/ros2_ws/install/serial_motor_demo_msgs/include/serial_motor_demo_msgs/serial_motor_demo_msgs/msg
[3.118s] -- Up-to-date: /home/ons/ros2_ws/install/serial_motor_demo_msgs/include/serial_motor_demo_msgs/serial_motor_demo_msgs/msg/detail
[3.118s] -- Up-to-date: /home/ons/ros2_ws/install/serial_motor_demo_msgs/include/serial_motor_demo_msgs/serial_motor_demo_msgs/msg/detail/encoder_vals__type_support.cpp
[3.118s] -- Up-to-date: /home/ons/ros2_ws/install/serial_motor_demo_msgs/include/serial_motor_demo_msgs/serial_motor_demo_msgs/msg/detail/motor_command__rosidl_typesupport_introspection_cpp.hpp
[3.119s] -- Up-to-date: /home/ons/ros2_ws/install/serial_motor_demo_msgs/include/serial_motor_demo_msgs/serial_motor_demo_msgs/msg/detail/motor_vels__type_support.cpp
[3.119s] -- Up-to-date: /home/ons/ros2_ws/install/serial_motor_demo_msgs/include/serial_motor_demo_msgs/serial_motor_demo_msgs/msg/detail/encoder_vals__rosidl_typesupport_introspection_cpp.hpp
[3.119s] -- Up-to-date: /home/ons/ros2_ws/install/serial_motor_demo_msgs/include/serial_motor_demo_msgs/serial_motor_demo_msgs/msg/detail/motor_vels__rosidl_typesupport_introspection_cpp.hpp
[3.119s] -- Up-to-date: /home/ons/ros2_ws/install/serial_motor_demo_msgs/include/serial_motor_demo_msgs/serial_motor_demo_msgs/msg/detail/motor_command__type_support.cpp
[3.119s] -- Up-to-date: /home/ons/ros2_ws/install/serial_motor_demo_msgs/lib/libserial_motor_demo_msgs__rosidl_typesupport_introspection_cpp.so
[3.119s] -- Up-to-date: /home/ons/ros2_ws/install/serial_motor_demo_msgs/lib/libserial_motor_demo_msgs__rosidl_typesupport_cpp.so
[3.120s] -- Up-to-date: /home/ons/ros2_ws/install/serial_motor_demo_msgs/share/serial_motor_demo_msgs/environment/pythonpath.sh
[3.120s] -- Up-to-date: /home/ons/ros2_ws/install/serial_motor_demo_msgs/share/serial_motor_demo_msgs/environment/pythonpath.dsv
[3.120s] -- Up-to-date: /home/ons/ros2_ws/install/serial_motor_demo_msgs/local/lib/python3.10/dist-packages/serial_motor_demo_msgs-0.0.0-py3.10.egg-info
[3.120s] -- Installing: /home/ons/ros2_ws/install/serial_motor_demo_msgs/local/lib/python3.10/dist-packages/serial_motor_demo_msgs-0.0.0-py3.10.egg-info/dependency_links.txt
[3.120s] -- Installing: /home/ons/ros2_ws/install/serial_motor_demo_msgs/local/lib/python3.10/dist-packages/serial_motor_demo_msgs-0.0.0-py3.10.egg-info/PKG-INFO
[3.121s] -- Installing: /home/ons/ros2_ws/install/serial_motor_demo_msgs/local/lib/python3.10/dist-packages/serial_motor_demo_msgs-0.0.0-py3.10.egg-info/top_level.txt
[3.121s] -- Installing: /home/ons/ros2_ws/install/serial_motor_demo_msgs/local/lib/python3.10/dist-packages/serial_motor_demo_msgs-0.0.0-py3.10.egg-info/SOURCES.txt
[3.121s] -- Up-to-date: /home/ons/ros2_ws/install/serial_motor_demo_msgs/local/lib/python3.10/dist-packages/serial_motor_demo_msgs
[3.121s] -- Up-to-date: /home/ons/ros2_ws/install/serial_motor_demo_msgs/local/lib/python3.10/dist-packages/serial_motor_demo_msgs/libserial_motor_demo_msgs__rosidl_generator_py.so
[3.121s] -- Up-to-date: /home/ons/ros2_ws/install/serial_motor_demo_msgs/local/lib/python3.10/dist-packages/serial_motor_demo_msgs/msg
[3.121s] -- Up-to-date: /home/ons/ros2_ws/install/serial_motor_demo_msgs/local/lib/python3.10/dist-packages/serial_motor_demo_msgs/msg/__init__.py
[3.122s] -- Up-to-date: /home/ons/ros2_ws/install/serial_motor_demo_msgs/local/lib/python3.10/dist-packages/serial_motor_demo_msgs/msg/_motor_vels.py
[3.122s] -- Up-to-date: /home/ons/ros2_ws/install/serial_motor_demo_msgs/local/lib/python3.10/dist-packages/serial_motor_demo_msgs/msg/_encoder_vals.py
[3.122s] -- Up-to-date: /home/ons/ros2_ws/install/serial_motor_demo_msgs/local/lib/python3.10/dist-packages/serial_motor_demo_msgs/msg/_encoder_vals_s.c
[3.122s] -- Up-to-date: /home/ons/ros2_ws/install/serial_motor_demo_msgs/local/lib/python3.10/dist-packages/serial_motor_demo_msgs/msg/_motor_vels_s.c
[3.122s] -- Up-to-date: /home/ons/ros2_ws/install/serial_motor_demo_msgs/local/lib/python3.10/dist-packages/serial_motor_demo_msgs/msg/_motor_command_s.c
[3.122s] -- Up-to-date: /home/ons/ros2_ws/install/serial_motor_demo_msgs/local/lib/python3.10/dist-packages/serial_motor_demo_msgs/msg/_motor_command.py
[3.122s] -- Up-to-date: /home/ons/ros2_ws/install/serial_motor_demo_msgs/local/lib/python3.10/dist-packages/serial_motor_demo_msgs/_serial_motor_demo_msgs_s.ep.rosidl_typesupport_introspection_c.c
[3.123s] -- Up-to-date: /home/ons/ros2_ws/install/serial_motor_demo_msgs/local/lib/python3.10/dist-packages/serial_motor_demo_msgs/__init__.py
[3.123s] -- Up-to-date: /home/ons/ros2_ws/install/serial_motor_demo_msgs/local/lib/python3.10/dist-packages/serial_motor_demo_msgs/serial_motor_demo_msgs_s__rosidl_typesupport_introspection_c.cpython-310-x86_64-linux-gnu.so
[3.123s] -- Up-to-date: /home/ons/ros2_ws/install/serial_motor_demo_msgs/local/lib/python3.10/dist-packages/serial_motor_demo_msgs/_serial_motor_demo_msgs_s.ep.rosidl_typesupport_c.c
[3.123s] -- Up-to-date: /home/ons/ros2_ws/install/serial_motor_demo_msgs/local/lib/python3.10/dist-packages/serial_motor_demo_msgs/_serial_motor_demo_msgs_s.ep.rosidl_typesupport_fastrtps_c.c
[3.123s] -- Up-to-date: /home/ons/ros2_ws/install/serial_motor_demo_msgs/local/lib/python3.10/dist-packages/serial_motor_demo_msgs/serial_motor_demo_msgs_s__rosidl_typesupport_c.cpython-310-x86_64-linux-gnu.so
[3.124s] -- Up-to-date: /home/ons/ros2_ws/install/serial_motor_demo_msgs/local/lib/python3.10/dist-packages/serial_motor_demo_msgs/serial_motor_demo_msgs_s__rosidl_typesupport_fastrtps_c.cpython-310-x86_64-linux-gnu.so
[3.355s] Listing '/home/ons/ros2_ws/install/serial_motor_demo_msgs/local/lib/python3.10/dist-packages/serial_motor_demo_msgs'...
[3.356s] Listing '/home/ons/ros2_ws/install/serial_motor_demo_msgs/local/lib/python3.10/dist-packages/serial_motor_demo_msgs/msg'...
[3.401s] -- Up-to-date: /home/ons/ros2_ws/install/serial_motor_demo_msgs/local/lib/python3.10/dist-packages/serial_motor_demo_msgs/serial_motor_demo_msgs_s__rosidl_typesupport_fastrtps_c.cpython-310-x86_64-linux-gnu.so
[3.402s] -- Up-to-date: /home/ons/ros2_ws/install/serial_motor_demo_msgs/local/lib/python3.10/dist-packages/serial_motor_demo_msgs/serial_motor_demo_msgs_s__rosidl_typesupport_introspection_c.cpython-310-x86_64-linux-gnu.so
[3.403s] -- Up-to-date: /home/ons/ros2_ws/install/serial_motor_demo_msgs/local/lib/python3.10/dist-packages/serial_motor_demo_msgs/serial_motor_demo_msgs_s__rosidl_typesupport_c.cpython-310-x86_64-linux-gnu.so
[3.405s] -- Up-to-date: /home/ons/ros2_ws/install/serial_motor_demo_msgs/lib/libserial_motor_demo_msgs__rosidl_generator_py.so
[3.406s] -- Up-to-date: /home/ons/ros2_ws/install/serial_motor_demo_msgs/share/serial_motor_demo_msgs/msg/MotorCommand.idl
[3.408s] -- Up-to-date: /home/ons/ros2_ws/install/serial_motor_demo_msgs/share/serial_motor_demo_msgs/msg/MotorVels.idl
[3.408s] -- Up-to-date: /home/ons/ros2_ws/install/serial_motor_demo_msgs/share/serial_motor_demo_msgs/msg/EncoderVals.idl
[3.409s] -- Up-to-date: /home/ons/ros2_ws/install/serial_motor_demo_msgs/share/serial_motor_demo_msgs/msg/MotorCommand.msg
[3.410s] -- Up-to-date: /home/ons/ros2_ws/install/serial_motor_demo_msgs/share/serial_motor_demo_msgs/msg/MotorVels.msg
[3.411s] -- Up-to-date: /home/ons/ros2_ws/install/serial_motor_demo_msgs/share/serial_motor_demo_msgs/msg/EncoderVals.msg
[3.411s] -- Up-to-date: /home/ons/ros2_ws/install/serial_motor_demo_msgs/share/ament_index/resource_index/package_run_dependencies/serial_motor_demo_msgs
[3.412s] -- Up-to-date: /home/ons/ros2_ws/install/serial_motor_demo_msgs/share/ament_index/resource_index/parent_prefix_path/serial_motor_demo_msgs
[3.413s] -- Up-to-date: /home/ons/ros2_ws/install/serial_motor_demo_msgs/share/serial_motor_demo_msgs/environment/ament_prefix_path.sh
[3.413s] -- Up-to-date: /home/ons/ros2_ws/install/serial_motor_demo_msgs/share/serial_motor_demo_msgs/environment/ament_prefix_path.dsv
[3.414s] -- Up-to-date: /home/ons/ros2_ws/install/serial_motor_demo_msgs/share/serial_motor_demo_msgs/environment/path.sh
[3.414s] -- Up-to-date: /home/ons/ros2_ws/install/serial_motor_demo_msgs/share/serial_motor_demo_msgs/environment/path.dsv
[3.415s] -- Up-to-date: /home/ons/ros2_ws/install/serial_motor_demo_msgs/share/serial_motor_demo_msgs/local_setup.bash
[3.416s] -- Up-to-date: /home/ons/ros2_ws/install/serial_motor_demo_msgs/share/serial_motor_demo_msgs/local_setup.sh
[3.416s] -- Up-to-date: /home/ons/ros2_ws/install/serial_motor_demo_msgs/share/serial_motor_demo_msgs/local_setup.zsh
[3.417s] -- Up-to-date: /home/ons/ros2_ws/install/serial_motor_demo_msgs/share/serial_motor_demo_msgs/local_setup.dsv
[3.417s] -- Installing: /home/ons/ros2_ws/install/serial_motor_demo_msgs/share/serial_motor_demo_msgs/package.dsv
[3.418s] -- Up-to-date: /home/ons/ros2_ws/install/serial_motor_demo_msgs/share/ament_index/resource_index/packages/serial_motor_demo_msgs
[3.419s] -- Up-to-date: /home/ons/ros2_ws/install/serial_motor_demo_msgs/share/serial_motor_demo_msgs/cmake/export_serial_motor_demo_msgs__rosidl_generator_cExport.cmake
[3.422s] -- Up-to-date: /home/ons/ros2_ws/install/serial_motor_demo_msgs/share/serial_motor_demo_msgs/cmake/export_serial_motor_demo_msgs__rosidl_generator_cExport-noconfig.cmake
[3.423s] -- Up-to-date: /home/ons/ros2_ws/install/serial_motor_demo_msgs/share/serial_motor_demo_msgs/cmake/export_serial_motor_demo_msgs__rosidl_typesupport_fastrtps_cExport.cmake
[3.424s] -- Up-to-date: /home/ons/ros2_ws/install/serial_motor_demo_msgs/share/serial_motor_demo_msgs/cmake/export_serial_motor_demo_msgs__rosidl_typesupport_fastrtps_cExport-noconfig.cmake
[3.425s] -- Up-to-date: /home/ons/ros2_ws/install/serial_motor_demo_msgs/share/serial_motor_demo_msgs/cmake/serial_motor_demo_msgs__rosidl_typesupport_introspection_cExport.cmake
[3.425s] -- Up-to-date: /home/ons/ros2_ws/install/serial_motor_demo_msgs/share/serial_motor_demo_msgs/cmake/serial_motor_demo_msgs__rosidl_typesupport_introspection_cExport-noconfig.cmake
[3.425s] -- Up-to-date: /home/ons/ros2_ws/install/serial_motor_demo_msgs/share/serial_motor_demo_msgs/cmake/serial_motor_demo_msgs__rosidl_typesupport_cExport.cmake
[3.431s] -- Up-to-date: /home/ons/ros2_ws/install/serial_motor_demo_msgs/share/serial_motor_demo_msgs/cmake/serial_motor_demo_msgs__rosidl_typesupport_cExport-noconfig.cmake
[3.432s] -- Up-to-date: /home/ons/ros2_ws/install/serial_motor_demo_msgs/share/serial_motor_demo_msgs/cmake/export_serial_motor_demo_msgs__rosidl_generator_cppExport.cmake
[3.433s] -- Up-to-date: /home/ons/ros2_ws/install/serial_motor_demo_msgs/share/serial_motor_demo_msgs/cmake/export_serial_motor_demo_msgs__rosidl_typesupport_fastrtps_cppExport.cmake
[3.433s] -- Up-to-date: /home/ons/ros2_ws/install/serial_motor_demo_msgs/share/serial_motor_demo_msgs/cmake/export_serial_motor_demo_msgs__rosidl_typesupport_fastrtps_cppExport-noconfig.cmake
[3.434s] -- Up-to-date: /home/ons/ros2_ws/install/serial_motor_demo_msgs/share/serial_motor_demo_msgs/cmake/serial_motor_demo_msgs__rosidl_typesupport_introspection_cppExport.cmake
[3.435s] -- Up-to-date: /home/ons/ros2_ws/install/serial_motor_demo_msgs/share/serial_motor_demo_msgs/cmake/serial_motor_demo_msgs__rosidl_typesupport_introspection_cppExport-noconfig.cmake
[3.436s] -- Up-to-date: /home/ons/ros2_ws/install/serial_motor_demo_msgs/share/serial_motor_demo_msgs/cmake/serial_motor_demo_msgs__rosidl_typesupport_cppExport.cmake
[3.436s] -- Up-to-date: /home/ons/ros2_ws/install/serial_motor_demo_msgs/share/serial_motor_demo_msgs/cmake/serial_motor_demo_msgs__rosidl_typesupport_cppExport-noconfig.cmake
[3.439s] -- Up-to-date: /home/ons/ros2_ws/install/serial_motor_demo_msgs/share/serial_motor_demo_msgs/cmake/export_serial_motor_demo_msgs__rosidl_generator_pyExport.cmake
[3.439s] -- Up-to-date: /home/ons/ros2_ws/install/serial_motor_demo_msgs/share/serial_motor_demo_msgs/cmake/export_serial_motor_demo_msgs__rosidl_generator_pyExport-noconfig.cmake
[3.440s] -- Up-to-date: /home/ons/ros2_ws/install/serial_motor_demo_msgs/share/serial_motor_demo_msgs/cmake/rosidl_cmake-extras.cmake
[3.440s] -- Up-to-date: /home/ons/ros2_ws/install/serial_motor_demo_msgs/share/serial_motor_demo_msgs/cmake/ament_cmake_export_include_directories-extras.cmake
[3.440s] -- Up-to-date: /home/ons/ros2_ws/install/serial_motor_demo_msgs/share/serial_motor_demo_msgs/cmake/ament_cmake_export_libraries-extras.cmake
[3.440s] -- Up-to-date: /home/ons/ros2_ws/install/serial_motor_demo_msgs/share/serial_motor_demo_msgs/cmake/ament_cmake_export_targets-extras.cmake
[3.440s] -- Up-to-date: /home/ons/ros2_ws/install/serial_motor_demo_msgs/share/serial_motor_demo_msgs/cmake/rosidl_cmake_export_typesupport_targets-extras.cmake
[3.441s] -- Up-to-date: /home/ons/ros2_ws/install/serial_motor_demo_msgs/share/serial_motor_demo_msgs/cmake/ament_cmake_export_dependencies-extras.cmake
[3.456s] -- Up-to-date: /home/ons/ros2_ws/install/serial_motor_demo_msgs/share/serial_motor_demo_msgs/cmake/rosidl_cmake_export_typesupport_libraries-extras.cmake
[3.456s] -- Up-to-date: /home/ons/ros2_ws/install/serial_motor_demo_msgs/share/serial_motor_demo_msgs/cmake/serial_motor_demo_msgsConfig.cmake
[3.456s] -- Up-to-date: /home/ons/ros2_ws/install/serial_motor_demo_msgs/share/serial_motor_demo_msgs/cmake/serial_motor_demo_msgsConfig-version.cmake
[3.456s] -- Up-to-date: /home/ons/ros2_ws/install/serial_motor_demo_msgs/share/serial_motor_demo_msgs/package.xml
[3.484s] Invoked command in '/home/ons/ros2_ws/build/serial_motor_demo_msgs' returned '0': CMAKE_PREFIX_PATH=${CMAKE_PREFIX_PATH}:/home/ons/ros2_ws/install/test_node:/home/ons/ros2_ws/install/serial_motor_demo:/opt/ros/humble /usr/bin/cmake --install /home/ons/ros2_ws/build/serial_motor_demo_msgs
