[0.448s] Invoking command in '/home/ons/ros2_ws/build/ydlidar': CMAKE_PREFIX_PATH=/opt/ros/humble /usr/bin/cmake --build /home/ons/ros2_ws/build/ydlidar -- -j4 -l4
[0.632s] [ 81%] Built target ydlidar_node
[0.670s] [100%] Built target ydlidar_client
[0.698s] Invoked command in '/home/ons/ros2_ws/build/ydlidar' returned '0': CMAKE_PREFIX_PATH=/opt/ros/humble /usr/bin/cmake --build /home/ons/ros2_ws/build/ydlidar -- -j4 -l4
[0.803s] Invoking command in '/home/ons/ros2_ws/build/ydlidar': CMAKE_PREFIX_PATH=/opt/ros/humble /usr/bin/cmake --install /home/ons/ros2_ws/build/ydlidar
[0.821s] -- Install configuration: ""
[0.822s] -- Up-to-date: /home/ons/ros2_ws/install/ydlidar/lib/ydlidar/ydlidar_node
[0.823s] -- Up-to-date: /home/ons/ros2_ws/install/ydlidar/lib/ydlidar/ydlidar_client
[0.823s] -- Up-to-date: /home/ons/ros2_ws/install/ydlidar/share/ydlidar/launch
[0.823s] -- Up-to-date: /home/ons/ros2_ws/install/ydlidar/share/ydlidar/launch/ydlidar_launch.py
[0.824s] -- Up-to-date: /home/ons/ros2_ws/install/ydlidar/share/ydlidar/launch/ydlidar.py
[0.824s] -- Up-to-date: /home/ons/ros2_ws/install/ydlidar/share/ydlidar/params
[0.824s] -- Up-to-date: /home/ons/ros2_ws/install/ydlidar/share/ydlidar/params/ydlidar.yaml
[0.824s] -- Up-to-date: /home/ons/ros2_ws/install/ydlidar/share/ydlidar/startup
[0.824s] -- Up-to-date: /home/ons/ros2_ws/install/ydlidar/share/ydlidar/startup/initenv.sh
[0.824s] -- Up-to-date: /home/ons/ros2_ws/install/ydlidar/share/ament_index/resource_index/package_run_dependencies/ydlidar
[0.825s] -- Up-to-date: /home/ons/ros2_ws/install/ydlidar/share/ament_index/resource_index/parent_prefix_path/ydlidar
[0.825s] -- Up-to-date: /home/ons/ros2_ws/install/ydlidar/share/ydlidar/environment/ament_prefix_path.sh
[0.825s] -- Up-to-date: /home/ons/ros2_ws/install/ydlidar/share/ydlidar/environment/ament_prefix_path.dsv
[0.825s] -- Up-to-date: /home/ons/ros2_ws/install/ydlidar/share/ydlidar/environment/path.sh
[0.825s] -- Up-to-date: /home/ons/ros2_ws/install/ydlidar/share/ydlidar/environment/path.dsv
[0.825s] -- Up-to-date: /home/ons/ros2_ws/install/ydlidar/share/ydlidar/local_setup.bash
[0.825s] -- Up-to-date: /home/ons/ros2_ws/install/ydlidar/share/ydlidar/local_setup.sh
[0.826s] -- Up-to-date: /home/ons/ros2_ws/install/ydlidar/share/ydlidar/local_setup.zsh
[0.826s] -- Up-to-date: /home/ons/ros2_ws/install/ydlidar/share/ydlidar/local_setup.dsv
[0.826s] -- Installing: /home/ons/ros2_ws/install/ydlidar/share/ydlidar/package.dsv
[0.826s] -- Up-to-date: /home/ons/ros2_ws/install/ydlidar/share/ament_index/resource_index/packages/ydlidar
[0.826s] -- Up-to-date: /home/ons/ros2_ws/install/ydlidar/share/ydlidar/cmake/ydlidarConfig.cmake
[0.826s] -- Up-to-date: /home/ons/ros2_ws/install/ydlidar/share/ydlidar/cmake/ydlidarConfig-version.cmake
[0.826s] -- Up-to-date: /home/ons/ros2_ws/install/ydlidar/share/ydlidar/package.xml
[0.845s] Invoked command in '/home/ons/ros2_ws/build/ydlidar' returned '0': CMAKE_PREFIX_PATH=/opt/ros/humble /usr/bin/cmake --install /home/ons/ros2_ws/build/ydlidar
