[0.246s] Invoking command in '/home/ons/ros2_ws/build/serial_motor_demo_msgs': CMAKE_PREFIX_PATH=${CMAKE_PREFIX_PATH}:/home/ons/ros2_ws/install/test_node:/home/ons/ros2_ws/install/serial_motor_demo:/opt/ros/humble /usr/bin/cmake --build /home/ons/ros2_ws/build/serial_motor_demo_msgs -- -j4 -l4
[0.323s] [  2%] Built target serial_motor_demo_msgs__cpp
[0.325s] [ 12%] Built target serial_motor_demo_msgs__rosidl_generator_c
[0.355s] [ 12%] Built target ament_cmake_python_copy_serial_motor_demo_msgs
[0.369s] [ 23%] Built target serial_motor_demo_msgs__rosidl_typesupport_cpp
[0.377s] [ 34%] Built target serial_motor_demo_msgs__rosidl_typesupport_introspection_cpp
[0.382s] [ 44%] Built target serial_motor_demo_msgs__rosidl_typesupport_fastrtps_cpp
[0.402s] [ 55%] Built target serial_motor_demo_msgs__rosidl_typesupport_fastrtps_c
[0.424s] [ 65%] Built target serial_motor_demo_msgs__rosidl_typesupport_introspection_c
[0.427s] [ 76%] Built target serial_motor_demo_msgs__rosidl_typesupport_c
[0.466s] [ 76%] Built target serial_motor_demo_msgs
[0.543s] [ 78%] Built target serial_motor_demo_msgs__py
[0.594s] [ 87%] Built target serial_motor_demo_msgs__rosidl_generator_py
[0.662s] [ 91%] Built target serial_motor_demo_msgs__rosidl_typesupport_introspection_c__pyext
[0.667s] [ 95%] Built target serial_motor_demo_msgs__rosidl_typesupport_c__pyext
[0.671s] [100%] Built target serial_motor_demo_msgs__rosidl_typesupport_fastrtps_c__pyext
[0.866s] running egg_info
[0.867s] writing serial_motor_demo_msgs.egg-info/PKG-INFO
[0.867s] writing dependency_links to serial_motor_demo_msgs.egg-info/dependency_links.txt
[0.867s] writing top-level names to serial_motor_demo_msgs.egg-info/top_level.txt
[0.871s] reading manifest file 'serial_motor_demo_msgs.egg-info/SOURCES.txt'
[0.873s] writing manifest file 'serial_motor_demo_msgs.egg-info/SOURCES.txt'
[0.921s] [100%] Built target ament_cmake_python_build_serial_motor_demo_msgs_egg
