[0.012s] Invoking command in '/home/ons/ros2_ws/build/articubot_one': CMAKE_PREFIX_PATH=${CMAKE_PREFIX_PATH}:/home/ons/ros2_ws/install/test_node:/opt/ros/humble /usr/bin/cmake /home/ons/ros2_ws/src/articubot_one -DAMENT_CMAKE_SYMLINK_INSTALL=1 -DCMAKE_INSTALL_PREFIX=/home/ons/ros2_ws/install/articubot_one
[0.022s] -- Found ament_cmake: 1.3.5 (/opt/ros/humble/share/ament_cmake/cmake)
[0.154s] -- Override CMake install command with custom implementation using symlinks instead of copying resources
[0.163s] -- Found ament_lint_auto: 0.12.7 (/opt/ros/humble/share/ament_lint_auto/cmake)
[0.225s] -- Added test 'copyright' to check source files copyright and LICENSE
[0.231s] -- Added test 'flake8' to check Python code syntax and style conventions
[0.231s] -- Added test 'lint_cmake' to check CMake code style
[0.232s] -- Added test 'pep257' to check Python code against some of the docstring style conventions in PEP 257
[0.234s] -- Added test 'xmllint' to check XML markup files
[0.235s] -- Configuring done
[0.239s] -- Generating done
[0.240s] -- Build files have been written to: /home/ons/ros2_ws/build/articubot_one
[0.244s] Invoked command in '/home/ons/ros2_ws/build/articubot_one' returned '0': CMAKE_PREFIX_PATH=${CMAKE_PREFIX_PATH}:/home/ons/ros2_ws/install/test_node:/opt/ros/humble /usr/bin/cmake /home/ons/ros2_ws/src/articubot_one -DAMENT_CMAKE_SYMLINK_INSTALL=1 -DCMAKE_INSTALL_PREFIX=/home/ons/ros2_ws/install/articubot_one
[0.245s] Invoking command in '/home/ons/ros2_ws/build/articubot_one': CMAKE_PREFIX_PATH=${CMAKE_PREFIX_PATH}:/home/ons/ros2_ws/install/test_node:/opt/ros/humble /usr/bin/cmake --build /home/ons/ros2_ws/build/articubot_one -- -j4 -l4
[0.276s] Invoked command in '/home/ons/ros2_ws/build/articubot_one' returned '0': CMAKE_PREFIX_PATH=${CMAKE_PREFIX_PATH}:/home/ons/ros2_ws/install/test_node:/opt/ros/humble /usr/bin/cmake --build /home/ons/ros2_ws/build/articubot_one -- -j4 -l4
[0.300s] Invoking command in '/home/ons/ros2_ws/build/articubot_one': CMAKE_PREFIX_PATH=${CMAKE_PREFIX_PATH}:/home/ons/ros2_ws/install/test_node:/opt/ros/humble /usr/bin/cmake --install /home/ons/ros2_ws/build/articubot_one
[0.307s] -- Install configuration: ""
[0.308s] -- Execute custom install script
[0.308s] -- Symlinking: /home/ons/ros2_ws/install/articubot_one/share/articubot_one/config/ball_tracker_params_robot.yaml
[0.316s] -- Symlinking: /home/ons/ros2_ws/install/articubot_one/share/articubot_one/config/ball_tracker_params_sim.yaml
[0.323s] -- Symlinking: /home/ons/ros2_ws/install/articubot_one/share/articubot_one/config/drive_bot.rviz
[0.332s] -- Symlinking: /home/ons/ros2_ws/install/articubot_one/share/articubot_one/config/empty.yaml
[0.340s] -- Symlinking: /home/ons/ros2_ws/install/articubot_one/share/articubot_one/config/gaz_ros2_ctl_use_sim.yaml
[0.347s] -- Symlinking: /home/ons/ros2_ws/install/articubot_one/share/articubot_one/config/gazebo_params.yaml
[0.354s] -- Symlinking: /home/ons/ros2_ws/install/articubot_one/share/articubot_one/config/joystick.yaml
[0.361s] -- Symlinking: /home/ons/ros2_ws/install/articubot_one/share/articubot_one/config/main.rviz
[0.368s] -- Symlinking: /home/ons/ros2_ws/install/articubot_one/share/articubot_one/config/map.rviz
[0.375s] -- Symlinking: /home/ons/ros2_ws/install/articubot_one/share/articubot_one/config/mapper_params_online_async.yaml
[0.382s] -- Symlinking: /home/ons/ros2_ws/install/articubot_one/share/articubot_one/config/my_controllers.yaml
[0.389s] -- Symlinking: /home/ons/ros2_ws/install/articubot_one/share/articubot_one/config/nav2_params.yaml
[0.396s] -- Symlinking: /home/ons/ros2_ws/install/articubot_one/share/articubot_one/config/twist_mux.yaml
[0.403s] -- Symlinking: /home/ons/ros2_ws/install/articubot_one/share/articubot_one/config/view_bot.rviz
[0.410s] -- Symlinking: /home/ons/ros2_ws/install/articubot_one/share/articubot_one/description/camera.xacro
[0.418s] -- Symlinking: /home/ons/ros2_ws/install/articubot_one/share/articubot_one/description/depth_camera.xacro
[0.424s] -- Symlinking: /home/ons/ros2_ws/install/articubot_one/share/articubot_one/description/face.xacro
[0.433s] -- Symlinking: /home/ons/ros2_ws/install/articubot_one/share/articubot_one/description/gazebo_control.xacro
[0.441s] -- Symlinking: /home/ons/ros2_ws/install/articubot_one/share/articubot_one/description/inertial_macros.xacro
[0.449s] -- Symlinking: /home/ons/ros2_ws/install/articubot_one/share/articubot_one/description/lidar.xacro
[0.456s] -- Symlinking: /home/ons/ros2_ws/install/articubot_one/share/articubot_one/description/robot.urdf.xacro
[0.463s] -- Symlinking: /home/ons/ros2_ws/install/articubot_one/share/articubot_one/description/robot_core.xacro
[0.470s] -- Symlinking: /home/ons/ros2_ws/install/articubot_one/share/articubot_one/description/ros2_control.xacro
[0.477s] -- Symlinking: /home/ons/ros2_ws/install/articubot_one/share/articubot_one/launch/ball_tracker.launch.py
[0.484s] -- Symlinking: /home/ons/ros2_ws/install/articubot_one/share/articubot_one/launch/camera.launch.py
[0.492s] -- Symlinking: /home/ons/ros2_ws/install/articubot_one/share/articubot_one/launch/joystick.launch.py
[0.499s] -- Symlinking: /home/ons/ros2_ws/install/articubot_one/share/articubot_one/launch/launch_robot.launch.py
[0.506s] -- Symlinking: /home/ons/ros2_ws/install/articubot_one/share/articubot_one/launch/launch_sim.launch.py
[0.513s] -- Symlinking: /home/ons/ros2_ws/install/articubot_one/share/articubot_one/launch/localization_launch.py
[0.520s] -- Symlinking: /home/ons/ros2_ws/install/articubot_one/share/articubot_one/launch/navigation_launch.py
[0.529s] -- Symlinking: /home/ons/ros2_ws/install/articubot_one/share/articubot_one/launch/online_async_launch.py
[0.536s] -- Symlinking: /home/ons/ros2_ws/install/articubot_one/share/articubot_one/launch/rplidar.launch.py
[0.544s] -- Symlinking: /home/ons/ros2_ws/install/articubot_one/share/articubot_one/launch/rsp.launch.py
[0.551s] -- Symlinking: /home/ons/ros2_ws/install/articubot_one/share/articubot_one/worlds/empty.world
[0.559s] -- Symlinking: /home/ons/ros2_ws/install/articubot_one/share/articubot_one/worlds/obstacles.world
[0.566s] -- Symlinking: /home/ons/ros2_ws/install/articubot_one/share/ament_index/resource_index/package_run_dependencies/articubot_one
[0.573s] -- Symlinking: /home/ons/ros2_ws/install/articubot_one/share/ament_index/resource_index/parent_prefix_path/articubot_one
[0.580s] -- Symlinking: /home/ons/ros2_ws/install/articubot_one/share/articubot_one/environment/ament_prefix_path.sh
[0.587s] -- Symlinking: /home/ons/ros2_ws/install/articubot_one/share/articubot_one/environment/ament_prefix_path.dsv
[0.594s] -- Symlinking: /home/ons/ros2_ws/install/articubot_one/share/articubot_one/environment/path.sh
[0.602s] -- Symlinking: /home/ons/ros2_ws/install/articubot_one/share/articubot_one/environment/path.dsv
[0.609s] -- Symlinking: /home/ons/ros2_ws/install/articubot_one/share/articubot_one/local_setup.bash
[0.616s] -- Symlinking: /home/ons/ros2_ws/install/articubot_one/share/articubot_one/local_setup.sh
[0.623s] -- Symlinking: /home/ons/ros2_ws/install/articubot_one/share/articubot_one/local_setup.zsh
[0.632s] -- Symlinking: /home/ons/ros2_ws/install/articubot_one/share/articubot_one/local_setup.dsv
[0.640s] -- Symlinking: /home/ons/ros2_ws/install/articubot_one/share/articubot_one/package.dsv
[0.647s] -- Symlinking: /home/ons/ros2_ws/install/articubot_one/share/ament_index/resource_index/packages/articubot_one
[0.655s] -- Symlinking: /home/ons/ros2_ws/install/articubot_one/share/articubot_one/cmake/articubot_oneConfig.cmake
[0.662s] -- Symlinking: /home/ons/ros2_ws/install/articubot_one/share/articubot_one/cmake/articubot_oneConfig-version.cmake
[0.669s] -- Symlinking: /home/ons/ros2_ws/install/articubot_one/share/articubot_one/package.xml
[0.678s] Invoked command in '/home/ons/ros2_ws/build/articubot_one' returned '0': CMAKE_PREFIX_PATH=${CMAKE_PREFIX_PATH}:/home/ons/ros2_ws/install/test_node:/opt/ros/humble /usr/bin/cmake --install /home/ons/ros2_ws/build/articubot_one
