[0.172s] Invoking command in '/home/ons/ros2_ws/build/articubot_one': CMAKE_PREFIX_PATH=/opt/ros/humble /usr/bin/cmake --build /home/ons/ros2_ws/build/articubot_one -- -j4 -l4
[0.224s] -- Found ament_cmake: 1.3.5 (/opt/ros/humble/share/ament_cmake/cmake)
[0.517s] -- Found ament_lint_auto: 0.12.8 (/opt/ros/humble/share/ament_lint_auto/cmake)
[0.698s] -- Added test 'copyright' to check source files copyright and LICENSE
[0.712s] -- Added test 'flake8' to check Python code syntax and style conventions
[0.717s] -- Added test 'lint_cmake' to check CMake code style
[0.718s] -- Added test 'pep257' to check Python code against some of the docstring style conventions in PEP 257
[0.720s] -- Added test 'xmllint' to check XML markup files
[0.740s] -- Configuring done
[0.774s] -- Generating done
[0.774s] -- Build files have been written to: /home/ons/ros2_ws/build/articubot_one
[0.890s] Invoked command in '/home/ons/ros2_ws/build/articubot_one' returned '0': CMAKE_PREFIX_PATH=/opt/ros/humble /usr/bin/cmake --build /home/ons/ros2_ws/build/articubot_one -- -j4 -l4
[1.060s] Invoking command in '/home/ons/ros2_ws/build/articubot_one': CMAKE_PREFIX_PATH=/opt/ros/humble /usr/bin/cmake --install /home/ons/ros2_ws/build/articubot_one
[1.103s] -- Install configuration: ""
[1.110s] -- Up-to-date: /home/ons/ros2_ws/install/articubot_one/share/articubot_one/config
[1.117s] -- Up-to-date: /home/ons/ros2_ws/install/articubot_one/share/articubot_one/description
[1.118s] -- Up-to-date: /home/ons/ros2_ws/install/articubot_one/share/articubot_one/launch
[1.118s] -- Up-to-date: /home/ons/ros2_ws/install/articubot_one/share/articubot_one/worlds
[1.119s] -- Installing: /home/ons/ros2_ws/install/articubot_one/share/articubot_one/package.dsv
[1.131s] Invoked command in '/home/ons/ros2_ws/build/articubot_one' returned '0': CMAKE_PREFIX_PATH=/opt/ros/humble /usr/bin/cmake --install /home/ons/ros2_ws/build/articubot_one
