[0.506s] Invoking command in '/home/ons/ros2_ws/build/ydlidar': CMAKE_PREFIX_PATH=${CMAKE_PREFIX_PATH}:/home/ons/ros2_ws/install/test_node:/home/ons/ros2_ws/install/serial_motor_demo:/opt/ros/humble /usr/bin/cmake --build /home/ons/ros2_ws/build/ydlidar -- -j4 -l4
[0.624s] [ 81%] Built target ydlidar_node
[0.632s] [100%] Built target ydlidar_client
[0.721s] Invoked command in '/home/ons/ros2_ws/build/ydlidar' returned '0': CMAKE_PREFIX_PATH=${CMAKE_PREFIX_PATH}:/home/ons/ros2_ws/install/test_node:/home/ons/ros2_ws/install/serial_motor_demo:/opt/ros/humble /usr/bin/cmake --build /home/ons/ros2_ws/build/ydlidar -- -j4 -l4
[1.041s] Invoking command in '/home/ons/ros2_ws/build/ydlidar': CMAKE_PREFIX_PATH=${CMAKE_PREFIX_PATH}:/home/ons/ros2_ws/install/test_node:/home/ons/ros2_ws/install/serial_motor_demo:/opt/ros/humble /usr/bin/cmake --install /home/ons/ros2_ws/build/ydlidar
[1.061s] -- Install configuration: ""
[1.062s] -- Execute custom install script
[1.064s] -- Up-to-date symlink: /home/ons/ros2_ws/install/ydlidar/lib/ydlidar/ydlidar_node
[1.066s] -- Up-to-date symlink: /home/ons/ros2_ws/install/ydlidar/lib/ydlidar/ydlidar_client
[1.066s] -- Up-to-date symlink: /home/ons/ros2_ws/install/ydlidar/share/ydlidar/launch/ydlidar.py
[1.066s] -- Up-to-date symlink: /home/ons/ros2_ws/install/ydlidar/share/ydlidar/launch/ydlidar_launch.py
[1.066s] -- Up-to-date symlink: /home/ons/ros2_ws/install/ydlidar/share/ydlidar/params/ydlidar.yaml
[1.066s] -- Up-to-date symlink: /home/ons/ros2_ws/install/ydlidar/share/ydlidar/startup/initenv.sh
[1.066s] -- Up-to-date symlink: /home/ons/ros2_ws/install/ydlidar/share/ament_index/resource_index/package_run_dependencies/ydlidar
[1.067s] -- Up-to-date symlink: /home/ons/ros2_ws/install/ydlidar/share/ament_index/resource_index/parent_prefix_path/ydlidar
[1.068s] -- Up-to-date symlink: /home/ons/ros2_ws/install/ydlidar/share/ydlidar/environment/ament_prefix_path.sh
[1.068s] -- Up-to-date symlink: /home/ons/ros2_ws/install/ydlidar/share/ydlidar/environment/ament_prefix_path.dsv
[1.069s] -- Up-to-date symlink: /home/ons/ros2_ws/install/ydlidar/share/ydlidar/environment/path.sh
[1.069s] -- Up-to-date symlink: /home/ons/ros2_ws/install/ydlidar/share/ydlidar/environment/path.dsv
[1.070s] -- Up-to-date symlink: /home/ons/ros2_ws/install/ydlidar/share/ydlidar/local_setup.bash
[1.071s] -- Up-to-date symlink: /home/ons/ros2_ws/install/ydlidar/share/ydlidar/local_setup.sh
[1.072s] -- Up-to-date symlink: /home/ons/ros2_ws/install/ydlidar/share/ydlidar/local_setup.zsh
[1.074s] -- Up-to-date symlink: /home/ons/ros2_ws/install/ydlidar/share/ydlidar/local_setup.dsv
[1.075s] -- Symlinking: /home/ons/ros2_ws/install/ydlidar/share/ydlidar/package.dsv
[1.091s] -- Up-to-date symlink: /home/ons/ros2_ws/install/ydlidar/share/ament_index/resource_index/packages/ydlidar
[1.092s] -- Up-to-date symlink: /home/ons/ros2_ws/install/ydlidar/share/ydlidar/cmake/ydlidarConfig.cmake
[1.092s] -- Up-to-date symlink: /home/ons/ros2_ws/install/ydlidar/share/ydlidar/cmake/ydlidarConfig-version.cmake
[1.093s] -- Up-to-date symlink: /home/ons/ros2_ws/install/ydlidar/share/ydlidar/package.xml
[1.605s] Invoked command in '/home/ons/ros2_ws/build/ydlidar' returned '0': CMAKE_PREFIX_PATH=${CMAKE_PREFIX_PATH}:/home/ons/ros2_ws/install/test_node:/home/ons/ros2_ws/install/serial_motor_demo:/opt/ros/humble /usr/bin/cmake --install /home/ons/ros2_ws/build/ydlidar
