[1.243s] Invoking command in '/home/ons/ros2_ws/src/serial_motor_demo/serial_motor_demo': AMENT_PREFIX_PATH=/home/ons/ros2_ws/install/serial_motor_demo_msgs:${AMENT_PREFIX_PATH} CMAKE_PREFIX_PATH=/home/ons/ros2_ws/install/serial_motor_demo_msgs LD_LIBRARY_PATH=/home/ons/ros2_ws/install/serial_motor_demo_msgs/lib:${LD_LIBRARY_PATH} PYTHONPATH=/home/ons/ros2_ws/build/serial_motor_demo/prefix_override:/home/ons/ros2_ws/install/serial_motor_demo/lib/python3.10/site-packages:/home/ons/ros2_ws/install/serial_motor_demo_msgs/local/lib/python3.10/dist-packages:${PYTHONPATH} /usr/bin/python3 setup.py egg_info --egg-base ../../../build/serial_motor_demo build --build-base /home/ons/ros2_ws/build/serial_motor_demo/build install --record /home/ons/ros2_ws/build/serial_motor_demo/install.log --install-scripts $base/lib/serial_motor_demo --single-version-externally-managed
[1.623s] /home/ons/.local/lib/python3.10/site-packages/setuptools/dist.py:717: UserWarning: Usage of dash-separated 'script-dir' will not be supported in future versions. Please use the underscore name 'script_dir' instead
[1.623s]   warnings.warn(
[1.675s] running egg_info
[1.676s] creating ../../../build/serial_motor_demo/serial_motor_demo.egg-info
[1.677s] writing ../../../build/serial_motor_demo/serial_motor_demo.egg-info/PKG-INFO
[1.677s] writing dependency_links to ../../../build/serial_motor_demo/serial_motor_demo.egg-info/dependency_links.txt
[1.677s] writing entry points to ../../../build/serial_motor_demo/serial_motor_demo.egg-info/entry_points.txt
[1.677s] writing requirements to ../../../build/serial_motor_demo/serial_motor_demo.egg-info/requires.txt
[1.678s] writing top-level names to ../../../build/serial_motor_demo/serial_motor_demo.egg-info/top_level.txt
[1.678s] writing manifest file '../../../build/serial_motor_demo/serial_motor_demo.egg-info/SOURCES.txt'
[1.682s] reading manifest file '../../../build/serial_motor_demo/serial_motor_demo.egg-info/SOURCES.txt'
[1.684s] writing manifest file '../../../build/serial_motor_demo/serial_motor_demo.egg-info/SOURCES.txt'
[1.684s] running build
[1.685s] running build_py
[1.685s] creating /home/ons/ros2_ws/build/serial_motor_demo/build
[1.685s] creating /home/ons/ros2_ws/build/serial_motor_demo/build/lib
[1.685s] creating /home/ons/ros2_ws/build/serial_motor_demo/build/lib/serial_motor_demo
[1.685s] copying serial_motor_demo/__init__.py -> /home/ons/ros2_ws/build/serial_motor_demo/build/lib/serial_motor_demo
[1.685s] copying serial_motor_demo/driver.py -> /home/ons/ros2_ws/build/serial_motor_demo/build/lib/serial_motor_demo
[1.685s] copying serial_motor_demo/gui.py -> /home/ons/ros2_ws/build/serial_motor_demo/build/lib/serial_motor_demo
[1.686s] running install
[1.686s] running install_lib
[1.688s] creating /home/ons/ros2_ws/install/serial_motor_demo/lib/python3.10/site-packages/serial_motor_demo
[1.688s] copying /home/ons/ros2_ws/build/serial_motor_demo/build/lib/serial_motor_demo/__init__.py -> /home/ons/ros2_ws/install/serial_motor_demo/lib/python3.10/site-packages/serial_motor_demo
[1.688s] copying /home/ons/ros2_ws/build/serial_motor_demo/build/lib/serial_motor_demo/driver.py -> /home/ons/ros2_ws/install/serial_motor_demo/lib/python3.10/site-packages/serial_motor_demo
[1.688s] copying /home/ons/ros2_ws/build/serial_motor_demo/build/lib/serial_motor_demo/gui.py -> /home/ons/ros2_ws/install/serial_motor_demo/lib/python3.10/site-packages/serial_motor_demo
[1.689s] byte-compiling /home/ons/ros2_ws/install/serial_motor_demo/lib/python3.10/site-packages/serial_motor_demo/__init__.py to __init__.cpython-310.pyc
[1.689s] byte-compiling /home/ons/ros2_ws/install/serial_motor_demo/lib/python3.10/site-packages/serial_motor_demo/driver.py to driver.cpython-310.pyc
[1.692s] byte-compiling /home/ons/ros2_ws/install/serial_motor_demo/lib/python3.10/site-packages/serial_motor_demo/gui.py to gui.cpython-310.pyc
[1.695s] running install_data
[1.696s] creating /home/ons/ros2_ws/install/serial_motor_demo/share/ament_index
[1.696s] creating /home/ons/ros2_ws/install/serial_motor_demo/share/ament_index/resource_index
[1.696s] creating /home/ons/ros2_ws/install/serial_motor_demo/share/ament_index/resource_index/packages
[1.697s] copying resource/serial_motor_demo -> /home/ons/ros2_ws/install/serial_motor_demo/share/ament_index/resource_index/packages
[1.697s] copying package.xml -> /home/ons/ros2_ws/install/serial_motor_demo/share/serial_motor_demo
[1.697s] running install_egg_info
[1.700s] Copying ../../../build/serial_motor_demo/serial_motor_demo.egg-info to /home/ons/ros2_ws/install/serial_motor_demo/lib/python3.10/site-packages/serial_motor_demo-0.0.0-py3.10.egg-info
[1.701s] running install_scripts
[1.735s] Installing driver script to /home/ons/ros2_ws/install/serial_motor_demo/lib/serial_motor_demo
[1.735s] Installing gui script to /home/ons/ros2_ws/install/serial_motor_demo/lib/serial_motor_demo
[1.736s] writing list of installed files to '/home/ons/ros2_ws/build/serial_motor_demo/install.log'
[1.781s] Invoked command in '/home/ons/ros2_ws/src/serial_motor_demo/serial_motor_demo' returned '0': AMENT_PREFIX_PATH=/home/ons/ros2_ws/install/serial_motor_demo_msgs:${AMENT_PREFIX_PATH} CMAKE_PREFIX_PATH=/home/ons/ros2_ws/install/serial_motor_demo_msgs LD_LIBRARY_PATH=/home/ons/ros2_ws/install/serial_motor_demo_msgs/lib:${LD_LIBRARY_PATH} PYTHONPATH=/home/ons/ros2_ws/build/serial_motor_demo/prefix_override:/home/ons/ros2_ws/install/serial_motor_demo/lib/python3.10/site-packages:/home/ons/ros2_ws/install/serial_motor_demo_msgs/local/lib/python3.10/dist-packages:${PYTHONPATH} /usr/bin/python3 setup.py egg_info --egg-base ../../../build/serial_motor_demo build --build-base /home/ons/ros2_ws/build/serial_motor_demo/build install --record /home/ons/ros2_ws/build/serial_motor_demo/install.log --install-scripts $base/lib/serial_motor_demo --single-version-externally-managed
