[0.393s] Invoking command in '/home/ons/ros2_ws/build/serial_motor_demo_msgs': CMAKE_PREFIX_PATH=${CMAKE_PREFIX_PATH}:/home/ons/ros2_ws/install/test_node:/home/ons/ros2_ws/install/serial_motor_demo:/opt/ros/humble /usr/bin/cmake --build /home/ons/ros2_ws/build/serial_motor_demo_msgs -- -j4 -l4
[0.665s] [  2%] Built target serial_motor_demo_msgs__cpp
[0.686s] [ 12%] Built target serial_motor_demo_msgs__rosidl_generator_c
[0.705s] [ 12%] Built target ament_cmake_python_copy_serial_motor_demo_msgs
[0.793s] [ 23%] Built target serial_motor_demo_msgs__rosidl_typesupport_fastrtps_cpp
[0.798s] [ 34%] Built target serial_motor_demo_msgs__rosidl_typesupport_cpp
[0.812s] [ 44%] Built target serial_motor_demo_msgs__rosidl_typesupport_introspection_cpp
[0.836s] [ 55%] Built target serial_motor_demo_msgs__rosidl_typesupport_fastrtps_c
[0.865s] [ 65%] Built target serial_motor_demo_msgs__rosidl_typesupport_introspection_c
[0.876s] [ 76%] Built target serial_motor_demo_msgs__rosidl_typesupport_c
[0.937s] [ 76%] Built target serial_motor_demo_msgs
[0.996s] [ 78%] Built target serial_motor_demo_msgs__py
[1.137s] [ 87%] Built target serial_motor_demo_msgs__rosidl_generator_py
[1.266s] [ 91%] Built target serial_motor_demo_msgs__rosidl_typesupport_introspection_c__pyext
[1.324s] [ 95%] Built target serial_motor_demo_msgs__rosidl_typesupport_fastrtps_c__pyext
[1.341s] [100%] Built target serial_motor_demo_msgs__rosidl_typesupport_c__pyext
[1.519s] running egg_info
[1.521s] writing serial_motor_demo_msgs.egg-info/PKG-INFO
[1.521s] writing dependency_links to serial_motor_demo_msgs.egg-info/dependency_links.txt
[1.522s] writing top-level names to serial_motor_demo_msgs.egg-info/top_level.txt
[1.532s] reading manifest file 'serial_motor_demo_msgs.egg-info/SOURCES.txt'
[1.541s] writing manifest file 'serial_motor_demo_msgs.egg-info/SOURCES.txt'
[1.602s] [100%] Built target ament_cmake_python_build_serial_motor_demo_msgs_egg
[1.667s] Invoked command in '/home/ons/ros2_ws/build/serial_motor_demo_msgs' returned '0': CMAKE_PREFIX_PATH=${CMAKE_PREFIX_PATH}:/home/ons/ros2_ws/install/test_node:/home/ons/ros2_ws/install/serial_motor_demo:/opt/ros/humble /usr/bin/cmake --build /home/ons/ros2_ws/build/serial_motor_demo_msgs -- -j4 -l4
[2.659s] Invoking command in '/home/ons/ros2_ws/build/serial_motor_demo_msgs': CMAKE_PREFIX_PATH=${CMAKE_PREFIX_PATH}:/home/ons/ros2_ws/install/test_node:/home/ons/ros2_ws/install/serial_motor_demo:/opt/ros/humble /usr/bin/cmake --install /home/ons/ros2_ws/build/serial_motor_demo_msgs
[2.698s] -- Install configuration: ""
[2.698s] -- Up-to-date: /home/ons/ros2_ws/install/serial_motor_demo_msgs/share/ament_index/resource_index/rosidl_interfaces/serial_motor_demo_msgs
[2.698s] -- Up-to-date: /home/ons/ros2_ws/install/serial_motor_demo_msgs/include/serial_motor_demo_msgs/serial_motor_demo_msgs
[2.700s] -- Up-to-date: /home/ons/ros2_ws/install/serial_motor_demo_msgs/include/serial_motor_demo_msgs/serial_motor_demo_msgs/msg
[2.700s] -- Up-to-date: /home/ons/ros2_ws/install/serial_motor_demo_msgs/include/serial_motor_demo_msgs/serial_motor_demo_msgs/msg/motor_vels.h
[2.700s] -- Up-to-date: /home/ons/ros2_ws/install/serial_motor_demo_msgs/include/serial_motor_demo_msgs/serial_motor_demo_msgs/msg/detail
[2.700s] -- Up-to-date: /home/ons/ros2_ws/install/serial_motor_demo_msgs/include/serial_motor_demo_msgs/serial_motor_demo_msgs/msg/detail/motor_vels__type_support.h
[2.700s] -- Up-to-date: /home/ons/ros2_ws/install/serial_motor_demo_msgs/include/serial_motor_demo_msgs/serial_motor_demo_msgs/msg/detail/motor_command__struct.h
[2.700s] -- Up-to-date: /home/ons/ros2_ws/install/serial_motor_demo_msgs/include/serial_motor_demo_msgs/serial_motor_demo_msgs/msg/detail/motor_command__functions.c
[2.701s] -- Up-to-date: /home/ons/ros2_ws/install/serial_motor_demo_msgs/include/serial_motor_demo_msgs/serial_motor_demo_msgs/msg/detail/motor_command__type_support.h
[2.701s] -- Up-to-date: /home/ons/ros2_ws/install/serial_motor_demo_msgs/include/serial_motor_demo_msgs/serial_motor_demo_msgs/msg/detail/encoder_vals__type_support.h
[2.701s] -- Up-to-date: /home/ons/ros2_ws/install/serial_motor_demo_msgs/include/serial_motor_demo_msgs/serial_motor_demo_msgs/msg/detail/encoder_vals__struct.h
[2.701s] -- Up-to-date: /home/ons/ros2_ws/install/serial_motor_demo_msgs/include/serial_motor_demo_msgs/serial_motor_demo_msgs/msg/detail/motor_vels__struct.h
[2.701s] -- Up-to-date: /home/ons/ros2_ws/install/serial_motor_demo_msgs/include/serial_motor_demo_msgs/serial_motor_demo_msgs/msg/detail/encoder_vals__functions.c
[2.701s] -- Up-to-date: /home/ons/ros2_ws/install/serial_motor_demo_msgs/include/serial_motor_demo_msgs/serial_motor_demo_msgs/msg/detail/motor_command__functions.h
[2.701s] -- Up-to-date: /home/ons/ros2_ws/install/serial_motor_demo_msgs/include/serial_motor_demo_msgs/serial_motor_demo_msgs/msg/detail/motor_vels__functions.h
[2.702s] -- Up-to-date: /home/ons/ros2_ws/install/serial_motor_demo_msgs/include/serial_motor_demo_msgs/serial_motor_demo_msgs/msg/detail/encoder_vals__functions.h
[2.702s] -- Up-to-date: /home/ons/ros2_ws/install/serial_motor_demo_msgs/include/serial_motor_demo_msgs/serial_motor_demo_msgs/msg/detail/motor_vels__functions.c
[2.702s] -- Up-to-date: /home/ons/ros2_ws/install/serial_motor_demo_msgs/include/serial_motor_demo_msgs/serial_motor_demo_msgs/msg/motor_command.h
[2.702s] -- Up-to-date: /home/ons/ros2_ws/install/serial_motor_demo_msgs/include/serial_motor_demo_msgs/serial_motor_demo_msgs/msg/encoder_vals.h
[2.702s] -- Up-to-date: /home/ons/ros2_ws/install/serial_motor_demo_msgs/include/serial_motor_demo_msgs/serial_motor_demo_msgs/msg/rosidl_generator_c__visibility_control.h
[2.702s] -- Up-to-date: /home/ons/ros2_ws/install/serial_motor_demo_msgs/share/serial_motor_demo_msgs/environment/library_path.sh
[2.703s] -- Up-to-date: /home/ons/ros2_ws/install/serial_motor_demo_msgs/share/serial_motor_demo_msgs/environment/library_path.dsv
[2.703s] -- Up-to-date: /home/ons/ros2_ws/install/serial_motor_demo_msgs/lib/libserial_motor_demo_msgs__rosidl_generator_c.so
[2.703s] -- Up-to-date: /home/ons/ros2_ws/install/serial_motor_demo_msgs/include/serial_motor_demo_msgs/serial_motor_demo_msgs
[2.703s] -- Up-to-date: /home/ons/ros2_ws/install/serial_motor_demo_msgs/include/serial_motor_demo_msgs/serial_motor_demo_msgs/msg
[2.703s] -- Up-to-date: /home/ons/ros2_ws/install/serial_motor_demo_msgs/include/serial_motor_demo_msgs/serial_motor_demo_msgs/msg/detail
[2.703s] -- Up-to-date: /home/ons/ros2_ws/install/serial_motor_demo_msgs/include/serial_motor_demo_msgs/serial_motor_demo_msgs/msg/detail/motor_vels__rosidl_typesupport_fastrtps_c.h
[2.703s] -- Up-to-date: /home/ons/ros2_ws/install/serial_motor_demo_msgs/include/serial_motor_demo_msgs/serial_motor_demo_msgs/msg/detail/encoder_vals__rosidl_typesupport_fastrtps_c.h
[2.703s] -- Up-to-date: /home/ons/ros2_ws/install/serial_motor_demo_msgs/include/serial_motor_demo_msgs/serial_motor_demo_msgs/msg/detail/motor_command__rosidl_typesupport_fastrtps_c.h
[2.704s] -- Up-to-date: /home/ons/ros2_ws/install/serial_motor_demo_msgs/include/serial_motor_demo_msgs/serial_motor_demo_msgs/msg/rosidl_typesupport_fastrtps_c__visibility_control.h
[2.705s] -- Up-to-date: /home/ons/ros2_ws/install/serial_motor_demo_msgs/lib/libserial_motor_demo_msgs__rosidl_typesupport_fastrtps_c.so
[2.705s] -- Up-to-date: /home/ons/ros2_ws/install/serial_motor_demo_msgs/include/serial_motor_demo_msgs/serial_motor_demo_msgs
[2.705s] -- Up-to-date: /home/ons/ros2_ws/install/serial_motor_demo_msgs/include/serial_motor_demo_msgs/serial_motor_demo_msgs/msg
[2.705s] -- Up-to-date: /home/ons/ros2_ws/install/serial_motor_demo_msgs/include/serial_motor_demo_msgs/serial_motor_demo_msgs/msg/detail
[2.705s] -- Up-to-date: /home/ons/ros2_ws/install/serial_motor_demo_msgs/include/serial_motor_demo_msgs/serial_motor_demo_msgs/msg/detail/motor_vels__type_support.c
[2.705s] -- Up-to-date: /home/ons/ros2_ws/install/serial_motor_demo_msgs/include/serial_motor_demo_msgs/serial_motor_demo_msgs/msg/detail/encoder_vals__rosidl_typesupport_introspection_c.h
[2.706s] -- Up-to-date: /home/ons/ros2_ws/install/serial_motor_demo_msgs/include/serial_motor_demo_msgs/serial_motor_demo_msgs/msg/detail/motor_command__rosidl_typesupport_introspection_c.h
[2.706s] -- Up-to-date: /home/ons/ros2_ws/install/serial_motor_demo_msgs/include/serial_motor_demo_msgs/serial_motor_demo_msgs/msg/detail/encoder_vals__type_support.c
[2.706s] -- Up-to-date: /home/ons/ros2_ws/install/serial_motor_demo_msgs/include/serial_motor_demo_msgs/serial_motor_demo_msgs/msg/detail/motor_vels__rosidl_typesupport_introspection_c.h
[2.706s] -- Up-to-date: /home/ons/ros2_ws/install/serial_motor_demo_msgs/include/serial_motor_demo_msgs/serial_motor_demo_msgs/msg/detail/motor_command__type_support.c
[2.707s] -- Up-to-date: /home/ons/ros2_ws/install/serial_motor_demo_msgs/include/serial_motor_demo_msgs/serial_motor_demo_msgs/msg/rosidl_typesupport_introspection_c__visibility_control.h
[2.707s] -- Up-to-date: /home/ons/ros2_ws/install/serial_motor_demo_msgs/lib/libserial_motor_demo_msgs__rosidl_typesupport_introspection_c.so
[2.707s] -- Up-to-date: /home/ons/ros2_ws/install/serial_motor_demo_msgs/lib/libserial_motor_demo_msgs__rosidl_typesupport_c.so
[2.708s] -- Up-to-date: /home/ons/ros2_ws/install/serial_motor_demo_msgs/include/serial_motor_demo_msgs/serial_motor_demo_msgs
[2.708s] -- Up-to-date: /home/ons/ros2_ws/install/serial_motor_demo_msgs/include/serial_motor_demo_msgs/serial_motor_demo_msgs/msg
[2.708s] -- Up-to-date: /home/ons/ros2_ws/install/serial_motor_demo_msgs/include/serial_motor_demo_msgs/serial_motor_demo_msgs/msg/detail
[2.708s] -- Up-to-date: /home/ons/ros2_ws/install/serial_motor_demo_msgs/include/serial_motor_demo_msgs/serial_motor_demo_msgs/msg/detail/motor_command__traits.hpp
[2.708s] -- Up-to-date: /home/ons/ros2_ws/install/serial_motor_demo_msgs/include/serial_motor_demo_msgs/serial_motor_demo_msgs/msg/detail/encoder_vals__builder.hpp
[2.716s] -- Up-to-date: /home/ons/ros2_ws/install/serial_motor_demo_msgs/include/serial_motor_demo_msgs/serial_motor_demo_msgs/msg/detail/motor_vels__struct.hpp
[2.717s] -- Up-to-date: /home/ons/ros2_ws/install/serial_motor_demo_msgs/include/serial_motor_demo_msgs/serial_motor_demo_msgs/msg/detail/motor_command__builder.hpp
[2.717s] -- Up-to-date: /home/ons/ros2_ws/install/serial_motor_demo_msgs/include/serial_motor_demo_msgs/serial_motor_demo_msgs/msg/detail/encoder_vals__traits.hpp
[2.717s] -- Up-to-date: /home/ons/ros2_ws/install/serial_motor_demo_msgs/include/serial_motor_demo_msgs/serial_motor_demo_msgs/msg/detail/motor_vels__traits.hpp
[2.717s] -- Up-to-date: /home/ons/ros2_ws/install/serial_motor_demo_msgs/include/serial_motor_demo_msgs/serial_motor_demo_msgs/msg/detail/motor_vels__builder.hpp
[2.717s] -- Up-to-date: /home/ons/ros2_ws/install/serial_motor_demo_msgs/include/serial_motor_demo_msgs/serial_motor_demo_msgs/msg/detail/motor_command__struct.hpp
[2.718s] -- Up-to-date: /home/ons/ros2_ws/install/serial_motor_demo_msgs/include/serial_motor_demo_msgs/serial_motor_demo_msgs/msg/detail/encoder_vals__struct.hpp
[2.718s] -- Up-to-date: /home/ons/ros2_ws/install/serial_motor_demo_msgs/include/serial_motor_demo_msgs/serial_motor_demo_msgs/msg/encoder_vals.hpp
[2.718s] -- Up-to-date: /home/ons/ros2_ws/install/serial_motor_demo_msgs/include/serial_motor_demo_msgs/serial_motor_demo_msgs/msg/motor_command.hpp
[2.718s] -- Up-to-date: /home/ons/ros2_ws/install/serial_motor_demo_msgs/include/serial_motor_demo_msgs/serial_motor_demo_msgs/msg/motor_vels.hpp
[2.718s] -- Up-to-date: /home/ons/ros2_ws/install/serial_motor_demo_msgs/include/serial_motor_demo_msgs/serial_motor_demo_msgs
[2.718s] -- Up-to-date: /home/ons/ros2_ws/install/serial_motor_demo_msgs/include/serial_motor_demo_msgs/serial_motor_demo_msgs/msg
[2.718s] -- Up-to-date: /home/ons/ros2_ws/install/serial_motor_demo_msgs/include/serial_motor_demo_msgs/serial_motor_demo_msgs/msg/detail
[2.719s] -- Up-to-date: /home/ons/ros2_ws/install/serial_motor_demo_msgs/include/serial_motor_demo_msgs/serial_motor_demo_msgs/msg/detail/motor_command__rosidl_typesupport_fastrtps_cpp.hpp
[2.719s] -- Up-to-date: /home/ons/ros2_ws/install/serial_motor_demo_msgs/include/serial_motor_demo_msgs/serial_motor_demo_msgs/msg/detail/dds_fastrtps
[2.719s] -- Up-to-date: /home/ons/ros2_ws/install/serial_motor_demo_msgs/include/serial_motor_demo_msgs/serial_motor_demo_msgs/msg/detail/encoder_vals__rosidl_typesupport_fastrtps_cpp.hpp
[2.719s] -- Up-to-date: /home/ons/ros2_ws/install/serial_motor_demo_msgs/include/serial_motor_demo_msgs/serial_motor_demo_msgs/msg/detail/motor_vels__rosidl_typesupport_fastrtps_cpp.hpp
[2.719s] -- Up-to-date: /home/ons/ros2_ws/install/serial_motor_demo_msgs/include/serial_motor_demo_msgs/serial_motor_demo_msgs/msg/rosidl_typesupport_fastrtps_cpp__visibility_control.h
[2.719s] -- Up-to-date: /home/ons/ros2_ws/install/serial_motor_demo_msgs/lib/libserial_motor_demo_msgs__rosidl_typesupport_fastrtps_cpp.so
[2.720s] -- Up-to-date: /home/ons/ros2_ws/install/serial_motor_demo_msgs/include/serial_motor_demo_msgs/serial_motor_demo_msgs
[2.720s] -- Up-to-date: /home/ons/ros2_ws/install/serial_motor_demo_msgs/include/serial_motor_demo_msgs/serial_motor_demo_msgs/msg
[2.720s] -- Up-to-date: /home/ons/ros2_ws/install/serial_motor_demo_msgs/include/serial_motor_demo_msgs/serial_motor_demo_msgs/msg/detail
[2.720s] -- Up-to-date: /home/ons/ros2_ws/install/serial_motor_demo_msgs/include/serial_motor_demo_msgs/serial_motor_demo_msgs/msg/detail/encoder_vals__type_support.cpp
[2.720s] -- Up-to-date: /home/ons/ros2_ws/install/serial_motor_demo_msgs/include/serial_motor_demo_msgs/serial_motor_demo_msgs/msg/detail/motor_command__rosidl_typesupport_introspection_cpp.hpp
[2.733s] -- Up-to-date: /home/ons/ros2_ws/install/serial_motor_demo_msgs/include/serial_motor_demo_msgs/serial_motor_demo_msgs/msg/detail/motor_vels__type_support.cpp
[2.738s] -- Up-to-date: /home/ons/ros2_ws/install/serial_motor_demo_msgs/include/serial_motor_demo_msgs/serial_motor_demo_msgs/msg/detail/encoder_vals__rosidl_typesupport_introspection_cpp.hpp
[2.738s] -- Up-to-date: /home/ons/ros2_ws/install/serial_motor_demo_msgs/include/serial_motor_demo_msgs/serial_motor_demo_msgs/msg/detail/motor_vels__rosidl_typesupport_introspection_cpp.hpp
[2.738s] -- Up-to-date: /home/ons/ros2_ws/install/serial_motor_demo_msgs/include/serial_motor_demo_msgs/serial_motor_demo_msgs/msg/detail/motor_command__type_support.cpp
[2.738s] -- Up-to-date: /home/ons/ros2_ws/install/serial_motor_demo_msgs/lib/libserial_motor_demo_msgs__rosidl_typesupport_introspection_cpp.so
[2.739s] -- Up-to-date: /home/ons/ros2_ws/install/serial_motor_demo_msgs/lib/libserial_motor_demo_msgs__rosidl_typesupport_cpp.so
[2.739s] -- Up-to-date: /home/ons/ros2_ws/install/serial_motor_demo_msgs/share/serial_motor_demo_msgs/environment/pythonpath.sh
[2.739s] -- Up-to-date: /home/ons/ros2_ws/install/serial_motor_demo_msgs/share/serial_motor_demo_msgs/environment/pythonpath.dsv
[2.739s] -- Up-to-date: /home/ons/ros2_ws/install/serial_motor_demo_msgs/local/lib/python3.10/dist-packages/serial_motor_demo_msgs-0.0.0-py3.10.egg-info
[2.739s] -- Installing: /home/ons/ros2_ws/install/serial_motor_demo_msgs/local/lib/python3.10/dist-packages/serial_motor_demo_msgs-0.0.0-py3.10.egg-info/dependency_links.txt
[2.739s] -- Installing: /home/ons/ros2_ws/install/serial_motor_demo_msgs/local/lib/python3.10/dist-packages/serial_motor_demo_msgs-0.0.0-py3.10.egg-info/PKG-INFO
[2.739s] -- Installing: /home/ons/ros2_ws/install/serial_motor_demo_msgs/local/lib/python3.10/dist-packages/serial_motor_demo_msgs-0.0.0-py3.10.egg-info/top_level.txt
[2.740s] -- Installing: /home/ons/ros2_ws/install/serial_motor_demo_msgs/local/lib/python3.10/dist-packages/serial_motor_demo_msgs-0.0.0-py3.10.egg-info/SOURCES.txt
[2.740s] -- Up-to-date: /home/ons/ros2_ws/install/serial_motor_demo_msgs/local/lib/python3.10/dist-packages/serial_motor_demo_msgs
[2.740s] -- Up-to-date: /home/ons/ros2_ws/install/serial_motor_demo_msgs/local/lib/python3.10/dist-packages/serial_motor_demo_msgs/libserial_motor_demo_msgs__rosidl_generator_py.so
[2.740s] -- Up-to-date: /home/ons/ros2_ws/install/serial_motor_demo_msgs/local/lib/python3.10/dist-packages/serial_motor_demo_msgs/msg
[2.740s] -- Up-to-date: /home/ons/ros2_ws/install/serial_motor_demo_msgs/local/lib/python3.10/dist-packages/serial_motor_demo_msgs/msg/__init__.py
[2.740s] -- Up-to-date: /home/ons/ros2_ws/install/serial_motor_demo_msgs/local/lib/python3.10/dist-packages/serial_motor_demo_msgs/msg/_motor_vels.py
[2.741s] -- Up-to-date: /home/ons/ros2_ws/install/serial_motor_demo_msgs/local/lib/python3.10/dist-packages/serial_motor_demo_msgs/msg/_encoder_vals.py
[2.741s] -- Up-to-date: /home/ons/ros2_ws/install/serial_motor_demo_msgs/local/lib/python3.10/dist-packages/serial_motor_demo_msgs/msg/_encoder_vals_s.c
[2.741s] -- Up-to-date: /home/ons/ros2_ws/install/serial_motor_demo_msgs/local/lib/python3.10/dist-packages/serial_motor_demo_msgs/msg/_motor_vels_s.c
[2.741s] -- Up-to-date: /home/ons/ros2_ws/install/serial_motor_demo_msgs/local/lib/python3.10/dist-packages/serial_motor_demo_msgs/msg/_motor_command_s.c
[2.741s] -- Up-to-date: /home/ons/ros2_ws/install/serial_motor_demo_msgs/local/lib/python3.10/dist-packages/serial_motor_demo_msgs/msg/_motor_command.py
[2.741s] -- Up-to-date: /home/ons/ros2_ws/install/serial_motor_demo_msgs/local/lib/python3.10/dist-packages/serial_motor_demo_msgs/_serial_motor_demo_msgs_s.ep.rosidl_typesupport_introspection_c.c
[2.742s] -- Up-to-date: /home/ons/ros2_ws/install/serial_motor_demo_msgs/local/lib/python3.10/dist-packages/serial_motor_demo_msgs/__init__.py
[2.742s] -- Up-to-date: /home/ons/ros2_ws/install/serial_motor_demo_msgs/local/lib/python3.10/dist-packages/serial_motor_demo_msgs/serial_motor_demo_msgs_s__rosidl_typesupport_introspection_c.cpython-310-x86_64-linux-gnu.so
[2.742s] -- Up-to-date: /home/ons/ros2_ws/install/serial_motor_demo_msgs/local/lib/python3.10/dist-packages/serial_motor_demo_msgs/_serial_motor_demo_msgs_s.ep.rosidl_typesupport_c.c
[2.752s] -- Up-to-date: /home/ons/ros2_ws/install/serial_motor_demo_msgs/local/lib/python3.10/dist-packages/serial_motor_demo_msgs/_serial_motor_demo_msgs_s.ep.rosidl_typesupport_fastrtps_c.c
[2.753s] -- Up-to-date: /home/ons/ros2_ws/install/serial_motor_demo_msgs/local/lib/python3.10/dist-packages/serial_motor_demo_msgs/serial_motor_demo_msgs_s__rosidl_typesupport_c.cpython-310-x86_64-linux-gnu.so
[2.753s] -- Up-to-date: /home/ons/ros2_ws/install/serial_motor_demo_msgs/local/lib/python3.10/dist-packages/serial_motor_demo_msgs/serial_motor_demo_msgs_s__rosidl_typesupport_fastrtps_c.cpython-310-x86_64-linux-gnu.so
[2.868s] Listing '/home/ons/ros2_ws/install/serial_motor_demo_msgs/local/lib/python3.10/dist-packages/serial_motor_demo_msgs'...
[2.868s] Listing '/home/ons/ros2_ws/install/serial_motor_demo_msgs/local/lib/python3.10/dist-packages/serial_motor_demo_msgs/msg'...
[2.891s] -- Up-to-date: /home/ons/ros2_ws/install/serial_motor_demo_msgs/local/lib/python3.10/dist-packages/serial_motor_demo_msgs/serial_motor_demo_msgs_s__rosidl_typesupport_fastrtps_c.cpython-310-x86_64-linux-gnu.so
[2.892s] -- Up-to-date: /home/ons/ros2_ws/install/serial_motor_demo_msgs/local/lib/python3.10/dist-packages/serial_motor_demo_msgs/serial_motor_demo_msgs_s__rosidl_typesupport_introspection_c.cpython-310-x86_64-linux-gnu.so
[2.896s] -- Up-to-date: /home/ons/ros2_ws/install/serial_motor_demo_msgs/local/lib/python3.10/dist-packages/serial_motor_demo_msgs/serial_motor_demo_msgs_s__rosidl_typesupport_c.cpython-310-x86_64-linux-gnu.so
[2.900s] -- Up-to-date: /home/ons/ros2_ws/install/serial_motor_demo_msgs/lib/libserial_motor_demo_msgs__rosidl_generator_py.so
[2.901s] -- Up-to-date: /home/ons/ros2_ws/install/serial_motor_demo_msgs/share/serial_motor_demo_msgs/msg/MotorCommand.idl
[2.901s] -- Up-to-date: /home/ons/ros2_ws/install/serial_motor_demo_msgs/share/serial_motor_demo_msgs/msg/MotorVels.idl
[2.901s] -- Up-to-date: /home/ons/ros2_ws/install/serial_motor_demo_msgs/share/serial_motor_demo_msgs/msg/EncoderVals.idl
[2.901s] -- Up-to-date: /home/ons/ros2_ws/install/serial_motor_demo_msgs/share/serial_motor_demo_msgs/msg/MotorCommand.msg
[2.901s] -- Up-to-date: /home/ons/ros2_ws/install/serial_motor_demo_msgs/share/serial_motor_demo_msgs/msg/MotorVels.msg
[2.901s] -- Up-to-date: /home/ons/ros2_ws/install/serial_motor_demo_msgs/share/serial_motor_demo_msgs/msg/EncoderVals.msg
[2.902s] -- Up-to-date: /home/ons/ros2_ws/install/serial_motor_demo_msgs/share/ament_index/resource_index/package_run_dependencies/serial_motor_demo_msgs
[2.902s] -- Up-to-date: /home/ons/ros2_ws/install/serial_motor_demo_msgs/share/ament_index/resource_index/parent_prefix_path/serial_motor_demo_msgs
[2.903s] -- Up-to-date: /home/ons/ros2_ws/install/serial_motor_demo_msgs/share/serial_motor_demo_msgs/environment/ament_prefix_path.sh
[2.904s] -- Up-to-date: /home/ons/ros2_ws/install/serial_motor_demo_msgs/share/serial_motor_demo_msgs/environment/ament_prefix_path.dsv
[2.905s] -- Up-to-date: /home/ons/ros2_ws/install/serial_motor_demo_msgs/share/serial_motor_demo_msgs/environment/path.sh
[2.905s] -- Up-to-date: /home/ons/ros2_ws/install/serial_motor_demo_msgs/share/serial_motor_demo_msgs/environment/path.dsv
[2.905s] -- Up-to-date: /home/ons/ros2_ws/install/serial_motor_demo_msgs/share/serial_motor_demo_msgs/local_setup.bash
[2.905s] -- Up-to-date: /home/ons/ros2_ws/install/serial_motor_demo_msgs/share/serial_motor_demo_msgs/local_setup.sh
[2.905s] -- Up-to-date: /home/ons/ros2_ws/install/serial_motor_demo_msgs/share/serial_motor_demo_msgs/local_setup.zsh
[2.906s] -- Up-to-date: /home/ons/ros2_ws/install/serial_motor_demo_msgs/share/serial_motor_demo_msgs/local_setup.dsv
[2.906s] -- Installing: /home/ons/ros2_ws/install/serial_motor_demo_msgs/share/serial_motor_demo_msgs/package.dsv
[2.908s] -- Up-to-date: /home/ons/ros2_ws/install/serial_motor_demo_msgs/share/ament_index/resource_index/packages/serial_motor_demo_msgs
[2.909s] -- Up-to-date: /home/ons/ros2_ws/install/serial_motor_demo_msgs/share/serial_motor_demo_msgs/cmake/export_serial_motor_demo_msgs__rosidl_generator_cExport.cmake
[2.913s] -- Up-to-date: /home/ons/ros2_ws/install/serial_motor_demo_msgs/share/serial_motor_demo_msgs/cmake/export_serial_motor_demo_msgs__rosidl_generator_cExport-noconfig.cmake
[2.914s] -- Up-to-date: /home/ons/ros2_ws/install/serial_motor_demo_msgs/share/serial_motor_demo_msgs/cmake/export_serial_motor_demo_msgs__rosidl_typesupport_fastrtps_cExport.cmake
[2.915s] -- Up-to-date: /home/ons/ros2_ws/install/serial_motor_demo_msgs/share/serial_motor_demo_msgs/cmake/export_serial_motor_demo_msgs__rosidl_typesupport_fastrtps_cExport-noconfig.cmake
[2.917s] -- Up-to-date: /home/ons/ros2_ws/install/serial_motor_demo_msgs/share/serial_motor_demo_msgs/cmake/serial_motor_demo_msgs__rosidl_typesupport_introspection_cExport.cmake
[2.917s] -- Up-to-date: /home/ons/ros2_ws/install/serial_motor_demo_msgs/share/serial_motor_demo_msgs/cmake/serial_motor_demo_msgs__rosidl_typesupport_introspection_cExport-noconfig.cmake
[2.919s] -- Up-to-date: /home/ons/ros2_ws/install/serial_motor_demo_msgs/share/serial_motor_demo_msgs/cmake/serial_motor_demo_msgs__rosidl_typesupport_cExport.cmake
[2.919s] -- Up-to-date: /home/ons/ros2_ws/install/serial_motor_demo_msgs/share/serial_motor_demo_msgs/cmake/serial_motor_demo_msgs__rosidl_typesupport_cExport-noconfig.cmake
[2.920s] -- Up-to-date: /home/ons/ros2_ws/install/serial_motor_demo_msgs/share/serial_motor_demo_msgs/cmake/export_serial_motor_demo_msgs__rosidl_generator_cppExport.cmake
[2.923s] -- Up-to-date: /home/ons/ros2_ws/install/serial_motor_demo_msgs/share/serial_motor_demo_msgs/cmake/export_serial_motor_demo_msgs__rosidl_typesupport_fastrtps_cppExport.cmake
[2.923s] -- Up-to-date: /home/ons/ros2_ws/install/serial_motor_demo_msgs/share/serial_motor_demo_msgs/cmake/export_serial_motor_demo_msgs__rosidl_typesupport_fastrtps_cppExport-noconfig.cmake
[2.928s] -- Up-to-date: /home/ons/ros2_ws/install/serial_motor_demo_msgs/share/serial_motor_demo_msgs/cmake/serial_motor_demo_msgs__rosidl_typesupport_introspection_cppExport.cmake
[2.931s] -- Up-to-date: /home/ons/ros2_ws/install/serial_motor_demo_msgs/share/serial_motor_demo_msgs/cmake/serial_motor_demo_msgs__rosidl_typesupport_introspection_cppExport-noconfig.cmake
[2.932s] -- Up-to-date: /home/ons/ros2_ws/install/serial_motor_demo_msgs/share/serial_motor_demo_msgs/cmake/serial_motor_demo_msgs__rosidl_typesupport_cppExport.cmake
[2.932s] -- Up-to-date: /home/ons/ros2_ws/install/serial_motor_demo_msgs/share/serial_motor_demo_msgs/cmake/serial_motor_demo_msgs__rosidl_typesupport_cppExport-noconfig.cmake
[2.932s] -- Up-to-date: /home/ons/ros2_ws/install/serial_motor_demo_msgs/share/serial_motor_demo_msgs/cmake/export_serial_motor_demo_msgs__rosidl_generator_pyExport.cmake
[2.932s] -- Up-to-date: /home/ons/ros2_ws/install/serial_motor_demo_msgs/share/serial_motor_demo_msgs/cmake/export_serial_motor_demo_msgs__rosidl_generator_pyExport-noconfig.cmake
[2.932s] -- Up-to-date: /home/ons/ros2_ws/install/serial_motor_demo_msgs/share/serial_motor_demo_msgs/cmake/rosidl_cmake-extras.cmake
[2.933s] -- Up-to-date: /home/ons/ros2_ws/install/serial_motor_demo_msgs/share/serial_motor_demo_msgs/cmake/ament_cmake_export_include_directories-extras.cmake
[2.933s] -- Up-to-date: /home/ons/ros2_ws/install/serial_motor_demo_msgs/share/serial_motor_demo_msgs/cmake/ament_cmake_export_libraries-extras.cmake
[2.933s] -- Up-to-date: /home/ons/ros2_ws/install/serial_motor_demo_msgs/share/serial_motor_demo_msgs/cmake/ament_cmake_export_targets-extras.cmake
[2.933s] -- Up-to-date: /home/ons/ros2_ws/install/serial_motor_demo_msgs/share/serial_motor_demo_msgs/cmake/rosidl_cmake_export_typesupport_targets-extras.cmake
[2.933s] -- Up-to-date: /home/ons/ros2_ws/install/serial_motor_demo_msgs/share/serial_motor_demo_msgs/cmake/ament_cmake_export_dependencies-extras.cmake
[2.933s] -- Up-to-date: /home/ons/ros2_ws/install/serial_motor_demo_msgs/share/serial_motor_demo_msgs/cmake/rosidl_cmake_export_typesupport_libraries-extras.cmake
[2.933s] -- Up-to-date: /home/ons/ros2_ws/install/serial_motor_demo_msgs/share/serial_motor_demo_msgs/cmake/serial_motor_demo_msgsConfig.cmake
[2.934s] -- Up-to-date: /home/ons/ros2_ws/install/serial_motor_demo_msgs/share/serial_motor_demo_msgs/cmake/serial_motor_demo_msgsConfig-version.cmake
[2.934s] -- Up-to-date: /home/ons/ros2_ws/install/serial_motor_demo_msgs/share/serial_motor_demo_msgs/package.xml
[2.957s] Invoked command in '/home/ons/ros2_ws/build/serial_motor_demo_msgs' returned '0': CMAKE_PREFIX_PATH=${CMAKE_PREFIX_PATH}:/home/ons/ros2_ws/install/test_node:/home/ons/ros2_ws/install/serial_motor_demo:/opt/ros/humble /usr/bin/cmake --install /home/ons/ros2_ws/build/serial_motor_demo_msgs
