[0.152s] Invoking command in '/home/ons/ros2_ws/build/diffdrive_arduino': CMAKE_PREFIX_PATH=/opt/ros/humble /usr/bin/cmake --build /home/ons/ros2_ws/build/diffdrive_arduino -- -j4 -l4
[0.311s] [35m[1mConsolidate compiler generated dependencies of target diffdrive_arduino[0m
[0.367s] [100%] Built target diffdrive_arduino
[0.665s] Invoked command in '/home/ons/ros2_ws/build/diffdrive_arduino' returned '0': CMAKE_PREFIX_PATH=/opt/ros/humble /usr/bin/cmake --build /home/ons/ros2_ws/build/diffdrive_arduino -- -j4 -l4
[0.724s] Invoking command in '/home/ons/ros2_ws/build/diffdrive_arduino': CMAKE_PREFIX_PATH=/opt/ros/humble /usr/bin/cmake --install /home/ons/ros2_ws/build/diffdrive_arduino
[0.746s] -- Install configuration: ""
[0.748s] -- Execute custom install script
[0.749s] -- Up-to-date symlink: /home/ons/ros2_ws/install/diffdrive_arduino/share/diffdrive_arduino//diffdrive_arduino.xml
[0.750s] -- Up-to-date symlink: /home/ons/ros2_ws/install/diffdrive_arduino/include/diffdrive_arduino/diffdrive_arduino/arduino_comms.hpp
[0.751s] -- Up-to-date symlink: /home/ons/ros2_ws/install/diffdrive_arduino/include/diffdrive_arduino/diffdrive_arduino/diffbot_system.hpp
[0.751s] -- Up-to-date symlink: /home/ons/ros2_ws/install/diffdrive_arduino/include/diffdrive_arduino/diffdrive_arduino/visibility_control.h
[0.752s] -- Up-to-date symlink: /home/ons/ros2_ws/install/diffdrive_arduino/include/diffdrive_arduino/diffdrive_arduino/wheel.hpp
[0.753s] -- Up-to-date symlink: /home/ons/ros2_ws/install/diffdrive_arduino/share/diffdrive_arduino/launch/view_robot.launch.py
[0.754s] -- Up-to-date symlink: /home/ons/ros2_ws/install/diffdrive_arduino/share/diffdrive_arduino/ros2_control/diffbot.ros2_control.xacro
[0.756s] -- Up-to-date symlink: /home/ons/ros2_ws/install/diffdrive_arduino/share/diffdrive_arduino/urdf/diffbot.materials.xacro
[0.757s] -- Up-to-date symlink: /home/ons/ros2_ws/install/diffdrive_arduino/share/diffdrive_arduino/urdf/diffbot.urdf.xacro
[0.768s] -- Up-to-date symlink: /home/ons/ros2_ws/install/diffdrive_arduino/share/diffdrive_arduino/urdf/diffbot_description.urdf.xacro
[0.775s] -- Up-to-date symlink: /home/ons/ros2_ws/install/diffdrive_arduino/share/diffdrive_arduino/rviz/diffbot.rviz
[0.776s] -- Up-to-date symlink: /home/ons/ros2_ws/install/diffdrive_arduino/share/diffdrive_arduino/rviz/diffbot_view.rviz
[0.777s] -- Up-to-date symlink: /home/ons/ros2_ws/install/diffdrive_arduino/share/diffdrive_arduino/launch/diffbot.launch.py
[0.780s] -- Up-to-date symlink: /home/ons/ros2_ws/install/diffdrive_arduino/share/diffdrive_arduino/config/diffbot_controllers.yaml
[0.781s] -- Up-to-date symlink: /home/ons/ros2_ws/install/diffdrive_arduino/share/diffdrive_arduino/environment/library_path.sh
[0.782s] -- Up-to-date symlink: /home/ons/ros2_ws/install/diffdrive_arduino/share/diffdrive_arduino/environment/library_path.dsv
[0.786s] -- Up-to-date symlink: /home/ons/ros2_ws/install/diffdrive_arduino/share/ament_index/resource_index/package_run_dependencies/diffdrive_arduino
[0.787s] -- Up-to-date symlink: /home/ons/ros2_ws/install/diffdrive_arduino/share/ament_index/resource_index/parent_prefix_path/diffdrive_arduino
[0.788s] -- Up-to-date symlink: /home/ons/ros2_ws/install/diffdrive_arduino/share/diffdrive_arduino/environment/ament_prefix_path.sh
[0.791s] -- Up-to-date symlink: /home/ons/ros2_ws/install/diffdrive_arduino/share/diffdrive_arduino/environment/ament_prefix_path.dsv
[0.794s] -- Up-to-date symlink: /home/ons/ros2_ws/install/diffdrive_arduino/share/diffdrive_arduino/environment/path.sh
[0.796s] -- Up-to-date symlink: /home/ons/ros2_ws/install/diffdrive_arduino/share/diffdrive_arduino/environment/path.dsv
[0.797s] -- Up-to-date symlink: /home/ons/ros2_ws/install/diffdrive_arduino/share/diffdrive_arduino/local_setup.bash
[0.798s] -- Up-to-date symlink: /home/ons/ros2_ws/install/diffdrive_arduino/share/diffdrive_arduino/local_setup.sh
[0.800s] -- Up-to-date symlink: /home/ons/ros2_ws/install/diffdrive_arduino/share/diffdrive_arduino/local_setup.zsh
[0.802s] -- Up-to-date symlink: /home/ons/ros2_ws/install/diffdrive_arduino/share/diffdrive_arduino/local_setup.dsv
[0.803s] -- Symlinking: /home/ons/ros2_ws/install/diffdrive_arduino/share/diffdrive_arduino/package.dsv
[0.862s] -- Up-to-date symlink: /home/ons/ros2_ws/install/diffdrive_arduino/share/ament_index/resource_index/packages/diffdrive_arduino
[0.863s] -- Up-to-date symlink: /home/ons/ros2_ws/install/diffdrive_arduino/share/ament_index/resource_index/hardware_interface__pluginlib__plugin/diffdrive_arduino
[0.868s] -- Up-to-date symlink: /home/ons/ros2_ws/install/diffdrive_arduino/share/diffdrive_arduino/cmake/ament_cmake_export_targets-extras.cmake
[0.869s] -- Up-to-date symlink: /home/ons/ros2_ws/install/diffdrive_arduino/share/diffdrive_arduino/cmake/ament_cmake_export_dependencies-extras.cmake
[0.869s] -- Up-to-date symlink: /home/ons/ros2_ws/install/diffdrive_arduino/share/diffdrive_arduino/cmake/diffdrive_arduinoConfig.cmake
[0.874s] -- Up-to-date symlink: /home/ons/ros2_ws/install/diffdrive_arduino/share/diffdrive_arduino/cmake/diffdrive_arduinoConfig-version.cmake
[0.875s] -- Up-to-date symlink: /home/ons/ros2_ws/install/diffdrive_arduino/share/diffdrive_arduino/package.xml
[0.885s] -- Up-to-date: /home/ons/ros2_ws/install/diffdrive_arduino/lib/libdiffdrive_arduino.so
[0.889s] -- Up-to-date: /home/ons/ros2_ws/install/diffdrive_arduino/share/diffdrive_arduino/cmake/export_diffdrive_arduinoExport.cmake
[0.890s] -- Up-to-date: /home/ons/ros2_ws/install/diffdrive_arduino/share/diffdrive_arduino/cmake/export_diffdrive_arduinoExport-noconfig.cmake
[0.909s] Invoked command in '/home/ons/ros2_ws/build/diffdrive_arduino' returned '0': CMAKE_PREFIX_PATH=/opt/ros/humble /usr/bin/cmake --install /home/ons/ros2_ws/build/diffdrive_arduino
