[0.250s] Invoking command in '/home/ons/ros2_ws/build/ydlidar': CMAKE_PREFIX_PATH=${CMAKE_PREFIX_PATH}:/home/ons/ros2_ws/install/test_node:/home/ons/ros2_ws/install/serial_motor_demo:/opt/ros/humble /usr/bin/cmake /home/ons/ros2_ws/src/ydlidar_ros2 -DCMAKE_INSTALL_PREFIX=/home/ons/ros2_ws/install/ydlidar
[0.286s] -- Found ament_cmake: 1.3.5 (/opt/ros/humble/share/ament_cmake/cmake)
[0.823s] -- Override CMake install command with custom implementation using symlinks instead of copying resources
[0.871s] -- Found rclcpp: 16.0.6 (/opt/ros/humble/share/rclcpp/cmake)
[0.981s] -- Found rosidl_generator_c: 3.1.5 (/opt/ros/humble/share/rosidl_generator_c/cmake)
[0.989s] -- Found rosidl_adapter: 3.1.5 (/opt/ros/humble/share/rosidl_adapter/cmake)
[1.005s] -- Found rosidl_generator_cpp: 3.1.5 (/opt/ros/humble/share/rosidl_generator_cpp/cmake)
[1.035s] -- Using all available rosidl_typesupport_c: rosidl_typesupport_fastrtps_c;rosidl_typesupport_introspection_c
[1.082s] -- Using all available rosidl_typesupport_cpp: rosidl_typesupport_fastrtps_cpp;rosidl_typesupport_introspection_cpp
[1.298s] -- Found rmw_implementation_cmake: 6.1.1 (/opt/ros/humble/share/rmw_implementation_cmake/cmake)
[1.306s] -- Found rmw_fastrtps_cpp: 6.2.4 (/opt/ros/humble/share/rmw_fastrtps_cpp/cmake)
[1.649s] -- Using RMW implementation 'rmw_fastrtps_cpp' as default
[2.158s] -- Found sensor_msgs: 4.2.3 (/opt/ros/humble/share/sensor_msgs/cmake)
[2.464s] -- Found visualization_msgs: 4.2.3 (/opt/ros/humble/share/visualization_msgs/cmake)
[2.665s] -- Found ament_lint_auto: 0.12.8 (/opt/ros/humble/share/ament_lint_auto/cmake)
[2.782s] -- Added test 'copyright' to check source files copyright and LICENSE
[2.804s] -- Added test 'cppcheck' to perform static code analysis on C / C++ code
[2.805s] -- Configured cppcheck include dirs: /home/ons/ros2_ws/src/ydlidar_ros2/src;/home/ons/ros2_ws/src/ydlidar_ros2/sdk/include;/home/ons/ros2_ws/src/ydlidar_ros2/sdk/src
[2.805s] -- Configured cppcheck exclude dirs and/or files: 
[2.834s] -- Added test 'cpplint' to check C / C++ code against the Google style
[2.834s] -- Configured cpplint exclude dirs and/or files: 
[2.839s] -- Added test 'flake8' to check Python code syntax and style conventions
[2.845s] -- Added test 'lint_cmake' to check CMake code style
[2.849s] -- Added test 'pep257' to check Python code against some of the docstring style conventions in PEP 257
[2.876s] -- Added test 'uncrustify' to check C / C++ code style
[2.876s] -- Configured uncrustify additional arguments: 
[2.880s] -- Added test 'xmllint' to check XML markup files
[2.882s] -- Configuring done
[2.904s] -- Generating done
[2.906s] -- Build files have been written to: /home/ons/ros2_ws/build/ydlidar
