[0.538s] Invoking command in '/home/ons/ros2_ws/build/ydlidar': CMAKE_PREFIX_PATH=${CMAKE_PREFIX_PATH}:/home/ons/ros2_ws/install/test_node:/home/ons/ros2_ws/install/serial_motor_demo:/opt/ros/humble /usr/bin/cmake --build /home/ons/ros2_ws/build/ydlidar -- -j4 -l4
[0.721s] [ 81%] Built target ydlidar_node
[0.754s] [100%] Built target ydlidar_client
[0.790s] Invoked command in '/home/ons/ros2_ws/build/ydlidar' returned '0': CMAKE_PREFIX_PATH=${CMAKE_PREFIX_PATH}:/home/ons/ros2_ws/install/test_node:/home/ons/ros2_ws/install/serial_motor_demo:/opt/ros/humble /usr/bin/cmake --build /home/ons/ros2_ws/build/ydlidar -- -j4 -l4
[0.914s] Invoking command in '/home/ons/ros2_ws/build/ydlidar': CMAKE_PREFIX_PATH=${CMAKE_PREFIX_PATH}:/home/ons/ros2_ws/install/test_node:/home/ons/ros2_ws/install/serial_motor_demo:/opt/ros/humble /usr/bin/cmake --install /home/ons/ros2_ws/build/ydlidar
[0.931s] -- Install configuration: ""
[0.935s] -- Execute custom install script
[0.935s] -- Up-to-date symlink: /home/ons/ros2_ws/install/ydlidar/lib/ydlidar/ydlidar_node
[0.936s] -- Up-to-date symlink: /home/ons/ros2_ws/install/ydlidar/lib/ydlidar/ydlidar_client
[0.937s] -- Up-to-date symlink: /home/ons/ros2_ws/install/ydlidar/share/ydlidar/launch/ydlidar.py
[0.937s] -- Up-to-date symlink: /home/ons/ros2_ws/install/ydlidar/share/ydlidar/launch/ydlidar_launch.py
[0.937s] -- Up-to-date symlink: /home/ons/ros2_ws/install/ydlidar/share/ydlidar/params/ydlidar.yaml
[0.937s] -- Up-to-date symlink: /home/ons/ros2_ws/install/ydlidar/share/ydlidar/startup/initenv.sh
[0.937s] -- Up-to-date symlink: /home/ons/ros2_ws/install/ydlidar/share/ament_index/resource_index/package_run_dependencies/ydlidar
[0.938s] -- Up-to-date symlink: /home/ons/ros2_ws/install/ydlidar/share/ament_index/resource_index/parent_prefix_path/ydlidar
[0.938s] -- Up-to-date symlink: /home/ons/ros2_ws/install/ydlidar/share/ydlidar/environment/ament_prefix_path.sh
[0.940s] -- Up-to-date symlink: /home/ons/ros2_ws/install/ydlidar/share/ydlidar/environment/ament_prefix_path.dsv
[0.941s] -- Up-to-date symlink: /home/ons/ros2_ws/install/ydlidar/share/ydlidar/environment/path.sh
[0.941s] -- Up-to-date symlink: /home/ons/ros2_ws/install/ydlidar/share/ydlidar/environment/path.dsv
[0.942s] -- Up-to-date symlink: /home/ons/ros2_ws/install/ydlidar/share/ydlidar/local_setup.bash
[0.942s] -- Up-to-date symlink: /home/ons/ros2_ws/install/ydlidar/share/ydlidar/local_setup.sh
[0.943s] -- Up-to-date symlink: /home/ons/ros2_ws/install/ydlidar/share/ydlidar/local_setup.zsh
[0.943s] -- Up-to-date symlink: /home/ons/ros2_ws/install/ydlidar/share/ydlidar/local_setup.dsv
[0.944s] -- Symlinking: /home/ons/ros2_ws/install/ydlidar/share/ydlidar/package.dsv
[0.964s] -- Up-to-date symlink: /home/ons/ros2_ws/install/ydlidar/share/ament_index/resource_index/packages/ydlidar
[0.964s] -- Up-to-date symlink: /home/ons/ros2_ws/install/ydlidar/share/ydlidar/cmake/ydlidarConfig.cmake
[0.964s] -- Up-to-date symlink: /home/ons/ros2_ws/install/ydlidar/share/ydlidar/cmake/ydlidarConfig-version.cmake
[0.964s] -- Up-to-date symlink: /home/ons/ros2_ws/install/ydlidar/share/ydlidar/package.xml
[1.211s] Invoked command in '/home/ons/ros2_ws/build/ydlidar' returned '0': CMAKE_PREFIX_PATH=${CMAKE_PREFIX_PATH}:/home/ons/ros2_ws/install/test_node:/home/ons/ros2_ws/install/serial_motor_demo:/opt/ros/humble /usr/bin/cmake --install /home/ons/ros2_ws/build/ydlidar
