[1.330s] DEBUG:colcon:Command line arguments: ['/usr/bin/colcon', 'build']
[1.330s] DEBUG:colcon:Parsed command line arguments: Namespace(log_base=None, log_level=None, verb_name='build', build_base='build', install_base='install', merge_install=False, symlink_install=False, test_result_base=None, continue_on_error=False, executor='parallel', parallel_workers=4, event_handlers=None, ignore_user_meta=False, metas=['./colcon.meta'], base_paths=['.'], packages_ignore=None, packages_ignore_regex=None, paths=None, packages_up_to=None, packages_up_to_regex=None, packages_above=None, packages_above_and_dependencies=None, packages_above_depth=None, packages_select_by_dep=None, packages_skip_by_dep=None, packages_skip_up_to=None, packages_select_build_failed=False, packages_skip_build_finished=False, packages_select_test_failures=False, packages_skip_test_passed=False, packages_select=None, packages_skip=None, packages_select_regex=None, packages_skip_regex=None, packages_start=None, packages_end=None, allow_overriding=[], cmake_args=None, cmake_target=None, cmake_target_skip_unavailable=False, cmake_clean_cache=False, cmake_clean_first=False, cmake_force_configure=False, ament_cmake_args=None, catkin_cmake_args=None, catkin_skip_building_tests=False, verb_parser=<colcon_defaults.argument_parser.defaults.DefaultArgumentsDecorator object at 0x7f1b9d280df0>, verb_extension=<colcon_core.verb.build.BuildVerb object at 0x7f1b9d281f90>, main=<bound method BuildVerb.main of <colcon_core.verb.build.BuildVerb object at 0x7f1b9d281f90>>)
[1.380s] Level 1:colcon.colcon_core.package_discovery:discover_packages(colcon_meta) check parameters
[1.380s] Level 1:colcon.colcon_core.package_discovery:discover_packages(recursive) check parameters
[1.380s] Level 1:colcon.colcon_core.package_discovery:discover_packages(ignore) check parameters
[1.380s] Level 1:colcon.colcon_core.package_discovery:discover_packages(path) check parameters
[1.380s] Level 1:colcon.colcon_core.package_discovery:discover_packages(colcon_meta) discover
[1.380s] Level 1:colcon.colcon_core.package_discovery:discover_packages(recursive) discover
[1.380s] INFO:colcon.colcon_core.package_discovery:Crawling recursively for packages in '/home/ons/ros2_ws'
[1.380s] Level 1:colcon.colcon_core.package_identification:_identify(.) by extensions ['ignore', 'ignore_ament_install']
[1.381s] Level 1:colcon.colcon_core.package_identification:_identify(.) by extension 'ignore'
[1.381s] Level 1:colcon.colcon_core.package_identification:_identify(.) by extension 'ignore_ament_install'
[1.381s] Level 1:colcon.colcon_core.package_identification:_identify(.) by extensions ['colcon_pkg']
[1.381s] Level 1:colcon.colcon_core.package_identification:_identify(.) by extension 'colcon_pkg'
[1.381s] Level 1:colcon.colcon_core.package_identification:_identify(.) by extensions ['colcon_meta']
[1.381s] Level 1:colcon.colcon_core.package_identification:_identify(.) by extension 'colcon_meta'
[1.381s] Level 1:colcon.colcon_core.package_identification:_identify(.) by extensions ['ros']
[1.381s] Level 1:colcon.colcon_core.package_identification:_identify(.) by extension 'ros'
[1.392s] Level 1:colcon.colcon_core.package_identification:_identify(.) by extensions ['cmake', 'python']
[1.392s] Level 1:colcon.colcon_core.package_identification:_identify(.) by extension 'cmake'
[1.392s] Level 1:colcon.colcon_core.package_identification:_identify(.) by extension 'python'
[1.392s] Level 1:colcon.colcon_core.package_identification:_identify(.) by extensions ['python_setup_py']
[1.393s] Level 1:colcon.colcon_core.package_identification:_identify(.) by extension 'python_setup_py'
[1.393s] Level 1:colcon.colcon_core.package_identification:_identify(build) by extensions ['ignore', 'ignore_ament_install']
[1.393s] Level 1:colcon.colcon_core.package_identification:_identify(build) by extension 'ignore'
[1.393s] Level 1:colcon.colcon_core.package_identification:_identify(build) ignored
[1.393s] Level 1:colcon.colcon_core.package_identification:_identify(install) by extensions ['ignore', 'ignore_ament_install']
[1.393s] Level 1:colcon.colcon_core.package_identification:_identify(install) by extension 'ignore'
[1.393s] Level 1:colcon.colcon_core.package_identification:_identify(install) ignored
[1.393s] Level 1:colcon.colcon_core.package_identification:_identify(log) by extensions ['ignore', 'ignore_ament_install']
[1.393s] Level 1:colcon.colcon_core.package_identification:_identify(log) by extension 'ignore'
[1.393s] Level 1:colcon.colcon_core.package_identification:_identify(log) ignored
[1.393s] Level 1:colcon.colcon_core.package_identification:_identify(src) by extensions ['ignore', 'ignore_ament_install']
[1.393s] Level 1:colcon.colcon_core.package_identification:_identify(src) by extension 'ignore'
[1.393s] Level 1:colcon.colcon_core.package_identification:_identify(src) by extension 'ignore_ament_install'
[1.393s] Level 1:colcon.colcon_core.package_identification:_identify(src) by extensions ['colcon_pkg']
[1.393s] Level 1:colcon.colcon_core.package_identification:_identify(src) by extension 'colcon_pkg'
[1.394s] Level 1:colcon.colcon_core.package_identification:_identify(src) by extensions ['colcon_meta']
[1.394s] Level 1:colcon.colcon_core.package_identification:_identify(src) by extension 'colcon_meta'
[1.394s] Level 1:colcon.colcon_core.package_identification:_identify(src) by extensions ['ros']
[1.394s] Level 1:colcon.colcon_core.package_identification:_identify(src) by extension 'ros'
[1.394s] Level 1:colcon.colcon_core.package_identification:_identify(src) by extensions ['cmake', 'python']
[1.394s] Level 1:colcon.colcon_core.package_identification:_identify(src) by extension 'cmake'
[1.394s] Level 1:colcon.colcon_core.package_identification:_identify(src) by extension 'python'
[1.394s] Level 1:colcon.colcon_core.package_identification:_identify(src) by extensions ['python_setup_py']
[1.394s] Level 1:colcon.colcon_core.package_identification:_identify(src) by extension 'python_setup_py'
[1.394s] Level 1:colcon.colcon_core.package_identification:_identify(src/articubot_one) by extensions ['ignore', 'ignore_ament_install']
[1.394s] Level 1:colcon.colcon_core.package_identification:_identify(src/articubot_one) by extension 'ignore'
[1.394s] Level 1:colcon.colcon_core.package_identification:_identify(src/articubot_one) by extension 'ignore_ament_install'
[1.394s] Level 1:colcon.colcon_core.package_identification:_identify(src/articubot_one) by extensions ['colcon_pkg']
[1.395s] Level 1:colcon.colcon_core.package_identification:_identify(src/articubot_one) by extension 'colcon_pkg'
[1.395s] Level 1:colcon.colcon_core.package_identification:_identify(src/articubot_one) by extensions ['colcon_meta']
[1.395s] Level 1:colcon.colcon_core.package_identification:_identify(src/articubot_one) by extension 'colcon_meta'
[1.395s] Level 1:colcon.colcon_core.package_identification:_identify(src/articubot_one) by extensions ['ros']
[1.395s] Level 1:colcon.colcon_core.package_identification:_identify(src/articubot_one) by extension 'ros'
[1.397s] DEBUG:colcon.colcon_core.package_identification:Package 'src/articubot_one' with type 'ros.ament_cmake' and name 'articubot_one'
[1.398s] Level 1:colcon.colcon_core.package_identification:_identify(src/diffdrive_arduino) by extensions ['ignore', 'ignore_ament_install']
[1.398s] Level 1:colcon.colcon_core.package_identification:_identify(src/diffdrive_arduino) by extension 'ignore'
[1.398s] Level 1:colcon.colcon_core.package_identification:_identify(src/diffdrive_arduino) by extension 'ignore_ament_install'
[1.398s] Level 1:colcon.colcon_core.package_identification:_identify(src/diffdrive_arduino) by extensions ['colcon_pkg']
[1.398s] Level 1:colcon.colcon_core.package_identification:_identify(src/diffdrive_arduino) by extension 'colcon_pkg'
[1.398s] Level 1:colcon.colcon_core.package_identification:_identify(src/diffdrive_arduino) by extensions ['colcon_meta']
[1.398s] Level 1:colcon.colcon_core.package_identification:_identify(src/diffdrive_arduino) by extension 'colcon_meta'
[1.398s] Level 1:colcon.colcon_core.package_identification:_identify(src/diffdrive_arduino) by extensions ['ros']
[1.398s] Level 1:colcon.colcon_core.package_identification:_identify(src/diffdrive_arduino) by extension 'ros'
[1.399s] DEBUG:colcon.colcon_core.package_identification:Package 'src/diffdrive_arduino' with type 'ros.ament_cmake' and name 'diffdrive_arduino'
[1.399s] Level 1:colcon.colcon_core.package_identification:_identify(src/serial_motor_demo) by extensions ['ignore', 'ignore_ament_install']
[1.399s] Level 1:colcon.colcon_core.package_identification:_identify(src/serial_motor_demo) by extension 'ignore'
[1.399s] Level 1:colcon.colcon_core.package_identification:_identify(src/serial_motor_demo) by extension 'ignore_ament_install'
[1.399s] Level 1:colcon.colcon_core.package_identification:_identify(src/serial_motor_demo) by extensions ['colcon_pkg']
[1.399s] Level 1:colcon.colcon_core.package_identification:_identify(src/serial_motor_demo) by extension 'colcon_pkg'
[1.399s] Level 1:colcon.colcon_core.package_identification:_identify(src/serial_motor_demo) by extensions ['colcon_meta']
[1.399s] Level 1:colcon.colcon_core.package_identification:_identify(src/serial_motor_demo) by extension 'colcon_meta'
[1.399s] Level 1:colcon.colcon_core.package_identification:_identify(src/serial_motor_demo) by extensions ['ros']
[1.399s] Level 1:colcon.colcon_core.package_identification:_identify(src/serial_motor_demo) by extension 'ros'
[1.399s] Level 1:colcon.colcon_core.package_identification:_identify(src/serial_motor_demo) by extensions ['cmake', 'python']
[1.399s] Level 1:colcon.colcon_core.package_identification:_identify(src/serial_motor_demo) by extension 'cmake'
[1.399s] Level 1:colcon.colcon_core.package_identification:_identify(src/serial_motor_demo) by extension 'python'
[1.399s] Level 1:colcon.colcon_core.package_identification:_identify(src/serial_motor_demo) by extensions ['python_setup_py']
[1.400s] Level 1:colcon.colcon_core.package_identification:_identify(src/serial_motor_demo) by extension 'python_setup_py'
[1.400s] Level 1:colcon.colcon_core.package_identification:_identify(src/serial_motor_demo/serial_motor_demo) by extensions ['ignore', 'ignore_ament_install']
[1.400s] Level 1:colcon.colcon_core.package_identification:_identify(src/serial_motor_demo/serial_motor_demo) by extension 'ignore'
[1.400s] Level 1:colcon.colcon_core.package_identification:_identify(src/serial_motor_demo/serial_motor_demo) by extension 'ignore_ament_install'
[1.400s] Level 1:colcon.colcon_core.package_identification:_identify(src/serial_motor_demo/serial_motor_demo) by extensions ['colcon_pkg']
[1.400s] Level 1:colcon.colcon_core.package_identification:_identify(src/serial_motor_demo/serial_motor_demo) by extension 'colcon_pkg'
[1.400s] Level 1:colcon.colcon_core.package_identification:_identify(src/serial_motor_demo/serial_motor_demo) by extensions ['colcon_meta']
[1.400s] Level 1:colcon.colcon_core.package_identification:_identify(src/serial_motor_demo/serial_motor_demo) by extension 'colcon_meta'
[1.400s] Level 1:colcon.colcon_core.package_identification:_identify(src/serial_motor_demo/serial_motor_demo) by extensions ['ros']
[1.400s] Level 1:colcon.colcon_core.package_identification:_identify(src/serial_motor_demo/serial_motor_demo) by extension 'ros'
[1.400s] DEBUG:colcon.colcon_core.package_identification:Package 'src/serial_motor_demo/serial_motor_demo' with type 'ros.ament_python' and name 'serial_motor_demo'
[1.400s] Level 1:colcon.colcon_core.package_identification:_identify(src/serial_motor_demo/serial_motor_demo_msgs) by extensions ['ignore', 'ignore_ament_install']
[1.401s] Level 1:colcon.colcon_core.package_identification:_identify(src/serial_motor_demo/serial_motor_demo_msgs) by extension 'ignore'
[1.401s] Level 1:colcon.colcon_core.package_identification:_identify(src/serial_motor_demo/serial_motor_demo_msgs) by extension 'ignore_ament_install'
[1.401s] Level 1:colcon.colcon_core.package_identification:_identify(src/serial_motor_demo/serial_motor_demo_msgs) by extensions ['colcon_pkg']
[1.401s] Level 1:colcon.colcon_core.package_identification:_identify(src/serial_motor_demo/serial_motor_demo_msgs) by extension 'colcon_pkg'
[1.401s] Level 1:colcon.colcon_core.package_identification:_identify(src/serial_motor_demo/serial_motor_demo_msgs) by extensions ['colcon_meta']
[1.401s] Level 1:colcon.colcon_core.package_identification:_identify(src/serial_motor_demo/serial_motor_demo_msgs) by extension 'colcon_meta'
[1.401s] Level 1:colcon.colcon_core.package_identification:_identify(src/serial_motor_demo/serial_motor_demo_msgs) by extensions ['ros']
[1.401s] Level 1:colcon.colcon_core.package_identification:_identify(src/serial_motor_demo/serial_motor_demo_msgs) by extension 'ros'
[1.401s] DEBUG:colcon.colcon_core.package_identification:Package 'src/serial_motor_demo/serial_motor_demo_msgs' with type 'ros.ament_cmake' and name 'serial_motor_demo_msgs'
[1.401s] Level 1:colcon.colcon_core.package_identification:_identify(src/test_node) by extensions ['ignore', 'ignore_ament_install']
[1.401s] Level 1:colcon.colcon_core.package_identification:_identify(src/test_node) by extension 'ignore'
[1.401s] Level 1:colcon.colcon_core.package_identification:_identify(src/test_node) by extension 'ignore_ament_install'
[1.402s] Level 1:colcon.colcon_core.package_identification:_identify(src/test_node) by extensions ['colcon_pkg']
[1.402s] Level 1:colcon.colcon_core.package_identification:_identify(src/test_node) by extension 'colcon_pkg'
[1.402s] Level 1:colcon.colcon_core.package_identification:_identify(src/test_node) by extensions ['colcon_meta']
[1.402s] Level 1:colcon.colcon_core.package_identification:_identify(src/test_node) by extension 'colcon_meta'
[1.402s] Level 1:colcon.colcon_core.package_identification:_identify(src/test_node) by extensions ['ros']
[1.402s] Level 1:colcon.colcon_core.package_identification:_identify(src/test_node) by extension 'ros'
[1.403s] DEBUG:colcon.colcon_core.package_identification:Package 'src/test_node' with type 'ros.ament_python' and name 'test_node'
[1.403s] Level 1:colcon.colcon_core.package_identification:_identify(src/ydlidar_ros2) by extensions ['ignore', 'ignore_ament_install']
[1.403s] Level 1:colcon.colcon_core.package_identification:_identify(src/ydlidar_ros2) by extension 'ignore'
[1.403s] Level 1:colcon.colcon_core.package_identification:_identify(src/ydlidar_ros2) by extension 'ignore_ament_install'
[1.403s] Level 1:colcon.colcon_core.package_identification:_identify(src/ydlidar_ros2) by extensions ['colcon_pkg']
[1.403s] Level 1:colcon.colcon_core.package_identification:_identify(src/ydlidar_ros2) by extension 'colcon_pkg'
[1.403s] Level 1:colcon.colcon_core.package_identification:_identify(src/ydlidar_ros2) by extensions ['colcon_meta']
[1.403s] Level 1:colcon.colcon_core.package_identification:_identify(src/ydlidar_ros2) by extension 'colcon_meta'
[1.403s] Level 1:colcon.colcon_core.package_identification:_identify(src/ydlidar_ros2) by extensions ['ros']
[1.403s] Level 1:colcon.colcon_core.package_identification:_identify(src/ydlidar_ros2) by extension 'ros'
[1.404s] DEBUG:colcon.colcon_core.package_identification:Package 'src/ydlidar_ros2' with type 'ros.ament_cmake' and name 'ydlidar'
[1.404s] Level 1:colcon.colcon_core.package_discovery:discover_packages(recursive) using defaults
[1.404s] Level 1:colcon.colcon_core.package_discovery:discover_packages(ignore) discover
[1.404s] Level 1:colcon.colcon_core.package_discovery:discover_packages(ignore) using defaults
[1.404s] Level 1:colcon.colcon_core.package_discovery:discover_packages(path) discover
[1.404s] Level 1:colcon.colcon_core.package_discovery:discover_packages(path) using defaults
[1.506s] Level 1:colcon.colcon_core.package_discovery:discover_packages(prefix_path) check parameters
[1.506s] Level 1:colcon.colcon_core.package_discovery:discover_packages(prefix_path) discover
[1.553s] DEBUG:colcon.colcon_installed_package_information.package_discovery:Found 324 installed packages in /opt/ros/humble
[1.554s] Level 1:colcon.colcon_core.package_discovery:discover_packages(prefix_path) using defaults
[1.681s] Level 5:colcon.colcon_core.verb:set package 'articubot_one' build argument 'cmake_args' from command line to 'None'
[1.681s] Level 5:colcon.colcon_core.verb:set package 'articubot_one' build argument 'cmake_target' from command line to 'None'
[1.681s] Level 5:colcon.colcon_core.verb:set package 'articubot_one' build argument 'cmake_target_skip_unavailable' from command line to 'False'
[1.681s] Level 5:colcon.colcon_core.verb:set package 'articubot_one' build argument 'cmake_clean_cache' from command line to 'False'
[1.681s] Level 5:colcon.colcon_core.verb:set package 'articubot_one' build argument 'cmake_clean_first' from command line to 'False'
[1.681s] Level 5:colcon.colcon_core.verb:set package 'articubot_one' build argument 'cmake_force_configure' from command line to 'False'
[1.681s] Level 5:colcon.colcon_core.verb:set package 'articubot_one' build argument 'ament_cmake_args' from command line to 'None'
[1.681s] Level 5:colcon.colcon_core.verb:set package 'articubot_one' build argument 'catkin_cmake_args' from command line to 'None'
[1.681s] Level 5:colcon.colcon_core.verb:set package 'articubot_one' build argument 'catkin_skip_building_tests' from command line to 'False'
[1.682s] DEBUG:colcon.colcon_core.verb:Building package 'articubot_one' with the following arguments: {'ament_cmake_args': None, 'build_base': '/home/ons/ros2_ws/build/articubot_one', 'catkin_cmake_args': None, 'catkin_skip_building_tests': False, 'cmake_args': None, 'cmake_clean_cache': False, 'cmake_clean_first': False, 'cmake_force_configure': False, 'cmake_target': None, 'cmake_target_skip_unavailable': False, 'install_base': '/home/ons/ros2_ws/install/articubot_one', 'merge_install': False, 'path': '/home/ons/ros2_ws/src/articubot_one', 'symlink_install': False, 'test_result_base': None}
[1.695s] Level 5:colcon.colcon_core.verb:set package 'diffdrive_arduino' build argument 'cmake_args' from command line to 'None'
[1.695s] Level 5:colcon.colcon_core.verb:set package 'diffdrive_arduino' build argument 'cmake_target' from command line to 'None'
[1.695s] Level 5:colcon.colcon_core.verb:set package 'diffdrive_arduino' build argument 'cmake_target_skip_unavailable' from command line to 'False'
[1.695s] Level 5:colcon.colcon_core.verb:set package 'diffdrive_arduino' build argument 'cmake_clean_cache' from command line to 'False'
[1.695s] Level 5:colcon.colcon_core.verb:set package 'diffdrive_arduino' build argument 'cmake_clean_first' from command line to 'False'
[1.695s] Level 5:colcon.colcon_core.verb:set package 'diffdrive_arduino' build argument 'cmake_force_configure' from command line to 'False'
[1.695s] Level 5:colcon.colcon_core.verb:set package 'diffdrive_arduino' build argument 'ament_cmake_args' from command line to 'None'
[1.695s] Level 5:colcon.colcon_core.verb:set package 'diffdrive_arduino' build argument 'catkin_cmake_args' from command line to 'None'
[1.695s] Level 5:colcon.colcon_core.verb:set package 'diffdrive_arduino' build argument 'catkin_skip_building_tests' from command line to 'False'
[1.695s] DEBUG:colcon.colcon_core.verb:Building package 'diffdrive_arduino' with the following arguments: {'ament_cmake_args': None, 'build_base': '/home/ons/ros2_ws/build/diffdrive_arduino', 'catkin_cmake_args': None, 'catkin_skip_building_tests': False, 'cmake_args': None, 'cmake_clean_cache': False, 'cmake_clean_first': False, 'cmake_force_configure': False, 'cmake_target': None, 'cmake_target_skip_unavailable': False, 'install_base': '/home/ons/ros2_ws/install/diffdrive_arduino', 'merge_install': False, 'path': '/home/ons/ros2_ws/src/diffdrive_arduino', 'symlink_install': False, 'test_result_base': None}
[1.707s] Level 5:colcon.colcon_core.verb:set package 'serial_motor_demo_msgs' build argument 'cmake_args' from command line to 'None'
[1.708s] Level 5:colcon.colcon_core.verb:set package 'serial_motor_demo_msgs' build argument 'cmake_target' from command line to 'None'
[1.708s] Level 5:colcon.colcon_core.verb:set package 'serial_motor_demo_msgs' build argument 'cmake_target_skip_unavailable' from command line to 'False'
[1.708s] Level 5:colcon.colcon_core.verb:set package 'serial_motor_demo_msgs' build argument 'cmake_clean_cache' from command line to 'False'
[1.708s] Level 5:colcon.colcon_core.verb:set package 'serial_motor_demo_msgs' build argument 'cmake_clean_first' from command line to 'False'
[1.708s] Level 5:colcon.colcon_core.verb:set package 'serial_motor_demo_msgs' build argument 'cmake_force_configure' from command line to 'False'
[1.708s] Level 5:colcon.colcon_core.verb:set package 'serial_motor_demo_msgs' build argument 'ament_cmake_args' from command line to 'None'
[1.708s] Level 5:colcon.colcon_core.verb:set package 'serial_motor_demo_msgs' build argument 'catkin_cmake_args' from command line to 'None'
[1.708s] Level 5:colcon.colcon_core.verb:set package 'serial_motor_demo_msgs' build argument 'catkin_skip_building_tests' from command line to 'False'
[1.708s] DEBUG:colcon.colcon_core.verb:Building package 'serial_motor_demo_msgs' with the following arguments: {'ament_cmake_args': None, 'build_base': '/home/ons/ros2_ws/build/serial_motor_demo_msgs', 'catkin_cmake_args': None, 'catkin_skip_building_tests': False, 'cmake_args': None, 'cmake_clean_cache': False, 'cmake_clean_first': False, 'cmake_force_configure': False, 'cmake_target': None, 'cmake_target_skip_unavailable': False, 'install_base': '/home/ons/ros2_ws/install/serial_motor_demo_msgs', 'merge_install': False, 'path': '/home/ons/ros2_ws/src/serial_motor_demo/serial_motor_demo_msgs', 'symlink_install': False, 'test_result_base': None}
[1.720s] Level 5:colcon.colcon_core.verb:set package 'test_node' build argument 'cmake_args' from command line to 'None'
[1.720s] Level 5:colcon.colcon_core.verb:set package 'test_node' build argument 'cmake_target' from command line to 'None'
[1.720s] Level 5:colcon.colcon_core.verb:set package 'test_node' build argument 'cmake_target_skip_unavailable' from command line to 'False'
[1.720s] Level 5:colcon.colcon_core.verb:set package 'test_node' build argument 'cmake_clean_cache' from command line to 'False'
[1.720s] Level 5:colcon.colcon_core.verb:set package 'test_node' build argument 'cmake_clean_first' from command line to 'False'
[1.720s] Level 5:colcon.colcon_core.verb:set package 'test_node' build argument 'cmake_force_configure' from command line to 'False'
[1.720s] Level 5:colcon.colcon_core.verb:set package 'test_node' build argument 'ament_cmake_args' from command line to 'None'
[1.720s] Level 5:colcon.colcon_core.verb:set package 'test_node' build argument 'catkin_cmake_args' from command line to 'None'
[1.720s] Level 5:colcon.colcon_core.verb:set package 'test_node' build argument 'catkin_skip_building_tests' from command line to 'False'
[1.720s] DEBUG:colcon.colcon_core.verb:Building package 'test_node' with the following arguments: {'ament_cmake_args': None, 'build_base': '/home/ons/ros2_ws/build/test_node', 'catkin_cmake_args': None, 'catkin_skip_building_tests': False, 'cmake_args': None, 'cmake_clean_cache': False, 'cmake_clean_first': False, 'cmake_force_configure': False, 'cmake_target': None, 'cmake_target_skip_unavailable': False, 'install_base': '/home/ons/ros2_ws/install/test_node', 'merge_install': False, 'path': '/home/ons/ros2_ws/src/test_node', 'symlink_install': False, 'test_result_base': None}
[1.733s] Level 5:colcon.colcon_core.verb:set package 'ydlidar' build argument 'cmake_args' from command line to 'None'
[1.733s] Level 5:colcon.colcon_core.verb:set package 'ydlidar' build argument 'cmake_target' from command line to 'None'
[1.733s] Level 5:colcon.colcon_core.verb:set package 'ydlidar' build argument 'cmake_target_skip_unavailable' from command line to 'False'
[1.733s] Level 5:colcon.colcon_core.verb:set package 'ydlidar' build argument 'cmake_clean_cache' from command line to 'False'
[1.733s] Level 5:colcon.colcon_core.verb:set package 'ydlidar' build argument 'cmake_clean_first' from command line to 'False'
[1.733s] Level 5:colcon.colcon_core.verb:set package 'ydlidar' build argument 'cmake_force_configure' from command line to 'False'
[1.733s] Level 5:colcon.colcon_core.verb:set package 'ydlidar' build argument 'ament_cmake_args' from command line to 'None'
[1.733s] Level 5:colcon.colcon_core.verb:set package 'ydlidar' build argument 'catkin_cmake_args' from command line to 'None'
[1.733s] Level 5:colcon.colcon_core.verb:set package 'ydlidar' build argument 'catkin_skip_building_tests' from command line to 'False'
[1.733s] DEBUG:colcon.colcon_core.verb:Building package 'ydlidar' with the following arguments: {'ament_cmake_args': None, 'build_base': '/home/ons/ros2_ws/build/ydlidar', 'catkin_cmake_args': None, 'catkin_skip_building_tests': False, 'cmake_args': None, 'cmake_clean_cache': False, 'cmake_clean_first': False, 'cmake_force_configure': False, 'cmake_target': None, 'cmake_target_skip_unavailable': False, 'install_base': '/home/ons/ros2_ws/install/ydlidar', 'merge_install': False, 'path': '/home/ons/ros2_ws/src/ydlidar_ros2', 'symlink_install': False, 'test_result_base': None}
[1.747s] Level 5:colcon.colcon_core.verb:set package 'serial_motor_demo' build argument 'cmake_args' from command line to 'None'
[1.747s] Level 5:colcon.colcon_core.verb:set package 'serial_motor_demo' build argument 'cmake_target' from command line to 'None'
[1.747s] Level 5:colcon.colcon_core.verb:set package 'serial_motor_demo' build argument 'cmake_target_skip_unavailable' from command line to 'False'
[1.747s] Level 5:colcon.colcon_core.verb:set package 'serial_motor_demo' build argument 'cmake_clean_cache' from command line to 'False'
[1.747s] Level 5:colcon.colcon_core.verb:set package 'serial_motor_demo' build argument 'cmake_clean_first' from command line to 'False'
[1.747s] Level 5:colcon.colcon_core.verb:set package 'serial_motor_demo' build argument 'cmake_force_configure' from command line to 'False'
[1.747s] Level 5:colcon.colcon_core.verb:set package 'serial_motor_demo' build argument 'ament_cmake_args' from command line to 'None'
[1.747s] Level 5:colcon.colcon_core.verb:set package 'serial_motor_demo' build argument 'catkin_cmake_args' from command line to 'None'
[1.747s] Level 5:colcon.colcon_core.verb:set package 'serial_motor_demo' build argument 'catkin_skip_building_tests' from command line to 'False'
[1.747s] DEBUG:colcon.colcon_core.verb:Building package 'serial_motor_demo' with the following arguments: {'ament_cmake_args': None, 'build_base': '/home/ons/ros2_ws/build/serial_motor_demo', 'catkin_cmake_args': None, 'catkin_skip_building_tests': False, 'cmake_args': None, 'cmake_clean_cache': False, 'cmake_clean_first': False, 'cmake_force_configure': False, 'cmake_target': None, 'cmake_target_skip_unavailable': False, 'install_base': '/home/ons/ros2_ws/install/serial_motor_demo', 'merge_install': False, 'path': '/home/ons/ros2_ws/src/serial_motor_demo/serial_motor_demo', 'symlink_install': False, 'test_result_base': None}
[1.760s] INFO:colcon.colcon_core.executor:Executing jobs using 'parallel' executor
[1.773s] DEBUG:colcon.colcon_parallel_executor.executor.parallel:run_until_complete
[1.774s] INFO:colcon.colcon_ros.task.ament_cmake.build:Building ROS package in '/home/ons/ros2_ws/src/serial_motor_demo/serial_motor_demo_msgs' with build type 'ament_cmake'
[1.774s] INFO:colcon.colcon_cmake.task.cmake.build:Building CMake package in '/home/ons/ros2_ws/src/serial_motor_demo/serial_motor_demo_msgs'
[1.795s] INFO:colcon.colcon_core.plugin_system:Skipping extension 'colcon_core.shell.bat': Not used on non-Windows systems
[1.795s] INFO:colcon.colcon_core.shell:Skip shell extension 'powershell' for command environment: Not usable outside of PowerShell
[1.795s] DEBUG:colcon.colcon_core.shell:Skip shell extension 'dsv' for command environment
[1.839s] INFO:colcon.colcon_ros.task.ament_cmake.build:Building ROS package in '/home/ons/ros2_ws/src/articubot_one' with build type 'ament_cmake'
[1.839s] INFO:colcon.colcon_cmake.task.cmake.build:Building CMake package in '/home/ons/ros2_ws/src/articubot_one'
[1.854s] INFO:colcon.colcon_core.shell:Skip shell extension 'powershell' for command environment: Not usable outside of PowerShell
[1.854s] DEBUG:colcon.colcon_core.shell:Skip shell extension 'dsv' for command environment
[1.890s] INFO:colcon.colcon_ros.task.ament_cmake.build:Building ROS package in '/home/ons/ros2_ws/src/diffdrive_arduino' with build type 'ament_cmake'
[1.891s] INFO:colcon.colcon_cmake.task.cmake.build:Building CMake package in '/home/ons/ros2_ws/src/diffdrive_arduino'
[1.909s] INFO:colcon.colcon_core.shell:Skip shell extension 'powershell' for command environment: Not usable outside of PowerShell
[1.909s] DEBUG:colcon.colcon_core.shell:Skip shell extension 'dsv' for command environment
[1.939s] INFO:colcon.colcon_ros.task.ament_python.build:Building ROS package in '/home/ons/ros2_ws/src/test_node' with build type 'ament_python'
[1.939s] Level 1:colcon.colcon_core.shell:create_environment_hook('test_node', 'ament_prefix_path')
[1.953s] INFO:colcon.colcon_core.shell:Creating environment hook '/home/ons/ros2_ws/install/test_node/share/test_node/hook/ament_prefix_path.ps1'
[1.955s] INFO:colcon.colcon_core.shell:Creating environment descriptor '/home/ons/ros2_ws/install/test_node/share/test_node/hook/ament_prefix_path.dsv'
[1.955s] INFO:colcon.colcon_core.shell:Creating environment hook '/home/ons/ros2_ws/install/test_node/share/test_node/hook/ament_prefix_path.sh'
[1.972s] INFO:colcon.colcon_core.shell:Skip shell extension 'powershell' for command environment: Not usable outside of PowerShell
[1.972s] DEBUG:colcon.colcon_core.shell:Skip shell extension 'dsv' for command environment
[2.007s] DEBUG:colcon.colcon_core.event_handler.log_command:Invoking command in '/home/ons/ros2_ws/build/serial_motor_demo_msgs': CMAKE_PREFIX_PATH=/opt/ros/humble /usr/bin/cmake --build /home/ons/ros2_ws/build/serial_motor_demo_msgs -- -j4 -l4
[2.011s] DEBUG:colcon.colcon_core.event_handler.log_command:Invoking command in '/home/ons/ros2_ws/build/articubot_one': CMAKE_PREFIX_PATH=/opt/ros/humble /usr/bin/cmake --build /home/ons/ros2_ws/build/articubot_one -- -j4 -l4
[2.018s] DEBUG:colcon.colcon_core.event_handler.log_command:Invoking command in '/home/ons/ros2_ws/build/diffdrive_arduino': CMAKE_PREFIX_PATH=/opt/ros/humble /usr/bin/cmake /home/ons/ros2_ws/src/diffdrive_arduino -DCMAKE_INSTALL_PREFIX=/home/ons/ros2_ws/install/diffdrive_arduino
[2.596s] INFO:colcon.colcon_core.task.python.build:Building Python package in '/home/ons/ros2_ws/src/test_node'
[2.637s] INFO:colcon.colcon_core.shell:Skip shell extension 'powershell' for command environment: Not usable outside of PowerShell
[2.638s] DEBUG:colcon.colcon_core.shell:Skip shell extension 'dsv' for command environment
[2.729s] DEBUG:colcon.colcon_core.event_handler.log_command:Invoked command in '/home/ons/ros2_ws/build/articubot_one' returned '0': CMAKE_PREFIX_PATH=/opt/ros/humble /usr/bin/cmake --build /home/ons/ros2_ws/build/articubot_one -- -j4 -l4
[2.899s] DEBUG:colcon.colcon_core.event_handler.log_command:Invoking command in '/home/ons/ros2_ws/build/articubot_one': CMAKE_PREFIX_PATH=/opt/ros/humble /usr/bin/cmake --install /home/ons/ros2_ws/build/articubot_one
[2.965s] Level 1:colcon.colcon_core.environment:create_environment_scripts_only(articubot_one)
[2.970s] DEBUG:colcon.colcon_core.event_handler.log_command:Invoked command in '/home/ons/ros2_ws/build/articubot_one' returned '0': CMAKE_PREFIX_PATH=/opt/ros/humble /usr/bin/cmake --install /home/ons/ros2_ws/build/articubot_one
[3.020s] Level 1:colcon.colcon_core.environment:checking '/home/ons/ros2_ws/install/articubot_one' for CMake module files
[3.020s] Level 1:colcon.colcon_core.environment:checking '/home/ons/ros2_ws/install/articubot_one' for CMake config files
[3.022s] Level 1:colcon.colcon_core.shell:create_environment_hook('articubot_one', 'cmake_prefix_path')
[3.054s] INFO:colcon.colcon_core.shell:Creating environment hook '/home/ons/ros2_ws/install/articubot_one/share/articubot_one/hook/cmake_prefix_path.ps1'
[3.055s] INFO:colcon.colcon_core.shell:Creating environment descriptor '/home/ons/ros2_ws/install/articubot_one/share/articubot_one/hook/cmake_prefix_path.dsv'
[3.056s] INFO:colcon.colcon_core.shell:Creating environment hook '/home/ons/ros2_ws/install/articubot_one/share/articubot_one/hook/cmake_prefix_path.sh'
[3.057s] Level 1:colcon.colcon_core.environment:checking '/home/ons/ros2_ws/install/articubot_one/bin'
[3.057s] Level 1:colcon.colcon_core.environment:checking '/home/ons/ros2_ws/install/articubot_one/lib/pkgconfig/articubot_one.pc'
[3.057s] Level 1:colcon.colcon_core.environment:checking '/home/ons/ros2_ws/install/articubot_one/lib/python3.10/site-packages'
[3.058s] Level 1:colcon.colcon_core.environment:checking '/home/ons/ros2_ws/install/articubot_one/bin'
[3.087s] INFO:colcon.colcon_core.shell:Creating package script '/home/ons/ros2_ws/install/articubot_one/share/articubot_one/package.ps1'
[3.088s] INFO:colcon.colcon_core.shell:Creating package descriptor '/home/ons/ros2_ws/install/articubot_one/share/articubot_one/package.dsv'
[3.089s] INFO:colcon.colcon_core.shell:Creating package script '/home/ons/ros2_ws/install/articubot_one/share/articubot_one/package.sh'
[3.090s] INFO:colcon.colcon_core.shell:Creating package script '/home/ons/ros2_ws/install/articubot_one/share/articubot_one/package.bash'
[3.091s] INFO:colcon.colcon_core.shell:Creating package script '/home/ons/ros2_ws/install/articubot_one/share/articubot_one/package.zsh'
[3.095s] Level 1:colcon.colcon_core.environment:create_file_with_runtime_dependencies(/home/ons/ros2_ws/install/articubot_one/share/colcon-core/packages/articubot_one)
[3.170s] Level 1:colcon.colcon_core.environment:create_environment_scripts_only(articubot_one)
[3.198s] Level 1:colcon.colcon_core.environment:checking '/home/ons/ros2_ws/install/articubot_one' for CMake module files
[3.198s] Level 1:colcon.colcon_core.environment:checking '/home/ons/ros2_ws/install/articubot_one' for CMake config files
[3.199s] Level 1:colcon.colcon_core.shell:create_environment_hook('articubot_one', 'cmake_prefix_path')
[3.225s] INFO:colcon.colcon_core.shell:Creating environment hook '/home/ons/ros2_ws/install/articubot_one/share/articubot_one/hook/cmake_prefix_path.ps1'
[3.226s] INFO:colcon.colcon_core.shell:Creating environment descriptor '/home/ons/ros2_ws/install/articubot_one/share/articubot_one/hook/cmake_prefix_path.dsv'
[3.227s] INFO:colcon.colcon_core.shell:Creating environment hook '/home/ons/ros2_ws/install/articubot_one/share/articubot_one/hook/cmake_prefix_path.sh'
[3.227s] Level 1:colcon.colcon_core.environment:checking '/home/ons/ros2_ws/install/articubot_one/bin'
[3.227s] Level 1:colcon.colcon_core.environment:checking '/home/ons/ros2_ws/install/articubot_one/lib/pkgconfig/articubot_one.pc'
[3.228s] Level 1:colcon.colcon_core.environment:checking '/home/ons/ros2_ws/install/articubot_one/lib/python3.10/site-packages'
[3.228s] Level 1:colcon.colcon_core.environment:checking '/home/ons/ros2_ws/install/articubot_one/bin'
[3.249s] INFO:colcon.colcon_core.shell:Creating package script '/home/ons/ros2_ws/install/articubot_one/share/articubot_one/package.ps1'
[3.250s] INFO:colcon.colcon_core.shell:Creating package descriptor '/home/ons/ros2_ws/install/articubot_one/share/articubot_one/package.dsv'
[3.251s] INFO:colcon.colcon_core.shell:Creating package script '/home/ons/ros2_ws/install/articubot_one/share/articubot_one/package.sh'
[3.252s] INFO:colcon.colcon_core.shell:Creating package script '/home/ons/ros2_ws/install/articubot_one/share/articubot_one/package.bash'
[3.252s] INFO:colcon.colcon_core.shell:Creating package script '/home/ons/ros2_ws/install/articubot_one/share/articubot_one/package.zsh'
[3.253s] Level 1:colcon.colcon_core.environment:create_file_with_runtime_dependencies(/home/ons/ros2_ws/install/articubot_one/share/colcon-core/packages/articubot_one)
[3.254s] INFO:colcon.colcon_ros.task.ament_cmake.build:Building ROS package in '/home/ons/ros2_ws/src/ydlidar_ros2' with build type 'ament_cmake'
[3.254s] INFO:colcon.colcon_cmake.task.cmake.build:Building CMake package in '/home/ons/ros2_ws/src/ydlidar_ros2'
[3.287s] INFO:colcon.colcon_core.shell:Skip shell extension 'powershell' for command environment: Not usable outside of PowerShell
[3.288s] DEBUG:colcon.colcon_core.shell:Skip shell extension 'dsv' for command environment
[3.344s] DEBUG:colcon.colcon_core.event_handler.log_command:Invoking command in '/home/ons/ros2_ws/build/ydlidar': CMAKE_PREFIX_PATH=/opt/ros/humble /usr/bin/cmake --build /home/ons/ros2_ws/build/ydlidar -- -j4 -l4
[3.625s] DEBUG:colcon.colcon_core.event_handler.log_command:Invoking command in '/home/ons/ros2_ws/src/test_node': PYTHONPATH=/home/ons/ros2_ws/build/test_node/prefix_override:/home/ons/ros2_ws/install/test_node/lib/python3.10/site-packages:${PYTHONPATH} /usr/bin/python3 setup.py egg_info --egg-base ../../build/test_node build --build-base /home/ons/ros2_ws/build/test_node/build install --record /home/ons/ros2_ws/build/test_node/install.log --single-version-externally-managed
[4.296s] DEBUG:colcon.colcon_core.event_handler.log_command:Invoked command in '/home/ons/ros2_ws/src/test_node' returned '0': PYTHONPATH=/home/ons/ros2_ws/build/test_node/prefix_override:/home/ons/ros2_ws/install/test_node/lib/python3.10/site-packages:${PYTHONPATH} /usr/bin/python3 setup.py egg_info --egg-base ../../build/test_node build --build-base /home/ons/ros2_ws/build/test_node/build install --record /home/ons/ros2_ws/build/test_node/install.log --single-version-externally-managed
[4.343s] Level 1:colcon.colcon_core.environment:checking '/home/ons/ros2_ws/install/test_node' for CMake module files
[4.343s] Level 1:colcon.colcon_core.environment:checking '/home/ons/ros2_ws/install/test_node' for CMake config files
[4.347s] Level 1:colcon.colcon_core.environment:checking '/home/ons/ros2_ws/install/test_node/lib'
[4.348s] Level 1:colcon.colcon_core.environment:checking '/home/ons/ros2_ws/install/test_node/bin'
[4.348s] Level 1:colcon.colcon_core.environment:checking '/home/ons/ros2_ws/install/test_node/lib/pkgconfig/test_node.pc'
[4.348s] Level 1:colcon.colcon_core.environment:checking '/home/ons/ros2_ws/install/test_node/lib/python3.10/site-packages'
[4.348s] Level 1:colcon.colcon_core.shell:create_environment_hook('test_node', 'pythonpath')
[4.374s] INFO:colcon.colcon_core.shell:Creating environment hook '/home/ons/ros2_ws/install/test_node/share/test_node/hook/pythonpath.ps1'
[4.375s] INFO:colcon.colcon_core.shell:Creating environment descriptor '/home/ons/ros2_ws/install/test_node/share/test_node/hook/pythonpath.dsv'
[4.376s] INFO:colcon.colcon_core.shell:Creating environment hook '/home/ons/ros2_ws/install/test_node/share/test_node/hook/pythonpath.sh'
[4.376s] Level 1:colcon.colcon_core.environment:checking '/home/ons/ros2_ws/install/test_node/bin'
[4.377s] Level 1:colcon.colcon_core.environment:create_environment_scripts_only(test_node)
[4.409s] INFO:colcon.colcon_core.shell:Creating package script '/home/ons/ros2_ws/install/test_node/share/test_node/package.ps1'
[4.411s] INFO:colcon.colcon_core.shell:Creating package descriptor '/home/ons/ros2_ws/install/test_node/share/test_node/package.dsv'
[4.411s] INFO:colcon.colcon_core.shell:Creating package script '/home/ons/ros2_ws/install/test_node/share/test_node/package.sh'
[4.412s] INFO:colcon.colcon_core.shell:Creating package script '/home/ons/ros2_ws/install/test_node/share/test_node/package.bash'
[4.413s] INFO:colcon.colcon_core.shell:Creating package script '/home/ons/ros2_ws/install/test_node/share/test_node/package.zsh'
[4.413s] Level 1:colcon.colcon_core.environment:create_file_with_runtime_dependencies(/home/ons/ros2_ws/install/test_node/share/colcon-core/packages/test_node)
[5.150s] DEBUG:colcon.colcon_core.event_handler.log_command:Invoked command in '/home/ons/ros2_ws/build/serial_motor_demo_msgs' returned '0': CMAKE_PREFIX_PATH=/opt/ros/humble /usr/bin/cmake --build /home/ons/ros2_ws/build/serial_motor_demo_msgs -- -j4 -l4
[5.240s] DEBUG:colcon.colcon_core.event_handler.log_command:Invoked command in '/home/ons/ros2_ws/build/diffdrive_arduino' returned '0': CMAKE_PREFIX_PATH=/opt/ros/humble /usr/bin/cmake /home/ons/ros2_ws/src/diffdrive_arduino -DCMAKE_INSTALL_PREFIX=/home/ons/ros2_ws/install/diffdrive_arduino
[5.240s] DEBUG:colcon.colcon_core.event_handler.log_command:Invoking command in '/home/ons/ros2_ws/build/diffdrive_arduino': CMAKE_PREFIX_PATH=/opt/ros/humble /usr/bin/cmake --build /home/ons/ros2_ws/build/diffdrive_arduino -- -j4 -l4
[5.498s] DEBUG:colcon.colcon_core.event_handler.log_command:Invoking command in '/home/ons/ros2_ws/build/serial_motor_demo_msgs': CMAKE_PREFIX_PATH=/opt/ros/humble /usr/bin/cmake --install /home/ons/ros2_ws/build/serial_motor_demo_msgs
[5.818s] Level 1:colcon.colcon_core.environment:create_environment_scripts_only(serial_motor_demo_msgs)
[5.829s] DEBUG:colcon.colcon_core.event_handler.log_command:Invoked command in '/home/ons/ros2_ws/build/serial_motor_demo_msgs' returned '0': CMAKE_PREFIX_PATH=/opt/ros/humble /usr/bin/cmake --install /home/ons/ros2_ws/build/serial_motor_demo_msgs
[5.895s] Level 1:colcon.colcon_core.environment:checking '/home/ons/ros2_ws/install/serial_motor_demo_msgs' for CMake module files
[5.896s] Level 1:colcon.colcon_core.environment:checking '/home/ons/ros2_ws/install/serial_motor_demo_msgs' for CMake config files
[5.900s] Level 1:colcon.colcon_core.shell:create_environment_hook('serial_motor_demo_msgs', 'cmake_prefix_path')
[5.968s] INFO:colcon.colcon_core.shell:Creating environment hook '/home/ons/ros2_ws/install/serial_motor_demo_msgs/share/serial_motor_demo_msgs/hook/cmake_prefix_path.ps1'
[5.969s] INFO:colcon.colcon_core.shell:Creating environment descriptor '/home/ons/ros2_ws/install/serial_motor_demo_msgs/share/serial_motor_demo_msgs/hook/cmake_prefix_path.dsv'
[5.971s] INFO:colcon.colcon_core.shell:Creating environment hook '/home/ons/ros2_ws/install/serial_motor_demo_msgs/share/serial_motor_demo_msgs/hook/cmake_prefix_path.sh'
[5.973s] Level 1:colcon.colcon_core.environment:checking '/home/ons/ros2_ws/install/serial_motor_demo_msgs/lib'
[5.973s] Level 1:colcon.colcon_core.shell:create_environment_hook('serial_motor_demo_msgs', 'ld_library_path_lib')
[6.056s] INFO:colcon.colcon_core.shell:Creating environment hook '/home/ons/ros2_ws/install/serial_motor_demo_msgs/share/serial_motor_demo_msgs/hook/ld_library_path_lib.ps1'
[6.074s] INFO:colcon.colcon_core.shell:Creating environment descriptor '/home/ons/ros2_ws/install/serial_motor_demo_msgs/share/serial_motor_demo_msgs/hook/ld_library_path_lib.dsv'
[6.080s] INFO:colcon.colcon_core.shell:Creating environment hook '/home/ons/ros2_ws/install/serial_motor_demo_msgs/share/serial_motor_demo_msgs/hook/ld_library_path_lib.sh'
[6.082s] Level 1:colcon.colcon_core.environment:checking '/home/ons/ros2_ws/install/serial_motor_demo_msgs/bin'
[6.082s] Level 1:colcon.colcon_core.environment:checking '/home/ons/ros2_ws/install/serial_motor_demo_msgs/lib/pkgconfig/serial_motor_demo_msgs.pc'
[6.083s] Level 1:colcon.colcon_core.environment:checking '/home/ons/ros2_ws/install/serial_motor_demo_msgs/lib/python3.10/site-packages'
[6.083s] Level 1:colcon.colcon_core.environment:checking '/home/ons/ros2_ws/install/serial_motor_demo_msgs/bin'
[6.185s] INFO:colcon.colcon_core.shell:Creating package script '/home/ons/ros2_ws/install/serial_motor_demo_msgs/share/serial_motor_demo_msgs/package.ps1'
[6.202s] INFO:colcon.colcon_core.shell:Creating package descriptor '/home/ons/ros2_ws/install/serial_motor_demo_msgs/share/serial_motor_demo_msgs/package.dsv'
[6.212s] INFO:colcon.colcon_core.shell:Creating package script '/home/ons/ros2_ws/install/serial_motor_demo_msgs/share/serial_motor_demo_msgs/package.sh'
[6.222s] INFO:colcon.colcon_core.shell:Creating package script '/home/ons/ros2_ws/install/serial_motor_demo_msgs/share/serial_motor_demo_msgs/package.bash'
[6.225s] INFO:colcon.colcon_core.shell:Creating package script '/home/ons/ros2_ws/install/serial_motor_demo_msgs/share/serial_motor_demo_msgs/package.zsh'
[6.236s] Level 1:colcon.colcon_core.environment:create_file_with_runtime_dependencies(/home/ons/ros2_ws/install/serial_motor_demo_msgs/share/colcon-core/packages/serial_motor_demo_msgs)
[8.639s] Level 1:colcon.colcon_core.environment:create_environment_scripts_only(serial_motor_demo_msgs)
[8.709s] Level 1:colcon.colcon_core.environment:checking '/home/ons/ros2_ws/install/serial_motor_demo_msgs' for CMake module files
[8.715s] Level 1:colcon.colcon_core.environment:checking '/home/ons/ros2_ws/install/serial_motor_demo_msgs' for CMake config files
[8.727s] Level 1:colcon.colcon_core.shell:create_environment_hook('serial_motor_demo_msgs', 'cmake_prefix_path')
[8.782s] INFO:colcon.colcon_core.shell:Creating environment hook '/home/ons/ros2_ws/install/serial_motor_demo_msgs/share/serial_motor_demo_msgs/hook/cmake_prefix_path.ps1'
[8.786s] INFO:colcon.colcon_core.shell:Creating environment descriptor '/home/ons/ros2_ws/install/serial_motor_demo_msgs/share/serial_motor_demo_msgs/hook/cmake_prefix_path.dsv'
[8.790s] INFO:colcon.colcon_core.shell:Creating environment hook '/home/ons/ros2_ws/install/serial_motor_demo_msgs/share/serial_motor_demo_msgs/hook/cmake_prefix_path.sh'
[8.794s] Level 1:colcon.colcon_core.environment:checking '/home/ons/ros2_ws/install/serial_motor_demo_msgs/lib'
[8.795s] Level 1:colcon.colcon_core.shell:create_environment_hook('serial_motor_demo_msgs', 'ld_library_path_lib')
[8.854s] INFO:colcon.colcon_core.shell:Creating environment hook '/home/ons/ros2_ws/install/serial_motor_demo_msgs/share/serial_motor_demo_msgs/hook/ld_library_path_lib.ps1'
[8.860s] INFO:colcon.colcon_core.shell:Creating environment descriptor '/home/ons/ros2_ws/install/serial_motor_demo_msgs/share/serial_motor_demo_msgs/hook/ld_library_path_lib.dsv'
[8.868s] INFO:colcon.colcon_core.shell:Creating environment hook '/home/ons/ros2_ws/install/serial_motor_demo_msgs/share/serial_motor_demo_msgs/hook/ld_library_path_lib.sh'
[8.870s] Level 1:colcon.colcon_core.environment:checking '/home/ons/ros2_ws/install/serial_motor_demo_msgs/bin'
[8.870s] Level 1:colcon.colcon_core.environment:checking '/home/ons/ros2_ws/install/serial_motor_demo_msgs/lib/pkgconfig/serial_motor_demo_msgs.pc'
[8.874s] Level 1:colcon.colcon_core.environment:checking '/home/ons/ros2_ws/install/serial_motor_demo_msgs/lib/python3.10/site-packages'
[8.875s] Level 1:colcon.colcon_core.environment:checking '/home/ons/ros2_ws/install/serial_motor_demo_msgs/bin'
[8.937s] INFO:colcon.colcon_core.shell:Creating package script '/home/ons/ros2_ws/install/serial_motor_demo_msgs/share/serial_motor_demo_msgs/package.ps1'
[8.939s] INFO:colcon.colcon_core.shell:Creating package descriptor '/home/ons/ros2_ws/install/serial_motor_demo_msgs/share/serial_motor_demo_msgs/package.dsv'
[8.947s] INFO:colcon.colcon_core.shell:Creating package script '/home/ons/ros2_ws/install/serial_motor_demo_msgs/share/serial_motor_demo_msgs/package.sh'
[8.948s] INFO:colcon.colcon_core.shell:Creating package script '/home/ons/ros2_ws/install/serial_motor_demo_msgs/share/serial_motor_demo_msgs/package.bash'
[8.950s] INFO:colcon.colcon_core.shell:Creating package script '/home/ons/ros2_ws/install/serial_motor_demo_msgs/share/serial_motor_demo_msgs/package.zsh'
[8.952s] Level 1:colcon.colcon_core.environment:create_file_with_runtime_dependencies(/home/ons/ros2_ws/install/serial_motor_demo_msgs/share/colcon-core/packages/serial_motor_demo_msgs)
[8.959s] INFO:colcon.colcon_ros.task.ament_python.build:Building ROS package in '/home/ons/ros2_ws/src/serial_motor_demo/serial_motor_demo' with build type 'ament_python'
[8.960s] Level 1:colcon.colcon_core.shell:create_environment_hook('serial_motor_demo', 'ament_prefix_path')
[9.036s] INFO:colcon.colcon_core.shell:Creating environment hook '/home/ons/ros2_ws/install/serial_motor_demo/share/serial_motor_demo/hook/ament_prefix_path.ps1'
[9.052s] INFO:colcon.colcon_core.shell:Creating environment descriptor '/home/ons/ros2_ws/install/serial_motor_demo/share/serial_motor_demo/hook/ament_prefix_path.dsv'
[9.053s] INFO:colcon.colcon_core.shell:Creating environment hook '/home/ons/ros2_ws/install/serial_motor_demo/share/serial_motor_demo/hook/ament_prefix_path.sh'
[9.164s] INFO:colcon.colcon_core.shell:Skip shell extension 'powershell' for command environment: Not usable outside of PowerShell
[9.164s] DEBUG:colcon.colcon_core.shell:Skip shell extension 'dsv' for command environment
[11.173s] INFO:colcon.colcon_core.task.python.build:Building Python package in '/home/ons/ros2_ws/src/serial_motor_demo/serial_motor_demo'
[11.325s] INFO:colcon.colcon_core.shell:Skip shell extension 'powershell' for command environment: Not usable outside of PowerShell
[11.325s] DEBUG:colcon.colcon_core.shell:Skip shell extension 'dsv' for command environment
[13.751s] DEBUG:colcon.colcon_core.event_handler.log_command:Invoking command in '/home/ons/ros2_ws/src/serial_motor_demo/serial_motor_demo': AMENT_PREFIX_PATH=/home/ons/ros2_ws/install/serial_motor_demo_msgs:${AMENT_PREFIX_PATH} CMAKE_PREFIX_PATH=/home/ons/ros2_ws/install/serial_motor_demo_msgs LD_LIBRARY_PATH=/home/ons/ros2_ws/install/serial_motor_demo_msgs/lib:${LD_LIBRARY_PATH} PYTHONPATH=/home/ons/ros2_ws/build/serial_motor_demo/prefix_override:/home/ons/ros2_ws/install/serial_motor_demo/lib/python3.10/site-packages:/home/ons/ros2_ws/install/serial_motor_demo_msgs/local/lib/python3.10/dist-packages:${PYTHONPATH} /usr/bin/python3 setup.py egg_info --egg-base ../../../build/serial_motor_demo build --build-base /home/ons/ros2_ws/build/serial_motor_demo/build install --record /home/ons/ros2_ws/build/serial_motor_demo/install.log --install-scripts $base/lib/serial_motor_demo --single-version-externally-managed
[14.524s] DEBUG:colcon.colcon_core.event_handler.log_command:Invoked command in '/home/ons/ros2_ws/src/serial_motor_demo/serial_motor_demo' returned '0': AMENT_PREFIX_PATH=/home/ons/ros2_ws/install/serial_motor_demo_msgs:${AMENT_PREFIX_PATH} CMAKE_PREFIX_PATH=/home/ons/ros2_ws/install/serial_motor_demo_msgs LD_LIBRARY_PATH=/home/ons/ros2_ws/install/serial_motor_demo_msgs/lib:${LD_LIBRARY_PATH} PYTHONPATH=/home/ons/ros2_ws/build/serial_motor_demo/prefix_override:/home/ons/ros2_ws/install/serial_motor_demo/lib/python3.10/site-packages:/home/ons/ros2_ws/install/serial_motor_demo_msgs/local/lib/python3.10/dist-packages:${PYTHONPATH} /usr/bin/python3 setup.py egg_info --egg-base ../../../build/serial_motor_demo build --build-base /home/ons/ros2_ws/build/serial_motor_demo/build install --record /home/ons/ros2_ws/build/serial_motor_demo/install.log --install-scripts $base/lib/serial_motor_demo --single-version-externally-managed
[14.552s] Level 1:colcon.colcon_core.environment:checking '/home/ons/ros2_ws/install/serial_motor_demo' for CMake module files
[14.553s] Level 1:colcon.colcon_core.environment:checking '/home/ons/ros2_ws/install/serial_motor_demo' for CMake config files
[14.568s] Level 1:colcon.colcon_core.environment:checking '/home/ons/ros2_ws/install/serial_motor_demo/lib'
[14.568s] Level 1:colcon.colcon_core.environment:checking '/home/ons/ros2_ws/install/serial_motor_demo/bin'
[14.569s] Level 1:colcon.colcon_core.environment:checking '/home/ons/ros2_ws/install/serial_motor_demo/lib/pkgconfig/serial_motor_demo.pc'
[14.569s] Level 1:colcon.colcon_core.environment:checking '/home/ons/ros2_ws/install/serial_motor_demo/lib/python3.10/site-packages'
[14.569s] Level 1:colcon.colcon_core.shell:create_environment_hook('serial_motor_demo', 'pythonpath')
[14.612s] INFO:colcon.colcon_core.shell:Creating environment hook '/home/ons/ros2_ws/install/serial_motor_demo/share/serial_motor_demo/hook/pythonpath.ps1'
[14.622s] INFO:colcon.colcon_core.shell:Creating environment descriptor '/home/ons/ros2_ws/install/serial_motor_demo/share/serial_motor_demo/hook/pythonpath.dsv'
[14.630s] INFO:colcon.colcon_core.shell:Creating environment hook '/home/ons/ros2_ws/install/serial_motor_demo/share/serial_motor_demo/hook/pythonpath.sh'
[14.637s] Level 1:colcon.colcon_core.environment:checking '/home/ons/ros2_ws/install/serial_motor_demo/bin'
[14.638s] Level 1:colcon.colcon_core.environment:create_environment_scripts_only(serial_motor_demo)
[14.902s] INFO:colcon.colcon_core.shell:Creating package script '/home/ons/ros2_ws/install/serial_motor_demo/share/serial_motor_demo/package.ps1'
[14.905s] INFO:colcon.colcon_core.shell:Creating package descriptor '/home/ons/ros2_ws/install/serial_motor_demo/share/serial_motor_demo/package.dsv'
[14.920s] INFO:colcon.colcon_core.shell:Creating package script '/home/ons/ros2_ws/install/serial_motor_demo/share/serial_motor_demo/package.sh'
[14.921s] INFO:colcon.colcon_core.shell:Creating package script '/home/ons/ros2_ws/install/serial_motor_demo/share/serial_motor_demo/package.bash'
[14.922s] INFO:colcon.colcon_core.shell:Creating package script '/home/ons/ros2_ws/install/serial_motor_demo/share/serial_motor_demo/package.zsh'
[14.923s] Level 1:colcon.colcon_core.environment:create_file_with_runtime_dependencies(/home/ons/ros2_ws/install/serial_motor_demo/share/colcon-core/packages/serial_motor_demo)
[18.567s] DEBUG:colcon.colcon_core.event_handler.log_command:Invoked command in '/home/ons/ros2_ws/build/diffdrive_arduino' returned '0': CMAKE_PREFIX_PATH=/opt/ros/humble /usr/bin/cmake --build /home/ons/ros2_ws/build/diffdrive_arduino -- -j4 -l4
[18.662s] DEBUG:colcon.colcon_core.event_handler.log_command:Invoking command in '/home/ons/ros2_ws/build/diffdrive_arduino': CMAKE_PREFIX_PATH=/opt/ros/humble /usr/bin/cmake --install /home/ons/ros2_ws/build/diffdrive_arduino
[18.710s] Level 1:colcon.colcon_core.environment:create_environment_scripts_only(diffdrive_arduino)
[18.711s] DEBUG:colcon.colcon_core.event_handler.log_command:Invoked command in '/home/ons/ros2_ws/build/diffdrive_arduino' returned '0': CMAKE_PREFIX_PATH=/opt/ros/humble /usr/bin/cmake --install /home/ons/ros2_ws/build/diffdrive_arduino
[18.835s] Level 1:colcon.colcon_core.environment:checking '/home/ons/ros2_ws/install/diffdrive_arduino' for CMake module files
[18.840s] Level 1:colcon.colcon_core.environment:checking '/home/ons/ros2_ws/install/diffdrive_arduino' for CMake config files
[18.849s] Level 1:colcon.colcon_core.shell:create_environment_hook('diffdrive_arduino', 'cmake_prefix_path')
[18.893s] INFO:colcon.colcon_core.shell:Creating environment hook '/home/ons/ros2_ws/install/diffdrive_arduino/share/diffdrive_arduino/hook/cmake_prefix_path.ps1'
[18.898s] INFO:colcon.colcon_core.shell:Creating environment descriptor '/home/ons/ros2_ws/install/diffdrive_arduino/share/diffdrive_arduino/hook/cmake_prefix_path.dsv'
[18.906s] INFO:colcon.colcon_core.shell:Creating environment hook '/home/ons/ros2_ws/install/diffdrive_arduino/share/diffdrive_arduino/hook/cmake_prefix_path.sh'
[18.912s] Level 1:colcon.colcon_core.environment:checking '/home/ons/ros2_ws/install/diffdrive_arduino/lib'
[18.913s] Level 1:colcon.colcon_core.shell:create_environment_hook('diffdrive_arduino', 'ld_library_path_lib')
[18.947s] INFO:colcon.colcon_core.shell:Creating environment hook '/home/ons/ros2_ws/install/diffdrive_arduino/share/diffdrive_arduino/hook/ld_library_path_lib.ps1'
[18.948s] INFO:colcon.colcon_core.shell:Creating environment descriptor '/home/ons/ros2_ws/install/diffdrive_arduino/share/diffdrive_arduino/hook/ld_library_path_lib.dsv'
[18.949s] INFO:colcon.colcon_core.shell:Creating environment hook '/home/ons/ros2_ws/install/diffdrive_arduino/share/diffdrive_arduino/hook/ld_library_path_lib.sh'
[18.950s] Level 1:colcon.colcon_core.environment:checking '/home/ons/ros2_ws/install/diffdrive_arduino/bin'
[18.950s] Level 1:colcon.colcon_core.environment:checking '/home/ons/ros2_ws/install/diffdrive_arduino/lib/pkgconfig/diffdrive_arduino.pc'
[18.951s] Level 1:colcon.colcon_core.environment:checking '/home/ons/ros2_ws/install/diffdrive_arduino/lib/python3.10/site-packages'
[18.951s] Level 1:colcon.colcon_core.environment:checking '/home/ons/ros2_ws/install/diffdrive_arduino/bin'
[18.980s] INFO:colcon.colcon_core.shell:Creating package script '/home/ons/ros2_ws/install/diffdrive_arduino/share/diffdrive_arduino/package.ps1'
[18.983s] INFO:colcon.colcon_core.shell:Creating package descriptor '/home/ons/ros2_ws/install/diffdrive_arduino/share/diffdrive_arduino/package.dsv'
[18.984s] INFO:colcon.colcon_core.shell:Creating package script '/home/ons/ros2_ws/install/diffdrive_arduino/share/diffdrive_arduino/package.sh'
[18.984s] INFO:colcon.colcon_core.shell:Creating package script '/home/ons/ros2_ws/install/diffdrive_arduino/share/diffdrive_arduino/package.bash'
[18.985s] INFO:colcon.colcon_core.shell:Creating package script '/home/ons/ros2_ws/install/diffdrive_arduino/share/diffdrive_arduino/package.zsh'
[18.986s] Level 1:colcon.colcon_core.environment:create_file_with_runtime_dependencies(/home/ons/ros2_ws/install/diffdrive_arduino/share/colcon-core/packages/diffdrive_arduino)
[19.097s] Level 1:colcon.colcon_core.environment:create_environment_scripts_only(diffdrive_arduino)
[19.124s] Level 1:colcon.colcon_core.environment:checking '/home/ons/ros2_ws/install/diffdrive_arduino' for CMake module files
[19.125s] Level 1:colcon.colcon_core.environment:checking '/home/ons/ros2_ws/install/diffdrive_arduino' for CMake config files
[19.126s] Level 1:colcon.colcon_core.shell:create_environment_hook('diffdrive_arduino', 'cmake_prefix_path')
[19.153s] INFO:colcon.colcon_core.shell:Creating environment hook '/home/ons/ros2_ws/install/diffdrive_arduino/share/diffdrive_arduino/hook/cmake_prefix_path.ps1'
[19.154s] INFO:colcon.colcon_core.shell:Creating environment descriptor '/home/ons/ros2_ws/install/diffdrive_arduino/share/diffdrive_arduino/hook/cmake_prefix_path.dsv'
[19.155s] INFO:colcon.colcon_core.shell:Creating environment hook '/home/ons/ros2_ws/install/diffdrive_arduino/share/diffdrive_arduino/hook/cmake_prefix_path.sh'
[19.158s] Level 1:colcon.colcon_core.environment:checking '/home/ons/ros2_ws/install/diffdrive_arduino/lib'
[19.158s] Level 1:colcon.colcon_core.shell:create_environment_hook('diffdrive_arduino', 'ld_library_path_lib')
[19.172s] INFO:colcon.colcon_core.shell:Creating environment hook '/home/ons/ros2_ws/install/diffdrive_arduino/share/diffdrive_arduino/hook/ld_library_path_lib.ps1'
[19.173s] INFO:colcon.colcon_core.shell:Creating environment descriptor '/home/ons/ros2_ws/install/diffdrive_arduino/share/diffdrive_arduino/hook/ld_library_path_lib.dsv'
[19.173s] INFO:colcon.colcon_core.shell:Creating environment hook '/home/ons/ros2_ws/install/diffdrive_arduino/share/diffdrive_arduino/hook/ld_library_path_lib.sh'
[19.174s] Level 1:colcon.colcon_core.environment:checking '/home/ons/ros2_ws/install/diffdrive_arduino/bin'
[19.174s] Level 1:colcon.colcon_core.environment:checking '/home/ons/ros2_ws/install/diffdrive_arduino/lib/pkgconfig/diffdrive_arduino.pc'
[19.174s] Level 1:colcon.colcon_core.environment:checking '/home/ons/ros2_ws/install/diffdrive_arduino/lib/python3.10/site-packages'
[19.175s] Level 1:colcon.colcon_core.environment:checking '/home/ons/ros2_ws/install/diffdrive_arduino/bin'
[19.190s] INFO:colcon.colcon_core.shell:Creating package script '/home/ons/ros2_ws/install/diffdrive_arduino/share/diffdrive_arduino/package.ps1'
[19.191s] INFO:colcon.colcon_core.shell:Creating package descriptor '/home/ons/ros2_ws/install/diffdrive_arduino/share/diffdrive_arduino/package.dsv'
[19.192s] INFO:colcon.colcon_core.shell:Creating package script '/home/ons/ros2_ws/install/diffdrive_arduino/share/diffdrive_arduino/package.sh'
[19.193s] INFO:colcon.colcon_core.shell:Creating package script '/home/ons/ros2_ws/install/diffdrive_arduino/share/diffdrive_arduino/package.bash'
[19.193s] INFO:colcon.colcon_core.shell:Creating package script '/home/ons/ros2_ws/install/diffdrive_arduino/share/diffdrive_arduino/package.zsh'
[19.194s] Level 1:colcon.colcon_core.environment:create_file_with_runtime_dependencies(/home/ons/ros2_ws/install/diffdrive_arduino/share/colcon-core/packages/diffdrive_arduino)
[24.731s] DEBUG:colcon.colcon_core.event_handler.log_command:Invoked command in '/home/ons/ros2_ws/build/ydlidar' returned '0': CMAKE_PREFIX_PATH=/opt/ros/humble /usr/bin/cmake --build /home/ons/ros2_ws/build/ydlidar -- -j4 -l4
[24.781s] DEBUG:colcon.colcon_core.event_handler.log_command:Invoking command in '/home/ons/ros2_ws/build/ydlidar': CMAKE_PREFIX_PATH=/opt/ros/humble /usr/bin/cmake --install /home/ons/ros2_ws/build/ydlidar
[24.796s] Level 1:colcon.colcon_core.environment:create_environment_scripts_only(ydlidar)
[24.797s] DEBUG:colcon.colcon_core.event_handler.log_command:Invoked command in '/home/ons/ros2_ws/build/ydlidar' returned '0': CMAKE_PREFIX_PATH=/opt/ros/humble /usr/bin/cmake --install /home/ons/ros2_ws/build/ydlidar
[24.819s] Level 1:colcon.colcon_core.environment:checking '/home/ons/ros2_ws/install/ydlidar' for CMake module files
[24.820s] Level 1:colcon.colcon_core.environment:checking '/home/ons/ros2_ws/install/ydlidar' for CMake config files
[24.820s] Level 1:colcon.colcon_core.shell:create_environment_hook('ydlidar', 'cmake_prefix_path')
[24.838s] INFO:colcon.colcon_core.shell:Creating environment hook '/home/ons/ros2_ws/install/ydlidar/share/ydlidar/hook/cmake_prefix_path.ps1'
[24.840s] INFO:colcon.colcon_core.shell:Creating environment descriptor '/home/ons/ros2_ws/install/ydlidar/share/ydlidar/hook/cmake_prefix_path.dsv'
[24.840s] INFO:colcon.colcon_core.shell:Creating environment hook '/home/ons/ros2_ws/install/ydlidar/share/ydlidar/hook/cmake_prefix_path.sh'
[24.841s] Level 1:colcon.colcon_core.environment:checking '/home/ons/ros2_ws/install/ydlidar/lib'
[24.841s] Level 1:colcon.colcon_core.environment:checking '/home/ons/ros2_ws/install/ydlidar/bin'
[24.841s] Level 1:colcon.colcon_core.environment:checking '/home/ons/ros2_ws/install/ydlidar/lib/pkgconfig/ydlidar.pc'
[24.841s] Level 1:colcon.colcon_core.environment:checking '/home/ons/ros2_ws/install/ydlidar/lib/python3.10/site-packages'
[24.841s] Level 1:colcon.colcon_core.environment:checking '/home/ons/ros2_ws/install/ydlidar/bin'
[24.859s] INFO:colcon.colcon_core.shell:Creating package script '/home/ons/ros2_ws/install/ydlidar/share/ydlidar/package.ps1'
[24.860s] INFO:colcon.colcon_core.shell:Creating package descriptor '/home/ons/ros2_ws/install/ydlidar/share/ydlidar/package.dsv'
[24.861s] INFO:colcon.colcon_core.shell:Creating package script '/home/ons/ros2_ws/install/ydlidar/share/ydlidar/package.sh'
[24.862s] INFO:colcon.colcon_core.shell:Creating package script '/home/ons/ros2_ws/install/ydlidar/share/ydlidar/package.bash'
[24.863s] INFO:colcon.colcon_core.shell:Creating package script '/home/ons/ros2_ws/install/ydlidar/share/ydlidar/package.zsh'
[24.863s] Level 1:colcon.colcon_core.environment:create_file_with_runtime_dependencies(/home/ons/ros2_ws/install/ydlidar/share/colcon-core/packages/ydlidar)
[24.925s] Level 1:colcon.colcon_core.environment:create_environment_scripts_only(ydlidar)
[24.943s] Level 1:colcon.colcon_core.environment:checking '/home/ons/ros2_ws/install/ydlidar' for CMake module files
[24.944s] Level 1:colcon.colcon_core.environment:checking '/home/ons/ros2_ws/install/ydlidar' for CMake config files
[24.944s] Level 1:colcon.colcon_core.shell:create_environment_hook('ydlidar', 'cmake_prefix_path')
[24.963s] INFO:colcon.colcon_core.shell:Creating environment hook '/home/ons/ros2_ws/install/ydlidar/share/ydlidar/hook/cmake_prefix_path.ps1'
[24.964s] INFO:colcon.colcon_core.shell:Creating environment descriptor '/home/ons/ros2_ws/install/ydlidar/share/ydlidar/hook/cmake_prefix_path.dsv'
[24.964s] INFO:colcon.colcon_core.shell:Creating environment hook '/home/ons/ros2_ws/install/ydlidar/share/ydlidar/hook/cmake_prefix_path.sh'
[24.965s] Level 1:colcon.colcon_core.environment:checking '/home/ons/ros2_ws/install/ydlidar/lib'
[24.965s] Level 1:colcon.colcon_core.environment:checking '/home/ons/ros2_ws/install/ydlidar/bin'
[24.966s] Level 1:colcon.colcon_core.environment:checking '/home/ons/ros2_ws/install/ydlidar/lib/pkgconfig/ydlidar.pc'
[24.967s] Level 1:colcon.colcon_core.environment:checking '/home/ons/ros2_ws/install/ydlidar/lib/python3.10/site-packages'
[24.968s] Level 1:colcon.colcon_core.environment:checking '/home/ons/ros2_ws/install/ydlidar/bin'
[24.985s] INFO:colcon.colcon_core.shell:Creating package script '/home/ons/ros2_ws/install/ydlidar/share/ydlidar/package.ps1'
[24.985s] INFO:colcon.colcon_core.shell:Creating package descriptor '/home/ons/ros2_ws/install/ydlidar/share/ydlidar/package.dsv'
[24.986s] INFO:colcon.colcon_core.shell:Creating package script '/home/ons/ros2_ws/install/ydlidar/share/ydlidar/package.sh'
[24.986s] INFO:colcon.colcon_core.shell:Creating package script '/home/ons/ros2_ws/install/ydlidar/share/ydlidar/package.bash'
[24.986s] INFO:colcon.colcon_core.shell:Creating package script '/home/ons/ros2_ws/install/ydlidar/share/ydlidar/package.zsh'
[24.987s] Level 1:colcon.colcon_core.environment:create_file_with_runtime_dependencies(/home/ons/ros2_ws/install/ydlidar/share/colcon-core/packages/ydlidar)
[24.987s] DEBUG:colcon.colcon_parallel_executor.executor.parallel:closing loop
[24.988s] DEBUG:colcon.colcon_parallel_executor.executor.parallel:loop closed
[24.988s] DEBUG:colcon.colcon_parallel_executor.executor.parallel:run_until_complete finished with '0'
[24.989s] DEBUG:colcon.colcon_core.event_reactor:joining thread
[25.043s] INFO:colcon.colcon_core.plugin_system:Skipping extension 'colcon_notification.desktop_notification.terminal_notifier': Not used on non-Darwin systems
[25.044s] INFO:colcon.colcon_core.plugin_system:Skipping extension 'colcon_notification.desktop_notification.win32': Not used on non-Windows systems
[25.044s] INFO:colcon.colcon_notification.desktop_notification:Sending desktop notification using 'notify2'
[25.065s] DEBUG:colcon.colcon_core.event_reactor:joined thread
[25.090s] INFO:colcon.colcon_core.shell:Creating prefix script '/home/ons/ros2_ws/install/local_setup.ps1'
[25.092s] INFO:colcon.colcon_core.shell:Creating prefix util module '/home/ons/ros2_ws/install/_local_setup_util_ps1.py'
[25.095s] INFO:colcon.colcon_core.shell:Creating prefix chain script '/home/ons/ros2_ws/install/setup.ps1'
[25.118s] INFO:colcon.colcon_core.shell:Creating prefix script '/home/ons/ros2_ws/install/local_setup.sh'
[25.119s] INFO:colcon.colcon_core.shell:Creating prefix util module '/home/ons/ros2_ws/install/_local_setup_util_sh.py'
[25.120s] INFO:colcon.colcon_core.shell:Creating prefix chain script '/home/ons/ros2_ws/install/setup.sh'
[25.147s] INFO:colcon.colcon_core.shell:Creating prefix script '/home/ons/ros2_ws/install/local_setup.bash'
[25.148s] INFO:colcon.colcon_core.shell:Creating prefix chain script '/home/ons/ros2_ws/install/setup.bash'
[25.176s] INFO:colcon.colcon_core.shell:Creating prefix script '/home/ons/ros2_ws/install/local_setup.zsh'
[25.177s] INFO:colcon.colcon_core.shell:Creating prefix chain script '/home/ons/ros2_ws/install/setup.zsh'
