[0.127s] Invoking command in '/home/ons/ros2_ws/build/diffdrive_arduino': CMAKE_PREFIX_PATH=/opt/ros/humble /usr/bin/cmake /home/ons/ros2_ws/src/diffdrive_arduino -DCMAKE_INSTALL_PREFIX=/home/ons/ros2_ws/install/diffdrive_arduino
[0.146s] -- Found ament_cmake: 1.3.5 (/opt/ros/humble/share/ament_cmake/cmake)
[0.479s] -- Found hardware_interface: 2.32.0 (/opt/ros/humble/share/hardware_interface/cmake)
[0.675s] -- Found rosidl_generator_c: 3.1.5 (/opt/ros/humble/share/rosidl_generator_c/cmake)
[0.694s] -- Found rosidl_adapter: 3.1.5 (/opt/ros/humble/share/rosidl_adapter/cmake)
[0.729s] -- Found rosidl_generator_cpp: 3.1.5 (/opt/ros/humble/share/rosidl_generator_cpp/cmake)
[0.792s] -- Using all available rosidl_typesupport_c: rosidl_typesupport_fastrtps_c;rosidl_typesupport_introspection_c
[0.818s] -- Using all available rosidl_typesupport_cpp: rosidl_typesupport_fastrtps_cpp;rosidl_typesupport_introspection_cpp
[2.353s] -- Found rmw_implementation_cmake: 6.1.1 (/opt/ros/humble/share/rmw_implementation_cmake/cmake)
[2.356s] -- Found rmw_fastrtps_cpp: 6.2.4 (/opt/ros/humble/share/rmw_fastrtps_cpp/cmake)
[2.595s] -- Using RMW implementation 'rmw_fastrtps_cpp' as default
[3.033s] -- Found ament_cmake_gtest: 1.3.5 (/opt/ros/humble/share/ament_cmake_gtest/cmake)
[3.178s] -- Configuring done
[3.318s] -- Generating done
[3.321s] -- Build files have been written to: /home/ons/ros2_ws/build/diffdrive_arduino
[3.349s] Invoked command in '/home/ons/ros2_ws/build/diffdrive_arduino' returned '0': CMAKE_PREFIX_PATH=/opt/ros/humble /usr/bin/cmake /home/ons/ros2_ws/src/diffdrive_arduino -DCMAKE_INSTALL_PREFIX=/home/ons/ros2_ws/install/diffdrive_arduino
[3.350s] Invoking command in '/home/ons/ros2_ws/build/diffdrive_arduino': CMAKE_PREFIX_PATH=/opt/ros/humble /usr/bin/cmake --build /home/ons/ros2_ws/build/diffdrive_arduino -- -j4 -l4
[3.471s] [ 50%] [32mBuilding CXX object CMakeFiles/diffdrive_arduino.dir/hardware/diffbot_system.cpp.o[0m
[15.511s] [100%] [32m[1mLinking CXX shared library libdiffdrive_arduino.so[0m
[16.623s] [100%] Built target diffdrive_arduino
[16.676s] Invoked command in '/home/ons/ros2_ws/build/diffdrive_arduino' returned '0': CMAKE_PREFIX_PATH=/opt/ros/humble /usr/bin/cmake --build /home/ons/ros2_ws/build/diffdrive_arduino -- -j4 -l4
[16.771s] Invoking command in '/home/ons/ros2_ws/build/diffdrive_arduino': CMAKE_PREFIX_PATH=/opt/ros/humble /usr/bin/cmake --install /home/ons/ros2_ws/build/diffdrive_arduino
[16.786s] -- Install configuration: ""
[16.787s] -- Up-to-date: /home/ons/ros2_ws/install/diffdrive_arduino/include/diffdrive_arduino
[16.788s] -- Up-to-date: /home/ons/ros2_ws/install/diffdrive_arduino/include/diffdrive_arduino/diffdrive_arduino
[16.790s] -- Up-to-date: /home/ons/ros2_ws/install/diffdrive_arduino/share/diffdrive_arduino/launch
[16.791s] -- Up-to-date: /home/ons/ros2_ws/install/diffdrive_arduino/share/diffdrive_arduino/ros2_control
[16.792s] -- Up-to-date: /home/ons/ros2_ws/install/diffdrive_arduino/share/diffdrive_arduino/urdf
[16.793s] -- Up-to-date: /home/ons/ros2_ws/install/diffdrive_arduino/share/diffdrive_arduino/rviz
[16.794s] -- Up-to-date: /home/ons/ros2_ws/install/diffdrive_arduino/share/diffdrive_arduino/launch
[16.796s] -- Up-to-date: /home/ons/ros2_ws/install/diffdrive_arduino/share/diffdrive_arduino/config
[16.797s] -- Installing: /home/ons/ros2_ws/install/diffdrive_arduino/lib/libdiffdrive_arduino.so
[16.799s] -- Set runtime path of "/home/ons/ros2_ws/install/diffdrive_arduino/lib/libdiffdrive_arduino.so" to ""
[16.806s] -- Installing: /home/ons/ros2_ws/install/diffdrive_arduino/share/diffdrive_arduino/package.dsv
[16.809s] -- Installing: /home/ons/ros2_ws/install/diffdrive_arduino/share/diffdrive_arduino/cmake/export_diffdrive_arduinoExport.cmake
[16.814s] -- Installing: /home/ons/ros2_ws/install/diffdrive_arduino/share/diffdrive_arduino/cmake/export_diffdrive_arduinoExport-noconfig.cmake
[16.820s] Invoked command in '/home/ons/ros2_ws/build/diffdrive_arduino' returned '0': CMAKE_PREFIX_PATH=/opt/ros/humble /usr/bin/cmake --install /home/ons/ros2_ws/build/diffdrive_arduino
