[35m[1mConsolidate compiler generated dependencies of target diffdrive_arduino[0m
[ 50%] [32mBuilding CXX object CMakeFiles/diffdrive_arduino.dir/hardware/diffbot_system.cpp.o[0m
[01m[K/home/ons/ros2_ws/src/diffdrive_arduino/hardware/diffbot_system.cpp:[m[K In member function ‘[01m[Kvirtual hardware_interface::return_type diffdrive_arduino::DiffDriveArduinoHardware::write(const rclcpp::Time&, const rclcpp::Duration&)[m[K’:
[01m[K/home/ons/ros2_ws/src/diffdrive_arduino/hardware/diffbot_system.cpp:234:28:[m[K [01;31m[Kerror: [m[K‘[01m[Kto_string[m[K’ was not declared in this scope
  234 |   const char* msg_hello =  [01;31m[Kto_string[m[K(motor_r_counts_per_loop) ;
      |                            [01;31m[K^~~~~~~~~[m[K
[01m[K/home/ons/ros2_ws/src/diffdrive_arduino/hardware/diffbot_system.cpp:234:28:[m[K [01;36m[Knote: [m[Ksuggested alternatives:
In file included from [01m[K/usr/include/c++/11/string:55[m[K,
                 from [01m[K/home/ons/ros2_ws/src/diffdrive_arduino/hardware/include/diffdrive_arduino/diffbot_system.hpp:19[m[K,
                 from [01m[K/home/ons/ros2_ws/src/diffdrive_arduino/hardware/diffbot_system.cpp:15[m[K:
[01m[K/usr/include/c++/11/bits/basic_string.h:6739:3:[m[K [01;36m[Knote: [m[K  ‘[01m[Kstd::__cxx11::to_string[m[K’
 6739 |   [01;36m[Kto_string[m[K(long double __val)
      |   [01;36m[K^~~~~~~~~[m[K
In file included from [01m[K/opt/ros/humble/include/rclcpp/rclcpp/parameter.hpp:26[m[K,
                 from [01m[K/opt/ros/humble/include/rclcpp/rclcpp/node_interfaces/node_parameters_interface.hpp:28[m[K,
                 from [01m[K/opt/ros/humble/include/rclcpp/rclcpp/node.hpp:54[m[K,
                 from [01m[K/opt/ros/humble/include/rclcpp/rclcpp/executors/single_threaded_executor.hpp:28[m[K,
                 from [01m[K/opt/ros/humble/include/rclcpp/rclcpp/executors.hpp:22[m[K,
                 from [01m[K/opt/ros/humble/include/rclcpp/rclcpp/rclcpp.hpp:155[m[K,
                 from [01m[K/home/ons/ros2_ws/src/diffdrive_arduino/hardware/diffbot_system.cpp:25[m[K:
[01m[K/opt/ros/humble/include/rclcpp/rclcpp/parameter_value.hpp:361:1:[m[K [01;36m[Knote: [m[K  ‘[01m[Krclcpp::to_string[m[K’
  361 | [01;36m[Kto_string[m[K(const ParameterValue & type);
      | [01;36m[K^~~~~~~~~[m[K
gmake[2]: *** [CMakeFiles/diffdrive_arduino.dir/build.make:76: CMakeFiles/diffdrive_arduino.dir/hardware/diffbot_system.cpp.o] Error 1
gmake[1]: *** [CMakeFiles/Makefile2:137: CMakeFiles/diffdrive_arduino.dir/all] Error 2
gmake: *** [Makefile:146: all] Error 2
