[0.368s] Invoking command in '/home/ons/ros2_ws/build/ydlidar': CMAKE_PREFIX_PATH=${CMAKE_PREFIX_PATH}:/home/ons/ros2_ws/install/test_node:/home/ons/ros2_ws/install/serial_motor_demo:/opt/ros/humble /usr/bin/cmake /home/ons/ros2_ws/src/ydlidar_ros2 -DAMENT_CMAKE_SYMLINK_INSTALL=1 -DCMAKE_INSTALL_PREFIX=/home/ons/ros2_ws/install/ydlidar
[0.428s] -- Found ament_cmake: 1.3.5 (/opt/ros/humble/share/ament_cmake/cmake)
[0.856s] -- Override CMake install command with custom implementation using symlinks instead of copying resources
[0.886s] -- Found rclcpp: 16.0.6 (/opt/ros/humble/share/rclcpp/cmake)
[1.002s] -- Found rosidl_generator_c: 3.1.5 (/opt/ros/humble/share/rosidl_generator_c/cmake)
[1.011s] -- Found rosidl_adapter: 3.1.5 (/opt/ros/humble/share/rosidl_adapter/cmake)
[1.038s] -- Found rosidl_generator_cpp: 3.1.5 (/opt/ros/humble/share/rosidl_generator_cpp/cmake)
[1.100s] -- Using all available rosidl_typesupport_c: rosidl_typesupport_fastrtps_c;rosidl_typesupport_introspection_c
[1.160s] -- Using all available rosidl_typesupport_cpp: rosidl_typesupport_fastrtps_cpp;rosidl_typesupport_introspection_cpp
[1.462s] -- Found rmw_implementation_cmake: 6.1.1 (/opt/ros/humble/share/rmw_implementation_cmake/cmake)
[1.475s] -- Found rmw_fastrtps_cpp: 6.2.4 (/opt/ros/humble/share/rmw_fastrtps_cpp/cmake)
[1.939s] -- Using RMW implementation 'rmw_fastrtps_cpp' as default
[2.675s] -- Found sensor_msgs: 4.2.3 (/opt/ros/humble/share/sensor_msgs/cmake)
[3.071s] -- Found visualization_msgs: 4.2.3 (/opt/ros/humble/share/visualization_msgs/cmake)
[3.266s] -- Found ament_lint_auto: 0.12.8 (/opt/ros/humble/share/ament_lint_auto/cmake)
[3.362s] -- Added test 'copyright' to check source files copyright and LICENSE
[3.378s] -- Added test 'cppcheck' to perform static code analysis on C / C++ code
[3.378s] -- Configured cppcheck include dirs: /home/ons/ros2_ws/src/ydlidar_ros2/src;/home/ons/ros2_ws/src/ydlidar_ros2/sdk/include;/home/ons/ros2_ws/src/ydlidar_ros2/sdk/src
[3.378s] -- Configured cppcheck exclude dirs and/or files: 
[3.395s] -- Added test 'cpplint' to check C / C++ code against the Google style
[3.395s] -- Configured cpplint exclude dirs and/or files: 
[3.398s] -- Added test 'flake8' to check Python code syntax and style conventions
[3.402s] -- Added test 'lint_cmake' to check CMake code style
[3.405s] -- Added test 'pep257' to check Python code against some of the docstring style conventions in PEP 257
[3.424s] -- Added test 'uncrustify' to check C / C++ code style
[3.424s] -- Configured uncrustify additional arguments: 
[3.427s] -- Added test 'xmllint' to check XML markup files
[3.428s] -- Configuring done
[3.450s] -- Generating done
[3.453s] -- Build files have been written to: /home/ons/ros2_ws/build/ydlidar
