[1.499s] Invoking command in '/home/ons/ros2_ws/src/serial_motor_demo/serial_motor_demo': CMAKE_PREFIX_PATH=/home/ons/ros2_ws/install/serial_motor_demo_msgs:/home/ons/ros2_ws/install/ydlidar:/home/ons/ros2_ws/install/articubot_one PYTHONPATH=/home/ons/ros2_ws/build/serial_motor_demo/prefix_override:/home/ons/ros2_ws/install/serial_motor_demo/lib/python3.10/site-packages:${PYTHONPATH} /usr/bin/python3 setup.py egg_info --egg-base ../../../build/serial_motor_demo build --build-base /home/ons/ros2_ws/build/serial_motor_demo/build install --record /home/ons/ros2_ws/build/serial_motor_demo/install.log --install-scripts $base/lib/serial_motor_demo --single-version-externally-managed
[1.817s] /home/ons/.local/lib/python3.10/site-packages/setuptools/dist.py:717: UserWarning: Usage of dash-separated 'script-dir' will not be supported in future versions. Please use the underscore name 'script_dir' instead
[1.817s]   warnings.warn(
[1.874s] running egg_info
[1.876s] writing ../../../build/serial_motor_demo/serial_motor_demo.egg-info/PKG-INFO
[1.879s] writing dependency_links to ../../../build/serial_motor_demo/serial_motor_demo.egg-info/dependency_links.txt
[1.880s] writing entry points to ../../../build/serial_motor_demo/serial_motor_demo.egg-info/entry_points.txt
[1.880s] writing requirements to ../../../build/serial_motor_demo/serial_motor_demo.egg-info/requires.txt
[1.880s] writing top-level names to ../../../build/serial_motor_demo/serial_motor_demo.egg-info/top_level.txt
[1.885s] reading manifest file '../../../build/serial_motor_demo/serial_motor_demo.egg-info/SOURCES.txt'
[1.888s] writing manifest file '../../../build/serial_motor_demo/serial_motor_demo.egg-info/SOURCES.txt'
[1.889s] running build
[1.889s] running build_py
[1.889s] running install
[1.890s] running install_lib
[1.894s] running install_data
[1.896s] running install_egg_info
[1.899s] removing '/home/ons/ros2_ws/install/serial_motor_demo/lib/python3.10/site-packages/serial_motor_demo-0.0.0-py3.10.egg-info' (and everything under it)
[1.900s] Copying ../../../build/serial_motor_demo/serial_motor_demo.egg-info to /home/ons/ros2_ws/install/serial_motor_demo/lib/python3.10/site-packages/serial_motor_demo-0.0.0-py3.10.egg-info
[1.902s] running install_scripts
[1.930s] Installing driver script to /home/ons/ros2_ws/install/serial_motor_demo/lib/serial_motor_demo
[1.931s] Installing gui script to /home/ons/ros2_ws/install/serial_motor_demo/lib/serial_motor_demo
[1.931s] writing list of installed files to '/home/ons/ros2_ws/build/serial_motor_demo/install.log'
[1.972s] Invoked command in '/home/ons/ros2_ws/src/serial_motor_demo/serial_motor_demo' returned '0': CMAKE_PREFIX_PATH=/home/ons/ros2_ws/install/serial_motor_demo_msgs:/home/ons/ros2_ws/install/ydlidar:/home/ons/ros2_ws/install/articubot_one PYTHONPATH=/home/ons/ros2_ws/build/serial_motor_demo/prefix_override:/home/ons/ros2_ws/install/serial_motor_demo/lib/python3.10/site-packages:${PYTHONPATH} /usr/bin/python3 setup.py egg_info --egg-base ../../../build/serial_motor_demo build --build-base /home/ons/ros2_ws/build/serial_motor_demo/build install --record /home/ons/ros2_ws/build/serial_motor_demo/install.log --install-scripts $base/lib/serial_motor_demo --single-version-externally-managed
