[0.228s] Invoking command in '/home/ons/ros2_ws/build/diffdrive_arduino': CMAKE_PREFIX_PATH=${CMAKE_PREFIX_PATH}:/home/ons/ros2_ws/install/test_node:/home/ons/ros2_ws/install/serial_motor_demo:/opt/ros/humble /usr/bin/cmake --build /home/ons/ros2_ws/build/diffdrive_arduino -- -j4 -l4
[0.356s] [35m[1mConsolidate compiler generated dependencies of target diffdrive_arduino[0m
[0.415s] [100%] Built target diffdrive_arduino
[0.914s] Invoked command in '/home/ons/ros2_ws/build/diffdrive_arduino' returned '0': CMAKE_PREFIX_PATH=${CMAKE_PREFIX_PATH}:/home/ons/ros2_ws/install/test_node:/home/ons/ros2_ws/install/serial_motor_demo:/opt/ros/humble /usr/bin/cmake --build /home/ons/ros2_ws/build/diffdrive_arduino -- -j4 -l4
[1.043s] Invoking command in '/home/ons/ros2_ws/build/diffdrive_arduino': CMAKE_PREFIX_PATH=${CMAKE_PREFIX_PATH}:/home/ons/ros2_ws/install/test_node:/home/ons/ros2_ws/install/serial_motor_demo:/opt/ros/humble /usr/bin/cmake --install /home/ons/ros2_ws/build/diffdrive_arduino
[1.062s] -- Install configuration: ""
[1.062s] -- Up-to-date: /home/ons/ros2_ws/install/diffdrive_arduino/share/diffdrive_arduino/diffdrive_arduino.xml
[1.063s] -- Up-to-date: /home/ons/ros2_ws/install/diffdrive_arduino/include/diffdrive_arduino
[1.064s] -- Up-to-date: /home/ons/ros2_ws/install/diffdrive_arduino/include/diffdrive_arduino/diffdrive_arduino
[1.064s] -- Up-to-date: /home/ons/ros2_ws/install/diffdrive_arduino/include/diffdrive_arduino/diffdrive_arduino/arduino_comms.hpp
[1.064s] -- Up-to-date: /home/ons/ros2_ws/install/diffdrive_arduino/include/diffdrive_arduino/diffdrive_arduino/visibility_control.h
[1.064s] -- Up-to-date: /home/ons/ros2_ws/install/diffdrive_arduino/include/diffdrive_arduino/diffdrive_arduino/wheel.hpp
[1.065s] -- Up-to-date: /home/ons/ros2_ws/install/diffdrive_arduino/include/diffdrive_arduino/diffdrive_arduino/diffbot_system.hpp
[1.065s] -- Up-to-date: /home/ons/ros2_ws/install/diffdrive_arduino/share/diffdrive_arduino/launch
[1.065s] -- Up-to-date: /home/ons/ros2_ws/install/diffdrive_arduino/share/diffdrive_arduino/launch/view_robot.launch.py
[1.065s] -- Up-to-date: /home/ons/ros2_ws/install/diffdrive_arduino/share/diffdrive_arduino/ros2_control
[1.066s] -- Up-to-date: /home/ons/ros2_ws/install/diffdrive_arduino/share/diffdrive_arduino/ros2_control/diffbot.ros2_control.xacro
[1.067s] -- Up-to-date: /home/ons/ros2_ws/install/diffdrive_arduino/share/diffdrive_arduino/urdf
[1.067s] -- Up-to-date: /home/ons/ros2_ws/install/diffdrive_arduino/share/diffdrive_arduino/urdf/diffbot.materials.xacro
[1.067s] -- Up-to-date: /home/ons/ros2_ws/install/diffdrive_arduino/share/diffdrive_arduino/urdf/diffbot_description.urdf.xacro
[1.067s] -- Up-to-date: /home/ons/ros2_ws/install/diffdrive_arduino/share/diffdrive_arduino/urdf/diffbot.urdf.xacro
[1.067s] -- Up-to-date: /home/ons/ros2_ws/install/diffdrive_arduino/share/diffdrive_arduino/rviz
[1.067s] -- Up-to-date: /home/ons/ros2_ws/install/diffdrive_arduino/share/diffdrive_arduino/rviz/diffbot_view.rviz
[1.068s] -- Up-to-date: /home/ons/ros2_ws/install/diffdrive_arduino/share/diffdrive_arduino/rviz/diffbot.rviz
[1.068s] -- Up-to-date: /home/ons/ros2_ws/install/diffdrive_arduino/share/diffdrive_arduino/launch
[1.070s] -- Up-to-date: /home/ons/ros2_ws/install/diffdrive_arduino/share/diffdrive_arduino/launch/diffbot.launch.py
[1.070s] -- Up-to-date: /home/ons/ros2_ws/install/diffdrive_arduino/share/diffdrive_arduino/config
[1.071s] -- Up-to-date: /home/ons/ros2_ws/install/diffdrive_arduino/share/diffdrive_arduino/config/diffbot_controllers.yaml
[1.071s] -- Up-to-date: /home/ons/ros2_ws/install/diffdrive_arduino/lib/libdiffdrive_arduino.so
[1.072s] -- Up-to-date: /home/ons/ros2_ws/install/diffdrive_arduino/share/diffdrive_arduino/environment/library_path.sh
[1.073s] -- Up-to-date: /home/ons/ros2_ws/install/diffdrive_arduino/share/diffdrive_arduino/environment/library_path.dsv
[1.073s] -- Up-to-date: /home/ons/ros2_ws/install/diffdrive_arduino/share/ament_index/resource_index/package_run_dependencies/diffdrive_arduino
[1.073s] -- Up-to-date: /home/ons/ros2_ws/install/diffdrive_arduino/share/ament_index/resource_index/parent_prefix_path/diffdrive_arduino
[1.074s] -- Up-to-date: /home/ons/ros2_ws/install/diffdrive_arduino/share/diffdrive_arduino/environment/ament_prefix_path.sh
[1.074s] -- Up-to-date: /home/ons/ros2_ws/install/diffdrive_arduino/share/diffdrive_arduino/environment/ament_prefix_path.dsv
[1.075s] -- Up-to-date: /home/ons/ros2_ws/install/diffdrive_arduino/share/diffdrive_arduino/environment/path.sh
[1.076s] -- Up-to-date: /home/ons/ros2_ws/install/diffdrive_arduino/share/diffdrive_arduino/environment/path.dsv
[1.077s] -- Up-to-date: /home/ons/ros2_ws/install/diffdrive_arduino/share/diffdrive_arduino/local_setup.bash
[1.077s] -- Up-to-date: /home/ons/ros2_ws/install/diffdrive_arduino/share/diffdrive_arduino/local_setup.sh
[1.078s] -- Up-to-date: /home/ons/ros2_ws/install/diffdrive_arduino/share/diffdrive_arduino/local_setup.zsh
[1.078s] -- Up-to-date: /home/ons/ros2_ws/install/diffdrive_arduino/share/diffdrive_arduino/local_setup.dsv
[1.079s] -- Installing: /home/ons/ros2_ws/install/diffdrive_arduino/share/diffdrive_arduino/package.dsv
[1.080s] -- Up-to-date: /home/ons/ros2_ws/install/diffdrive_arduino/share/ament_index/resource_index/packages/diffdrive_arduino
[1.081s] -- Up-to-date: /home/ons/ros2_ws/install/diffdrive_arduino/share/ament_index/resource_index/hardware_interface__pluginlib__plugin/diffdrive_arduino
[1.094s] -- Up-to-date: /home/ons/ros2_ws/install/diffdrive_arduino/share/diffdrive_arduino/cmake/export_diffdrive_arduinoExport.cmake
[1.095s] -- Up-to-date: /home/ons/ros2_ws/install/diffdrive_arduino/share/diffdrive_arduino/cmake/export_diffdrive_arduinoExport-noconfig.cmake
[1.096s] -- Up-to-date: /home/ons/ros2_ws/install/diffdrive_arduino/share/diffdrive_arduino/cmake/ament_cmake_export_targets-extras.cmake
[1.096s] -- Up-to-date: /home/ons/ros2_ws/install/diffdrive_arduino/share/diffdrive_arduino/cmake/ament_cmake_export_dependencies-extras.cmake
[1.096s] -- Up-to-date: /home/ons/ros2_ws/install/diffdrive_arduino/share/diffdrive_arduino/cmake/diffdrive_arduinoConfig.cmake
[1.096s] -- Up-to-date: /home/ons/ros2_ws/install/diffdrive_arduino/share/diffdrive_arduino/cmake/diffdrive_arduinoConfig-version.cmake
[1.096s] -- Up-to-date: /home/ons/ros2_ws/install/diffdrive_arduino/share/diffdrive_arduino/package.xml
[1.111s] Invoked command in '/home/ons/ros2_ws/build/diffdrive_arduino' returned '0': CMAKE_PREFIX_PATH=${CMAKE_PREFIX_PATH}:/home/ons/ros2_ws/install/test_node:/home/ons/ros2_ws/install/serial_motor_demo:/opt/ros/humble /usr/bin/cmake --install /home/ons/ros2_ws/build/diffdrive_arduino
