[0.910s] DEBUG:colcon:Command line arguments: ['/usr/bin/colcon', 'build']
[0.910s] DEBUG:colcon:Parsed command line arguments: Namespace(log_base=None, log_level=None, verb_name='build', build_base='build', install_base='install', merge_install=False, symlink_install=False, test_result_base=None, continue_on_error=False, executor='parallel', parallel_workers=4, event_handlers=None, ignore_user_meta=False, metas=['./colcon.meta'], base_paths=['.'], packages_ignore=None, packages_ignore_regex=None, paths=None, packages_up_to=None, packages_up_to_regex=None, packages_above=None, packages_above_and_dependencies=None, packages_above_depth=None, packages_select_by_dep=None, packages_skip_by_dep=None, packages_skip_up_to=None, packages_select_build_failed=False, packages_skip_build_finished=False, packages_select_test_failures=False, packages_skip_test_passed=False, packages_select=None, packages_skip=None, packages_select_regex=None, packages_skip_regex=None, packages_start=None, packages_end=None, allow_overriding=[], cmake_args=None, cmake_target=None, cmake_target_skip_unavailable=False, cmake_clean_cache=False, cmake_clean_first=False, cmake_force_configure=False, ament_cmake_args=None, catkin_cmake_args=None, catkin_skip_building_tests=False, verb_parser=<colcon_defaults.argument_parser.defaults.DefaultArgumentsDecorator object at 0x7fbdf398ecb0>, verb_extension=<colcon_core.verb.build.BuildVerb object at 0x7fbdf398c4f0>, main=<bound method BuildVerb.main of <colcon_core.verb.build.BuildVerb object at 0x7fbdf398c4f0>>)
[0.952s] Level 1:colcon.colcon_core.package_discovery:discover_packages(colcon_meta) check parameters
[0.952s] Level 1:colcon.colcon_core.package_discovery:discover_packages(recursive) check parameters
[0.952s] Level 1:colcon.colcon_core.package_discovery:discover_packages(ignore) check parameters
[0.952s] Level 1:colcon.colcon_core.package_discovery:discover_packages(path) check parameters
[0.952s] Level 1:colcon.colcon_core.package_discovery:discover_packages(colcon_meta) discover
[0.952s] Level 1:colcon.colcon_core.package_discovery:discover_packages(recursive) discover
[0.952s] INFO:colcon.colcon_core.package_discovery:Crawling recursively for packages in '/home/ons/ros2_ws'
[0.952s] Level 1:colcon.colcon_core.package_identification:_identify(.) by extensions ['ignore', 'ignore_ament_install']
[0.952s] Level 1:colcon.colcon_core.package_identification:_identify(.) by extension 'ignore'
[0.952s] Level 1:colcon.colcon_core.package_identification:_identify(.) by extension 'ignore_ament_install'
[0.953s] Level 1:colcon.colcon_core.package_identification:_identify(.) by extensions ['colcon_pkg']
[0.953s] Level 1:colcon.colcon_core.package_identification:_identify(.) by extension 'colcon_pkg'
[0.953s] Level 1:colcon.colcon_core.package_identification:_identify(.) by extensions ['colcon_meta']
[0.953s] Level 1:colcon.colcon_core.package_identification:_identify(.) by extension 'colcon_meta'
[0.953s] Level 1:colcon.colcon_core.package_identification:_identify(.) by extensions ['ros']
[0.953s] Level 1:colcon.colcon_core.package_identification:_identify(.) by extension 'ros'
[0.962s] Level 1:colcon.colcon_core.package_identification:_identify(.) by extensions ['cmake', 'python']
[0.963s] Level 1:colcon.colcon_core.package_identification:_identify(.) by extension 'cmake'
[0.963s] Level 1:colcon.colcon_core.package_identification:_identify(.) by extension 'python'
[0.963s] Level 1:colcon.colcon_core.package_identification:_identify(.) by extensions ['python_setup_py']
[0.963s] Level 1:colcon.colcon_core.package_identification:_identify(.) by extension 'python_setup_py'
[0.963s] Level 1:colcon.colcon_core.package_identification:_identify(build) by extensions ['ignore', 'ignore_ament_install']
[0.963s] Level 1:colcon.colcon_core.package_identification:_identify(build) by extension 'ignore'
[0.963s] Level 1:colcon.colcon_core.package_identification:_identify(build) ignored
[0.963s] Level 1:colcon.colcon_core.package_identification:_identify(install) by extensions ['ignore', 'ignore_ament_install']
[0.963s] Level 1:colcon.colcon_core.package_identification:_identify(install) by extension 'ignore'
[0.963s] Level 1:colcon.colcon_core.package_identification:_identify(install) ignored
[0.963s] Level 1:colcon.colcon_core.package_identification:_identify(log) by extensions ['ignore', 'ignore_ament_install']
[0.963s] Level 1:colcon.colcon_core.package_identification:_identify(log) by extension 'ignore'
[0.964s] Level 1:colcon.colcon_core.package_identification:_identify(log) ignored
[0.964s] Level 1:colcon.colcon_core.package_identification:_identify(src) by extensions ['ignore', 'ignore_ament_install']
[0.964s] Level 1:colcon.colcon_core.package_identification:_identify(src) by extension 'ignore'
[0.964s] Level 1:colcon.colcon_core.package_identification:_identify(src) by extension 'ignore_ament_install'
[0.964s] Level 1:colcon.colcon_core.package_identification:_identify(src) by extensions ['colcon_pkg']
[0.964s] Level 1:colcon.colcon_core.package_identification:_identify(src) by extension 'colcon_pkg'
[0.964s] Level 1:colcon.colcon_core.package_identification:_identify(src) by extensions ['colcon_meta']
[0.964s] Level 1:colcon.colcon_core.package_identification:_identify(src) by extension 'colcon_meta'
[0.964s] Level 1:colcon.colcon_core.package_identification:_identify(src) by extensions ['ros']
[0.964s] Level 1:colcon.colcon_core.package_identification:_identify(src) by extension 'ros'
[0.964s] Level 1:colcon.colcon_core.package_identification:_identify(src) by extensions ['cmake', 'python']
[0.964s] Level 1:colcon.colcon_core.package_identification:_identify(src) by extension 'cmake'
[0.964s] Level 1:colcon.colcon_core.package_identification:_identify(src) by extension 'python'
[0.964s] Level 1:colcon.colcon_core.package_identification:_identify(src) by extensions ['python_setup_py']
[0.964s] Level 1:colcon.colcon_core.package_identification:_identify(src) by extension 'python_setup_py'
[0.964s] Level 1:colcon.colcon_core.package_identification:_identify(src/articubot_one) by extensions ['ignore', 'ignore_ament_install']
[0.964s] Level 1:colcon.colcon_core.package_identification:_identify(src/articubot_one) by extension 'ignore'
[0.965s] Level 1:colcon.colcon_core.package_identification:_identify(src/articubot_one) by extension 'ignore_ament_install'
[0.965s] Level 1:colcon.colcon_core.package_identification:_identify(src/articubot_one) by extensions ['colcon_pkg']
[0.965s] Level 1:colcon.colcon_core.package_identification:_identify(src/articubot_one) by extension 'colcon_pkg'
[0.965s] Level 1:colcon.colcon_core.package_identification:_identify(src/articubot_one) by extensions ['colcon_meta']
[0.965s] Level 1:colcon.colcon_core.package_identification:_identify(src/articubot_one) by extension 'colcon_meta'
[0.965s] Level 1:colcon.colcon_core.package_identification:_identify(src/articubot_one) by extensions ['ros']
[0.965s] Level 1:colcon.colcon_core.package_identification:_identify(src/articubot_one) by extension 'ros'
[0.967s] DEBUG:colcon.colcon_core.package_identification:Package 'src/articubot_one' with type 'ros.ament_cmake' and name 'articubot_one'
[0.968s] Level 1:colcon.colcon_core.package_identification:_identify(src/build) by extensions ['ignore', 'ignore_ament_install']
[0.968s] Level 1:colcon.colcon_core.package_identification:_identify(src/build) by extension 'ignore'
[0.968s] Level 1:colcon.colcon_core.package_identification:_identify(src/build) ignored
[0.968s] Level 1:colcon.colcon_core.package_identification:_identify(src/diffdrive_arduino) by extensions ['ignore', 'ignore_ament_install']
[0.968s] Level 1:colcon.colcon_core.package_identification:_identify(src/diffdrive_arduino) by extension 'ignore'
[0.968s] Level 1:colcon.colcon_core.package_identification:_identify(src/diffdrive_arduino) by extension 'ignore_ament_install'
[0.968s] Level 1:colcon.colcon_core.package_identification:_identify(src/diffdrive_arduino) by extensions ['colcon_pkg']
[0.968s] Level 1:colcon.colcon_core.package_identification:_identify(src/diffdrive_arduino) by extension 'colcon_pkg'
[0.968s] Level 1:colcon.colcon_core.package_identification:_identify(src/diffdrive_arduino) by extensions ['colcon_meta']
[0.968s] Level 1:colcon.colcon_core.package_identification:_identify(src/diffdrive_arduino) by extension 'colcon_meta'
[0.968s] Level 1:colcon.colcon_core.package_identification:_identify(src/diffdrive_arduino) by extensions ['ros']
[0.968s] Level 1:colcon.colcon_core.package_identification:_identify(src/diffdrive_arduino) by extension 'ros'
[0.969s] DEBUG:colcon.colcon_core.package_identification:Package 'src/diffdrive_arduino' with type 'ros.ament_cmake' and name 'diffdrive_arduino'
[0.969s] Level 1:colcon.colcon_core.package_identification:_identify(src/install) by extensions ['ignore', 'ignore_ament_install']
[0.969s] Level 1:colcon.colcon_core.package_identification:_identify(src/install) by extension 'ignore'
[0.969s] Level 1:colcon.colcon_core.package_identification:_identify(src/install) ignored
[0.969s] Level 1:colcon.colcon_core.package_identification:_identify(src/log) by extensions ['ignore', 'ignore_ament_install']
[0.970s] Level 1:colcon.colcon_core.package_identification:_identify(src/log) by extension 'ignore'
[0.970s] Level 1:colcon.colcon_core.package_identification:_identify(src/log) ignored
[0.970s] Level 1:colcon.colcon_core.package_identification:_identify(src/serial_motor_demo) by extensions ['ignore', 'ignore_ament_install']
[0.970s] Level 1:colcon.colcon_core.package_identification:_identify(src/serial_motor_demo) by extension 'ignore'
[0.970s] Level 1:colcon.colcon_core.package_identification:_identify(src/serial_motor_demo) by extension 'ignore_ament_install'
[0.970s] Level 1:colcon.colcon_core.package_identification:_identify(src/serial_motor_demo) by extensions ['colcon_pkg']
[0.970s] Level 1:colcon.colcon_core.package_identification:_identify(src/serial_motor_demo) by extension 'colcon_pkg'
[0.970s] Level 1:colcon.colcon_core.package_identification:_identify(src/serial_motor_demo) by extensions ['colcon_meta']
[0.970s] Level 1:colcon.colcon_core.package_identification:_identify(src/serial_motor_demo) by extension 'colcon_meta'
[0.970s] Level 1:colcon.colcon_core.package_identification:_identify(src/serial_motor_demo) by extensions ['ros']
[0.970s] Level 1:colcon.colcon_core.package_identification:_identify(src/serial_motor_demo) by extension 'ros'
[0.970s] Level 1:colcon.colcon_core.package_identification:_identify(src/serial_motor_demo) by extensions ['cmake', 'python']
[0.970s] Level 1:colcon.colcon_core.package_identification:_identify(src/serial_motor_demo) by extension 'cmake'
[0.970s] Level 1:colcon.colcon_core.package_identification:_identify(src/serial_motor_demo) by extension 'python'
[0.970s] Level 1:colcon.colcon_core.package_identification:_identify(src/serial_motor_demo) by extensions ['python_setup_py']
[0.970s] Level 1:colcon.colcon_core.package_identification:_identify(src/serial_motor_demo) by extension 'python_setup_py'
[0.970s] Level 1:colcon.colcon_core.package_identification:_identify(src/serial_motor_demo/serial_motor_demo) by extensions ['ignore', 'ignore_ament_install']
[0.970s] Level 1:colcon.colcon_core.package_identification:_identify(src/serial_motor_demo/serial_motor_demo) by extension 'ignore'
[0.971s] Level 1:colcon.colcon_core.package_identification:_identify(src/serial_motor_demo/serial_motor_demo) by extension 'ignore_ament_install'
[0.971s] Level 1:colcon.colcon_core.package_identification:_identify(src/serial_motor_demo/serial_motor_demo) by extensions ['colcon_pkg']
[0.971s] Level 1:colcon.colcon_core.package_identification:_identify(src/serial_motor_demo/serial_motor_demo) by extension 'colcon_pkg'
[0.971s] Level 1:colcon.colcon_core.package_identification:_identify(src/serial_motor_demo/serial_motor_demo) by extensions ['colcon_meta']
[0.971s] Level 1:colcon.colcon_core.package_identification:_identify(src/serial_motor_demo/serial_motor_demo) by extension 'colcon_meta'
[0.971s] Level 1:colcon.colcon_core.package_identification:_identify(src/serial_motor_demo/serial_motor_demo) by extensions ['ros']
[0.971s] Level 1:colcon.colcon_core.package_identification:_identify(src/serial_motor_demo/serial_motor_demo) by extension 'ros'
[0.971s] DEBUG:colcon.colcon_core.package_identification:Package 'src/serial_motor_demo/serial_motor_demo' with type 'ros.ament_python' and name 'serial_motor_demo'
[0.972s] Level 1:colcon.colcon_core.package_identification:_identify(src/serial_motor_demo/serial_motor_demo_msgs) by extensions ['ignore', 'ignore_ament_install']
[0.972s] Level 1:colcon.colcon_core.package_identification:_identify(src/serial_motor_demo/serial_motor_demo_msgs) by extension 'ignore'
[0.972s] Level 1:colcon.colcon_core.package_identification:_identify(src/serial_motor_demo/serial_motor_demo_msgs) by extension 'ignore_ament_install'
[0.972s] Level 1:colcon.colcon_core.package_identification:_identify(src/serial_motor_demo/serial_motor_demo_msgs) by extensions ['colcon_pkg']
[0.972s] Level 1:colcon.colcon_core.package_identification:_identify(src/serial_motor_demo/serial_motor_demo_msgs) by extension 'colcon_pkg'
[0.972s] Level 1:colcon.colcon_core.package_identification:_identify(src/serial_motor_demo/serial_motor_demo_msgs) by extensions ['colcon_meta']
[0.972s] Level 1:colcon.colcon_core.package_identification:_identify(src/serial_motor_demo/serial_motor_demo_msgs) by extension 'colcon_meta'
[0.972s] Level 1:colcon.colcon_core.package_identification:_identify(src/serial_motor_demo/serial_motor_demo_msgs) by extensions ['ros']
[0.972s] Level 1:colcon.colcon_core.package_identification:_identify(src/serial_motor_demo/serial_motor_demo_msgs) by extension 'ros'
[0.972s] DEBUG:colcon.colcon_core.package_identification:Package 'src/serial_motor_demo/serial_motor_demo_msgs' with type 'ros.ament_cmake' and name 'serial_motor_demo_msgs'
[0.973s] Level 1:colcon.colcon_core.package_identification:_identify(src/test_node) by extensions ['ignore', 'ignore_ament_install']
[0.973s] Level 1:colcon.colcon_core.package_identification:_identify(src/test_node) by extension 'ignore'
[0.973s] Level 1:colcon.colcon_core.package_identification:_identify(src/test_node) by extension 'ignore_ament_install'
[0.973s] Level 1:colcon.colcon_core.package_identification:_identify(src/test_node) by extensions ['colcon_pkg']
[0.973s] Level 1:colcon.colcon_core.package_identification:_identify(src/test_node) by extension 'colcon_pkg'
[0.973s] Level 1:colcon.colcon_core.package_identification:_identify(src/test_node) by extensions ['colcon_meta']
[0.973s] Level 1:colcon.colcon_core.package_identification:_identify(src/test_node) by extension 'colcon_meta'
[0.973s] Level 1:colcon.colcon_core.package_identification:_identify(src/test_node) by extensions ['ros']
[0.973s] Level 1:colcon.colcon_core.package_identification:_identify(src/test_node) by extension 'ros'
[0.974s] DEBUG:colcon.colcon_core.package_identification:Package 'src/test_node' with type 'ros.ament_python' and name 'test_node'
[0.974s] Level 1:colcon.colcon_core.package_identification:_identify(src/ydlidar_ros2) by extensions ['ignore', 'ignore_ament_install']
[0.974s] Level 1:colcon.colcon_core.package_identification:_identify(src/ydlidar_ros2) by extension 'ignore'
[0.974s] Level 1:colcon.colcon_core.package_identification:_identify(src/ydlidar_ros2) by extension 'ignore_ament_install'
[0.974s] Level 1:colcon.colcon_core.package_identification:_identify(src/ydlidar_ros2) by extensions ['colcon_pkg']
[0.974s] Level 1:colcon.colcon_core.package_identification:_identify(src/ydlidar_ros2) by extension 'colcon_pkg'
[0.974s] Level 1:colcon.colcon_core.package_identification:_identify(src/ydlidar_ros2) by extensions ['colcon_meta']
[0.974s] Level 1:colcon.colcon_core.package_identification:_identify(src/ydlidar_ros2) by extension 'colcon_meta'
[0.974s] Level 1:colcon.colcon_core.package_identification:_identify(src/ydlidar_ros2) by extensions ['ros']
[0.974s] Level 1:colcon.colcon_core.package_identification:_identify(src/ydlidar_ros2) by extension 'ros'
[0.975s] DEBUG:colcon.colcon_core.package_identification:Package 'src/ydlidar_ros2' with type 'ros.ament_cmake' and name 'ydlidar'
[0.975s] Level 1:colcon.colcon_core.package_discovery:discover_packages(recursive) using defaults
[0.975s] Level 1:colcon.colcon_core.package_discovery:discover_packages(ignore) discover
[0.975s] Level 1:colcon.colcon_core.package_discovery:discover_packages(ignore) using defaults
[0.975s] Level 1:colcon.colcon_core.package_discovery:discover_packages(path) discover
[0.975s] Level 1:colcon.colcon_core.package_discovery:discover_packages(path) using defaults
[1.066s] Level 1:colcon.colcon_core.package_discovery:discover_packages(prefix_path) check parameters
[1.066s] Level 1:colcon.colcon_core.package_discovery:discover_packages(prefix_path) discover
[1.092s] DEBUG:colcon.colcon_installed_package_information.package_discovery:Found 7 installed packages in /home/ons/ros2_ws/install
[1.111s] DEBUG:colcon.colcon_installed_package_information.package_discovery:Found 324 installed packages in /opt/ros/humble
[1.130s] Level 1:colcon.colcon_core.package_discovery:discover_packages(prefix_path) using defaults
[1.224s] Level 5:colcon.colcon_core.verb:set package 'articubot_one' build argument 'cmake_args' from command line to 'None'
[1.224s] Level 5:colcon.colcon_core.verb:set package 'articubot_one' build argument 'cmake_target' from command line to 'None'
[1.224s] Level 5:colcon.colcon_core.verb:set package 'articubot_one' build argument 'cmake_target_skip_unavailable' from command line to 'False'
[1.224s] Level 5:colcon.colcon_core.verb:set package 'articubot_one' build argument 'cmake_clean_cache' from command line to 'False'
[1.224s] Level 5:colcon.colcon_core.verb:set package 'articubot_one' build argument 'cmake_clean_first' from command line to 'False'
[1.224s] Level 5:colcon.colcon_core.verb:set package 'articubot_one' build argument 'cmake_force_configure' from command line to 'False'
[1.224s] Level 5:colcon.colcon_core.verb:set package 'articubot_one' build argument 'ament_cmake_args' from command line to 'None'
[1.224s] Level 5:colcon.colcon_core.verb:set package 'articubot_one' build argument 'catkin_cmake_args' from command line to 'None'
[1.224s] Level 5:colcon.colcon_core.verb:set package 'articubot_one' build argument 'catkin_skip_building_tests' from command line to 'False'
[1.225s] DEBUG:colcon.colcon_core.verb:Building package 'articubot_one' with the following arguments: {'ament_cmake_args': None, 'build_base': '/home/ons/ros2_ws/build/articubot_one', 'catkin_cmake_args': None, 'catkin_skip_building_tests': False, 'cmake_args': None, 'cmake_clean_cache': False, 'cmake_clean_first': False, 'cmake_force_configure': False, 'cmake_target': None, 'cmake_target_skip_unavailable': False, 'install_base': '/home/ons/ros2_ws/install/articubot_one', 'merge_install': False, 'path': '/home/ons/ros2_ws/src/articubot_one', 'symlink_install': False, 'test_result_base': None}
[1.239s] Level 5:colcon.colcon_core.verb:set package 'diffdrive_arduino' build argument 'cmake_args' from command line to 'None'
[1.239s] Level 5:colcon.colcon_core.verb:set package 'diffdrive_arduino' build argument 'cmake_target' from command line to 'None'
[1.239s] Level 5:colcon.colcon_core.verb:set package 'diffdrive_arduino' build argument 'cmake_target_skip_unavailable' from command line to 'False'
[1.239s] Level 5:colcon.colcon_core.verb:set package 'diffdrive_arduino' build argument 'cmake_clean_cache' from command line to 'False'
[1.240s] Level 5:colcon.colcon_core.verb:set package 'diffdrive_arduino' build argument 'cmake_clean_first' from command line to 'False'
[1.240s] Level 5:colcon.colcon_core.verb:set package 'diffdrive_arduino' build argument 'cmake_force_configure' from command line to 'False'
[1.240s] Level 5:colcon.colcon_core.verb:set package 'diffdrive_arduino' build argument 'ament_cmake_args' from command line to 'None'
[1.240s] Level 5:colcon.colcon_core.verb:set package 'diffdrive_arduino' build argument 'catkin_cmake_args' from command line to 'None'
[1.240s] Level 5:colcon.colcon_core.verb:set package 'diffdrive_arduino' build argument 'catkin_skip_building_tests' from command line to 'False'
[1.240s] DEBUG:colcon.colcon_core.verb:Building package 'diffdrive_arduino' with the following arguments: {'ament_cmake_args': None, 'build_base': '/home/ons/ros2_ws/build/diffdrive_arduino', 'catkin_cmake_args': None, 'catkin_skip_building_tests': False, 'cmake_args': None, 'cmake_clean_cache': False, 'cmake_clean_first': False, 'cmake_force_configure': False, 'cmake_target': None, 'cmake_target_skip_unavailable': False, 'install_base': '/home/ons/ros2_ws/install/diffdrive_arduino', 'merge_install': False, 'path': '/home/ons/ros2_ws/src/diffdrive_arduino', 'symlink_install': False, 'test_result_base': None}
[1.253s] Level 5:colcon.colcon_core.verb:set package 'serial_motor_demo_msgs' build argument 'cmake_args' from command line to 'None'
[1.253s] Level 5:colcon.colcon_core.verb:set package 'serial_motor_demo_msgs' build argument 'cmake_target' from command line to 'None'
[1.253s] Level 5:colcon.colcon_core.verb:set package 'serial_motor_demo_msgs' build argument 'cmake_target_skip_unavailable' from command line to 'False'
[1.253s] Level 5:colcon.colcon_core.verb:set package 'serial_motor_demo_msgs' build argument 'cmake_clean_cache' from command line to 'False'
[1.253s] Level 5:colcon.colcon_core.verb:set package 'serial_motor_demo_msgs' build argument 'cmake_clean_first' from command line to 'False'
[1.253s] Level 5:colcon.colcon_core.verb:set package 'serial_motor_demo_msgs' build argument 'cmake_force_configure' from command line to 'False'
[1.253s] Level 5:colcon.colcon_core.verb:set package 'serial_motor_demo_msgs' build argument 'ament_cmake_args' from command line to 'None'
[1.253s] Level 5:colcon.colcon_core.verb:set package 'serial_motor_demo_msgs' build argument 'catkin_cmake_args' from command line to 'None'
[1.253s] Level 5:colcon.colcon_core.verb:set package 'serial_motor_demo_msgs' build argument 'catkin_skip_building_tests' from command line to 'False'
[1.253s] DEBUG:colcon.colcon_core.verb:Building package 'serial_motor_demo_msgs' with the following arguments: {'ament_cmake_args': None, 'build_base': '/home/ons/ros2_ws/build/serial_motor_demo_msgs', 'catkin_cmake_args': None, 'catkin_skip_building_tests': False, 'cmake_args': None, 'cmake_clean_cache': False, 'cmake_clean_first': False, 'cmake_force_configure': False, 'cmake_target': None, 'cmake_target_skip_unavailable': False, 'install_base': '/home/ons/ros2_ws/install/serial_motor_demo_msgs', 'merge_install': False, 'path': '/home/ons/ros2_ws/src/serial_motor_demo/serial_motor_demo_msgs', 'symlink_install': False, 'test_result_base': None}
[1.268s] Level 5:colcon.colcon_core.verb:set package 'test_node' build argument 'cmake_args' from command line to 'None'
[1.268s] Level 5:colcon.colcon_core.verb:set package 'test_node' build argument 'cmake_target' from command line to 'None'
[1.268s] Level 5:colcon.colcon_core.verb:set package 'test_node' build argument 'cmake_target_skip_unavailable' from command line to 'False'
[1.268s] Level 5:colcon.colcon_core.verb:set package 'test_node' build argument 'cmake_clean_cache' from command line to 'False'
[1.268s] Level 5:colcon.colcon_core.verb:set package 'test_node' build argument 'cmake_clean_first' from command line to 'False'
[1.268s] Level 5:colcon.colcon_core.verb:set package 'test_node' build argument 'cmake_force_configure' from command line to 'False'
[1.268s] Level 5:colcon.colcon_core.verb:set package 'test_node' build argument 'ament_cmake_args' from command line to 'None'
[1.268s] Level 5:colcon.colcon_core.verb:set package 'test_node' build argument 'catkin_cmake_args' from command line to 'None'
[1.268s] Level 5:colcon.colcon_core.verb:set package 'test_node' build argument 'catkin_skip_building_tests' from command line to 'False'
[1.268s] DEBUG:colcon.colcon_core.verb:Building package 'test_node' with the following arguments: {'ament_cmake_args': None, 'build_base': '/home/ons/ros2_ws/build/test_node', 'catkin_cmake_args': None, 'catkin_skip_building_tests': False, 'cmake_args': None, 'cmake_clean_cache': False, 'cmake_clean_first': False, 'cmake_force_configure': False, 'cmake_target': None, 'cmake_target_skip_unavailable': False, 'install_base': '/home/ons/ros2_ws/install/test_node', 'merge_install': False, 'path': '/home/ons/ros2_ws/src/test_node', 'symlink_install': False, 'test_result_base': None}
[1.282s] Level 5:colcon.colcon_core.verb:set package 'ydlidar' build argument 'cmake_args' from command line to 'None'
[1.282s] Level 5:colcon.colcon_core.verb:set package 'ydlidar' build argument 'cmake_target' from command line to 'None'
[1.282s] Level 5:colcon.colcon_core.verb:set package 'ydlidar' build argument 'cmake_target_skip_unavailable' from command line to 'False'
[1.282s] Level 5:colcon.colcon_core.verb:set package 'ydlidar' build argument 'cmake_clean_cache' from command line to 'False'
[1.282s] Level 5:colcon.colcon_core.verb:set package 'ydlidar' build argument 'cmake_clean_first' from command line to 'False'
[1.282s] Level 5:colcon.colcon_core.verb:set package 'ydlidar' build argument 'cmake_force_configure' from command line to 'False'
[1.282s] Level 5:colcon.colcon_core.verb:set package 'ydlidar' build argument 'ament_cmake_args' from command line to 'None'
[1.282s] Level 5:colcon.colcon_core.verb:set package 'ydlidar' build argument 'catkin_cmake_args' from command line to 'None'
[1.282s] Level 5:colcon.colcon_core.verb:set package 'ydlidar' build argument 'catkin_skip_building_tests' from command line to 'False'
[1.282s] DEBUG:colcon.colcon_core.verb:Building package 'ydlidar' with the following arguments: {'ament_cmake_args': None, 'build_base': '/home/ons/ros2_ws/build/ydlidar', 'catkin_cmake_args': None, 'catkin_skip_building_tests': False, 'cmake_args': None, 'cmake_clean_cache': False, 'cmake_clean_first': False, 'cmake_force_configure': False, 'cmake_target': None, 'cmake_target_skip_unavailable': False, 'install_base': '/home/ons/ros2_ws/install/ydlidar', 'merge_install': False, 'path': '/home/ons/ros2_ws/src/ydlidar_ros2', 'symlink_install': False, 'test_result_base': None}
[1.296s] Level 5:colcon.colcon_core.verb:set package 'serial_motor_demo' build argument 'cmake_args' from command line to 'None'
[1.296s] Level 5:colcon.colcon_core.verb:set package 'serial_motor_demo' build argument 'cmake_target' from command line to 'None'
[1.296s] Level 5:colcon.colcon_core.verb:set package 'serial_motor_demo' build argument 'cmake_target_skip_unavailable' from command line to 'False'
[1.296s] Level 5:colcon.colcon_core.verb:set package 'serial_motor_demo' build argument 'cmake_clean_cache' from command line to 'False'
[1.296s] Level 5:colcon.colcon_core.verb:set package 'serial_motor_demo' build argument 'cmake_clean_first' from command line to 'False'
[1.296s] Level 5:colcon.colcon_core.verb:set package 'serial_motor_demo' build argument 'cmake_force_configure' from command line to 'False'
[1.296s] Level 5:colcon.colcon_core.verb:set package 'serial_motor_demo' build argument 'ament_cmake_args' from command line to 'None'
[1.296s] Level 5:colcon.colcon_core.verb:set package 'serial_motor_demo' build argument 'catkin_cmake_args' from command line to 'None'
[1.296s] Level 5:colcon.colcon_core.verb:set package 'serial_motor_demo' build argument 'catkin_skip_building_tests' from command line to 'False'
[1.296s] DEBUG:colcon.colcon_core.verb:Building package 'serial_motor_demo' with the following arguments: {'ament_cmake_args': None, 'build_base': '/home/ons/ros2_ws/build/serial_motor_demo', 'catkin_cmake_args': None, 'catkin_skip_building_tests': False, 'cmake_args': None, 'cmake_clean_cache': False, 'cmake_clean_first': False, 'cmake_force_configure': False, 'cmake_target': None, 'cmake_target_skip_unavailable': False, 'install_base': '/home/ons/ros2_ws/install/serial_motor_demo', 'merge_install': False, 'path': '/home/ons/ros2_ws/src/serial_motor_demo/serial_motor_demo', 'symlink_install': False, 'test_result_base': None}
[1.310s] INFO:colcon.colcon_core.executor:Executing jobs using 'parallel' executor
[1.326s] DEBUG:colcon.colcon_parallel_executor.executor.parallel:run_until_complete
[1.327s] INFO:colcon.colcon_ros.task.ament_cmake.build:Building ROS package in '/home/ons/ros2_ws/src/serial_motor_demo/serial_motor_demo_msgs' with build type 'ament_cmake'
[1.327s] INFO:colcon.colcon_cmake.task.cmake.build:Building CMake package in '/home/ons/ros2_ws/src/serial_motor_demo/serial_motor_demo_msgs'
[1.347s] INFO:colcon.colcon_core.plugin_system:Skipping extension 'colcon_core.shell.bat': Not used on non-Windows systems
[1.347s] INFO:colcon.colcon_core.shell:Skip shell extension 'powershell' for command environment: Not usable outside of PowerShell
[1.347s] DEBUG:colcon.colcon_core.shell:Skip shell extension 'dsv' for command environment
[1.431s] INFO:colcon.colcon_ros.task.ament_cmake.build:Building ROS package in '/home/ons/ros2_ws/src/articubot_one' with build type 'ament_cmake'
[1.432s] INFO:colcon.colcon_cmake.task.cmake.build:Building CMake package in '/home/ons/ros2_ws/src/articubot_one'
[1.453s] INFO:colcon.colcon_core.shell:Skip shell extension 'powershell' for command environment: Not usable outside of PowerShell
[1.453s] DEBUG:colcon.colcon_core.shell:Skip shell extension 'dsv' for command environment
[1.545s] INFO:colcon.colcon_ros.task.ament_cmake.build:Building ROS package in '/home/ons/ros2_ws/src/diffdrive_arduino' with build type 'ament_cmake'
[1.545s] INFO:colcon.colcon_cmake.task.cmake.build:Building CMake package in '/home/ons/ros2_ws/src/diffdrive_arduino'
[1.575s] INFO:colcon.colcon_core.shell:Skip shell extension 'powershell' for command environment: Not usable outside of PowerShell
[1.575s] DEBUG:colcon.colcon_core.shell:Skip shell extension 'dsv' for command environment
[1.647s] INFO:colcon.colcon_ros.task.ament_python.build:Building ROS package in '/home/ons/ros2_ws/src/test_node' with build type 'ament_python'
[1.648s] Level 1:colcon.colcon_core.shell:create_environment_hook('test_node', 'ament_prefix_path')
[1.673s] INFO:colcon.colcon_core.shell:Creating environment hook '/home/ons/ros2_ws/install/test_node/share/test_node/hook/ament_prefix_path.ps1'
[1.674s] INFO:colcon.colcon_core.shell:Creating environment descriptor '/home/ons/ros2_ws/install/test_node/share/test_node/hook/ament_prefix_path.dsv'
[1.675s] INFO:colcon.colcon_core.shell:Creating environment hook '/home/ons/ros2_ws/install/test_node/share/test_node/hook/ament_prefix_path.sh'
[1.693s] INFO:colcon.colcon_core.shell:Skip shell extension 'powershell' for command environment: Not usable outside of PowerShell
[1.693s] DEBUG:colcon.colcon_core.shell:Skip shell extension 'dsv' for command environment
[1.764s] DEBUG:colcon.colcon_core.event_handler.log_command:Invoking command in '/home/ons/ros2_ws/build/serial_motor_demo_msgs': CMAKE_PREFIX_PATH=${CMAKE_PREFIX_PATH}:/home/ons/ros2_ws/install/test_node:/home/ons/ros2_ws/install/serial_motor_demo:/opt/ros/humble /usr/bin/cmake /home/ons/ros2_ws/src/serial_motor_demo/serial_motor_demo_msgs -DCMAKE_INSTALL_PREFIX=/home/ons/ros2_ws/install/serial_motor_demo_msgs
[1.780s] DEBUG:colcon.colcon_core.event_handler.log_command:Invoking command in '/home/ons/ros2_ws/build/articubot_one': CMAKE_PREFIX_PATH=${CMAKE_PREFIX_PATH}:/home/ons/ros2_ws/install/test_node:/home/ons/ros2_ws/install/serial_motor_demo:/opt/ros/humble /usr/bin/cmake /home/ons/ros2_ws/src/articubot_one -DCMAKE_INSTALL_PREFIX=/home/ons/ros2_ws/install/articubot_one
[1.782s] DEBUG:colcon.colcon_core.event_handler.log_command:Invoking command in '/home/ons/ros2_ws/build/diffdrive_arduino': CMAKE_PREFIX_PATH=${CMAKE_PREFIX_PATH}:/home/ons/ros2_ws/install/test_node:/home/ons/ros2_ws/install/serial_motor_demo:/opt/ros/humble /usr/bin/cmake /home/ons/ros2_ws/src/diffdrive_arduino -DCMAKE_INSTALL_PREFIX=/home/ons/ros2_ws/install/diffdrive_arduino
[2.536s] INFO:colcon.colcon_core.task.python.build:Building Python package in '/home/ons/ros2_ws/src/test_node'
[2.650s] INFO:colcon.colcon_core.shell:Skip shell extension 'powershell' for command environment: Not usable outside of PowerShell
[2.650s] DEBUG:colcon.colcon_core.shell:Skip shell extension 'dsv' for command environment
[2.790s] DEBUG:colcon.colcon_core.event_handler.log_command:Invoked command in '/home/ons/ros2_ws/build/articubot_one' returned '0': CMAKE_PREFIX_PATH=${CMAKE_PREFIX_PATH}:/home/ons/ros2_ws/install/test_node:/home/ons/ros2_ws/install/serial_motor_demo:/opt/ros/humble /usr/bin/cmake /home/ons/ros2_ws/src/articubot_one -DCMAKE_INSTALL_PREFIX=/home/ons/ros2_ws/install/articubot_one
[2.791s] DEBUG:colcon.colcon_core.event_handler.log_command:Invoking command in '/home/ons/ros2_ws/build/articubot_one': CMAKE_PREFIX_PATH=${CMAKE_PREFIX_PATH}:/home/ons/ros2_ws/install/test_node:/home/ons/ros2_ws/install/serial_motor_demo:/opt/ros/humble /usr/bin/cmake --build /home/ons/ros2_ws/build/articubot_one -- -j4 -l4
[2.902s] DEBUG:colcon.colcon_core.event_handler.log_command:Invoked command in '/home/ons/ros2_ws/build/articubot_one' returned '0': CMAKE_PREFIX_PATH=${CMAKE_PREFIX_PATH}:/home/ons/ros2_ws/install/test_node:/home/ons/ros2_ws/install/serial_motor_demo:/opt/ros/humble /usr/bin/cmake --build /home/ons/ros2_ws/build/articubot_one -- -j4 -l4
[2.982s] DEBUG:colcon.colcon_core.event_handler.log_command:Invoking command in '/home/ons/ros2_ws/build/articubot_one': CMAKE_PREFIX_PATH=${CMAKE_PREFIX_PATH}:/home/ons/ros2_ws/install/test_node:/home/ons/ros2_ws/install/serial_motor_demo:/opt/ros/humble /usr/bin/cmake --install /home/ons/ros2_ws/build/articubot_one
[3.053s] Level 1:colcon.colcon_core.environment:create_environment_scripts_only(articubot_one)
[3.065s] DEBUG:colcon.colcon_core.event_handler.log_command:Invoked command in '/home/ons/ros2_ws/build/articubot_one' returned '0': CMAKE_PREFIX_PATH=${CMAKE_PREFIX_PATH}:/home/ons/ros2_ws/install/test_node:/home/ons/ros2_ws/install/serial_motor_demo:/opt/ros/humble /usr/bin/cmake --install /home/ons/ros2_ws/build/articubot_one
[3.092s] Level 1:colcon.colcon_core.environment:checking '/home/ons/ros2_ws/install/articubot_one' for CMake module files
[3.096s] Level 1:colcon.colcon_core.environment:checking '/home/ons/ros2_ws/install/articubot_one' for CMake config files
[3.096s] Level 1:colcon.colcon_core.shell:create_environment_hook('articubot_one', 'cmake_prefix_path')
[3.140s] INFO:colcon.colcon_core.shell:Creating environment hook '/home/ons/ros2_ws/install/articubot_one/share/articubot_one/hook/cmake_prefix_path.ps1'
[3.142s] INFO:colcon.colcon_core.shell:Creating environment descriptor '/home/ons/ros2_ws/install/articubot_one/share/articubot_one/hook/cmake_prefix_path.dsv'
[3.143s] INFO:colcon.colcon_core.shell:Creating environment hook '/home/ons/ros2_ws/install/articubot_one/share/articubot_one/hook/cmake_prefix_path.sh'
[3.145s] Level 1:colcon.colcon_core.environment:checking '/home/ons/ros2_ws/install/articubot_one/bin'
[3.146s] Level 1:colcon.colcon_core.environment:checking '/home/ons/ros2_ws/install/articubot_one/lib/pkgconfig/articubot_one.pc'
[3.147s] Level 1:colcon.colcon_core.environment:checking '/home/ons/ros2_ws/install/articubot_one/lib/python3.10/site-packages'
[3.147s] Level 1:colcon.colcon_core.environment:checking '/home/ons/ros2_ws/install/articubot_one/bin'
[3.186s] INFO:colcon.colcon_core.shell:Creating package script '/home/ons/ros2_ws/install/articubot_one/share/articubot_one/package.ps1'
[3.188s] INFO:colcon.colcon_core.shell:Creating package descriptor '/home/ons/ros2_ws/install/articubot_one/share/articubot_one/package.dsv'
[3.190s] INFO:colcon.colcon_core.shell:Creating package script '/home/ons/ros2_ws/install/articubot_one/share/articubot_one/package.sh'
[3.192s] INFO:colcon.colcon_core.shell:Creating package script '/home/ons/ros2_ws/install/articubot_one/share/articubot_one/package.bash'
[3.195s] INFO:colcon.colcon_core.shell:Creating package script '/home/ons/ros2_ws/install/articubot_one/share/articubot_one/package.zsh'
[3.197s] Level 1:colcon.colcon_core.environment:create_file_with_runtime_dependencies(/home/ons/ros2_ws/install/articubot_one/share/colcon-core/packages/articubot_one)
[3.296s] Level 1:colcon.colcon_core.environment:create_environment_scripts_only(articubot_one)
[3.331s] Level 1:colcon.colcon_core.environment:checking '/home/ons/ros2_ws/install/articubot_one' for CMake module files
[3.332s] Level 1:colcon.colcon_core.environment:checking '/home/ons/ros2_ws/install/articubot_one' for CMake config files
[3.333s] Level 1:colcon.colcon_core.shell:create_environment_hook('articubot_one', 'cmake_prefix_path')
[3.371s] INFO:colcon.colcon_core.shell:Creating environment hook '/home/ons/ros2_ws/install/articubot_one/share/articubot_one/hook/cmake_prefix_path.ps1'
[3.373s] INFO:colcon.colcon_core.shell:Creating environment descriptor '/home/ons/ros2_ws/install/articubot_one/share/articubot_one/hook/cmake_prefix_path.dsv'
[3.374s] INFO:colcon.colcon_core.shell:Creating environment hook '/home/ons/ros2_ws/install/articubot_one/share/articubot_one/hook/cmake_prefix_path.sh'
[3.376s] Level 1:colcon.colcon_core.environment:checking '/home/ons/ros2_ws/install/articubot_one/bin'
[3.376s] Level 1:colcon.colcon_core.environment:checking '/home/ons/ros2_ws/install/articubot_one/lib/pkgconfig/articubot_one.pc'
[3.377s] Level 1:colcon.colcon_core.environment:checking '/home/ons/ros2_ws/install/articubot_one/lib/python3.10/site-packages'
[3.377s] Level 1:colcon.colcon_core.environment:checking '/home/ons/ros2_ws/install/articubot_one/bin'
[3.412s] INFO:colcon.colcon_core.shell:Creating package script '/home/ons/ros2_ws/install/articubot_one/share/articubot_one/package.ps1'
[3.414s] INFO:colcon.colcon_core.shell:Creating package descriptor '/home/ons/ros2_ws/install/articubot_one/share/articubot_one/package.dsv'
[3.415s] INFO:colcon.colcon_core.shell:Creating package script '/home/ons/ros2_ws/install/articubot_one/share/articubot_one/package.sh'
[3.419s] INFO:colcon.colcon_core.shell:Creating package script '/home/ons/ros2_ws/install/articubot_one/share/articubot_one/package.bash'
[3.422s] INFO:colcon.colcon_core.shell:Creating package script '/home/ons/ros2_ws/install/articubot_one/share/articubot_one/package.zsh'
[3.423s] Level 1:colcon.colcon_core.environment:create_file_with_runtime_dependencies(/home/ons/ros2_ws/install/articubot_one/share/colcon-core/packages/articubot_one)
[3.426s] INFO:colcon.colcon_ros.task.ament_cmake.build:Building ROS package in '/home/ons/ros2_ws/src/ydlidar_ros2' with build type 'ament_cmake'
[3.426s] INFO:colcon.colcon_cmake.task.cmake.build:Building CMake package in '/home/ons/ros2_ws/src/ydlidar_ros2'
[3.466s] INFO:colcon.colcon_core.shell:Skip shell extension 'powershell' for command environment: Not usable outside of PowerShell
[3.467s] DEBUG:colcon.colcon_core.shell:Skip shell extension 'dsv' for command environment
[3.676s] DEBUG:colcon.colcon_core.event_handler.log_command:Invoking command in '/home/ons/ros2_ws/build/ydlidar': CMAKE_PREFIX_PATH=${CMAKE_PREFIX_PATH}:/home/ons/ros2_ws/install/test_node:/home/ons/ros2_ws/install/serial_motor_demo:/opt/ros/humble /usr/bin/cmake /home/ons/ros2_ws/src/ydlidar_ros2 -DCMAKE_INSTALL_PREFIX=/home/ons/ros2_ws/install/ydlidar
[3.887s] DEBUG:colcon.colcon_core.event_handler.log_command:Invoking command in '/home/ons/ros2_ws/build/test_node': PYTHONPATH=/home/ons/ros2_ws/build/test_node/prefix_override:/home/ons/ros2_ws/install/test_node/lib/python3.10/site-packages:${PYTHONPATH} /usr/bin/python3 setup.py develop --uninstall --editable --build-directory /home/ons/ros2_ws/build/test_node/build
[4.838s] DEBUG:colcon.colcon_core.event_handler.log_command:Invoked command in '/home/ons/ros2_ws/build/serial_motor_demo_msgs' returned '0': CMAKE_PREFIX_PATH=${CMAKE_PREFIX_PATH}:/home/ons/ros2_ws/install/test_node:/home/ons/ros2_ws/install/serial_motor_demo:/opt/ros/humble /usr/bin/cmake /home/ons/ros2_ws/src/serial_motor_demo/serial_motor_demo_msgs -DCMAKE_INSTALL_PREFIX=/home/ons/ros2_ws/install/serial_motor_demo_msgs
[4.839s] DEBUG:colcon.colcon_core.event_handler.log_command:Invoking command in '/home/ons/ros2_ws/build/serial_motor_demo_msgs': CMAKE_PREFIX_PATH=${CMAKE_PREFIX_PATH}:/home/ons/ros2_ws/install/test_node:/home/ons/ros2_ws/install/serial_motor_demo:/opt/ros/humble /usr/bin/cmake --build /home/ons/ros2_ws/build/serial_motor_demo_msgs -- -j4 -l4
[5.262s] DEBUG:colcon.colcon_core.event_handler.log_command:Invoked command in '/home/ons/ros2_ws/build/serial_motor_demo_msgs' returned '2': CMAKE_PREFIX_PATH=${CMAKE_PREFIX_PATH}:/home/ons/ros2_ws/install/test_node:/home/ons/ros2_ws/install/serial_motor_demo:/opt/ros/humble /usr/bin/cmake --build /home/ons/ros2_ws/build/serial_motor_demo_msgs -- -j4 -l4
[5.667s] DEBUG:colcon.colcon_core.event_handler.log_command:Invoked command in '/home/ons/ros2_ws/build/diffdrive_arduino' returned '0': CMAKE_PREFIX_PATH=${CMAKE_PREFIX_PATH}:/home/ons/ros2_ws/install/test_node:/home/ons/ros2_ws/install/serial_motor_demo:/opt/ros/humble /usr/bin/cmake /home/ons/ros2_ws/src/diffdrive_arduino -DCMAKE_INSTALL_PREFIX=/home/ons/ros2_ws/install/diffdrive_arduino
[5.668s] DEBUG:colcon.colcon_core.event_handler.log_command:Invoking command in '/home/ons/ros2_ws/build/diffdrive_arduino': CMAKE_PREFIX_PATH=${CMAKE_PREFIX_PATH}:/home/ons/ros2_ws/install/test_node:/home/ons/ros2_ws/install/serial_motor_demo:/opt/ros/humble /usr/bin/cmake --build /home/ons/ros2_ws/build/diffdrive_arduino -- -j4 -l4
[5.770s] Level 1:colcon.colcon_core.environment:create_environment_scripts_only(serial_motor_demo_msgs)
[5.817s] Level 1:colcon.colcon_core.environment:checking '/home/ons/ros2_ws/install/serial_motor_demo_msgs' for CMake module files
[5.819s] Level 1:colcon.colcon_core.environment:checking '/home/ons/ros2_ws/install/serial_motor_demo_msgs' for CMake config files
[5.820s] Level 1:colcon.colcon_core.shell:create_environment_hook('serial_motor_demo_msgs', 'cmake_prefix_path')
[5.846s] INFO:colcon.colcon_core.shell:Creating environment hook '/home/ons/ros2_ws/install/serial_motor_demo_msgs/share/serial_motor_demo_msgs/hook/cmake_prefix_path.ps1'
[5.848s] INFO:colcon.colcon_core.shell:Creating environment descriptor '/home/ons/ros2_ws/install/serial_motor_demo_msgs/share/serial_motor_demo_msgs/hook/cmake_prefix_path.dsv'
[5.850s] INFO:colcon.colcon_core.shell:Creating environment hook '/home/ons/ros2_ws/install/serial_motor_demo_msgs/share/serial_motor_demo_msgs/hook/cmake_prefix_path.sh'
[5.851s] Level 1:colcon.colcon_core.environment:checking '/home/ons/ros2_ws/install/serial_motor_demo_msgs/lib'
[5.852s] Level 1:colcon.colcon_core.shell:create_environment_hook('serial_motor_demo_msgs', 'ld_library_path_lib')
[5.873s] INFO:colcon.colcon_core.shell:Creating environment hook '/home/ons/ros2_ws/install/serial_motor_demo_msgs/share/serial_motor_demo_msgs/hook/ld_library_path_lib.ps1'
[5.875s] INFO:colcon.colcon_core.shell:Creating environment descriptor '/home/ons/ros2_ws/install/serial_motor_demo_msgs/share/serial_motor_demo_msgs/hook/ld_library_path_lib.dsv'
[5.875s] INFO:colcon.colcon_core.shell:Creating environment hook '/home/ons/ros2_ws/install/serial_motor_demo_msgs/share/serial_motor_demo_msgs/hook/ld_library_path_lib.sh'
[5.876s] Level 1:colcon.colcon_core.environment:checking '/home/ons/ros2_ws/install/serial_motor_demo_msgs/bin'
[5.877s] Level 1:colcon.colcon_core.environment:checking '/home/ons/ros2_ws/install/serial_motor_demo_msgs/lib/pkgconfig/serial_motor_demo_msgs.pc'
[5.877s] Level 1:colcon.colcon_core.environment:checking '/home/ons/ros2_ws/install/serial_motor_demo_msgs/lib/python3.10/site-packages'
[5.878s] Level 1:colcon.colcon_core.environment:checking '/home/ons/ros2_ws/install/serial_motor_demo_msgs/bin'
[5.906s] INFO:colcon.colcon_core.shell:Creating package script '/home/ons/ros2_ws/install/serial_motor_demo_msgs/share/serial_motor_demo_msgs/package.ps1'
[5.907s] INFO:colcon.colcon_core.shell:Creating package descriptor '/home/ons/ros2_ws/install/serial_motor_demo_msgs/share/serial_motor_demo_msgs/package.dsv'
[5.908s] INFO:colcon.colcon_core.shell:Creating package script '/home/ons/ros2_ws/install/serial_motor_demo_msgs/share/serial_motor_demo_msgs/package.sh'
[5.909s] INFO:colcon.colcon_core.shell:Creating package script '/home/ons/ros2_ws/install/serial_motor_demo_msgs/share/serial_motor_demo_msgs/package.bash'
[5.909s] INFO:colcon.colcon_core.shell:Creating package script '/home/ons/ros2_ws/install/serial_motor_demo_msgs/share/serial_motor_demo_msgs/package.zsh'
[5.910s] Level 1:colcon.colcon_core.environment:create_file_with_runtime_dependencies(/home/ons/ros2_ws/install/serial_motor_demo_msgs/share/colcon-core/packages/serial_motor_demo_msgs)
[9.971s] DEBUG:colcon.colcon_parallel_executor.executor.parallel:closing loop
[9.972s] DEBUG:colcon.colcon_parallel_executor.executor.parallel:loop closed
[9.972s] DEBUG:colcon.colcon_parallel_executor.executor.parallel:run_until_complete finished with '2'
[9.973s] DEBUG:colcon.colcon_core.event_reactor:joining thread
[10.045s] INFO:colcon.colcon_core.plugin_system:Skipping extension 'colcon_notification.desktop_notification.terminal_notifier': Not used on non-Darwin systems
[10.045s] INFO:colcon.colcon_core.plugin_system:Skipping extension 'colcon_notification.desktop_notification.win32': Not used on non-Windows systems
[10.045s] INFO:colcon.colcon_notification.desktop_notification:Sending desktop notification using 'notify2'
[10.056s] DEBUG:colcon.colcon_core.event_reactor:joined thread
[10.069s] INFO:colcon.colcon_core.shell:Creating prefix script '/home/ons/ros2_ws/install/local_setup.ps1'
[10.070s] INFO:colcon.colcon_core.shell:Creating prefix util module '/home/ons/ros2_ws/install/_local_setup_util_ps1.py'
[10.071s] INFO:colcon.colcon_core.shell:Creating prefix chain script '/home/ons/ros2_ws/install/setup.ps1'
[10.086s] INFO:colcon.colcon_core.shell:Creating prefix script '/home/ons/ros2_ws/install/local_setup.sh'
[10.086s] INFO:colcon.colcon_core.shell:Creating prefix util module '/home/ons/ros2_ws/install/_local_setup_util_sh.py'
[10.086s] INFO:colcon.colcon_core.shell:Creating prefix chain script '/home/ons/ros2_ws/install/setup.sh'
[10.102s] INFO:colcon.colcon_core.shell:Creating prefix script '/home/ons/ros2_ws/install/local_setup.bash'
[10.103s] INFO:colcon.colcon_core.shell:Creating prefix chain script '/home/ons/ros2_ws/install/setup.bash'
[10.117s] INFO:colcon.colcon_core.shell:Creating prefix script '/home/ons/ros2_ws/install/local_setup.zsh'
[10.117s] INFO:colcon.colcon_core.shell:Creating prefix chain script '/home/ons/ros2_ws/install/setup.zsh'
