[0.267s] Invoking command in '/home/ons/ros2_ws/build/ydlidar_ros2_driver': CMAKE_PREFIX_PATH=/opt/ros/humble /usr/bin/cmake /home/ons/ros2_ws/src/ydlidar_ros2_driver-master -DCMAKE_INSTALL_PREFIX=/home/ons/ros2_ws/install/ydlidar_ros2_driver
[0.390s] -- The C compiler identification is GNU 11.4.0
[0.500s] -- The CXX compiler identification is GNU 11.4.0
[0.511s] -- Detecting C compiler ABI info
[0.599s] -- Detecting C compiler ABI info - done
[0.605s] -- Check for working C compiler: /usr/bin/cc - skipped
[0.605s] -- Detecting C compile features
[0.606s] -- Detecting C compile features - done
[0.611s] -- Detecting CXX compiler ABI info
[0.690s] -- Detecting CXX compiler ABI info - done
[0.693s] -- Check for working CXX compiler: /usr/bin/c++ - skipped
[0.694s] -- Detecting CXX compile features
[0.694s] -- Detecting CXX compile features - done
[0.698s] -- Found ament_cmake: 1.3.5 (/opt/ros/humble/share/ament_cmake/cmake)
[0.878s] -- Found Python3: /usr/bin/python3.10 (found version "3.10.12") found components: Interpreter 
[1.002s] -- Found rclcpp: 16.0.5 (/opt/ros/humble/share/rclcpp/cmake)
[1.067s] -- Found rosidl_generator_c: 3.1.5 (/opt/ros/humble/share/rosidl_generator_c/cmake)
[1.072s] -- Found rosidl_adapter: 3.1.5 (/opt/ros/humble/share/rosidl_adapter/cmake)
[1.080s] -- Found rosidl_generator_cpp: 3.1.5 (/opt/ros/humble/share/rosidl_generator_cpp/cmake)
[1.099s] -- Using all available rosidl_typesupport_c: rosidl_typesupport_fastrtps_c;rosidl_typesupport_introspection_c
[1.124s] -- Using all available rosidl_typesupport_cpp: rosidl_typesupport_fastrtps_cpp;rosidl_typesupport_introspection_cpp
[1.214s] -- Found rmw_implementation_cmake: 6.1.1 (/opt/ros/humble/share/rmw_implementation_cmake/cmake)
[1.217s] -- Found rmw_fastrtps_cpp: 6.2.3 (/opt/ros/humble/share/rmw_fastrtps_cpp/cmake)
[1.302s] -- Found OpenSSL: /usr/lib/x86_64-linux-gnu/libcrypto.so (found version "3.0.2")  
[1.335s] -- Found FastRTPS: /opt/ros/humble/include  
[1.385s] -- Using RMW implementation 'rmw_fastrtps_cpp' as default
[1.397s] -- Looking for pthread.h
[1.468s] -- Looking for pthread.h - found
[1.469s] -- Performing Test CMAKE_HAVE_LIBC_PTHREAD
[1.533s] -- Performing Test CMAKE_HAVE_LIBC_PTHREAD - Success
[1.534s] -- Found Threads: TRUE  
[1.748s] -- Found sensor_msgs: 4.2.3 (/opt/ros/humble/share/sensor_msgs/cmake)
[1.881s] -- Found visualization_msgs: 4.2.3 (/opt/ros/humble/share/visualization_msgs/cmake)
[1.992s] -- Found std_srvs: 4.2.3 (/opt/ros/humble/share/std_srvs/cmake)
[2.016s] [31mCMake Error at CMakeLists.txt:25 (find_package):
[2.017s]   By not providing "Findydlidar_sdk.cmake" in CMAKE_MODULE_PATH this project
[2.017s]   has asked CMake to find a package configuration file provided by
[2.017s]   "ydlidar_sdk", but CMake did not find one.
[2.017s] 
[2.017s]   Could not find a package configuration file provided by "ydlidar_sdk" with
[2.017s]   any of the following names:
[2.017s] 
[2.017s]     ydlidar_sdkConfig.cmake
[2.017s]     ydlidar_sdk-config.cmake
[2.017s] 
[2.018s]   Add the installation prefix of "ydlidar_sdk" to CMAKE_PREFIX_PATH or set
[2.018s]   "ydlidar_sdk_DIR" to a directory containing one of the above files.  If
[2.018s]   "ydlidar_sdk" provides a separate development package or SDK, be sure it
[2.018s]   has been installed.
[2.018s] 
[2.018s] [0m
[2.018s] -- Configuring incomplete, errors occurred!
[2.018s] See also "/home/ons/ros2_ws/build/ydlidar_ros2_driver/CMakeFiles/CMakeOutput.log".
[2.027s] Invoked command in '/home/ons/ros2_ws/build/ydlidar_ros2_driver' returned '1': CMAKE_PREFIX_PATH=/opt/ros/humble /usr/bin/cmake /home/ons/ros2_ws/src/ydlidar_ros2_driver-master -DCMAKE_INSTALL_PREFIX=/home/ons/ros2_ws/install/ydlidar_ros2_driver
