[0.998s] DEBUG:colcon:Command line arguments: ['/usr/bin/colcon', 'build', '--packages-skip', 'serial_motor_demo_msgs']
[0.998s] DEBUG:colcon:Parsed command line arguments: Namespace(log_base=None, log_level=None, verb_name='build', build_base='build', install_base='install', merge_install=False, symlink_install=False, test_result_base=None, continue_on_error=False, executor='parallel', parallel_workers=4, event_handlers=None, ignore_user_meta=False, metas=['./colcon.meta'], base_paths=['.'], packages_ignore=None, packages_ignore_regex=None, paths=None, packages_up_to=None, packages_up_to_regex=None, packages_above=None, packages_above_and_dependencies=None, packages_above_depth=None, packages_select_by_dep=None, packages_skip_by_dep=None, packages_skip_up_to=None, packages_select_build_failed=False, packages_skip_build_finished=False, packages_select_test_failures=False, packages_skip_test_passed=False, packages_select=None, packages_skip=['serial_motor_demo_msgs'], packages_select_regex=None, packages_skip_regex=None, packages_start=None, packages_end=None, allow_overriding=[], cmake_args=None, cmake_target=None, cmake_target_skip_unavailable=False, cmake_clean_cache=False, cmake_clean_first=False, cmake_force_configure=False, ament_cmake_args=None, catkin_cmake_args=None, catkin_skip_building_tests=False, verb_parser=<colcon_defaults.argument_parser.defaults.DefaultArgumentsDecorator object at 0x7fc58f992dd0>, verb_extension=<colcon_core.verb.build.BuildVerb object at 0x7fc58f990f40>, main=<bound method BuildVerb.main of <colcon_core.verb.build.BuildVerb object at 0x7fc58f990f40>>)
[1.048s] Level 1:colcon.colcon_core.package_discovery:discover_packages(colcon_meta) check parameters
[1.049s] Level 1:colcon.colcon_core.package_discovery:discover_packages(recursive) check parameters
[1.049s] Level 1:colcon.colcon_core.package_discovery:discover_packages(ignore) check parameters
[1.049s] Level 1:colcon.colcon_core.package_discovery:discover_packages(path) check parameters
[1.049s] Level 1:colcon.colcon_core.package_discovery:discover_packages(colcon_meta) discover
[1.049s] Level 1:colcon.colcon_core.package_discovery:discover_packages(recursive) discover
[1.049s] INFO:colcon.colcon_core.package_discovery:Crawling recursively for packages in '/home/ons/ros2_ws'
[1.049s] Level 1:colcon.colcon_core.package_identification:_identify(.) by extensions ['ignore', 'ignore_ament_install']
[1.049s] Level 1:colcon.colcon_core.package_identification:_identify(.) by extension 'ignore'
[1.049s] Level 1:colcon.colcon_core.package_identification:_identify(.) by extension 'ignore_ament_install'
[1.049s] Level 1:colcon.colcon_core.package_identification:_identify(.) by extensions ['colcon_pkg']
[1.049s] Level 1:colcon.colcon_core.package_identification:_identify(.) by extension 'colcon_pkg'
[1.049s] Level 1:colcon.colcon_core.package_identification:_identify(.) by extensions ['colcon_meta']
[1.049s] Level 1:colcon.colcon_core.package_identification:_identify(.) by extension 'colcon_meta'
[1.049s] Level 1:colcon.colcon_core.package_identification:_identify(.) by extensions ['ros']
[1.049s] Level 1:colcon.colcon_core.package_identification:_identify(.) by extension 'ros'
[1.061s] Level 1:colcon.colcon_core.package_identification:_identify(.) by extensions ['cmake', 'python']
[1.061s] Level 1:colcon.colcon_core.package_identification:_identify(.) by extension 'cmake'
[1.061s] Level 1:colcon.colcon_core.package_identification:_identify(.) by extension 'python'
[1.061s] Level 1:colcon.colcon_core.package_identification:_identify(.) by extensions ['python_setup_py']
[1.061s] Level 1:colcon.colcon_core.package_identification:_identify(.) by extension 'python_setup_py'
[1.061s] Level 1:colcon.colcon_core.package_identification:_identify(build) by extensions ['ignore', 'ignore_ament_install']
[1.061s] Level 1:colcon.colcon_core.package_identification:_identify(build) by extension 'ignore'
[1.062s] Level 1:colcon.colcon_core.package_identification:_identify(build) ignored
[1.062s] Level 1:colcon.colcon_core.package_identification:_identify(install) by extensions ['ignore', 'ignore_ament_install']
[1.062s] Level 1:colcon.colcon_core.package_identification:_identify(install) by extension 'ignore'
[1.062s] Level 1:colcon.colcon_core.package_identification:_identify(install) ignored
[1.062s] Level 1:colcon.colcon_core.package_identification:_identify(log) by extensions ['ignore', 'ignore_ament_install']
[1.062s] Level 1:colcon.colcon_core.package_identification:_identify(log) by extension 'ignore'
[1.062s] Level 1:colcon.colcon_core.package_identification:_identify(log) ignored
[1.062s] Level 1:colcon.colcon_core.package_identification:_identify(src) by extensions ['ignore', 'ignore_ament_install']
[1.062s] Level 1:colcon.colcon_core.package_identification:_identify(src) by extension 'ignore'
[1.062s] Level 1:colcon.colcon_core.package_identification:_identify(src) by extension 'ignore_ament_install'
[1.063s] Level 1:colcon.colcon_core.package_identification:_identify(src) by extensions ['colcon_pkg']
[1.063s] Level 1:colcon.colcon_core.package_identification:_identify(src) by extension 'colcon_pkg'
[1.063s] Level 1:colcon.colcon_core.package_identification:_identify(src) by extensions ['colcon_meta']
[1.063s] Level 1:colcon.colcon_core.package_identification:_identify(src) by extension 'colcon_meta'
[1.063s] Level 1:colcon.colcon_core.package_identification:_identify(src) by extensions ['ros']
[1.063s] Level 1:colcon.colcon_core.package_identification:_identify(src) by extension 'ros'
[1.063s] Level 1:colcon.colcon_core.package_identification:_identify(src) by extensions ['cmake', 'python']
[1.063s] Level 1:colcon.colcon_core.package_identification:_identify(src) by extension 'cmake'
[1.063s] Level 1:colcon.colcon_core.package_identification:_identify(src) by extension 'python'
[1.063s] Level 1:colcon.colcon_core.package_identification:_identify(src) by extensions ['python_setup_py']
[1.063s] Level 1:colcon.colcon_core.package_identification:_identify(src) by extension 'python_setup_py'
[1.063s] Level 1:colcon.colcon_core.package_identification:_identify(src/articubot_one) by extensions ['ignore', 'ignore_ament_install']
[1.063s] Level 1:colcon.colcon_core.package_identification:_identify(src/articubot_one) by extension 'ignore'
[1.063s] Level 1:colcon.colcon_core.package_identification:_identify(src/articubot_one) by extension 'ignore_ament_install'
[1.063s] Level 1:colcon.colcon_core.package_identification:_identify(src/articubot_one) by extensions ['colcon_pkg']
[1.063s] Level 1:colcon.colcon_core.package_identification:_identify(src/articubot_one) by extension 'colcon_pkg'
[1.063s] Level 1:colcon.colcon_core.package_identification:_identify(src/articubot_one) by extensions ['colcon_meta']
[1.064s] Level 1:colcon.colcon_core.package_identification:_identify(src/articubot_one) by extension 'colcon_meta'
[1.064s] Level 1:colcon.colcon_core.package_identification:_identify(src/articubot_one) by extensions ['ros']
[1.064s] Level 1:colcon.colcon_core.package_identification:_identify(src/articubot_one) by extension 'ros'
[1.066s] DEBUG:colcon.colcon_core.package_identification:Package 'src/articubot_one' with type 'ros.ament_cmake' and name 'articubot_one'
[1.067s] Level 1:colcon.colcon_core.package_identification:_identify(src/build) by extensions ['ignore', 'ignore_ament_install']
[1.067s] Level 1:colcon.colcon_core.package_identification:_identify(src/build) by extension 'ignore'
[1.067s] Level 1:colcon.colcon_core.package_identification:_identify(src/build) ignored
[1.067s] Level 1:colcon.colcon_core.package_identification:_identify(src/diffdrive_arduino) by extensions ['ignore', 'ignore_ament_install']
[1.067s] Level 1:colcon.colcon_core.package_identification:_identify(src/diffdrive_arduino) by extension 'ignore'
[1.067s] Level 1:colcon.colcon_core.package_identification:_identify(src/diffdrive_arduino) by extension 'ignore_ament_install'
[1.067s] Level 1:colcon.colcon_core.package_identification:_identify(src/diffdrive_arduino) by extensions ['colcon_pkg']
[1.067s] Level 1:colcon.colcon_core.package_identification:_identify(src/diffdrive_arduino) by extension 'colcon_pkg'
[1.067s] Level 1:colcon.colcon_core.package_identification:_identify(src/diffdrive_arduino) by extensions ['colcon_meta']
[1.067s] Level 1:colcon.colcon_core.package_identification:_identify(src/diffdrive_arduino) by extension 'colcon_meta'
[1.067s] Level 1:colcon.colcon_core.package_identification:_identify(src/diffdrive_arduino) by extensions ['ros']
[1.067s] Level 1:colcon.colcon_core.package_identification:_identify(src/diffdrive_arduino) by extension 'ros'
[1.068s] DEBUG:colcon.colcon_core.package_identification:Package 'src/diffdrive_arduino' with type 'ros.ament_cmake' and name 'diffdrive_arduino'
[1.069s] Level 1:colcon.colcon_core.package_identification:_identify(src/install) by extensions ['ignore', 'ignore_ament_install']
[1.069s] Level 1:colcon.colcon_core.package_identification:_identify(src/install) by extension 'ignore'
[1.069s] Level 1:colcon.colcon_core.package_identification:_identify(src/install) ignored
[1.069s] Level 1:colcon.colcon_core.package_identification:_identify(src/log) by extensions ['ignore', 'ignore_ament_install']
[1.069s] Level 1:colcon.colcon_core.package_identification:_identify(src/log) by extension 'ignore'
[1.069s] Level 1:colcon.colcon_core.package_identification:_identify(src/log) ignored
[1.069s] Level 1:colcon.colcon_core.package_identification:_identify(src/serial_motor_demo) by extensions ['ignore', 'ignore_ament_install']
[1.069s] Level 1:colcon.colcon_core.package_identification:_identify(src/serial_motor_demo) by extension 'ignore'
[1.069s] Level 1:colcon.colcon_core.package_identification:_identify(src/serial_motor_demo) by extension 'ignore_ament_install'
[1.069s] Level 1:colcon.colcon_core.package_identification:_identify(src/serial_motor_demo) by extensions ['colcon_pkg']
[1.069s] Level 1:colcon.colcon_core.package_identification:_identify(src/serial_motor_demo) by extension 'colcon_pkg'
[1.070s] Level 1:colcon.colcon_core.package_identification:_identify(src/serial_motor_demo) by extensions ['colcon_meta']
[1.070s] Level 1:colcon.colcon_core.package_identification:_identify(src/serial_motor_demo) by extension 'colcon_meta'
[1.070s] Level 1:colcon.colcon_core.package_identification:_identify(src/serial_motor_demo) by extensions ['ros']
[1.070s] Level 1:colcon.colcon_core.package_identification:_identify(src/serial_motor_demo) by extension 'ros'
[1.070s] Level 1:colcon.colcon_core.package_identification:_identify(src/serial_motor_demo) by extensions ['cmake', 'python']
[1.070s] Level 1:colcon.colcon_core.package_identification:_identify(src/serial_motor_demo) by extension 'cmake'
[1.070s] Level 1:colcon.colcon_core.package_identification:_identify(src/serial_motor_demo) by extension 'python'
[1.070s] Level 1:colcon.colcon_core.package_identification:_identify(src/serial_motor_demo) by extensions ['python_setup_py']
[1.070s] Level 1:colcon.colcon_core.package_identification:_identify(src/serial_motor_demo) by extension 'python_setup_py'
[1.070s] Level 1:colcon.colcon_core.package_identification:_identify(src/serial_motor_demo/serial_motor_demo) by extensions ['ignore', 'ignore_ament_install']
[1.070s] Level 1:colcon.colcon_core.package_identification:_identify(src/serial_motor_demo/serial_motor_demo) by extension 'ignore'
[1.070s] Level 1:colcon.colcon_core.package_identification:_identify(src/serial_motor_demo/serial_motor_demo) by extension 'ignore_ament_install'
[1.070s] Level 1:colcon.colcon_core.package_identification:_identify(src/serial_motor_demo/serial_motor_demo) by extensions ['colcon_pkg']
[1.071s] Level 1:colcon.colcon_core.package_identification:_identify(src/serial_motor_demo/serial_motor_demo) by extension 'colcon_pkg'
[1.071s] Level 1:colcon.colcon_core.package_identification:_identify(src/serial_motor_demo/serial_motor_demo) by extensions ['colcon_meta']
[1.071s] Level 1:colcon.colcon_core.package_identification:_identify(src/serial_motor_demo/serial_motor_demo) by extension 'colcon_meta'
[1.071s] Level 1:colcon.colcon_core.package_identification:_identify(src/serial_motor_demo/serial_motor_demo) by extensions ['ros']
[1.071s] Level 1:colcon.colcon_core.package_identification:_identify(src/serial_motor_demo/serial_motor_demo) by extension 'ros'
[1.071s] DEBUG:colcon.colcon_core.package_identification:Package 'src/serial_motor_demo/serial_motor_demo' with type 'ros.ament_python' and name 'serial_motor_demo'
[1.072s] Level 1:colcon.colcon_core.package_identification:_identify(src/serial_motor_demo/serial_motor_demo_msgs) by extensions ['ignore', 'ignore_ament_install']
[1.072s] Level 1:colcon.colcon_core.package_identification:_identify(src/serial_motor_demo/serial_motor_demo_msgs) by extension 'ignore'
[1.072s] Level 1:colcon.colcon_core.package_identification:_identify(src/serial_motor_demo/serial_motor_demo_msgs) by extension 'ignore_ament_install'
[1.072s] Level 1:colcon.colcon_core.package_identification:_identify(src/serial_motor_demo/serial_motor_demo_msgs) by extensions ['colcon_pkg']
[1.072s] Level 1:colcon.colcon_core.package_identification:_identify(src/serial_motor_demo/serial_motor_demo_msgs) by extension 'colcon_pkg'
[1.072s] Level 1:colcon.colcon_core.package_identification:_identify(src/serial_motor_demo/serial_motor_demo_msgs) by extensions ['colcon_meta']
[1.072s] Level 1:colcon.colcon_core.package_identification:_identify(src/serial_motor_demo/serial_motor_demo_msgs) by extension 'colcon_meta'
[1.072s] Level 1:colcon.colcon_core.package_identification:_identify(src/serial_motor_demo/serial_motor_demo_msgs) by extensions ['ros']
[1.072s] Level 1:colcon.colcon_core.package_identification:_identify(src/serial_motor_demo/serial_motor_demo_msgs) by extension 'ros'
[1.073s] DEBUG:colcon.colcon_core.package_identification:Package 'src/serial_motor_demo/serial_motor_demo_msgs' with type 'ros.ament_cmake' and name 'serial_motor_demo_msgs'
[1.073s] Level 1:colcon.colcon_core.package_identification:_identify(src/test_node) by extensions ['ignore', 'ignore_ament_install']
[1.073s] Level 1:colcon.colcon_core.package_identification:_identify(src/test_node) by extension 'ignore'
[1.073s] Level 1:colcon.colcon_core.package_identification:_identify(src/test_node) by extension 'ignore_ament_install'
[1.073s] Level 1:colcon.colcon_core.package_identification:_identify(src/test_node) by extensions ['colcon_pkg']
[1.073s] Level 1:colcon.colcon_core.package_identification:_identify(src/test_node) by extension 'colcon_pkg'
[1.073s] Level 1:colcon.colcon_core.package_identification:_identify(src/test_node) by extensions ['colcon_meta']
[1.073s] Level 1:colcon.colcon_core.package_identification:_identify(src/test_node) by extension 'colcon_meta'
[1.073s] Level 1:colcon.colcon_core.package_identification:_identify(src/test_node) by extensions ['ros']
[1.074s] Level 1:colcon.colcon_core.package_identification:_identify(src/test_node) by extension 'ros'
[1.075s] DEBUG:colcon.colcon_core.package_identification:Package 'src/test_node' with type 'ros.ament_python' and name 'test_node'
[1.075s] Level 1:colcon.colcon_core.package_identification:_identify(src/ydlidar_ros2) by extensions ['ignore', 'ignore_ament_install']
[1.075s] Level 1:colcon.colcon_core.package_identification:_identify(src/ydlidar_ros2) by extension 'ignore'
[1.075s] Level 1:colcon.colcon_core.package_identification:_identify(src/ydlidar_ros2) by extension 'ignore_ament_install'
[1.075s] Level 1:colcon.colcon_core.package_identification:_identify(src/ydlidar_ros2) by extensions ['colcon_pkg']
[1.075s] Level 1:colcon.colcon_core.package_identification:_identify(src/ydlidar_ros2) by extension 'colcon_pkg'
[1.075s] Level 1:colcon.colcon_core.package_identification:_identify(src/ydlidar_ros2) by extensions ['colcon_meta']
[1.075s] Level 1:colcon.colcon_core.package_identification:_identify(src/ydlidar_ros2) by extension 'colcon_meta'
[1.075s] Level 1:colcon.colcon_core.package_identification:_identify(src/ydlidar_ros2) by extensions ['ros']
[1.075s] Level 1:colcon.colcon_core.package_identification:_identify(src/ydlidar_ros2) by extension 'ros'
[1.076s] DEBUG:colcon.colcon_core.package_identification:Package 'src/ydlidar_ros2' with type 'ros.ament_cmake' and name 'ydlidar'
[1.077s] Level 1:colcon.colcon_core.package_discovery:discover_packages(recursive) using defaults
[1.077s] Level 1:colcon.colcon_core.package_discovery:discover_packages(ignore) discover
[1.077s] Level 1:colcon.colcon_core.package_discovery:discover_packages(ignore) using defaults
[1.077s] Level 1:colcon.colcon_core.package_discovery:discover_packages(path) discover
[1.077s] Level 1:colcon.colcon_core.package_discovery:discover_packages(path) using defaults
[1.137s] INFO:colcon.colcon_core.package_selection:Skipping package 'serial_motor_demo_msgs' in 'src/serial_motor_demo/serial_motor_demo_msgs'
[1.160s] Level 1:colcon.colcon_core.package_discovery:discover_packages(prefix_path) check parameters
[1.160s] Level 1:colcon.colcon_core.package_discovery:discover_packages(prefix_path) discover
[1.186s] DEBUG:colcon.colcon_installed_package_information.package_discovery:Found 7 installed packages in /home/ons/ros2_ws/install
[1.201s] DEBUG:colcon.colcon_installed_package_information.package_discovery:Found 324 installed packages in /opt/ros/humble
[1.213s] Level 1:colcon.colcon_core.package_discovery:discover_packages(prefix_path) using defaults
[1.323s] Level 5:colcon.colcon_core.verb:set package 'articubot_one' build argument 'cmake_args' from command line to 'None'
[1.323s] Level 5:colcon.colcon_core.verb:set package 'articubot_one' build argument 'cmake_target' from command line to 'None'
[1.323s] Level 5:colcon.colcon_core.verb:set package 'articubot_one' build argument 'cmake_target_skip_unavailable' from command line to 'False'
[1.323s] Level 5:colcon.colcon_core.verb:set package 'articubot_one' build argument 'cmake_clean_cache' from command line to 'False'
[1.323s] Level 5:colcon.colcon_core.verb:set package 'articubot_one' build argument 'cmake_clean_first' from command line to 'False'
[1.323s] Level 5:colcon.colcon_core.verb:set package 'articubot_one' build argument 'cmake_force_configure' from command line to 'False'
[1.323s] Level 5:colcon.colcon_core.verb:set package 'articubot_one' build argument 'ament_cmake_args' from command line to 'None'
[1.323s] Level 5:colcon.colcon_core.verb:set package 'articubot_one' build argument 'catkin_cmake_args' from command line to 'None'
[1.323s] Level 5:colcon.colcon_core.verb:set package 'articubot_one' build argument 'catkin_skip_building_tests' from command line to 'False'
[1.323s] DEBUG:colcon.colcon_core.verb:Building package 'articubot_one' with the following arguments: {'ament_cmake_args': None, 'build_base': '/home/ons/ros2_ws/build/articubot_one', 'catkin_cmake_args': None, 'catkin_skip_building_tests': False, 'cmake_args': None, 'cmake_clean_cache': False, 'cmake_clean_first': False, 'cmake_force_configure': False, 'cmake_target': None, 'cmake_target_skip_unavailable': False, 'install_base': '/home/ons/ros2_ws/install/articubot_one', 'merge_install': False, 'path': '/home/ons/ros2_ws/src/articubot_one', 'symlink_install': False, 'test_result_base': None}
[1.335s] Level 5:colcon.colcon_core.verb:set package 'diffdrive_arduino' build argument 'cmake_args' from command line to 'None'
[1.335s] Level 5:colcon.colcon_core.verb:set package 'diffdrive_arduino' build argument 'cmake_target' from command line to 'None'
[1.335s] Level 5:colcon.colcon_core.verb:set package 'diffdrive_arduino' build argument 'cmake_target_skip_unavailable' from command line to 'False'
[1.335s] Level 5:colcon.colcon_core.verb:set package 'diffdrive_arduino' build argument 'cmake_clean_cache' from command line to 'False'
[1.336s] Level 5:colcon.colcon_core.verb:set package 'diffdrive_arduino' build argument 'cmake_clean_first' from command line to 'False'
[1.336s] Level 5:colcon.colcon_core.verb:set package 'diffdrive_arduino' build argument 'cmake_force_configure' from command line to 'False'
[1.336s] Level 5:colcon.colcon_core.verb:set package 'diffdrive_arduino' build argument 'ament_cmake_args' from command line to 'None'
[1.336s] Level 5:colcon.colcon_core.verb:set package 'diffdrive_arduino' build argument 'catkin_cmake_args' from command line to 'None'
[1.336s] Level 5:colcon.colcon_core.verb:set package 'diffdrive_arduino' build argument 'catkin_skip_building_tests' from command line to 'False'
[1.336s] DEBUG:colcon.colcon_core.verb:Building package 'diffdrive_arduino' with the following arguments: {'ament_cmake_args': None, 'build_base': '/home/ons/ros2_ws/build/diffdrive_arduino', 'catkin_cmake_args': None, 'catkin_skip_building_tests': False, 'cmake_args': None, 'cmake_clean_cache': False, 'cmake_clean_first': False, 'cmake_force_configure': False, 'cmake_target': None, 'cmake_target_skip_unavailable': False, 'install_base': '/home/ons/ros2_ws/install/diffdrive_arduino', 'merge_install': False, 'path': '/home/ons/ros2_ws/src/diffdrive_arduino', 'symlink_install': False, 'test_result_base': None}
[1.348s] Level 5:colcon.colcon_core.verb:set package 'test_node' build argument 'cmake_args' from command line to 'None'
[1.348s] Level 5:colcon.colcon_core.verb:set package 'test_node' build argument 'cmake_target' from command line to 'None'
[1.348s] Level 5:colcon.colcon_core.verb:set package 'test_node' build argument 'cmake_target_skip_unavailable' from command line to 'False'
[1.348s] Level 5:colcon.colcon_core.verb:set package 'test_node' build argument 'cmake_clean_cache' from command line to 'False'
[1.348s] Level 5:colcon.colcon_core.verb:set package 'test_node' build argument 'cmake_clean_first' from command line to 'False'
[1.349s] Level 5:colcon.colcon_core.verb:set package 'test_node' build argument 'cmake_force_configure' from command line to 'False'
[1.349s] Level 5:colcon.colcon_core.verb:set package 'test_node' build argument 'ament_cmake_args' from command line to 'None'
[1.349s] Level 5:colcon.colcon_core.verb:set package 'test_node' build argument 'catkin_cmake_args' from command line to 'None'
[1.349s] Level 5:colcon.colcon_core.verb:set package 'test_node' build argument 'catkin_skip_building_tests' from command line to 'False'
[1.349s] DEBUG:colcon.colcon_core.verb:Building package 'test_node' with the following arguments: {'ament_cmake_args': None, 'build_base': '/home/ons/ros2_ws/build/test_node', 'catkin_cmake_args': None, 'catkin_skip_building_tests': False, 'cmake_args': None, 'cmake_clean_cache': False, 'cmake_clean_first': False, 'cmake_force_configure': False, 'cmake_target': None, 'cmake_target_skip_unavailable': False, 'install_base': '/home/ons/ros2_ws/install/test_node', 'merge_install': False, 'path': '/home/ons/ros2_ws/src/test_node', 'symlink_install': False, 'test_result_base': None}
[1.361s] Level 5:colcon.colcon_core.verb:set package 'ydlidar' build argument 'cmake_args' from command line to 'None'
[1.361s] Level 5:colcon.colcon_core.verb:set package 'ydlidar' build argument 'cmake_target' from command line to 'None'
[1.361s] Level 5:colcon.colcon_core.verb:set package 'ydlidar' build argument 'cmake_target_skip_unavailable' from command line to 'False'
[1.361s] Level 5:colcon.colcon_core.verb:set package 'ydlidar' build argument 'cmake_clean_cache' from command line to 'False'
[1.361s] Level 5:colcon.colcon_core.verb:set package 'ydlidar' build argument 'cmake_clean_first' from command line to 'False'
[1.361s] Level 5:colcon.colcon_core.verb:set package 'ydlidar' build argument 'cmake_force_configure' from command line to 'False'
[1.361s] Level 5:colcon.colcon_core.verb:set package 'ydlidar' build argument 'ament_cmake_args' from command line to 'None'
[1.361s] Level 5:colcon.colcon_core.verb:set package 'ydlidar' build argument 'catkin_cmake_args' from command line to 'None'
[1.361s] Level 5:colcon.colcon_core.verb:set package 'ydlidar' build argument 'catkin_skip_building_tests' from command line to 'False'
[1.361s] DEBUG:colcon.colcon_core.verb:Building package 'ydlidar' with the following arguments: {'ament_cmake_args': None, 'build_base': '/home/ons/ros2_ws/build/ydlidar', 'catkin_cmake_args': None, 'catkin_skip_building_tests': False, 'cmake_args': None, 'cmake_clean_cache': False, 'cmake_clean_first': False, 'cmake_force_configure': False, 'cmake_target': None, 'cmake_target_skip_unavailable': False, 'install_base': '/home/ons/ros2_ws/install/ydlidar', 'merge_install': False, 'path': '/home/ons/ros2_ws/src/ydlidar_ros2', 'symlink_install': False, 'test_result_base': None}
[1.374s] Level 5:colcon.colcon_core.verb:set package 'serial_motor_demo' build argument 'cmake_args' from command line to 'None'
[1.374s] Level 5:colcon.colcon_core.verb:set package 'serial_motor_demo' build argument 'cmake_target' from command line to 'None'
[1.374s] Level 5:colcon.colcon_core.verb:set package 'serial_motor_demo' build argument 'cmake_target_skip_unavailable' from command line to 'False'
[1.374s] Level 5:colcon.colcon_core.verb:set package 'serial_motor_demo' build argument 'cmake_clean_cache' from command line to 'False'
[1.374s] Level 5:colcon.colcon_core.verb:set package 'serial_motor_demo' build argument 'cmake_clean_first' from command line to 'False'
[1.374s] Level 5:colcon.colcon_core.verb:set package 'serial_motor_demo' build argument 'cmake_force_configure' from command line to 'False'
[1.374s] Level 5:colcon.colcon_core.verb:set package 'serial_motor_demo' build argument 'ament_cmake_args' from command line to 'None'
[1.374s] Level 5:colcon.colcon_core.verb:set package 'serial_motor_demo' build argument 'catkin_cmake_args' from command line to 'None'
[1.374s] Level 5:colcon.colcon_core.verb:set package 'serial_motor_demo' build argument 'catkin_skip_building_tests' from command line to 'False'
[1.374s] DEBUG:colcon.colcon_core.verb:Building package 'serial_motor_demo' with the following arguments: {'ament_cmake_args': None, 'build_base': '/home/ons/ros2_ws/build/serial_motor_demo', 'catkin_cmake_args': None, 'catkin_skip_building_tests': False, 'cmake_args': None, 'cmake_clean_cache': False, 'cmake_clean_first': False, 'cmake_force_configure': False, 'cmake_target': None, 'cmake_target_skip_unavailable': False, 'install_base': '/home/ons/ros2_ws/install/serial_motor_demo', 'merge_install': False, 'path': '/home/ons/ros2_ws/src/serial_motor_demo/serial_motor_demo', 'symlink_install': False, 'test_result_base': None}
[1.386s] INFO:colcon.colcon_core.executor:Executing jobs using 'parallel' executor
[1.399s] DEBUG:colcon.colcon_parallel_executor.executor.parallel:run_until_complete
[1.399s] INFO:colcon.colcon_ros.task.ament_cmake.build:Building ROS package in '/home/ons/ros2_ws/src/articubot_one' with build type 'ament_cmake'
[1.399s] INFO:colcon.colcon_cmake.task.cmake.build:Building CMake package in '/home/ons/ros2_ws/src/articubot_one'
[1.417s] INFO:colcon.colcon_core.plugin_system:Skipping extension 'colcon_core.shell.bat': Not used on non-Windows systems
[1.417s] INFO:colcon.colcon_core.shell:Skip shell extension 'powershell' for command environment: Not usable outside of PowerShell
[1.418s] DEBUG:colcon.colcon_core.shell:Skip shell extension 'dsv' for command environment
[1.465s] INFO:colcon.colcon_ros.task.ament_cmake.build:Building ROS package in '/home/ons/ros2_ws/src/diffdrive_arduino' with build type 'ament_cmake'
[1.465s] INFO:colcon.colcon_cmake.task.cmake.build:Building CMake package in '/home/ons/ros2_ws/src/diffdrive_arduino'
[1.479s] INFO:colcon.colcon_core.shell:Skip shell extension 'powershell' for command environment: Not usable outside of PowerShell
[1.479s] DEBUG:colcon.colcon_core.shell:Skip shell extension 'dsv' for command environment
[1.528s] INFO:colcon.colcon_ros.task.ament_python.build:Building ROS package in '/home/ons/ros2_ws/src/test_node' with build type 'ament_python'
[1.528s] Level 1:colcon.colcon_core.shell:create_environment_hook('test_node', 'ament_prefix_path')
[1.543s] INFO:colcon.colcon_core.shell:Creating environment hook '/home/ons/ros2_ws/install/test_node/share/test_node/hook/ament_prefix_path.ps1'
[1.544s] INFO:colcon.colcon_core.shell:Creating environment descriptor '/home/ons/ros2_ws/install/test_node/share/test_node/hook/ament_prefix_path.dsv'
[1.544s] INFO:colcon.colcon_core.shell:Creating environment hook '/home/ons/ros2_ws/install/test_node/share/test_node/hook/ament_prefix_path.sh'
[1.563s] INFO:colcon.colcon_core.shell:Skip shell extension 'powershell' for command environment: Not usable outside of PowerShell
[1.563s] DEBUG:colcon.colcon_core.shell:Skip shell extension 'dsv' for command environment
[1.606s] INFO:colcon.colcon_ros.task.ament_cmake.build:Building ROS package in '/home/ons/ros2_ws/src/ydlidar_ros2' with build type 'ament_cmake'
[1.606s] INFO:colcon.colcon_cmake.task.cmake.build:Building CMake package in '/home/ons/ros2_ws/src/ydlidar_ros2'
[1.640s] INFO:colcon.colcon_core.shell:Skip shell extension 'powershell' for command environment: Not usable outside of PowerShell
[1.640s] DEBUG:colcon.colcon_core.shell:Skip shell extension 'dsv' for command environment
[1.691s] DEBUG:colcon.colcon_core.event_handler.log_command:Invoking command in '/home/ons/ros2_ws/build/articubot_one': CMAKE_PREFIX_PATH=${CMAKE_PREFIX_PATH}:/home/ons/ros2_ws/install/test_node:/home/ons/ros2_ws/install/serial_motor_demo:/opt/ros/humble /usr/bin/cmake --build /home/ons/ros2_ws/build/articubot_one -- -j4 -l4
[1.696s] DEBUG:colcon.colcon_core.event_handler.log_command:Invoking command in '/home/ons/ros2_ws/build/diffdrive_arduino': CMAKE_PREFIX_PATH=${CMAKE_PREFIX_PATH}:/home/ons/ros2_ws/install/test_node:/home/ons/ros2_ws/install/serial_motor_demo:/opt/ros/humble /usr/bin/cmake --build /home/ons/ros2_ws/build/diffdrive_arduino -- -j4 -l4
[2.028s] INFO:colcon.colcon_core.task.python.build:Building Python package in '/home/ons/ros2_ws/src/test_node'
[2.053s] INFO:colcon.colcon_core.shell:Skip shell extension 'powershell' for command environment: Not usable outside of PowerShell
[2.054s] DEBUG:colcon.colcon_core.shell:Skip shell extension 'dsv' for command environment
[2.110s] DEBUG:colcon.colcon_core.event_handler.log_command:Invoked command in '/home/ons/ros2_ws/build/articubot_one' returned '0': CMAKE_PREFIX_PATH=${CMAKE_PREFIX_PATH}:/home/ons/ros2_ws/install/test_node:/home/ons/ros2_ws/install/serial_motor_demo:/opt/ros/humble /usr/bin/cmake --build /home/ons/ros2_ws/build/articubot_one -- -j4 -l4
[2.114s] DEBUG:colcon.colcon_core.event_handler.log_command:Invoking command in '/home/ons/ros2_ws/build/ydlidar': CMAKE_PREFIX_PATH=${CMAKE_PREFIX_PATH}:/home/ons/ros2_ws/install/test_node:/home/ons/ros2_ws/install/serial_motor_demo:/opt/ros/humble /usr/bin/cmake --build /home/ons/ros2_ws/build/ydlidar -- -j4 -l4
[2.169s] DEBUG:colcon.colcon_core.event_handler.log_command:Invoking command in '/home/ons/ros2_ws/build/articubot_one': CMAKE_PREFIX_PATH=${CMAKE_PREFIX_PATH}:/home/ons/ros2_ws/install/test_node:/home/ons/ros2_ws/install/serial_motor_demo:/opt/ros/humble /usr/bin/cmake --install /home/ons/ros2_ws/build/articubot_one
[2.235s] Level 1:colcon.colcon_core.environment:create_environment_scripts_only(articubot_one)
[2.238s] DEBUG:colcon.colcon_core.event_handler.log_command:Invoked command in '/home/ons/ros2_ws/build/articubot_one' returned '0': CMAKE_PREFIX_PATH=${CMAKE_PREFIX_PATH}:/home/ons/ros2_ws/install/test_node:/home/ons/ros2_ws/install/serial_motor_demo:/opt/ros/humble /usr/bin/cmake --install /home/ons/ros2_ws/build/articubot_one
[2.264s] Level 1:colcon.colcon_core.environment:checking '/home/ons/ros2_ws/install/articubot_one' for CMake module files
[2.265s] Level 1:colcon.colcon_core.environment:checking '/home/ons/ros2_ws/install/articubot_one' for CMake config files
[2.265s] Level 1:colcon.colcon_core.shell:create_environment_hook('articubot_one', 'cmake_prefix_path')
[2.287s] INFO:colcon.colcon_core.shell:Creating environment hook '/home/ons/ros2_ws/install/articubot_one/share/articubot_one/hook/cmake_prefix_path.ps1'
[2.287s] INFO:colcon.colcon_core.shell:Creating environment descriptor '/home/ons/ros2_ws/install/articubot_one/share/articubot_one/hook/cmake_prefix_path.dsv'
[2.288s] INFO:colcon.colcon_core.shell:Creating environment hook '/home/ons/ros2_ws/install/articubot_one/share/articubot_one/hook/cmake_prefix_path.sh'
[2.289s] Level 1:colcon.colcon_core.environment:checking '/home/ons/ros2_ws/install/articubot_one/bin'
[2.289s] Level 1:colcon.colcon_core.environment:checking '/home/ons/ros2_ws/install/articubot_one/lib/pkgconfig/articubot_one.pc'
[2.289s] Level 1:colcon.colcon_core.environment:checking '/home/ons/ros2_ws/install/articubot_one/lib/python3.10/site-packages'
[2.289s] Level 1:colcon.colcon_core.environment:checking '/home/ons/ros2_ws/install/articubot_one/bin'
[2.312s] INFO:colcon.colcon_core.shell:Creating package script '/home/ons/ros2_ws/install/articubot_one/share/articubot_one/package.ps1'
[2.314s] INFO:colcon.colcon_core.shell:Creating package descriptor '/home/ons/ros2_ws/install/articubot_one/share/articubot_one/package.dsv'
[2.314s] INFO:colcon.colcon_core.shell:Creating package script '/home/ons/ros2_ws/install/articubot_one/share/articubot_one/package.sh'
[2.315s] INFO:colcon.colcon_core.shell:Creating package script '/home/ons/ros2_ws/install/articubot_one/share/articubot_one/package.bash'
[2.316s] INFO:colcon.colcon_core.shell:Creating package script '/home/ons/ros2_ws/install/articubot_one/share/articubot_one/package.zsh'
[2.317s] Level 1:colcon.colcon_core.environment:create_file_with_runtime_dependencies(/home/ons/ros2_ws/install/articubot_one/share/colcon-core/packages/articubot_one)
[2.324s] DEBUG:colcon.colcon_core.event_handler.log_command:Invoked command in '/home/ons/ros2_ws/build/ydlidar' returned '0': CMAKE_PREFIX_PATH=${CMAKE_PREFIX_PATH}:/home/ons/ros2_ws/install/test_node:/home/ons/ros2_ws/install/serial_motor_demo:/opt/ros/humble /usr/bin/cmake --build /home/ons/ros2_ws/build/ydlidar -- -j4 -l4
[2.397s] Level 1:colcon.colcon_core.environment:create_environment_scripts_only(articubot_one)
[2.425s] Level 1:colcon.colcon_core.environment:checking '/home/ons/ros2_ws/install/articubot_one' for CMake module files
[2.426s] Level 1:colcon.colcon_core.environment:checking '/home/ons/ros2_ws/install/articubot_one' for CMake config files
[2.426s] Level 1:colcon.colcon_core.shell:create_environment_hook('articubot_one', 'cmake_prefix_path')
[2.468s] INFO:colcon.colcon_core.shell:Creating environment hook '/home/ons/ros2_ws/install/articubot_one/share/articubot_one/hook/cmake_prefix_path.ps1'
[2.469s] INFO:colcon.colcon_core.shell:Creating environment descriptor '/home/ons/ros2_ws/install/articubot_one/share/articubot_one/hook/cmake_prefix_path.dsv'
[2.469s] INFO:colcon.colcon_core.shell:Creating environment hook '/home/ons/ros2_ws/install/articubot_one/share/articubot_one/hook/cmake_prefix_path.sh'
[2.470s] Level 1:colcon.colcon_core.environment:checking '/home/ons/ros2_ws/install/articubot_one/bin'
[2.471s] Level 1:colcon.colcon_core.environment:checking '/home/ons/ros2_ws/install/articubot_one/lib/pkgconfig/articubot_one.pc'
[2.471s] Level 1:colcon.colcon_core.environment:checking '/home/ons/ros2_ws/install/articubot_one/lib/python3.10/site-packages'
[2.472s] Level 1:colcon.colcon_core.environment:checking '/home/ons/ros2_ws/install/articubot_one/bin'
[2.504s] INFO:colcon.colcon_core.shell:Creating package script '/home/ons/ros2_ws/install/articubot_one/share/articubot_one/package.ps1'
[2.508s] INFO:colcon.colcon_core.shell:Creating package descriptor '/home/ons/ros2_ws/install/articubot_one/share/articubot_one/package.dsv'
[2.509s] INFO:colcon.colcon_core.shell:Creating package script '/home/ons/ros2_ws/install/articubot_one/share/articubot_one/package.sh'
[2.510s] INFO:colcon.colcon_core.shell:Creating package script '/home/ons/ros2_ws/install/articubot_one/share/articubot_one/package.bash'
[2.511s] INFO:colcon.colcon_core.shell:Creating package script '/home/ons/ros2_ws/install/articubot_one/share/articubot_one/package.zsh'
[2.512s] Level 1:colcon.colcon_core.environment:create_file_with_runtime_dependencies(/home/ons/ros2_ws/install/articubot_one/share/colcon-core/packages/articubot_one)
[2.512s] INFO:colcon.colcon_ros.task.ament_python.build:Building ROS package in '/home/ons/ros2_ws/src/serial_motor_demo/serial_motor_demo' with build type 'ament_python'
[2.512s] Level 1:colcon.colcon_core.shell:create_environment_hook('serial_motor_demo', 'ament_prefix_path')
[2.557s] INFO:colcon.colcon_core.shell:Creating environment hook '/home/ons/ros2_ws/install/serial_motor_demo/share/serial_motor_demo/hook/ament_prefix_path.ps1'
[2.558s] INFO:colcon.colcon_core.shell:Creating environment descriptor '/home/ons/ros2_ws/install/serial_motor_demo/share/serial_motor_demo/hook/ament_prefix_path.dsv'
[2.559s] INFO:colcon.colcon_core.shell:Creating environment hook '/home/ons/ros2_ws/install/serial_motor_demo/share/serial_motor_demo/hook/ament_prefix_path.sh'
[2.572s] INFO:colcon.colcon_core.shell:Skip shell extension 'powershell' for command environment: Not usable outside of PowerShell
[2.573s] DEBUG:colcon.colcon_core.shell:Skip shell extension 'dsv' for command environment
[2.630s] DEBUG:colcon.colcon_core.event_handler.log_command:Invoking command in '/home/ons/ros2_ws/build/ydlidar': CMAKE_PREFIX_PATH=${CMAKE_PREFIX_PATH}:/home/ons/ros2_ws/install/test_node:/home/ons/ros2_ws/install/serial_motor_demo:/opt/ros/humble /usr/bin/cmake --install /home/ons/ros2_ws/build/ydlidar
[3.116s] INFO:colcon.colcon_core.task.python.build:Building Python package in '/home/ons/ros2_ws/src/serial_motor_demo/serial_motor_demo'
[3.133s] INFO:colcon.colcon_core.shell:Skip shell extension 'powershell' for command environment: Not usable outside of PowerShell
[3.134s] DEBUG:colcon.colcon_core.shell:Skip shell extension 'dsv' for command environment
[3.196s] Level 1:colcon.colcon_core.environment:create_environment_scripts_only(ydlidar)
[3.196s] DEBUG:colcon.colcon_core.event_handler.log_command:Invoked command in '/home/ons/ros2_ws/build/ydlidar' returned '0': CMAKE_PREFIX_PATH=${CMAKE_PREFIX_PATH}:/home/ons/ros2_ws/install/test_node:/home/ons/ros2_ws/install/serial_motor_demo:/opt/ros/humble /usr/bin/cmake --install /home/ons/ros2_ws/build/ydlidar
[3.223s] Level 1:colcon.colcon_core.environment:checking '/home/ons/ros2_ws/install/ydlidar' for CMake module files
[3.224s] Level 1:colcon.colcon_core.environment:checking '/home/ons/ros2_ws/install/ydlidar' for CMake config files
[3.224s] Level 1:colcon.colcon_core.shell:create_environment_hook('ydlidar', 'cmake_prefix_path')
[3.252s] INFO:colcon.colcon_core.shell:Creating environment hook '/home/ons/ros2_ws/install/ydlidar/share/ydlidar/hook/cmake_prefix_path.ps1'
[3.253s] INFO:colcon.colcon_core.shell:Creating environment descriptor '/home/ons/ros2_ws/install/ydlidar/share/ydlidar/hook/cmake_prefix_path.dsv'
[3.255s] INFO:colcon.colcon_core.shell:Creating environment hook '/home/ons/ros2_ws/install/ydlidar/share/ydlidar/hook/cmake_prefix_path.sh'
[3.258s] Level 1:colcon.colcon_core.environment:checking '/home/ons/ros2_ws/install/ydlidar/lib'
[3.258s] Level 1:colcon.colcon_core.environment:checking '/home/ons/ros2_ws/install/ydlidar/bin'
[3.259s] Level 1:colcon.colcon_core.environment:checking '/home/ons/ros2_ws/install/ydlidar/lib/pkgconfig/ydlidar.pc'
[3.259s] Level 1:colcon.colcon_core.environment:checking '/home/ons/ros2_ws/install/ydlidar/lib/python3.10/site-packages'
[3.259s] Level 1:colcon.colcon_core.environment:checking '/home/ons/ros2_ws/install/ydlidar/bin'
[3.283s] INFO:colcon.colcon_core.shell:Creating package script '/home/ons/ros2_ws/install/ydlidar/share/ydlidar/package.ps1'
[3.284s] INFO:colcon.colcon_core.shell:Creating package descriptor '/home/ons/ros2_ws/install/ydlidar/share/ydlidar/package.dsv'
[3.285s] INFO:colcon.colcon_core.shell:Creating package script '/home/ons/ros2_ws/install/ydlidar/share/ydlidar/package.sh'
[3.285s] INFO:colcon.colcon_core.shell:Creating package script '/home/ons/ros2_ws/install/ydlidar/share/ydlidar/package.bash'
[3.286s] INFO:colcon.colcon_core.shell:Creating package script '/home/ons/ros2_ws/install/ydlidar/share/ydlidar/package.zsh'
[3.287s] Level 1:colcon.colcon_core.environment:create_file_with_runtime_dependencies(/home/ons/ros2_ws/install/ydlidar/share/colcon-core/packages/ydlidar)
[3.292s] DEBUG:colcon.colcon_core.event_handler.log_command:Invoking command in '/home/ons/ros2_ws/src/test_node': PYTHONPATH=/home/ons/ros2_ws/build/test_node/prefix_override:/home/ons/ros2_ws/install/test_node/lib/python3.10/site-packages:${PYTHONPATH} /usr/bin/python3 setup.py egg_info --egg-base ../../build/test_node build --build-base /home/ons/ros2_ws/build/test_node/build install --record /home/ons/ros2_ws/build/test_node/install.log --single-version-externally-managed
[3.432s] Level 1:colcon.colcon_core.environment:create_environment_scripts_only(ydlidar)
[3.489s] Level 1:colcon.colcon_core.environment:checking '/home/ons/ros2_ws/install/ydlidar' for CMake module files
[3.490s] Level 1:colcon.colcon_core.environment:checking '/home/ons/ros2_ws/install/ydlidar' for CMake config files
[3.491s] Level 1:colcon.colcon_core.shell:create_environment_hook('ydlidar', 'cmake_prefix_path')
[3.538s] INFO:colcon.colcon_core.shell:Creating environment hook '/home/ons/ros2_ws/install/ydlidar/share/ydlidar/hook/cmake_prefix_path.ps1'
[3.546s] INFO:colcon.colcon_core.shell:Creating environment descriptor '/home/ons/ros2_ws/install/ydlidar/share/ydlidar/hook/cmake_prefix_path.dsv'
[3.547s] INFO:colcon.colcon_core.shell:Creating environment hook '/home/ons/ros2_ws/install/ydlidar/share/ydlidar/hook/cmake_prefix_path.sh'
[3.548s] Level 1:colcon.colcon_core.environment:checking '/home/ons/ros2_ws/install/ydlidar/lib'
[3.548s] Level 1:colcon.colcon_core.environment:checking '/home/ons/ros2_ws/install/ydlidar/bin'
[3.548s] Level 1:colcon.colcon_core.environment:checking '/home/ons/ros2_ws/install/ydlidar/lib/pkgconfig/ydlidar.pc'
[3.548s] Level 1:colcon.colcon_core.environment:checking '/home/ons/ros2_ws/install/ydlidar/lib/python3.10/site-packages'
[3.549s] Level 1:colcon.colcon_core.environment:checking '/home/ons/ros2_ws/install/ydlidar/bin'
[3.583s] INFO:colcon.colcon_core.shell:Creating package script '/home/ons/ros2_ws/install/ydlidar/share/ydlidar/package.ps1'
[3.585s] INFO:colcon.colcon_core.shell:Creating package descriptor '/home/ons/ros2_ws/install/ydlidar/share/ydlidar/package.dsv'
[3.586s] INFO:colcon.colcon_core.shell:Creating package script '/home/ons/ros2_ws/install/ydlidar/share/ydlidar/package.sh'
[3.587s] INFO:colcon.colcon_core.shell:Creating package script '/home/ons/ros2_ws/install/ydlidar/share/ydlidar/package.bash'
[3.588s] INFO:colcon.colcon_core.shell:Creating package script '/home/ons/ros2_ws/install/ydlidar/share/ydlidar/package.zsh'
[3.589s] Level 1:colcon.colcon_core.environment:create_file_with_runtime_dependencies(/home/ons/ros2_ws/install/ydlidar/share/colcon-core/packages/ydlidar)
[3.877s] DEBUG:colcon.colcon_core.event_handler.log_command:Invoked command in '/home/ons/ros2_ws/src/test_node' returned '0': PYTHONPATH=/home/ons/ros2_ws/build/test_node/prefix_override:/home/ons/ros2_ws/install/test_node/lib/python3.10/site-packages:${PYTHONPATH} /usr/bin/python3 setup.py egg_info --egg-base ../../build/test_node build --build-base /home/ons/ros2_ws/build/test_node/build install --record /home/ons/ros2_ws/build/test_node/install.log --single-version-externally-managed
[3.891s] Level 1:colcon.colcon_core.environment:checking '/home/ons/ros2_ws/install/test_node' for CMake module files
[3.892s] Level 1:colcon.colcon_core.environment:checking '/home/ons/ros2_ws/install/test_node' for CMake config files
[3.892s] Level 1:colcon.colcon_core.environment:checking '/home/ons/ros2_ws/install/test_node/lib'
[3.893s] Level 1:colcon.colcon_core.environment:checking '/home/ons/ros2_ws/install/test_node/bin'
[3.893s] Level 1:colcon.colcon_core.environment:checking '/home/ons/ros2_ws/install/test_node/lib/pkgconfig/test_node.pc'
[3.893s] Level 1:colcon.colcon_core.environment:checking '/home/ons/ros2_ws/install/test_node/lib/python3.10/site-packages'
[3.893s] Level 1:colcon.colcon_core.shell:create_environment_hook('test_node', 'pythonpath')
[3.906s] INFO:colcon.colcon_core.shell:Creating environment hook '/home/ons/ros2_ws/install/test_node/share/test_node/hook/pythonpath.ps1'
[3.907s] INFO:colcon.colcon_core.shell:Creating environment descriptor '/home/ons/ros2_ws/install/test_node/share/test_node/hook/pythonpath.dsv'
[3.908s] INFO:colcon.colcon_core.shell:Creating environment hook '/home/ons/ros2_ws/install/test_node/share/test_node/hook/pythonpath.sh'
[3.908s] Level 1:colcon.colcon_core.environment:checking '/home/ons/ros2_ws/install/test_node/bin'
[3.908s] Level 1:colcon.colcon_core.environment:create_environment_scripts_only(test_node)
[3.926s] INFO:colcon.colcon_core.shell:Creating package script '/home/ons/ros2_ws/install/test_node/share/test_node/package.ps1'
[3.927s] INFO:colcon.colcon_core.shell:Creating package descriptor '/home/ons/ros2_ws/install/test_node/share/test_node/package.dsv'
[3.927s] INFO:colcon.colcon_core.shell:Creating package script '/home/ons/ros2_ws/install/test_node/share/test_node/package.sh'
[3.928s] INFO:colcon.colcon_core.shell:Creating package script '/home/ons/ros2_ws/install/test_node/share/test_node/package.bash'
[3.928s] INFO:colcon.colcon_core.shell:Creating package script '/home/ons/ros2_ws/install/test_node/share/test_node/package.zsh'
[3.929s] Level 1:colcon.colcon_core.environment:create_file_with_runtime_dependencies(/home/ons/ros2_ws/install/test_node/share/colcon-core/packages/test_node)
[4.059s] DEBUG:colcon.colcon_core.event_handler.log_command:Invoking command in '/home/ons/ros2_ws/src/serial_motor_demo/serial_motor_demo': CMAKE_PREFIX_PATH=/home/ons/ros2_ws/install/serial_motor_demo_msgs:/home/ons/ros2_ws/install/ydlidar:/home/ons/ros2_ws/install/diffdrive_arduino:/home/ons/ros2_ws/install/articubot_one PYTHONPATH=/home/ons/ros2_ws/build/serial_motor_demo/prefix_override:/home/ons/ros2_ws/install/serial_motor_demo/lib/python3.10/site-packages:${PYTHONPATH} /usr/bin/python3 setup.py egg_info --egg-base ../../../build/serial_motor_demo build --build-base /home/ons/ros2_ws/build/serial_motor_demo/build install --record /home/ons/ros2_ws/build/serial_motor_demo/install.log --install-scripts $base/lib/serial_motor_demo --single-version-externally-managed
[4.620s] DEBUG:colcon.colcon_core.event_handler.log_command:Invoked command in '/home/ons/ros2_ws/src/serial_motor_demo/serial_motor_demo' returned '0': CMAKE_PREFIX_PATH=/home/ons/ros2_ws/install/serial_motor_demo_msgs:/home/ons/ros2_ws/install/ydlidar:/home/ons/ros2_ws/install/diffdrive_arduino:/home/ons/ros2_ws/install/articubot_one PYTHONPATH=/home/ons/ros2_ws/build/serial_motor_demo/prefix_override:/home/ons/ros2_ws/install/serial_motor_demo/lib/python3.10/site-packages:${PYTHONPATH} /usr/bin/python3 setup.py egg_info --egg-base ../../../build/serial_motor_demo build --build-base /home/ons/ros2_ws/build/serial_motor_demo/build install --record /home/ons/ros2_ws/build/serial_motor_demo/install.log --install-scripts $base/lib/serial_motor_demo --single-version-externally-managed
[4.675s] Level 1:colcon.colcon_core.environment:checking '/home/ons/ros2_ws/install/serial_motor_demo' for CMake module files
[4.676s] Level 1:colcon.colcon_core.environment:checking '/home/ons/ros2_ws/install/serial_motor_demo' for CMake config files
[4.677s] Level 1:colcon.colcon_core.environment:checking '/home/ons/ros2_ws/install/serial_motor_demo/lib'
[4.677s] Level 1:colcon.colcon_core.environment:checking '/home/ons/ros2_ws/install/serial_motor_demo/bin'
[4.677s] Level 1:colcon.colcon_core.environment:checking '/home/ons/ros2_ws/install/serial_motor_demo/lib/pkgconfig/serial_motor_demo.pc'
[4.677s] Level 1:colcon.colcon_core.environment:checking '/home/ons/ros2_ws/install/serial_motor_demo/lib/python3.10/site-packages'
[4.677s] Level 1:colcon.colcon_core.shell:create_environment_hook('serial_motor_demo', 'pythonpath')
[4.707s] INFO:colcon.colcon_core.shell:Creating environment hook '/home/ons/ros2_ws/install/serial_motor_demo/share/serial_motor_demo/hook/pythonpath.ps1'
[4.708s] INFO:colcon.colcon_core.shell:Creating environment descriptor '/home/ons/ros2_ws/install/serial_motor_demo/share/serial_motor_demo/hook/pythonpath.dsv'
[4.708s] INFO:colcon.colcon_core.shell:Creating environment hook '/home/ons/ros2_ws/install/serial_motor_demo/share/serial_motor_demo/hook/pythonpath.sh'
[4.709s] Level 1:colcon.colcon_core.environment:checking '/home/ons/ros2_ws/install/serial_motor_demo/bin'
[4.709s] Level 1:colcon.colcon_core.environment:create_environment_scripts_only(serial_motor_demo)
[4.725s] INFO:colcon.colcon_core.shell:Creating package script '/home/ons/ros2_ws/install/serial_motor_demo/share/serial_motor_demo/package.ps1'
[4.726s] INFO:colcon.colcon_core.shell:Creating package descriptor '/home/ons/ros2_ws/install/serial_motor_demo/share/serial_motor_demo/package.dsv'
[4.726s] INFO:colcon.colcon_core.shell:Creating package script '/home/ons/ros2_ws/install/serial_motor_demo/share/serial_motor_demo/package.sh'
[4.726s] INFO:colcon.colcon_core.shell:Creating package script '/home/ons/ros2_ws/install/serial_motor_demo/share/serial_motor_demo/package.bash'
[4.727s] INFO:colcon.colcon_core.shell:Creating package script '/home/ons/ros2_ws/install/serial_motor_demo/share/serial_motor_demo/package.zsh'
[4.727s] Level 1:colcon.colcon_core.environment:create_file_with_runtime_dependencies(/home/ons/ros2_ws/install/serial_motor_demo/share/colcon-core/packages/serial_motor_demo)
[6.368s] DEBUG:colcon.colcon_core.event_handler.log_command:Invoked command in '/home/ons/ros2_ws/build/diffdrive_arduino' returned '2': CMAKE_PREFIX_PATH=${CMAKE_PREFIX_PATH}:/home/ons/ros2_ws/install/test_node:/home/ons/ros2_ws/install/serial_motor_demo:/opt/ros/humble /usr/bin/cmake --build /home/ons/ros2_ws/build/diffdrive_arduino -- -j4 -l4
[6.415s] Level 1:colcon.colcon_core.environment:create_environment_scripts_only(diffdrive_arduino)
[6.429s] Level 1:colcon.colcon_core.environment:checking '/home/ons/ros2_ws/install/diffdrive_arduino' for CMake module files
[6.431s] Level 1:colcon.colcon_core.environment:checking '/home/ons/ros2_ws/install/diffdrive_arduino' for CMake config files
[6.431s] Level 1:colcon.colcon_core.shell:create_environment_hook('diffdrive_arduino', 'cmake_prefix_path')
[6.444s] INFO:colcon.colcon_core.shell:Creating environment hook '/home/ons/ros2_ws/install/diffdrive_arduino/share/diffdrive_arduino/hook/cmake_prefix_path.ps1'
[6.445s] INFO:colcon.colcon_core.shell:Creating environment descriptor '/home/ons/ros2_ws/install/diffdrive_arduino/share/diffdrive_arduino/hook/cmake_prefix_path.dsv'
[6.445s] INFO:colcon.colcon_core.shell:Creating environment hook '/home/ons/ros2_ws/install/diffdrive_arduino/share/diffdrive_arduino/hook/cmake_prefix_path.sh'
[6.446s] Level 1:colcon.colcon_core.environment:checking '/home/ons/ros2_ws/install/diffdrive_arduino/lib'
[6.446s] Level 1:colcon.colcon_core.shell:create_environment_hook('diffdrive_arduino', 'ld_library_path_lib')
[6.462s] INFO:colcon.colcon_core.shell:Creating environment hook '/home/ons/ros2_ws/install/diffdrive_arduino/share/diffdrive_arduino/hook/ld_library_path_lib.ps1'
[6.462s] INFO:colcon.colcon_core.shell:Creating environment descriptor '/home/ons/ros2_ws/install/diffdrive_arduino/share/diffdrive_arduino/hook/ld_library_path_lib.dsv'
[6.463s] INFO:colcon.colcon_core.shell:Creating environment hook '/home/ons/ros2_ws/install/diffdrive_arduino/share/diffdrive_arduino/hook/ld_library_path_lib.sh'
[6.463s] Level 1:colcon.colcon_core.environment:checking '/home/ons/ros2_ws/install/diffdrive_arduino/bin'
[6.463s] Level 1:colcon.colcon_core.environment:checking '/home/ons/ros2_ws/install/diffdrive_arduino/lib/pkgconfig/diffdrive_arduino.pc'
[6.463s] Level 1:colcon.colcon_core.environment:checking '/home/ons/ros2_ws/install/diffdrive_arduino/lib/python3.10/site-packages'
[6.463s] Level 1:colcon.colcon_core.environment:checking '/home/ons/ros2_ws/install/diffdrive_arduino/bin'
[6.477s] INFO:colcon.colcon_core.shell:Creating package script '/home/ons/ros2_ws/install/diffdrive_arduino/share/diffdrive_arduino/package.ps1'
[6.478s] INFO:colcon.colcon_core.shell:Creating package descriptor '/home/ons/ros2_ws/install/diffdrive_arduino/share/diffdrive_arduino/package.dsv'
[6.479s] INFO:colcon.colcon_core.shell:Creating package script '/home/ons/ros2_ws/install/diffdrive_arduino/share/diffdrive_arduino/package.sh'
[6.479s] INFO:colcon.colcon_core.shell:Creating package script '/home/ons/ros2_ws/install/diffdrive_arduino/share/diffdrive_arduino/package.bash'
[6.479s] INFO:colcon.colcon_core.shell:Creating package script '/home/ons/ros2_ws/install/diffdrive_arduino/share/diffdrive_arduino/package.zsh'
[6.480s] Level 1:colcon.colcon_core.environment:create_file_with_runtime_dependencies(/home/ons/ros2_ws/install/diffdrive_arduino/share/colcon-core/packages/diffdrive_arduino)
[6.491s] DEBUG:colcon.colcon_parallel_executor.executor.parallel:closing loop
[6.491s] DEBUG:colcon.colcon_parallel_executor.executor.parallel:loop closed
[6.492s] DEBUG:colcon.colcon_parallel_executor.executor.parallel:run_until_complete finished with '2'
[6.492s] DEBUG:colcon.colcon_core.event_reactor:joining thread
[6.520s] INFO:colcon.colcon_core.plugin_system:Skipping extension 'colcon_notification.desktop_notification.terminal_notifier': Not used on non-Darwin systems
[6.521s] INFO:colcon.colcon_core.plugin_system:Skipping extension 'colcon_notification.desktop_notification.win32': Not used on non-Windows systems
[6.521s] INFO:colcon.colcon_notification.desktop_notification:Sending desktop notification using 'notify2'
[6.558s] DEBUG:colcon.colcon_core.event_reactor:joined thread
[6.574s] INFO:colcon.colcon_core.shell:Creating prefix script '/home/ons/ros2_ws/install/local_setup.ps1'
[6.575s] INFO:colcon.colcon_core.shell:Creating prefix util module '/home/ons/ros2_ws/install/_local_setup_util_ps1.py'
[6.578s] INFO:colcon.colcon_core.shell:Creating prefix chain script '/home/ons/ros2_ws/install/setup.ps1'
[6.595s] INFO:colcon.colcon_core.shell:Creating prefix script '/home/ons/ros2_ws/install/local_setup.sh'
[6.595s] INFO:colcon.colcon_core.shell:Creating prefix util module '/home/ons/ros2_ws/install/_local_setup_util_sh.py'
[6.596s] INFO:colcon.colcon_core.shell:Creating prefix chain script '/home/ons/ros2_ws/install/setup.sh'
[6.612s] INFO:colcon.colcon_core.shell:Creating prefix script '/home/ons/ros2_ws/install/local_setup.bash'
[6.613s] INFO:colcon.colcon_core.shell:Creating prefix chain script '/home/ons/ros2_ws/install/setup.bash'
[6.629s] INFO:colcon.colcon_core.shell:Creating prefix script '/home/ons/ros2_ws/install/local_setup.zsh'
[6.629s] INFO:colcon.colcon_core.shell:Creating prefix chain script '/home/ons/ros2_ws/install/setup.zsh'
