[0.173s] Invoking command in '/home/ons/ros2_ws/src/build/articubot_one': CMAKE_PREFIX_PATH=/opt/ros/humble /usr/bin/cmake /home/ons/ros2_ws/src/articubot_one -DCMAKE_INSTALL_PREFIX=/home/ons/ros2_ws/src/install/articubot_one
[0.928s] -- The C compiler identification is GNU 11.4.0
[0.929s] -- The CXX compiler identification is GNU 11.4.0
[0.929s] -- Detecting C compiler ABI info
[0.929s] -- Detecting C compiler ABI info - done
[0.934s] -- Check for working C compiler: /usr/bin/cc - skipped
[0.934s] -- Detecting C compile features
[0.935s] -- Detecting C compile features - done
[0.935s] -- Detecting CXX compiler ABI info
[0.935s] -- Detecting CXX compiler ABI info - done
[0.935s] -- Check for working CXX compiler: /usr/bin/c++ - skipped
[0.935s] -- Detecting CXX compile features
[0.935s] -- Detecting CXX compile features - done
[0.942s] -- Found ament_cmake: 1.3.5 (/opt/ros/humble/share/ament_cmake/cmake)
[1.487s] -- Found Python3: /usr/bin/python3.10 (found version "3.10.12") found components: Interpreter 
[1.796s] -- Found ament_lint_auto: 0.12.8 (/opt/ros/humble/share/ament_lint_auto/cmake)
[1.977s] -- Added test 'copyright' to check source files copyright and LICENSE
[1.986s] -- Added test 'flake8' to check Python code syntax and style conventions
[1.991s] -- Added test 'lint_cmake' to check CMake code style
[1.993s] -- Added test 'pep257' to check Python code against some of the docstring style conventions in PEP 257
[1.997s] -- Added test 'xmllint' to check XML markup files
[2.001s] -- Configuring done
[2.010s] -- Generating done
[2.015s] -- Build files have been written to: /home/ons/ros2_ws/src/build/articubot_one
[2.030s] Invoked command in '/home/ons/ros2_ws/src/build/articubot_one' returned '0': CMAKE_PREFIX_PATH=/opt/ros/humble /usr/bin/cmake /home/ons/ros2_ws/src/articubot_one -DCMAKE_INSTALL_PREFIX=/home/ons/ros2_ws/src/install/articubot_one
[2.031s] Invoking command in '/home/ons/ros2_ws/src/build/articubot_one': CMAKE_PREFIX_PATH=/opt/ros/humble /usr/bin/cmake --build /home/ons/ros2_ws/src/build/articubot_one -- -j4 -l4
[2.118s] Invoked command in '/home/ons/ros2_ws/src/build/articubot_one' returned '0': CMAKE_PREFIX_PATH=/opt/ros/humble /usr/bin/cmake --build /home/ons/ros2_ws/src/build/articubot_one -- -j4 -l4
[2.184s] Invoking command in '/home/ons/ros2_ws/src/build/articubot_one': CMAKE_PREFIX_PATH=/opt/ros/humble /usr/bin/cmake --install /home/ons/ros2_ws/src/build/articubot_one
[2.202s] -- Install configuration: ""
[2.205s] -- Installing: /home/ons/ros2_ws/src/install/articubot_one/share/articubot_one/config
[2.205s] -- Installing: /home/ons/ros2_ws/src/install/articubot_one/share/articubot_one/config/main.rviz
[2.207s] -- Installing: /home/ons/ros2_ws/src/install/articubot_one/share/articubot_one/config/gaz_ros2_ctl_use_sim.yaml
[2.208s] -- Installing: /home/ons/ros2_ws/src/install/articubot_one/share/articubot_one/config/view_bot.rviz
[2.209s] -- Installing: /home/ons/ros2_ws/src/install/articubot_one/share/articubot_one/config/empty.yaml
[2.210s] -- Installing: /home/ons/ros2_ws/src/install/articubot_one/share/articubot_one/config/my_controllers.yaml
[2.211s] -- Installing: /home/ons/ros2_ws/src/install/articubot_one/share/articubot_one/config/ball_tracker_params_robot.yaml
[2.211s] -- Installing: /home/ons/ros2_ws/src/install/articubot_one/share/articubot_one/config/map.rviz
[2.212s] -- Installing: /home/ons/ros2_ws/src/install/articubot_one/share/articubot_one/config/mapper_params_online_async.yaml
[2.213s] -- Installing: /home/ons/ros2_ws/src/install/articubot_one/share/articubot_one/config/nav2_params.yaml
[2.214s] -- Installing: /home/ons/ros2_ws/src/install/articubot_one/share/articubot_one/config/twist_mux.yaml
[2.214s] -- Installing: /home/ons/ros2_ws/src/install/articubot_one/share/articubot_one/config/drive_bot.rviz
[2.215s] -- Installing: /home/ons/ros2_ws/src/install/articubot_one/share/articubot_one/config/joystick.yaml
[2.216s] -- Installing: /home/ons/ros2_ws/src/install/articubot_one/share/articubot_one/config/gazebo_params.yaml
[2.216s] -- Installing: /home/ons/ros2_ws/src/install/articubot_one/share/articubot_one/config/ball_tracker_params_sim.yaml
[2.218s] -- Installing: /home/ons/ros2_ws/src/install/articubot_one/share/articubot_one/description
[2.218s] -- Installing: /home/ons/ros2_ws/src/install/articubot_one/share/articubot_one/description/lidar.xacro
[2.219s] -- Installing: /home/ons/ros2_ws/src/install/articubot_one/share/articubot_one/description/camera.xacro
[2.220s] -- Installing: /home/ons/ros2_ws/src/install/articubot_one/share/articubot_one/description/robot_core.xacro
[2.221s] -- Installing: /home/ons/ros2_ws/src/install/articubot_one/share/articubot_one/description/depth_camera.xacro
[2.222s] -- Installing: /home/ons/ros2_ws/src/install/articubot_one/share/articubot_one/description/robot.urdf.xacro
[2.222s] -- Installing: /home/ons/ros2_ws/src/install/articubot_one/share/articubot_one/description/gazebo_control.xacro
[2.223s] -- Installing: /home/ons/ros2_ws/src/install/articubot_one/share/articubot_one/description/ros2_control.xacro
[2.224s] -- Installing: /home/ons/ros2_ws/src/install/articubot_one/share/articubot_one/description/face.xacro
[2.224s] -- Installing: /home/ons/ros2_ws/src/install/articubot_one/share/articubot_one/description/inertial_macros.xacro
[2.225s] -- Installing: /home/ons/ros2_ws/src/install/articubot_one/share/articubot_one/launch
[2.226s] -- Installing: /home/ons/ros2_ws/src/install/articubot_one/share/articubot_one/launch/rplidar.launch.py
[2.227s] -- Installing: /home/ons/ros2_ws/src/install/articubot_one/share/articubot_one/launch/joystick.launch.py
[2.228s] -- Installing: /home/ons/ros2_ws/src/install/articubot_one/share/articubot_one/launch/navigation_launch.py
[2.228s] -- Installing: /home/ons/ros2_ws/src/install/articubot_one/share/articubot_one/launch/online_async_launch.py
[2.230s] -- Installing: /home/ons/ros2_ws/src/install/articubot_one/share/articubot_one/launch/rsp.launch.py
[2.230s] -- Installing: /home/ons/ros2_ws/src/install/articubot_one/share/articubot_one/launch/launch_sim.launch.py
[2.231s] -- Installing: /home/ons/ros2_ws/src/install/articubot_one/share/articubot_one/launch/localization_launch.py
[2.232s] -- Installing: /home/ons/ros2_ws/src/install/articubot_one/share/articubot_one/launch/ball_tracker.launch.py
[2.233s] -- Installing: /home/ons/ros2_ws/src/install/articubot_one/share/articubot_one/launch/launch_robot.launch.py
[2.234s] -- Installing: /home/ons/ros2_ws/src/install/articubot_one/share/articubot_one/launch/camera.launch.py
[2.235s] -- Installing: /home/ons/ros2_ws/src/install/articubot_one/share/articubot_one/worlds
[2.241s] -- Installing: /home/ons/ros2_ws/src/install/articubot_one/share/articubot_one/worlds/obstacles.world
[2.242s] -- Installing: /home/ons/ros2_ws/src/install/articubot_one/share/articubot_one/worlds/empty.world
[2.243s] -- Installing: /home/ons/ros2_ws/src/install/articubot_one/share/ament_index/resource_index/package_run_dependencies/articubot_one
[2.247s] -- Installing: /home/ons/ros2_ws/src/install/articubot_one/share/ament_index/resource_index/parent_prefix_path/articubot_one
[2.250s] -- Installing: /home/ons/ros2_ws/src/install/articubot_one/share/articubot_one/environment/ament_prefix_path.sh
[2.250s] -- Installing: /home/ons/ros2_ws/src/install/articubot_one/share/articubot_one/environment/ament_prefix_path.dsv
[2.250s] -- Installing: /home/ons/ros2_ws/src/install/articubot_one/share/articubot_one/environment/path.sh
[2.250s] -- Installing: /home/ons/ros2_ws/src/install/articubot_one/share/articubot_one/environment/path.dsv
[2.251s] -- Installing: /home/ons/ros2_ws/src/install/articubot_one/share/articubot_one/local_setup.bash
[2.251s] -- Installing: /home/ons/ros2_ws/src/install/articubot_one/share/articubot_one/local_setup.sh
[2.252s] -- Installing: /home/ons/ros2_ws/src/install/articubot_one/share/articubot_one/local_setup.zsh
[2.253s] -- Installing: /home/ons/ros2_ws/src/install/articubot_one/share/articubot_one/local_setup.dsv
[2.254s] -- Installing: /home/ons/ros2_ws/src/install/articubot_one/share/articubot_one/package.dsv
[2.256s] -- Installing: /home/ons/ros2_ws/src/install/articubot_one/share/ament_index/resource_index/packages/articubot_one
[2.257s] -- Installing: /home/ons/ros2_ws/src/install/articubot_one/share/articubot_one/cmake/articubot_oneConfig.cmake
[2.258s] -- Installing: /home/ons/ros2_ws/src/install/articubot_one/share/articubot_one/cmake/articubot_oneConfig-version.cmake
[2.259s] -- Installing: /home/ons/ros2_ws/src/install/articubot_one/share/articubot_one/package.xml
[2.271s] Invoked command in '/home/ons/ros2_ws/src/build/articubot_one' returned '0': CMAKE_PREFIX_PATH=/opt/ros/humble /usr/bin/cmake --install /home/ons/ros2_ws/src/build/articubot_one
