[0.144s] Invoking command in '/home/ons/ros2_ws/build/diffdrive_arduino': CMAKE_PREFIX_PATH=${CMAKE_PREFIX_PATH}:/home/ons/ros2_ws/install/test_node:/home/ons/ros2_ws/install/serial_motor_demo:/opt/ros/humble /usr/bin/cmake /home/ons/ros2_ws/src/diffdrive_arduino -DCMAKE_INSTALL_PREFIX=/home/ons/ros2_ws/install/diffdrive_arduino
[0.364s] -- The CXX compiler identification is GNU 11.4.0
[0.395s] -- Detecting CXX compiler ABI info
[0.684s] -- Detecting CXX compiler ABI info - done
[0.696s] -- Check for working CXX compiler: /usr/bin/c++ - skipped
[0.696s] -- Detecting CXX compile features
[0.697s] -- Detecting CXX compile features - done
[0.707s] -- Found ament_cmake: 1.3.5 (/opt/ros/humble/share/ament_cmake/cmake)
[1.096s] -- Found Python3: /usr/bin/python3.10 (found version "3.10.12") found components: Interpreter 
[1.281s] -- Found hardware_interface: 2.32.0 (/opt/ros/humble/share/hardware_interface/cmake)
[1.393s] -- Found rosidl_generator_c: 3.1.5 (/opt/ros/humble/share/rosidl_generator_c/cmake)
[1.405s] -- Found rosidl_adapter: 3.1.5 (/opt/ros/humble/share/rosidl_adapter/cmake)
[1.425s] -- Found rosidl_generator_cpp: 3.1.5 (/opt/ros/humble/share/rosidl_generator_cpp/cmake)
[1.447s] -- Using all available rosidl_typesupport_c: rosidl_typesupport_fastrtps_c;rosidl_typesupport_introspection_c
[1.481s] -- Using all available rosidl_typesupport_cpp: rosidl_typesupport_fastrtps_cpp;rosidl_typesupport_introspection_cpp
[2.755s] -- Found rmw_implementation_cmake: 6.1.1 (/opt/ros/humble/share/rmw_implementation_cmake/cmake)
[2.759s] -- Found rmw_fastrtps_cpp: 6.2.4 (/opt/ros/humble/share/rmw_fastrtps_cpp/cmake)
[2.891s] -- Found OpenSSL: /usr/lib/x86_64-linux-gnu/libcrypto.so (found version "3.0.2")  
[2.928s] -- Found FastRTPS: /opt/ros/humble/include  
[2.986s] -- Using RMW implementation 'rmw_fastrtps_cpp' as default
[2.999s] -- Looking for C++ include pthread.h
[3.094s] -- Looking for C++ include pthread.h - found
[3.094s] -- Performing Test CMAKE_HAVE_LIBC_PTHREAD
[3.196s] -- Performing Test CMAKE_HAVE_LIBC_PTHREAD - Success
[3.198s] -- Found Threads: TRUE  
[3.524s] -- Found ament_cmake_gtest: 1.3.5 (/opt/ros/humble/share/ament_cmake_gtest/cmake)
[3.624s] -- Configuring done
[3.671s] -- Generating done
[3.673s] -- Build files have been written to: /home/ons/ros2_ws/build/diffdrive_arduino
[3.685s] Invoked command in '/home/ons/ros2_ws/build/diffdrive_arduino' returned '0': CMAKE_PREFIX_PATH=${CMAKE_PREFIX_PATH}:/home/ons/ros2_ws/install/test_node:/home/ons/ros2_ws/install/serial_motor_demo:/opt/ros/humble /usr/bin/cmake /home/ons/ros2_ws/src/diffdrive_arduino -DCMAKE_INSTALL_PREFIX=/home/ons/ros2_ws/install/diffdrive_arduino
[3.687s] Invoking command in '/home/ons/ros2_ws/build/diffdrive_arduino': CMAKE_PREFIX_PATH=${CMAKE_PREFIX_PATH}:/home/ons/ros2_ws/install/test_node:/home/ons/ros2_ws/install/serial_motor_demo:/opt/ros/humble /usr/bin/cmake --build /home/ons/ros2_ws/build/diffdrive_arduino -- -j4 -l4
[3.735s] [ 50%] [32mBuilding CXX object CMakeFiles/diffdrive_arduino.dir/hardware/diffbot_system.cpp.o[0m
[3.876s] In file included from [01m[K/home/ons/ros2_ws/src/diffdrive_arduino/hardware/include/diffdrive_arduino/diffbot_system.hpp:34[m[K,
[3.876s]                  from [01m[K/home/ons/ros2_ws/src/diffdrive_arduino/hardware/diffbot_system.cpp:15[m[K:
[3.876s] [01m[K/home/ons/ros2_ws/src/diffdrive_arduino/hardware/include/diffdrive_arduino/arduino_comms.hpp:7:10:[m[K [01;31m[Kfatal error: [m[Klibserial/SerialPort.h: No such file or directory
[3.876s]     7 | #include [01;31m[K<libserial/SerialPort.h>[m[K
[3.876s]       |          [01;31m[K^~~~~~~~~~~~~~~~~~~~~~~~[m[K
[3.876s] compilation terminated.
[3.878s] gmake[2]: *** [CMakeFiles/diffdrive_arduino.dir/build.make:76: CMakeFiles/diffdrive_arduino.dir/hardware/diffbot_system.cpp.o] Error 1
[3.878s] gmake[1]: *** [CMakeFiles/Makefile2:137: CMakeFiles/diffdrive_arduino.dir/all] Error 2
[3.878s] gmake: *** [Makefile:146: all] Error 2
[3.880s] Invoked command in '/home/ons/ros2_ws/build/diffdrive_arduino' returned '2': CMAKE_PREFIX_PATH=${CMAKE_PREFIX_PATH}:/home/ons/ros2_ws/install/test_node:/home/ons/ros2_ws/install/serial_motor_demo:/opt/ros/humble /usr/bin/cmake --build /home/ons/ros2_ws/build/diffdrive_arduino -- -j4 -l4
