[3.033s] Invoking command in '/home/ons/ros2_ws/src/serial_motor_demo/serial_motor_demo': AMENT_PREFIX_PATH=/home/ons/ros2_ws/src/install/serial_motor_demo_msgs:${AMENT_PREFIX_PATH} CMAKE_PREFIX_PATH=/home/ons/ros2_ws/src/install/serial_motor_demo_msgs LD_LIBRARY_PATH=/home/ons/ros2_ws/src/install/serial_motor_demo_msgs/lib:${LD_LIBRARY_PATH} PYTHONPATH=/home/ons/ros2_ws/src/build/serial_motor_demo/prefix_override:/home/ons/ros2_ws/src/install/serial_motor_demo/lib/python3.10/site-packages:/home/ons/ros2_ws/src/install/serial_motor_demo_msgs/local/lib/python3.10/dist-packages:${PYTHONPATH} /usr/bin/python3 setup.py egg_info --egg-base ../../build/serial_motor_demo build --build-base /home/ons/ros2_ws/src/build/serial_motor_demo/build install --record /home/ons/ros2_ws/src/build/serial_motor_demo/install.log --install-scripts $base/lib/serial_motor_demo --single-version-externally-managed
[3.608s] /home/ons/.local/lib/python3.10/site-packages/setuptools/dist.py:717: UserWarning: Usage of dash-separated 'script-dir' will not be supported in future versions. Please use the underscore name 'script_dir' instead
[3.608s]   warnings.warn(
[3.657s] running egg_info
[3.659s] creating ../../build/serial_motor_demo/serial_motor_demo.egg-info
[3.663s] writing ../../build/serial_motor_demo/serial_motor_demo.egg-info/PKG-INFO
[3.663s] writing dependency_links to ../../build/serial_motor_demo/serial_motor_demo.egg-info/dependency_links.txt
[3.663s] writing entry points to ../../build/serial_motor_demo/serial_motor_demo.egg-info/entry_points.txt
[3.664s] writing requirements to ../../build/serial_motor_demo/serial_motor_demo.egg-info/requires.txt
[3.664s] writing top-level names to ../../build/serial_motor_demo/serial_motor_demo.egg-info/top_level.txt
[3.664s] writing manifest file '../../build/serial_motor_demo/serial_motor_demo.egg-info/SOURCES.txt'
[3.673s] reading manifest file '../../build/serial_motor_demo/serial_motor_demo.egg-info/SOURCES.txt'
[3.673s] writing manifest file '../../build/serial_motor_demo/serial_motor_demo.egg-info/SOURCES.txt'
[3.673s] running build
[3.674s] running build_py
[3.676s] creating /home/ons/ros2_ws/src/build/serial_motor_demo/build
[3.676s] creating /home/ons/ros2_ws/src/build/serial_motor_demo/build/lib
[3.676s] creating /home/ons/ros2_ws/src/build/serial_motor_demo/build/lib/serial_motor_demo
[3.677s] copying serial_motor_demo/__init__.py -> /home/ons/ros2_ws/src/build/serial_motor_demo/build/lib/serial_motor_demo
[3.677s] copying serial_motor_demo/driver.py -> /home/ons/ros2_ws/src/build/serial_motor_demo/build/lib/serial_motor_demo
[3.678s] copying serial_motor_demo/gui.py -> /home/ons/ros2_ws/src/build/serial_motor_demo/build/lib/serial_motor_demo
[3.678s] running install
[3.679s] running install_lib
[3.681s] creating /home/ons/ros2_ws/src/install/serial_motor_demo/lib/python3.10/site-packages/serial_motor_demo
[3.681s] copying /home/ons/ros2_ws/src/build/serial_motor_demo/build/lib/serial_motor_demo/__init__.py -> /home/ons/ros2_ws/src/install/serial_motor_demo/lib/python3.10/site-packages/serial_motor_demo
[3.682s] copying /home/ons/ros2_ws/src/build/serial_motor_demo/build/lib/serial_motor_demo/driver.py -> /home/ons/ros2_ws/src/install/serial_motor_demo/lib/python3.10/site-packages/serial_motor_demo
[3.682s] copying /home/ons/ros2_ws/src/build/serial_motor_demo/build/lib/serial_motor_demo/gui.py -> /home/ons/ros2_ws/src/install/serial_motor_demo/lib/python3.10/site-packages/serial_motor_demo
[3.684s] byte-compiling /home/ons/ros2_ws/src/install/serial_motor_demo/lib/python3.10/site-packages/serial_motor_demo/__init__.py to __init__.cpython-310.pyc
[3.686s] byte-compiling /home/ons/ros2_ws/src/install/serial_motor_demo/lib/python3.10/site-packages/serial_motor_demo/driver.py to driver.cpython-310.pyc
[3.693s] byte-compiling /home/ons/ros2_ws/src/install/serial_motor_demo/lib/python3.10/site-packages/serial_motor_demo/gui.py to gui.cpython-310.pyc
[3.701s] running install_data
[3.705s] creating /home/ons/ros2_ws/src/install/serial_motor_demo/share/ament_index
[3.706s] creating /home/ons/ros2_ws/src/install/serial_motor_demo/share/ament_index/resource_index
[3.707s] creating /home/ons/ros2_ws/src/install/serial_motor_demo/share/ament_index/resource_index/packages
[3.708s] copying resource/serial_motor_demo -> /home/ons/ros2_ws/src/install/serial_motor_demo/share/ament_index/resource_index/packages
[3.709s] copying package.xml -> /home/ons/ros2_ws/src/install/serial_motor_demo/share/serial_motor_demo
[3.711s] running install_egg_info
[3.718s] Copying ../../build/serial_motor_demo/serial_motor_demo.egg-info to /home/ons/ros2_ws/src/install/serial_motor_demo/lib/python3.10/site-packages/serial_motor_demo-0.0.0-py3.10.egg-info
[3.721s] running install_scripts
[3.770s] Installing driver script to /home/ons/ros2_ws/src/install/serial_motor_demo/lib/serial_motor_demo
[3.771s] Installing gui script to /home/ons/ros2_ws/src/install/serial_motor_demo/lib/serial_motor_demo
[3.772s] writing list of installed files to '/home/ons/ros2_ws/src/build/serial_motor_demo/install.log'
[3.833s] Invoked command in '/home/ons/ros2_ws/src/serial_motor_demo/serial_motor_demo' returned '0': AMENT_PREFIX_PATH=/home/ons/ros2_ws/src/install/serial_motor_demo_msgs:${AMENT_PREFIX_PATH} CMAKE_PREFIX_PATH=/home/ons/ros2_ws/src/install/serial_motor_demo_msgs LD_LIBRARY_PATH=/home/ons/ros2_ws/src/install/serial_motor_demo_msgs/lib:${LD_LIBRARY_PATH} PYTHONPATH=/home/ons/ros2_ws/src/build/serial_motor_demo/prefix_override:/home/ons/ros2_ws/src/install/serial_motor_demo/lib/python3.10/site-packages:/home/ons/ros2_ws/src/install/serial_motor_demo_msgs/local/lib/python3.10/dist-packages:${PYTHONPATH} /usr/bin/python3 setup.py egg_info --egg-base ../../build/serial_motor_demo build --build-base /home/ons/ros2_ws/src/build/serial_motor_demo/build install --record /home/ons/ros2_ws/src/build/serial_motor_demo/install.log --install-scripts $base/lib/serial_motor_demo --single-version-externally-managed
