[2.255s] Invoking command in '/home/ons/ros2_ws/src/serial_motor_demo/serial_motor_demo': CMAKE_PREFIX_PATH=/home/ons/ros2_ws/install/serial_motor_demo_msgs:/home/ons/ros2_ws/install/ydlidar:/home/ons/ros2_ws/install/diffdrive_arduino:/home/ons/ros2_ws/install/articubot_one PYTHONPATH=/home/ons/ros2_ws/build/serial_motor_demo/prefix_override:/home/ons/ros2_ws/install/serial_motor_demo/lib/python3.10/site-packages:${PYTHONPATH} /usr/bin/python3 setup.py egg_info --egg-base ../../../build/serial_motor_demo build --build-base /home/ons/ros2_ws/build/serial_motor_demo/build install --record /home/ons/ros2_ws/build/serial_motor_demo/install.log --install-scripts $base/lib/serial_motor_demo --single-version-externally-managed
[2.801s] /home/ons/.local/lib/python3.10/site-packages/setuptools/dist.py:717: UserWarning: Usage of dash-separated 'script-dir' will not be supported in future versions. Please use the underscore name 'script_dir' instead
[2.801s]   warnings.warn(
[2.868s] running egg_info
[2.870s] writing ../../../build/serial_motor_demo/serial_motor_demo.egg-info/PKG-INFO
[2.871s] writing dependency_links to ../../../build/serial_motor_demo/serial_motor_demo.egg-info/dependency_links.txt
[2.872s] writing entry points to ../../../build/serial_motor_demo/serial_motor_demo.egg-info/entry_points.txt
[2.872s] writing requirements to ../../../build/serial_motor_demo/serial_motor_demo.egg-info/requires.txt
[2.873s] writing top-level names to ../../../build/serial_motor_demo/serial_motor_demo.egg-info/top_level.txt
[2.877s] reading manifest file '../../../build/serial_motor_demo/serial_motor_demo.egg-info/SOURCES.txt'
[2.879s] writing manifest file '../../../build/serial_motor_demo/serial_motor_demo.egg-info/SOURCES.txt'
[2.880s] running build
[2.880s] running build_py
[2.881s] copying serial_motor_demo/gui.py -> /home/ons/ros2_ws/build/serial_motor_demo/build/lib/serial_motor_demo
[2.882s] running install
[2.883s] running install_lib
[2.885s] copying /home/ons/ros2_ws/build/serial_motor_demo/build/lib/serial_motor_demo/gui.py -> /home/ons/ros2_ws/install/serial_motor_demo/lib/python3.10/site-packages/serial_motor_demo
[2.887s] byte-compiling /home/ons/ros2_ws/install/serial_motor_demo/lib/python3.10/site-packages/serial_motor_demo/gui.py to gui.cpython-310.pyc
[2.889s] Sorry: IndentationError: unexpected indent (gui.py, line 112)
[2.889s] running install_data
[2.891s] running install_egg_info
[2.894s] removing '/home/ons/ros2_ws/install/serial_motor_demo/lib/python3.10/site-packages/serial_motor_demo-0.0.0-py3.10.egg-info' (and everything under it)
[2.894s] Copying ../../../build/serial_motor_demo/serial_motor_demo.egg-info to /home/ons/ros2_ws/install/serial_motor_demo/lib/python3.10/site-packages/serial_motor_demo-0.0.0-py3.10.egg-info
[2.896s] running install_scripts
[2.930s] Installing driver script to /home/ons/ros2_ws/install/serial_motor_demo/lib/serial_motor_demo
[2.930s] Installing gui script to /home/ons/ros2_ws/install/serial_motor_demo/lib/serial_motor_demo
[2.931s] writing list of installed files to '/home/ons/ros2_ws/build/serial_motor_demo/install.log'
[3.011s] Invoked command in '/home/ons/ros2_ws/src/serial_motor_demo/serial_motor_demo' returned '0': CMAKE_PREFIX_PATH=/home/ons/ros2_ws/install/serial_motor_demo_msgs:/home/ons/ros2_ws/install/ydlidar:/home/ons/ros2_ws/install/diffdrive_arduino:/home/ons/ros2_ws/install/articubot_one PYTHONPATH=/home/ons/ros2_ws/build/serial_motor_demo/prefix_override:/home/ons/ros2_ws/install/serial_motor_demo/lib/python3.10/site-packages:${PYTHONPATH} /usr/bin/python3 setup.py egg_info --egg-base ../../../build/serial_motor_demo build --build-base /home/ons/ros2_ws/build/serial_motor_demo/build install --record /home/ons/ros2_ws/build/serial_motor_demo/install.log --install-scripts $base/lib/serial_motor_demo --single-version-externally-managed
