[4.792s] Invoking command in '/home/ons/ros2_ws/src/serial_motor_demo/serial_motor_demo': AMENT_PREFIX_PATH=/home/ons/ros2_ws/install/serial_motor_demo_msgs:${AMENT_PREFIX_PATH} CMAKE_PREFIX_PATH=/home/ons/ros2_ws/install/serial_motor_demo_msgs LD_LIBRARY_PATH=/home/ons/ros2_ws/install/serial_motor_demo_msgs/lib:${LD_LIBRARY_PATH} PYTHONPATH=/home/ons/ros2_ws/build/serial_motor_demo/prefix_override:/home/ons/ros2_ws/install/serial_motor_demo/lib/python3.10/site-packages:/home/ons/ros2_ws/install/serial_motor_demo_msgs/local/lib/python3.10/dist-packages:${PYTHONPATH} /usr/bin/python3 setup.py egg_info --egg-base ../../../build/serial_motor_demo build --build-base /home/ons/ros2_ws/build/serial_motor_demo/build install --record /home/ons/ros2_ws/build/serial_motor_demo/install.log --install-scripts $base/lib/serial_motor_demo --single-version-externally-managed
[5.228s] /home/ons/.local/lib/python3.10/site-packages/setuptools/dist.py:717: UserWarning: Usage of dash-separated 'script-dir' will not be supported in future versions. Please use the underscore name 'script_dir' instead
[5.228s]   warnings.warn(
[5.303s] running egg_info
[5.304s] creating ../../../build/serial_motor_demo/serial_motor_demo.egg-info
[5.306s] writing ../../../build/serial_motor_demo/serial_motor_demo.egg-info/PKG-INFO
[5.306s] writing dependency_links to ../../../build/serial_motor_demo/serial_motor_demo.egg-info/dependency_links.txt
[5.307s] writing entry points to ../../../build/serial_motor_demo/serial_motor_demo.egg-info/entry_points.txt
[5.307s] writing requirements to ../../../build/serial_motor_demo/serial_motor_demo.egg-info/requires.txt
[5.307s] writing top-level names to ../../../build/serial_motor_demo/serial_motor_demo.egg-info/top_level.txt
[5.307s] writing manifest file '../../../build/serial_motor_demo/serial_motor_demo.egg-info/SOURCES.txt'
[5.310s] reading manifest file '../../../build/serial_motor_demo/serial_motor_demo.egg-info/SOURCES.txt'
[5.310s] writing manifest file '../../../build/serial_motor_demo/serial_motor_demo.egg-info/SOURCES.txt'
[5.311s] running build
[5.311s] running build_py
[5.311s] creating /home/ons/ros2_ws/build/serial_motor_demo/build
[5.311s] creating /home/ons/ros2_ws/build/serial_motor_demo/build/lib
[5.311s] creating /home/ons/ros2_ws/build/serial_motor_demo/build/lib/serial_motor_demo
[5.311s] copying serial_motor_demo/__init__.py -> /home/ons/ros2_ws/build/serial_motor_demo/build/lib/serial_motor_demo
[5.311s] copying serial_motor_demo/driver.py -> /home/ons/ros2_ws/build/serial_motor_demo/build/lib/serial_motor_demo
[5.315s] copying serial_motor_demo/gui.py -> /home/ons/ros2_ws/build/serial_motor_demo/build/lib/serial_motor_demo
[5.316s] running install
[5.321s] running install_lib
[5.335s] copying /home/ons/ros2_ws/build/serial_motor_demo/build/lib/serial_motor_demo/__init__.py -> /home/ons/ros2_ws/install/serial_motor_demo/lib/python3.10/site-packages/serial_motor_demo
[5.336s] copying /home/ons/ros2_ws/build/serial_motor_demo/build/lib/serial_motor_demo/driver.py -> /home/ons/ros2_ws/install/serial_motor_demo/lib/python3.10/site-packages/serial_motor_demo
[5.337s] copying /home/ons/ros2_ws/build/serial_motor_demo/build/lib/serial_motor_demo/gui.py -> /home/ons/ros2_ws/install/serial_motor_demo/lib/python3.10/site-packages/serial_motor_demo
[5.344s] byte-compiling /home/ons/ros2_ws/install/serial_motor_demo/lib/python3.10/site-packages/serial_motor_demo/__init__.py to __init__.cpython-310.pyc
[5.345s] byte-compiling /home/ons/ros2_ws/install/serial_motor_demo/lib/python3.10/site-packages/serial_motor_demo/driver.py to driver.cpython-310.pyc
[5.347s] byte-compiling /home/ons/ros2_ws/install/serial_motor_demo/lib/python3.10/site-packages/serial_motor_demo/gui.py to gui.cpython-310.pyc
[5.351s] Sorry: IndentationError: unexpected indent (gui.py, line 112)
[5.351s] running install_data
[5.357s] copying resource/serial_motor_demo -> /home/ons/ros2_ws/install/serial_motor_demo/share/ament_index/resource_index/packages
[5.367s] copying package.xml -> /home/ons/ros2_ws/install/serial_motor_demo/share/serial_motor_demo
[5.369s] running install_egg_info
[5.373s] removing '/home/ons/ros2_ws/install/serial_motor_demo/lib/python3.10/site-packages/serial_motor_demo-0.0.0-py3.10.egg-info' (and everything under it)
[5.376s] Copying ../../../build/serial_motor_demo/serial_motor_demo.egg-info to /home/ons/ros2_ws/install/serial_motor_demo/lib/python3.10/site-packages/serial_motor_demo-0.0.0-py3.10.egg-info
[5.396s] running install_scripts
[5.471s] Installing driver script to /home/ons/ros2_ws/install/serial_motor_demo/lib/serial_motor_demo
[5.474s] Installing gui script to /home/ons/ros2_ws/install/serial_motor_demo/lib/serial_motor_demo
[5.474s] writing list of installed files to '/home/ons/ros2_ws/build/serial_motor_demo/install.log'
[5.565s] Invoked command in '/home/ons/ros2_ws/src/serial_motor_demo/serial_motor_demo' returned '0': AMENT_PREFIX_PATH=/home/ons/ros2_ws/install/serial_motor_demo_msgs:${AMENT_PREFIX_PATH} CMAKE_PREFIX_PATH=/home/ons/ros2_ws/install/serial_motor_demo_msgs LD_LIBRARY_PATH=/home/ons/ros2_ws/install/serial_motor_demo_msgs/lib:${LD_LIBRARY_PATH} PYTHONPATH=/home/ons/ros2_ws/build/serial_motor_demo/prefix_override:/home/ons/ros2_ws/install/serial_motor_demo/lib/python3.10/site-packages:/home/ons/ros2_ws/install/serial_motor_demo_msgs/local/lib/python3.10/dist-packages:${PYTHONPATH} /usr/bin/python3 setup.py egg_info --egg-base ../../../build/serial_motor_demo build --build-base /home/ons/ros2_ws/build/serial_motor_demo/build install --record /home/ons/ros2_ws/build/serial_motor_demo/install.log --install-scripts $base/lib/serial_motor_demo --single-version-externally-managed
