[0.206s] Invoking command in '/home/ons/ros2_ws/build/articubot_one': CMAKE_PREFIX_PATH=/opt/ros/humble /usr/bin/cmake /home/ons/ros2_ws/src/articubot_one -DCMAKE_INSTALL_PREFIX=/home/ons/ros2_ws/install/articubot_one
[0.503s] -- The C compiler identification is GNU 11.4.0
[0.642s] -- The CXX compiler identification is GNU 11.4.0
[0.656s] -- Detecting C compiler ABI info
[0.797s] -- Detecting C compiler ABI info - done
[0.808s] -- Check for working C compiler: /usr/bin/cc - skipped
[0.808s] -- Detecting C compile features
[0.809s] -- Detecting C compile features - done
[0.816s] -- Detecting CXX compiler ABI info
[1.012s] -- Detecting CXX compiler ABI info - done
[1.080s] -- Check for working CXX compiler: /usr/bin/c++ - skipped
[1.087s] -- Detecting CXX compile features
[1.090s] -- Detecting CXX compile features - done
[1.106s] -- Found ament_cmake: 1.3.5 (/opt/ros/humble/share/ament_cmake/cmake)
[1.454s] -- Found Python3: /usr/bin/python3.10 (found version "3.10.12") found components: Interpreter 
[1.607s] -- Found ament_lint_auto: 0.12.8 (/opt/ros/humble/share/ament_lint_auto/cmake)
[1.745s] -- Added test 'copyright' to check source files copyright and LICENSE
[1.755s] -- Added test 'flake8' to check Python code syntax and style conventions
[1.759s] -- Added test 'lint_cmake' to check CMake code style
[1.760s] -- Added test 'pep257' to check Python code against some of the docstring style conventions in PEP 257
[1.764s] -- Added test 'xmllint' to check XML markup files
[1.772s] -- Configuring done
[1.787s] -- Generating done
[1.793s] -- Build files have been written to: /home/ons/ros2_ws/build/articubot_one
[1.807s] Invoked command in '/home/ons/ros2_ws/build/articubot_one' returned '0': CMAKE_PREFIX_PATH=/opt/ros/humble /usr/bin/cmake /home/ons/ros2_ws/src/articubot_one -DCMAKE_INSTALL_PREFIX=/home/ons/ros2_ws/install/articubot_one
[1.808s] Invoking command in '/home/ons/ros2_ws/build/articubot_one': CMAKE_PREFIX_PATH=/opt/ros/humble /usr/bin/cmake --build /home/ons/ros2_ws/build/articubot_one -- -j4 -l4
[1.880s] Invoked command in '/home/ons/ros2_ws/build/articubot_one' returned '0': CMAKE_PREFIX_PATH=/opt/ros/humble /usr/bin/cmake --build /home/ons/ros2_ws/build/articubot_one -- -j4 -l4
[1.939s] Invoking command in '/home/ons/ros2_ws/build/articubot_one': CMAKE_PREFIX_PATH=/opt/ros/humble /usr/bin/cmake --install /home/ons/ros2_ws/build/articubot_one
[1.951s] -- Install configuration: ""
[1.952s] -- Up-to-date: /home/ons/ros2_ws/install/articubot_one/share/articubot_one/config
[1.954s] -- Up-to-date: /home/ons/ros2_ws/install/articubot_one/share/articubot_one/description
[1.956s] -- Up-to-date: /home/ons/ros2_ws/install/articubot_one/share/articubot_one/launch
[1.959s] -- Up-to-date: /home/ons/ros2_ws/install/articubot_one/share/articubot_one/worlds
[1.966s] -- Installing: /home/ons/ros2_ws/install/articubot_one/share/articubot_one/package.dsv
[1.978s] Invoked command in '/home/ons/ros2_ws/build/articubot_one' returned '0': CMAKE_PREFIX_PATH=/opt/ros/humble /usr/bin/cmake --install /home/ons/ros2_ws/build/articubot_one
