[0.702s] Invoking command in '/home/ons/ros2_ws/build/ydlidar': CMAKE_PREFIX_PATH=${CMAKE_PREFIX_PATH}:/home/ons/ros2_ws/install/test_node:/home/ons/ros2_ws/install/serial_motor_demo:/opt/ros/humble /usr/bin/cmake --build /home/ons/ros2_ws/build/ydlidar -- -j4 -l4
[0.888s] [ 81%] Built target ydlidar_node
[0.929s] [100%] Built target ydlidar_client
[1.045s] Invoked command in '/home/ons/ros2_ws/build/ydlidar' returned '0': CMAKE_PREFIX_PATH=${CMAKE_PREFIX_PATH}:/home/ons/ros2_ws/install/test_node:/home/ons/ros2_ws/install/serial_motor_demo:/opt/ros/humble /usr/bin/cmake --build /home/ons/ros2_ws/build/ydlidar -- -j4 -l4
[1.536s] Invoking command in '/home/ons/ros2_ws/build/ydlidar': CMAKE_PREFIX_PATH=${CMAKE_PREFIX_PATH}:/home/ons/ros2_ws/install/test_node:/home/ons/ros2_ws/install/serial_motor_demo:/opt/ros/humble /usr/bin/cmake --install /home/ons/ros2_ws/build/ydlidar
[1.554s] -- Install configuration: ""
[1.557s] -- Execute custom install script
[1.562s] -- Up-to-date symlink: /home/ons/ros2_ws/install/ydlidar/lib/ydlidar/ydlidar_node
[1.562s] -- Up-to-date symlink: /home/ons/ros2_ws/install/ydlidar/lib/ydlidar/ydlidar_client
[1.562s] -- Up-to-date symlink: /home/ons/ros2_ws/install/ydlidar/share/ydlidar/launch/ydlidar.py
[1.563s] -- Up-to-date symlink: /home/ons/ros2_ws/install/ydlidar/share/ydlidar/launch/ydlidar_launch.py
[1.565s] -- Up-to-date symlink: /home/ons/ros2_ws/install/ydlidar/share/ydlidar/params/ydlidar.yaml
[1.566s] -- Up-to-date symlink: /home/ons/ros2_ws/install/ydlidar/share/ydlidar/startup/initenv.sh
[1.569s] -- Up-to-date symlink: /home/ons/ros2_ws/install/ydlidar/share/ament_index/resource_index/package_run_dependencies/ydlidar
[1.571s] -- Up-to-date symlink: /home/ons/ros2_ws/install/ydlidar/share/ament_index/resource_index/parent_prefix_path/ydlidar
[1.572s] -- Up-to-date symlink: /home/ons/ros2_ws/install/ydlidar/share/ydlidar/environment/ament_prefix_path.sh
[1.577s] -- Up-to-date symlink: /home/ons/ros2_ws/install/ydlidar/share/ydlidar/environment/ament_prefix_path.dsv
[1.578s] -- Up-to-date symlink: /home/ons/ros2_ws/install/ydlidar/share/ydlidar/environment/path.sh
[1.578s] -- Up-to-date symlink: /home/ons/ros2_ws/install/ydlidar/share/ydlidar/environment/path.dsv
[1.578s] -- Up-to-date symlink: /home/ons/ros2_ws/install/ydlidar/share/ydlidar/local_setup.bash
[1.582s] -- Up-to-date symlink: /home/ons/ros2_ws/install/ydlidar/share/ydlidar/local_setup.sh
[1.582s] -- Up-to-date symlink: /home/ons/ros2_ws/install/ydlidar/share/ydlidar/local_setup.zsh
[1.583s] -- Up-to-date symlink: /home/ons/ros2_ws/install/ydlidar/share/ydlidar/local_setup.dsv
[1.583s] -- Symlinking: /home/ons/ros2_ws/install/ydlidar/share/ydlidar/package.dsv
[1.613s] -- Up-to-date symlink: /home/ons/ros2_ws/install/ydlidar/share/ament_index/resource_index/packages/ydlidar
[1.614s] -- Up-to-date symlink: /home/ons/ros2_ws/install/ydlidar/share/ydlidar/cmake/ydlidarConfig.cmake
[1.615s] -- Up-to-date symlink: /home/ons/ros2_ws/install/ydlidar/share/ydlidar/cmake/ydlidarConfig-version.cmake
[1.615s] -- Up-to-date symlink: /home/ons/ros2_ws/install/ydlidar/share/ydlidar/package.xml
[2.290s] Invoked command in '/home/ons/ros2_ws/build/ydlidar' returned '0': CMAKE_PREFIX_PATH=${CMAKE_PREFIX_PATH}:/home/ons/ros2_ws/install/test_node:/home/ons/ros2_ws/install/serial_motor_demo:/opt/ros/humble /usr/bin/cmake --install /home/ons/ros2_ws/build/ydlidar
