[0.310s] DEBUG:colcon:Command line arguments: ['/usr/bin/colcon', 'build']
[0.310s] DEBUG:colcon:Parsed command line arguments: Namespace(log_base=None, log_level=None, verb_name='build', build_base='build', install_base='install', merge_install=False, symlink_install=False, test_result_base=None, continue_on_error=False, executor='parallel', parallel_workers=4, event_handlers=None, ignore_user_meta=False, metas=['./colcon.meta'], base_paths=['.'], packages_ignore=None, packages_ignore_regex=None, paths=None, packages_up_to=None, packages_up_to_regex=None, packages_above=None, packages_above_and_dependencies=None, packages_above_depth=None, packages_select_by_dep=None, packages_skip_by_dep=None, packages_skip_up_to=None, packages_select_build_failed=False, packages_skip_build_finished=False, packages_select_test_failures=False, packages_skip_test_passed=False, packages_select=None, packages_skip=None, packages_select_regex=None, packages_skip_regex=None, packages_start=None, packages_end=None, allow_overriding=[], cmake_args=None, cmake_target=None, cmake_target_skip_unavailable=False, cmake_clean_cache=False, cmake_clean_first=False, cmake_force_configure=False, ament_cmake_args=None, catkin_cmake_args=None, catkin_skip_building_tests=False, verb_parser=<colcon_defaults.argument_parser.defaults.DefaultArgumentsDecorator object at 0x7f65906b3f70>, verb_extension=<colcon_core.verb.build.BuildVerb object at 0x7f65906b3a00>, main=<bound method BuildVerb.main of <colcon_core.verb.build.BuildVerb object at 0x7f65906b3a00>>)
[0.332s] Level 1:colcon.colcon_core.package_discovery:discover_packages(colcon_meta) check parameters
[0.332s] Level 1:colcon.colcon_core.package_discovery:discover_packages(recursive) check parameters
[0.332s] Level 1:colcon.colcon_core.package_discovery:discover_packages(ignore) check parameters
[0.332s] Level 1:colcon.colcon_core.package_discovery:discover_packages(path) check parameters
[0.332s] Level 1:colcon.colcon_core.package_discovery:discover_packages(colcon_meta) discover
[0.333s] Level 1:colcon.colcon_core.package_discovery:discover_packages(recursive) discover
[0.333s] INFO:colcon.colcon_core.package_discovery:Crawling recursively for packages in '/home/ons/ros2_ws'
[0.333s] Level 1:colcon.colcon_core.package_identification:_identify(.) by extensions ['ignore', 'ignore_ament_install']
[0.333s] Level 1:colcon.colcon_core.package_identification:_identify(.) by extension 'ignore'
[0.333s] Level 1:colcon.colcon_core.package_identification:_identify(.) by extension 'ignore_ament_install'
[0.333s] Level 1:colcon.colcon_core.package_identification:_identify(.) by extensions ['colcon_pkg']
[0.333s] Level 1:colcon.colcon_core.package_identification:_identify(.) by extension 'colcon_pkg'
[0.333s] Level 1:colcon.colcon_core.package_identification:_identify(.) by extensions ['colcon_meta']
[0.333s] Level 1:colcon.colcon_core.package_identification:_identify(.) by extension 'colcon_meta'
[0.333s] Level 1:colcon.colcon_core.package_identification:_identify(.) by extensions ['ros']
[0.333s] Level 1:colcon.colcon_core.package_identification:_identify(.) by extension 'ros'
[0.344s] Level 1:colcon.colcon_core.package_identification:_identify(.) by extensions ['cmake', 'python']
[0.344s] Level 1:colcon.colcon_core.package_identification:_identify(.) by extension 'cmake'
[0.344s] Level 1:colcon.colcon_core.package_identification:_identify(.) by extension 'python'
[0.344s] Level 1:colcon.colcon_core.package_identification:_identify(.) by extensions ['python_setup_py']
[0.344s] Level 1:colcon.colcon_core.package_identification:_identify(.) by extension 'python_setup_py'
[0.344s] Level 1:colcon.colcon_core.package_identification:_identify(build) by extensions ['ignore', 'ignore_ament_install']
[0.344s] Level 1:colcon.colcon_core.package_identification:_identify(build) by extension 'ignore'
[0.344s] Level 1:colcon.colcon_core.package_identification:_identify(build) ignored
[0.344s] Level 1:colcon.colcon_core.package_identification:_identify(install) by extensions ['ignore', 'ignore_ament_install']
[0.345s] Level 1:colcon.colcon_core.package_identification:_identify(install) by extension 'ignore'
[0.345s] Level 1:colcon.colcon_core.package_identification:_identify(install) ignored
[0.345s] Level 1:colcon.colcon_core.package_identification:_identify(log) by extensions ['ignore', 'ignore_ament_install']
[0.345s] Level 1:colcon.colcon_core.package_identification:_identify(log) by extension 'ignore'
[0.345s] Level 1:colcon.colcon_core.package_identification:_identify(log) ignored
[0.345s] Level 1:colcon.colcon_core.package_identification:_identify(src) by extensions ['ignore', 'ignore_ament_install']
[0.345s] Level 1:colcon.colcon_core.package_identification:_identify(src) by extension 'ignore'
[0.345s] Level 1:colcon.colcon_core.package_identification:_identify(src) by extension 'ignore_ament_install'
[0.345s] Level 1:colcon.colcon_core.package_identification:_identify(src) by extensions ['colcon_pkg']
[0.345s] Level 1:colcon.colcon_core.package_identification:_identify(src) by extension 'colcon_pkg'
[0.345s] Level 1:colcon.colcon_core.package_identification:_identify(src) by extensions ['colcon_meta']
[0.346s] Level 1:colcon.colcon_core.package_identification:_identify(src) by extension 'colcon_meta'
[0.346s] Level 1:colcon.colcon_core.package_identification:_identify(src) by extensions ['ros']
[0.346s] Level 1:colcon.colcon_core.package_identification:_identify(src) by extension 'ros'
[0.346s] Level 1:colcon.colcon_core.package_identification:_identify(src) by extensions ['cmake', 'python']
[0.346s] Level 1:colcon.colcon_core.package_identification:_identify(src) by extension 'cmake'
[0.346s] Level 1:colcon.colcon_core.package_identification:_identify(src) by extension 'python'
[0.346s] Level 1:colcon.colcon_core.package_identification:_identify(src) by extensions ['python_setup_py']
[0.346s] Level 1:colcon.colcon_core.package_identification:_identify(src) by extension 'python_setup_py'
[0.346s] Level 1:colcon.colcon_core.package_identification:_identify(src/articubot_one) by extensions ['ignore', 'ignore_ament_install']
[0.346s] Level 1:colcon.colcon_core.package_identification:_identify(src/articubot_one) by extension 'ignore'
[0.346s] Level 1:colcon.colcon_core.package_identification:_identify(src/articubot_one) by extension 'ignore_ament_install'
[0.346s] Level 1:colcon.colcon_core.package_identification:_identify(src/articubot_one) by extensions ['colcon_pkg']
[0.346s] Level 1:colcon.colcon_core.package_identification:_identify(src/articubot_one) by extension 'colcon_pkg'
[0.346s] Level 1:colcon.colcon_core.package_identification:_identify(src/articubot_one) by extensions ['colcon_meta']
[0.347s] Level 1:colcon.colcon_core.package_identification:_identify(src/articubot_one) by extension 'colcon_meta'
[0.347s] Level 1:colcon.colcon_core.package_identification:_identify(src/articubot_one) by extensions ['ros']
[0.347s] Level 1:colcon.colcon_core.package_identification:_identify(src/articubot_one) by extension 'ros'
[0.350s] DEBUG:colcon.colcon_core.package_identification:Package 'src/articubot_one' with type 'ros.ament_cmake' and name 'articubot_one'
[0.350s] Level 1:colcon.colcon_core.package_identification:_identify(src/test_node) by extensions ['ignore', 'ignore_ament_install']
[0.350s] Level 1:colcon.colcon_core.package_identification:_identify(src/test_node) by extension 'ignore'
[0.350s] Level 1:colcon.colcon_core.package_identification:_identify(src/test_node) by extension 'ignore_ament_install'
[0.351s] Level 1:colcon.colcon_core.package_identification:_identify(src/test_node) by extensions ['colcon_pkg']
[0.351s] Level 1:colcon.colcon_core.package_identification:_identify(src/test_node) by extension 'colcon_pkg'
[0.351s] Level 1:colcon.colcon_core.package_identification:_identify(src/test_node) by extensions ['colcon_meta']
[0.351s] Level 1:colcon.colcon_core.package_identification:_identify(src/test_node) by extension 'colcon_meta'
[0.351s] Level 1:colcon.colcon_core.package_identification:_identify(src/test_node) by extensions ['ros']
[0.351s] Level 1:colcon.colcon_core.package_identification:_identify(src/test_node) by extension 'ros'
[0.352s] DEBUG:colcon.colcon_core.package_identification:Package 'src/test_node' with type 'ros.ament_python' and name 'test_node'
[0.352s] Level 1:colcon.colcon_core.package_identification:_identify(src/ydlidar_ros2) by extensions ['ignore', 'ignore_ament_install']
[0.352s] Level 1:colcon.colcon_core.package_identification:_identify(src/ydlidar_ros2) by extension 'ignore'
[0.352s] Level 1:colcon.colcon_core.package_identification:_identify(src/ydlidar_ros2) by extension 'ignore_ament_install'
[0.352s] Level 1:colcon.colcon_core.package_identification:_identify(src/ydlidar_ros2) by extensions ['colcon_pkg']
[0.352s] Level 1:colcon.colcon_core.package_identification:_identify(src/ydlidar_ros2) by extension 'colcon_pkg'
[0.352s] Level 1:colcon.colcon_core.package_identification:_identify(src/ydlidar_ros2) by extensions ['colcon_meta']
[0.352s] Level 1:colcon.colcon_core.package_identification:_identify(src/ydlidar_ros2) by extension 'colcon_meta'
[0.352s] Level 1:colcon.colcon_core.package_identification:_identify(src/ydlidar_ros2) by extensions ['ros']
[0.352s] Level 1:colcon.colcon_core.package_identification:_identify(src/ydlidar_ros2) by extension 'ros'
[0.353s] DEBUG:colcon.colcon_core.package_identification:Package 'src/ydlidar_ros2' with type 'ros.ament_cmake' and name 'ydlidar'
[0.353s] Level 1:colcon.colcon_core.package_discovery:discover_packages(recursive) using defaults
[0.353s] Level 1:colcon.colcon_core.package_discovery:discover_packages(ignore) discover
[0.353s] Level 1:colcon.colcon_core.package_discovery:discover_packages(ignore) using defaults
[0.353s] Level 1:colcon.colcon_core.package_discovery:discover_packages(path) discover
[0.353s] Level 1:colcon.colcon_core.package_discovery:discover_packages(path) using defaults
[0.375s] Level 1:colcon.colcon_core.package_discovery:discover_packages(prefix_path) check parameters
[0.375s] Level 1:colcon.colcon_core.package_discovery:discover_packages(prefix_path) discover
[0.378s] DEBUG:colcon.colcon_installed_package_information.package_discovery:Found 322 installed packages in /opt/ros/humble
[0.380s] Level 1:colcon.colcon_core.package_discovery:discover_packages(prefix_path) using defaults
[0.438s] Level 5:colcon.colcon_core.verb:set package 'articubot_one' build argument 'cmake_args' from command line to 'None'
[0.438s] Level 5:colcon.colcon_core.verb:set package 'articubot_one' build argument 'cmake_target' from command line to 'None'
[0.438s] Level 5:colcon.colcon_core.verb:set package 'articubot_one' build argument 'cmake_target_skip_unavailable' from command line to 'False'
[0.438s] Level 5:colcon.colcon_core.verb:set package 'articubot_one' build argument 'cmake_clean_cache' from command line to 'False'
[0.438s] Level 5:colcon.colcon_core.verb:set package 'articubot_one' build argument 'cmake_clean_first' from command line to 'False'
[0.438s] Level 5:colcon.colcon_core.verb:set package 'articubot_one' build argument 'cmake_force_configure' from command line to 'False'
[0.438s] Level 5:colcon.colcon_core.verb:set package 'articubot_one' build argument 'ament_cmake_args' from command line to 'None'
[0.438s] Level 5:colcon.colcon_core.verb:set package 'articubot_one' build argument 'catkin_cmake_args' from command line to 'None'
[0.438s] Level 5:colcon.colcon_core.verb:set package 'articubot_one' build argument 'catkin_skip_building_tests' from command line to 'False'
[0.438s] DEBUG:colcon.colcon_core.verb:Building package 'articubot_one' with the following arguments: {'ament_cmake_args': None, 'build_base': '/home/ons/ros2_ws/build/articubot_one', 'catkin_cmake_args': None, 'catkin_skip_building_tests': False, 'cmake_args': None, 'cmake_clean_cache': False, 'cmake_clean_first': False, 'cmake_force_configure': False, 'cmake_target': None, 'cmake_target_skip_unavailable': False, 'install_base': '/home/ons/ros2_ws/install/articubot_one', 'merge_install': False, 'path': '/home/ons/ros2_ws/src/articubot_one', 'symlink_install': False, 'test_result_base': None}
[0.439s] Level 5:colcon.colcon_core.verb:set package 'test_node' build argument 'cmake_args' from command line to 'None'
[0.439s] Level 5:colcon.colcon_core.verb:set package 'test_node' build argument 'cmake_target' from command line to 'None'
[0.439s] Level 5:colcon.colcon_core.verb:set package 'test_node' build argument 'cmake_target_skip_unavailable' from command line to 'False'
[0.439s] Level 5:colcon.colcon_core.verb:set package 'test_node' build argument 'cmake_clean_cache' from command line to 'False'
[0.439s] Level 5:colcon.colcon_core.verb:set package 'test_node' build argument 'cmake_clean_first' from command line to 'False'
[0.439s] Level 5:colcon.colcon_core.verb:set package 'test_node' build argument 'cmake_force_configure' from command line to 'False'
[0.439s] Level 5:colcon.colcon_core.verb:set package 'test_node' build argument 'ament_cmake_args' from command line to 'None'
[0.439s] Level 5:colcon.colcon_core.verb:set package 'test_node' build argument 'catkin_cmake_args' from command line to 'None'
[0.439s] Level 5:colcon.colcon_core.verb:set package 'test_node' build argument 'catkin_skip_building_tests' from command line to 'False'
[0.439s] DEBUG:colcon.colcon_core.verb:Building package 'test_node' with the following arguments: {'ament_cmake_args': None, 'build_base': '/home/ons/ros2_ws/build/test_node', 'catkin_cmake_args': None, 'catkin_skip_building_tests': False, 'cmake_args': None, 'cmake_clean_cache': False, 'cmake_clean_first': False, 'cmake_force_configure': False, 'cmake_target': None, 'cmake_target_skip_unavailable': False, 'install_base': '/home/ons/ros2_ws/install/test_node', 'merge_install': False, 'path': '/home/ons/ros2_ws/src/test_node', 'symlink_install': False, 'test_result_base': None}
[0.440s] Level 5:colcon.colcon_core.verb:set package 'ydlidar' build argument 'cmake_args' from command line to 'None'
[0.441s] Level 5:colcon.colcon_core.verb:set package 'ydlidar' build argument 'cmake_target' from command line to 'None'
[0.441s] Level 5:colcon.colcon_core.verb:set package 'ydlidar' build argument 'cmake_target_skip_unavailable' from command line to 'False'
[0.441s] Level 5:colcon.colcon_core.verb:set package 'ydlidar' build argument 'cmake_clean_cache' from command line to 'False'
[0.441s] Level 5:colcon.colcon_core.verb:set package 'ydlidar' build argument 'cmake_clean_first' from command line to 'False'
[0.441s] Level 5:colcon.colcon_core.verb:set package 'ydlidar' build argument 'cmake_force_configure' from command line to 'False'
[0.441s] Level 5:colcon.colcon_core.verb:set package 'ydlidar' build argument 'ament_cmake_args' from command line to 'None'
[0.441s] Level 5:colcon.colcon_core.verb:set package 'ydlidar' build argument 'catkin_cmake_args' from command line to 'None'
[0.441s] Level 5:colcon.colcon_core.verb:set package 'ydlidar' build argument 'catkin_skip_building_tests' from command line to 'False'
[0.441s] DEBUG:colcon.colcon_core.verb:Building package 'ydlidar' with the following arguments: {'ament_cmake_args': None, 'build_base': '/home/ons/ros2_ws/build/ydlidar', 'catkin_cmake_args': None, 'catkin_skip_building_tests': False, 'cmake_args': None, 'cmake_clean_cache': False, 'cmake_clean_first': False, 'cmake_force_configure': False, 'cmake_target': None, 'cmake_target_skip_unavailable': False, 'install_base': '/home/ons/ros2_ws/install/ydlidar', 'merge_install': False, 'path': '/home/ons/ros2_ws/src/ydlidar_ros2', 'symlink_install': False, 'test_result_base': None}
[0.441s] INFO:colcon.colcon_core.executor:Executing jobs using 'parallel' executor
[0.445s] DEBUG:colcon.colcon_parallel_executor.executor.parallel:run_until_complete
[0.446s] INFO:colcon.colcon_ros.task.ament_cmake.build:Building ROS package in '/home/ons/ros2_ws/src/articubot_one' with build type 'ament_cmake'
[0.446s] INFO:colcon.colcon_cmake.task.cmake.build:Building CMake package in '/home/ons/ros2_ws/src/articubot_one'
[0.450s] INFO:colcon.colcon_core.plugin_system:Skipping extension 'colcon_core.shell.bat': Not used on non-Windows systems
[0.450s] INFO:colcon.colcon_core.shell:Skip shell extension 'powershell' for command environment: Not usable outside of PowerShell
[0.450s] DEBUG:colcon.colcon_core.shell:Skip shell extension 'dsv' for command environment
[0.456s] INFO:colcon.colcon_ros.task.ament_python.build:Building ROS package in '/home/ons/ros2_ws/src/test_node' with build type 'ament_python'
[0.457s] Level 1:colcon.colcon_core.shell:create_environment_hook('test_node', 'ament_prefix_path')
[0.460s] INFO:colcon.colcon_core.shell:Creating environment hook '/home/ons/ros2_ws/install/test_node/share/test_node/hook/ament_prefix_path.ps1'
[0.462s] INFO:colcon.colcon_core.shell:Creating environment descriptor '/home/ons/ros2_ws/install/test_node/share/test_node/hook/ament_prefix_path.dsv'
[0.463s] INFO:colcon.colcon_core.shell:Creating environment hook '/home/ons/ros2_ws/install/test_node/share/test_node/hook/ament_prefix_path.sh'
[0.467s] INFO:colcon.colcon_core.shell:Skip shell extension 'powershell' for command environment: Not usable outside of PowerShell
[0.467s] DEBUG:colcon.colcon_core.shell:Skip shell extension 'dsv' for command environment
[0.470s] INFO:colcon.colcon_ros.task.ament_cmake.build:Building ROS package in '/home/ons/ros2_ws/src/ydlidar_ros2' with build type 'ament_cmake'
[0.470s] INFO:colcon.colcon_cmake.task.cmake.build:Building CMake package in '/home/ons/ros2_ws/src/ydlidar_ros2'
[0.472s] INFO:colcon.colcon_core.shell:Skip shell extension 'powershell' for command environment: Not usable outside of PowerShell
[0.472s] DEBUG:colcon.colcon_core.shell:Skip shell extension 'dsv' for command environment
[0.491s] DEBUG:colcon.colcon_core.event_handler.log_command:Invoking command in '/home/ons/ros2_ws/build/articubot_one': CMAKE_PREFIX_PATH=/opt/ros/humble /usr/bin/cmake --build /home/ons/ros2_ws/build/articubot_one -- -j4 -l4
[0.784s] INFO:colcon.colcon_core.task.python.build:Building Python package in '/home/ons/ros2_ws/src/test_node'
[0.785s] INFO:colcon.colcon_core.shell:Skip shell extension 'powershell' for command environment: Not usable outside of PowerShell
[0.785s] DEBUG:colcon.colcon_core.shell:Skip shell extension 'dsv' for command environment
[0.791s] DEBUG:colcon.colcon_core.event_handler.log_command:Invoked command in '/home/ons/ros2_ws/build/articubot_one' returned '0': CMAKE_PREFIX_PATH=/opt/ros/humble /usr/bin/cmake --build /home/ons/ros2_ws/build/articubot_one -- -j4 -l4
[0.795s] DEBUG:colcon.colcon_core.event_handler.log_command:Invoking command in '/home/ons/ros2_ws/build/ydlidar': CMAKE_PREFIX_PATH=/opt/ros/humble /usr/bin/cmake /home/ons/ros2_ws/src/ydlidar_ros2 -DCMAKE_INSTALL_PREFIX=/home/ons/ros2_ws/install/ydlidar
[0.836s] DEBUG:colcon.colcon_core.event_handler.log_command:Invoking command in '/home/ons/ros2_ws/build/articubot_one': CMAKE_PREFIX_PATH=/opt/ros/humble /usr/bin/cmake --install /home/ons/ros2_ws/build/articubot_one
[0.898s] Level 1:colcon.colcon_core.environment:create_environment_scripts_only(articubot_one)
[0.909s] DEBUG:colcon.colcon_core.event_handler.log_command:Invoked command in '/home/ons/ros2_ws/build/articubot_one' returned '0': CMAKE_PREFIX_PATH=/opt/ros/humble /usr/bin/cmake --install /home/ons/ros2_ws/build/articubot_one
[0.919s] Level 1:colcon.colcon_core.environment:checking '/home/ons/ros2_ws/install/articubot_one' for CMake module files
[0.921s] Level 1:colcon.colcon_core.environment:checking '/home/ons/ros2_ws/install/articubot_one' for CMake config files
[0.921s] Level 1:colcon.colcon_core.shell:create_environment_hook('articubot_one', 'cmake_prefix_path')
[0.925s] INFO:colcon.colcon_core.shell:Creating environment hook '/home/ons/ros2_ws/install/articubot_one/share/articubot_one/hook/cmake_prefix_path.ps1'
[0.926s] INFO:colcon.colcon_core.shell:Creating environment descriptor '/home/ons/ros2_ws/install/articubot_one/share/articubot_one/hook/cmake_prefix_path.dsv'
[0.926s] INFO:colcon.colcon_core.shell:Creating environment hook '/home/ons/ros2_ws/install/articubot_one/share/articubot_one/hook/cmake_prefix_path.sh'
[0.928s] Level 1:colcon.colcon_core.environment:checking '/home/ons/ros2_ws/install/articubot_one/bin'
[0.929s] Level 1:colcon.colcon_core.environment:checking '/home/ons/ros2_ws/install/articubot_one/lib/pkgconfig/articubot_one.pc'
[0.929s] Level 1:colcon.colcon_core.environment:checking '/home/ons/ros2_ws/install/articubot_one/lib/python3.10/site-packages'
[0.930s] Level 1:colcon.colcon_core.environment:checking '/home/ons/ros2_ws/install/articubot_one/bin'
[0.934s] INFO:colcon.colcon_core.shell:Creating package script '/home/ons/ros2_ws/install/articubot_one/share/articubot_one/package.ps1'
[0.938s] INFO:colcon.colcon_core.shell:Creating package descriptor '/home/ons/ros2_ws/install/articubot_one/share/articubot_one/package.dsv'
[0.940s] INFO:colcon.colcon_core.shell:Creating package script '/home/ons/ros2_ws/install/articubot_one/share/articubot_one/package.sh'
[0.943s] INFO:colcon.colcon_core.shell:Creating package script '/home/ons/ros2_ws/install/articubot_one/share/articubot_one/package.bash'
[0.944s] INFO:colcon.colcon_core.shell:Creating package script '/home/ons/ros2_ws/install/articubot_one/share/articubot_one/package.zsh'
[0.946s] Level 1:colcon.colcon_core.environment:create_file_with_runtime_dependencies(/home/ons/ros2_ws/install/articubot_one/share/colcon-core/packages/articubot_one)
[1.024s] Level 1:colcon.colcon_core.environment:create_environment_scripts_only(articubot_one)
[1.029s] Level 1:colcon.colcon_core.environment:checking '/home/ons/ros2_ws/install/articubot_one' for CMake module files
[1.030s] Level 1:colcon.colcon_core.environment:checking '/home/ons/ros2_ws/install/articubot_one' for CMake config files
[1.031s] Level 1:colcon.colcon_core.shell:create_environment_hook('articubot_one', 'cmake_prefix_path')
[1.035s] INFO:colcon.colcon_core.shell:Creating environment hook '/home/ons/ros2_ws/install/articubot_one/share/articubot_one/hook/cmake_prefix_path.ps1'
[1.037s] INFO:colcon.colcon_core.shell:Creating environment descriptor '/home/ons/ros2_ws/install/articubot_one/share/articubot_one/hook/cmake_prefix_path.dsv'
[1.038s] INFO:colcon.colcon_core.shell:Creating environment hook '/home/ons/ros2_ws/install/articubot_one/share/articubot_one/hook/cmake_prefix_path.sh'
[1.040s] Level 1:colcon.colcon_core.environment:checking '/home/ons/ros2_ws/install/articubot_one/bin'
[1.040s] Level 1:colcon.colcon_core.environment:checking '/home/ons/ros2_ws/install/articubot_one/lib/pkgconfig/articubot_one.pc'
[1.041s] Level 1:colcon.colcon_core.environment:checking '/home/ons/ros2_ws/install/articubot_one/lib/python3.10/site-packages'
[1.041s] Level 1:colcon.colcon_core.environment:checking '/home/ons/ros2_ws/install/articubot_one/bin'
[1.045s] INFO:colcon.colcon_core.shell:Creating package script '/home/ons/ros2_ws/install/articubot_one/share/articubot_one/package.ps1'
[1.047s] INFO:colcon.colcon_core.shell:Creating package descriptor '/home/ons/ros2_ws/install/articubot_one/share/articubot_one/package.dsv'
[1.049s] INFO:colcon.colcon_core.shell:Creating package script '/home/ons/ros2_ws/install/articubot_one/share/articubot_one/package.sh'
[1.050s] INFO:colcon.colcon_core.shell:Creating package script '/home/ons/ros2_ws/install/articubot_one/share/articubot_one/package.bash'
[1.051s] INFO:colcon.colcon_core.shell:Creating package script '/home/ons/ros2_ws/install/articubot_one/share/articubot_one/package.zsh'
[1.052s] Level 1:colcon.colcon_core.environment:create_file_with_runtime_dependencies(/home/ons/ros2_ws/install/articubot_one/share/colcon-core/packages/articubot_one)
[1.561s] DEBUG:colcon.colcon_core.event_handler.log_command:Invoking command in '/home/ons/ros2_ws/src/test_node': PYTHONPATH=/home/ons/ros2_ws/build/test_node/prefix_override:/home/ons/ros2_ws/install/test_node/lib/python3.10/site-packages:${PYTHONPATH} /usr/bin/python3 setup.py egg_info --egg-base ../../build/test_node build --build-base /home/ons/ros2_ws/build/test_node/build install --record /home/ons/ros2_ws/build/test_node/install.log --single-version-externally-managed
[2.082s] Level 1:colcon.colcon_core.environment:checking '/home/ons/ros2_ws/install/test_node' for CMake module files
[2.083s] Level 1:colcon.colcon_core.environment:checking '/home/ons/ros2_ws/install/test_node' for CMake config files
[2.083s] DEBUG:colcon.colcon_core.event_handler.log_command:Invoked command in '/home/ons/ros2_ws/src/test_node' returned '0': PYTHONPATH=/home/ons/ros2_ws/build/test_node/prefix_override:/home/ons/ros2_ws/install/test_node/lib/python3.10/site-packages:${PYTHONPATH} /usr/bin/python3 setup.py egg_info --egg-base ../../build/test_node build --build-base /home/ons/ros2_ws/build/test_node/build install --record /home/ons/ros2_ws/build/test_node/install.log --single-version-externally-managed
[2.085s] Level 1:colcon.colcon_core.environment:checking '/home/ons/ros2_ws/install/test_node/lib'
[2.085s] Level 1:colcon.colcon_core.environment:checking '/home/ons/ros2_ws/install/test_node/bin'
[2.085s] Level 1:colcon.colcon_core.environment:checking '/home/ons/ros2_ws/install/test_node/lib/pkgconfig/test_node.pc'
[2.086s] Level 1:colcon.colcon_core.environment:checking '/home/ons/ros2_ws/install/test_node/lib/python3.10/site-packages'
[2.086s] Level 1:colcon.colcon_core.shell:create_environment_hook('test_node', 'pythonpath')
[2.089s] INFO:colcon.colcon_core.shell:Creating environment hook '/home/ons/ros2_ws/install/test_node/share/test_node/hook/pythonpath.ps1'
[2.090s] INFO:colcon.colcon_core.shell:Creating environment descriptor '/home/ons/ros2_ws/install/test_node/share/test_node/hook/pythonpath.dsv'
[2.091s] INFO:colcon.colcon_core.shell:Creating environment hook '/home/ons/ros2_ws/install/test_node/share/test_node/hook/pythonpath.sh'
[2.092s] Level 1:colcon.colcon_core.environment:checking '/home/ons/ros2_ws/install/test_node/bin'
[2.093s] Level 1:colcon.colcon_core.environment:create_environment_scripts_only(test_node)
[2.095s] INFO:colcon.colcon_core.shell:Creating package script '/home/ons/ros2_ws/install/test_node/share/test_node/package.ps1'
[2.096s] INFO:colcon.colcon_core.shell:Creating package descriptor '/home/ons/ros2_ws/install/test_node/share/test_node/package.dsv'
[2.098s] INFO:colcon.colcon_core.shell:Creating package script '/home/ons/ros2_ws/install/test_node/share/test_node/package.sh'
[2.099s] INFO:colcon.colcon_core.shell:Creating package script '/home/ons/ros2_ws/install/test_node/share/test_node/package.bash'
[2.099s] INFO:colcon.colcon_core.shell:Creating package script '/home/ons/ros2_ws/install/test_node/share/test_node/package.zsh'
[2.101s] Level 1:colcon.colcon_core.environment:create_file_with_runtime_dependencies(/home/ons/ros2_ws/install/test_node/share/colcon-core/packages/test_node)
[3.171s] DEBUG:colcon.colcon_core.event_handler.log_command:Invoked command in '/home/ons/ros2_ws/build/ydlidar' returned '0': CMAKE_PREFIX_PATH=/opt/ros/humble /usr/bin/cmake /home/ons/ros2_ws/src/ydlidar_ros2 -DCMAKE_INSTALL_PREFIX=/home/ons/ros2_ws/install/ydlidar
[3.172s] DEBUG:colcon.colcon_core.event_handler.log_command:Invoking command in '/home/ons/ros2_ws/build/ydlidar': CMAKE_PREFIX_PATH=/opt/ros/humble /usr/bin/cmake --build /home/ons/ros2_ws/build/ydlidar -- -j4 -l4
[15.050s] DEBUG:colcon.colcon_core.event_handler.log_command:Invoked command in '/home/ons/ros2_ws/build/ydlidar' returned '2': CMAKE_PREFIX_PATH=/opt/ros/humble /usr/bin/cmake --build /home/ons/ros2_ws/build/ydlidar -- -j4 -l4
[15.092s] Level 1:colcon.colcon_core.environment:create_environment_scripts_only(ydlidar)
[15.094s] Level 1:colcon.colcon_core.environment:checking '/home/ons/ros2_ws/install/ydlidar' for CMake module files
[15.094s] Level 1:colcon.colcon_core.environment:checking '/home/ons/ros2_ws/install/ydlidar' for CMake config files
[15.095s] Level 1:colcon.colcon_core.environment:checking '/home/ons/ros2_ws/install/ydlidar/bin'
[15.095s] Level 1:colcon.colcon_core.environment:checking '/home/ons/ros2_ws/install/ydlidar/lib/pkgconfig/ydlidar.pc'
[15.095s] Level 1:colcon.colcon_core.environment:checking '/home/ons/ros2_ws/install/ydlidar/lib/python3.10/site-packages'
[15.095s] Level 1:colcon.colcon_core.environment:checking '/home/ons/ros2_ws/install/ydlidar/bin'
[15.097s] INFO:colcon.colcon_core.shell:Creating package script '/home/ons/ros2_ws/install/ydlidar/share/ydlidar/package.ps1'
[15.097s] INFO:colcon.colcon_core.shell:Creating package descriptor '/home/ons/ros2_ws/install/ydlidar/share/ydlidar/package.dsv'
[15.098s] INFO:colcon.colcon_core.shell:Creating package script '/home/ons/ros2_ws/install/ydlidar/share/ydlidar/package.sh'
[15.098s] INFO:colcon.colcon_core.shell:Creating package script '/home/ons/ros2_ws/install/ydlidar/share/ydlidar/package.bash'
[15.098s] INFO:colcon.colcon_core.shell:Creating package script '/home/ons/ros2_ws/install/ydlidar/share/ydlidar/package.zsh'
[15.099s] Level 1:colcon.colcon_core.environment:create_file_with_runtime_dependencies(/home/ons/ros2_ws/install/ydlidar/share/colcon-core/packages/ydlidar)
[15.109s] DEBUG:colcon.colcon_parallel_executor.executor.parallel:closing loop
[15.110s] DEBUG:colcon.colcon_parallel_executor.executor.parallel:loop closed
[15.110s] DEBUG:colcon.colcon_parallel_executor.executor.parallel:run_until_complete finished with '2'
[15.110s] DEBUG:colcon.colcon_core.event_reactor:joining thread
[15.121s] INFO:colcon.colcon_core.plugin_system:Skipping extension 'colcon_notification.desktop_notification.terminal_notifier': Not used on non-Darwin systems
[15.121s] INFO:colcon.colcon_core.plugin_system:Skipping extension 'colcon_notification.desktop_notification.win32': Not used on non-Windows systems
[15.121s] INFO:colcon.colcon_notification.desktop_notification:Sending desktop notification using 'notify2'
[15.143s] DEBUG:colcon.colcon_core.event_reactor:joined thread
[15.146s] INFO:colcon.colcon_core.shell:Creating prefix script '/home/ons/ros2_ws/install/local_setup.ps1'
[15.148s] INFO:colcon.colcon_core.shell:Creating prefix util module '/home/ons/ros2_ws/install/_local_setup_util_ps1.py'
[15.150s] INFO:colcon.colcon_core.shell:Creating prefix chain script '/home/ons/ros2_ws/install/setup.ps1'
[15.153s] INFO:colcon.colcon_core.shell:Creating prefix script '/home/ons/ros2_ws/install/local_setup.sh'
[15.155s] INFO:colcon.colcon_core.shell:Creating prefix util module '/home/ons/ros2_ws/install/_local_setup_util_sh.py'
[15.157s] INFO:colcon.colcon_core.shell:Creating prefix chain script '/home/ons/ros2_ws/install/setup.sh'
[15.159s] INFO:colcon.colcon_core.shell:Creating prefix script '/home/ons/ros2_ws/install/local_setup.bash'
[15.161s] INFO:colcon.colcon_core.shell:Creating prefix chain script '/home/ons/ros2_ws/install/setup.bash'
[15.164s] INFO:colcon.colcon_core.shell:Creating prefix script '/home/ons/ros2_ws/install/local_setup.zsh'
[15.164s] INFO:colcon.colcon_core.shell:Creating prefix chain script '/home/ons/ros2_ws/install/setup.zsh'
