[0.253s] Invoking command in '/home/ons/ros2_ws/build/ydlidar': CMAKE_PREFIX_PATH=${CMAKE_PREFIX_PATH}:/home/ons/ros2_ws/install/test_node:/home/ons/ros2_ws/install/serial_motor_demo:/opt/ros/humble /usr/bin/cmake --build /home/ons/ros2_ws/build/ydlidar -- -j4 -l4
[0.479s] [ 18%] Built target ydlidar_client
[0.480s] [100%] Built target ydlidar_node
[0.607s] Invoked command in '/home/ons/ros2_ws/build/ydlidar' returned '0': CMAKE_PREFIX_PATH=${CMAKE_PREFIX_PATH}:/home/ons/ros2_ws/install/test_node:/home/ons/ros2_ws/install/serial_motor_demo:/opt/ros/humble /usr/bin/cmake --build /home/ons/ros2_ws/build/ydlidar -- -j4 -l4
[0.753s] Invoking command in '/home/ons/ros2_ws/build/ydlidar': CMAKE_PREFIX_PATH=${CMAKE_PREFIX_PATH}:/home/ons/ros2_ws/install/test_node:/home/ons/ros2_ws/install/serial_motor_demo:/opt/ros/humble /usr/bin/cmake --install /home/ons/ros2_ws/build/ydlidar
[0.771s] -- Install configuration: ""
[0.773s] -- Up-to-date: /home/ons/ros2_ws/install/ydlidar/lib/ydlidar/ydlidar_node
[0.790s] -- Up-to-date: /home/ons/ros2_ws/install/ydlidar/lib/ydlidar/ydlidar_client
[0.791s] -- Up-to-date: /home/ons/ros2_ws/install/ydlidar/share/ydlidar/launch
[0.792s] -- Up-to-date: /home/ons/ros2_ws/install/ydlidar/share/ydlidar/launch/ydlidar_launch.py
[0.793s] -- Up-to-date: /home/ons/ros2_ws/install/ydlidar/share/ydlidar/launch/ydlidar.py
[0.798s] -- Up-to-date: /home/ons/ros2_ws/install/ydlidar/share/ydlidar/params
[0.802s] -- Up-to-date: /home/ons/ros2_ws/install/ydlidar/share/ydlidar/params/ydlidar.yaml
[0.803s] -- Up-to-date: /home/ons/ros2_ws/install/ydlidar/share/ydlidar/startup
[0.805s] -- Up-to-date: /home/ons/ros2_ws/install/ydlidar/share/ydlidar/startup/initenv.sh
[0.806s] -- Up-to-date: /home/ons/ros2_ws/install/ydlidar/share/ament_index/resource_index/package_run_dependencies/ydlidar
[0.808s] -- Up-to-date: /home/ons/ros2_ws/install/ydlidar/share/ament_index/resource_index/parent_prefix_path/ydlidar
[0.809s] -- Up-to-date: /home/ons/ros2_ws/install/ydlidar/share/ydlidar/environment/ament_prefix_path.sh
[0.810s] -- Up-to-date: /home/ons/ros2_ws/install/ydlidar/share/ydlidar/environment/ament_prefix_path.dsv
[0.812s] -- Up-to-date: /home/ons/ros2_ws/install/ydlidar/share/ydlidar/environment/path.sh
[0.813s] -- Up-to-date: /home/ons/ros2_ws/install/ydlidar/share/ydlidar/environment/path.dsv
[0.816s] -- Up-to-date: /home/ons/ros2_ws/install/ydlidar/share/ydlidar/local_setup.bash
[0.817s] -- Up-to-date: /home/ons/ros2_ws/install/ydlidar/share/ydlidar/local_setup.sh
[0.819s] -- Up-to-date: /home/ons/ros2_ws/install/ydlidar/share/ydlidar/local_setup.zsh
[0.820s] -- Up-to-date: /home/ons/ros2_ws/install/ydlidar/share/ydlidar/local_setup.dsv
[0.821s] -- Installing: /home/ons/ros2_ws/install/ydlidar/share/ydlidar/package.dsv
[0.823s] -- Up-to-date: /home/ons/ros2_ws/install/ydlidar/share/ament_index/resource_index/packages/ydlidar
[0.824s] -- Up-to-date: /home/ons/ros2_ws/install/ydlidar/share/ydlidar/cmake/ydlidarConfig.cmake
[0.824s] -- Up-to-date: /home/ons/ros2_ws/install/ydlidar/share/ydlidar/cmake/ydlidarConfig-version.cmake
[0.824s] -- Up-to-date: /home/ons/ros2_ws/install/ydlidar/share/ydlidar/package.xml
[0.829s] Invoked command in '/home/ons/ros2_ws/build/ydlidar' returned '0': CMAKE_PREFIX_PATH=${CMAKE_PREFIX_PATH}:/home/ons/ros2_ws/install/test_node:/home/ons/ros2_ws/install/serial_motor_demo:/opt/ros/humble /usr/bin/cmake --install /home/ons/ros2_ws/build/ydlidar
