[1.012s] DEBUG:colcon:Command line arguments: ['/usr/bin/colcon', 'build']
[1.012s] DEBUG:colcon:Parsed command line arguments: Namespace(log_base=None, log_level=None, verb_name='build', build_base='build', install_base='install', merge_install=False, symlink_install=False, test_result_base=None, continue_on_error=False, executor='parallel', parallel_workers=4, event_handlers=None, ignore_user_meta=False, metas=['./colcon.meta'], base_paths=['.'], packages_ignore=None, packages_ignore_regex=None, paths=None, packages_up_to=None, packages_up_to_regex=None, packages_above=None, packages_above_and_dependencies=None, packages_above_depth=None, packages_select_by_dep=None, packages_skip_by_dep=None, packages_skip_up_to=None, packages_select_build_failed=False, packages_skip_build_finished=False, packages_select_test_failures=False, packages_skip_test_passed=False, packages_select=None, packages_skip=None, packages_select_regex=None, packages_skip_regex=None, packages_start=None, packages_end=None, allow_overriding=[], cmake_args=None, cmake_target=None, cmake_target_skip_unavailable=False, cmake_clean_cache=False, cmake_clean_first=False, cmake_force_configure=False, ament_cmake_args=None, catkin_cmake_args=None, catkin_skip_building_tests=False, verb_parser=<colcon_defaults.argument_parser.defaults.DefaultArgumentsDecorator object at 0x7fe50fb96e90>, verb_extension=<colcon_core.verb.build.BuildVerb object at 0x7fe50fb95150>, main=<bound method BuildVerb.main of <colcon_core.verb.build.BuildVerb object at 0x7fe50fb95150>>)
[1.054s] Level 1:colcon.colcon_core.package_discovery:discover_packages(colcon_meta) check parameters
[1.054s] Level 1:colcon.colcon_core.package_discovery:discover_packages(recursive) check parameters
[1.054s] Level 1:colcon.colcon_core.package_discovery:discover_packages(ignore) check parameters
[1.054s] Level 1:colcon.colcon_core.package_discovery:discover_packages(path) check parameters
[1.054s] Level 1:colcon.colcon_core.package_discovery:discover_packages(colcon_meta) discover
[1.054s] Level 1:colcon.colcon_core.package_discovery:discover_packages(recursive) discover
[1.054s] INFO:colcon.colcon_core.package_discovery:Crawling recursively for packages in '/home/ons/ros2_ws/src'
[1.055s] Level 1:colcon.colcon_core.package_identification:_identify(.) by extensions ['ignore', 'ignore_ament_install']
[1.055s] Level 1:colcon.colcon_core.package_identification:_identify(.) by extension 'ignore'
[1.055s] Level 1:colcon.colcon_core.package_identification:_identify(.) by extension 'ignore_ament_install'
[1.055s] Level 1:colcon.colcon_core.package_identification:_identify(.) by extensions ['colcon_pkg']
[1.055s] Level 1:colcon.colcon_core.package_identification:_identify(.) by extension 'colcon_pkg'
[1.055s] Level 1:colcon.colcon_core.package_identification:_identify(.) by extensions ['colcon_meta']
[1.055s] Level 1:colcon.colcon_core.package_identification:_identify(.) by extension 'colcon_meta'
[1.055s] Level 1:colcon.colcon_core.package_identification:_identify(.) by extensions ['ros']
[1.055s] Level 1:colcon.colcon_core.package_identification:_identify(.) by extension 'ros'
[1.066s] Level 1:colcon.colcon_core.package_identification:_identify(.) by extensions ['cmake', 'python']
[1.066s] Level 1:colcon.colcon_core.package_identification:_identify(.) by extension 'cmake'
[1.066s] Level 1:colcon.colcon_core.package_identification:_identify(.) by extension 'python'
[1.066s] Level 1:colcon.colcon_core.package_identification:_identify(.) by extensions ['python_setup_py']
[1.066s] Level 1:colcon.colcon_core.package_identification:_identify(.) by extension 'python_setup_py'
[1.066s] Level 1:colcon.colcon_core.package_identification:_identify(articubot_one) by extensions ['ignore', 'ignore_ament_install']
[1.066s] Level 1:colcon.colcon_core.package_identification:_identify(articubot_one) by extension 'ignore'
[1.066s] Level 1:colcon.colcon_core.package_identification:_identify(articubot_one) by extension 'ignore_ament_install'
[1.066s] Level 1:colcon.colcon_core.package_identification:_identify(articubot_one) by extensions ['colcon_pkg']
[1.066s] Level 1:colcon.colcon_core.package_identification:_identify(articubot_one) by extension 'colcon_pkg'
[1.066s] Level 1:colcon.colcon_core.package_identification:_identify(articubot_one) by extensions ['colcon_meta']
[1.066s] Level 1:colcon.colcon_core.package_identification:_identify(articubot_one) by extension 'colcon_meta'
[1.066s] Level 1:colcon.colcon_core.package_identification:_identify(articubot_one) by extensions ['ros']
[1.066s] Level 1:colcon.colcon_core.package_identification:_identify(articubot_one) by extension 'ros'
[1.069s] DEBUG:colcon.colcon_core.package_identification:Package 'articubot_one' with type 'ros.ament_cmake' and name 'articubot_one'
[1.069s] Level 1:colcon.colcon_core.package_identification:_identify(build) by extensions ['ignore', 'ignore_ament_install']
[1.069s] Level 1:colcon.colcon_core.package_identification:_identify(build) by extension 'ignore'
[1.069s] Level 1:colcon.colcon_core.package_identification:_identify(build) ignored
[1.069s] Level 1:colcon.colcon_core.package_identification:_identify(install) by extensions ['ignore', 'ignore_ament_install']
[1.069s] Level 1:colcon.colcon_core.package_identification:_identify(install) by extension 'ignore'
[1.069s] Level 1:colcon.colcon_core.package_identification:_identify(install) ignored
[1.070s] Level 1:colcon.colcon_core.package_identification:_identify(log) by extensions ['ignore', 'ignore_ament_install']
[1.070s] Level 1:colcon.colcon_core.package_identification:_identify(log) by extension 'ignore'
[1.070s] Level 1:colcon.colcon_core.package_identification:_identify(log) ignored
[1.070s] Level 1:colcon.colcon_core.package_identification:_identify(serial_motor_demo) by extensions ['ignore', 'ignore_ament_install']
[1.070s] Level 1:colcon.colcon_core.package_identification:_identify(serial_motor_demo) by extension 'ignore'
[1.070s] Level 1:colcon.colcon_core.package_identification:_identify(serial_motor_demo) by extension 'ignore_ament_install'
[1.070s] Level 1:colcon.colcon_core.package_identification:_identify(serial_motor_demo) by extensions ['colcon_pkg']
[1.070s] Level 1:colcon.colcon_core.package_identification:_identify(serial_motor_demo) by extension 'colcon_pkg'
[1.070s] Level 1:colcon.colcon_core.package_identification:_identify(serial_motor_demo) by extensions ['colcon_meta']
[1.070s] Level 1:colcon.colcon_core.package_identification:_identify(serial_motor_demo) by extension 'colcon_meta'
[1.070s] Level 1:colcon.colcon_core.package_identification:_identify(serial_motor_demo) by extensions ['ros']
[1.070s] Level 1:colcon.colcon_core.package_identification:_identify(serial_motor_demo) by extension 'ros'
[1.070s] Level 1:colcon.colcon_core.package_identification:_identify(serial_motor_demo) by extensions ['cmake', 'python']
[1.070s] Level 1:colcon.colcon_core.package_identification:_identify(serial_motor_demo) by extension 'cmake'
[1.070s] Level 1:colcon.colcon_core.package_identification:_identify(serial_motor_demo) by extension 'python'
[1.070s] Level 1:colcon.colcon_core.package_identification:_identify(serial_motor_demo) by extensions ['python_setup_py']
[1.070s] Level 1:colcon.colcon_core.package_identification:_identify(serial_motor_demo) by extension 'python_setup_py'
[1.071s] Level 1:colcon.colcon_core.package_identification:_identify(serial_motor_demo/serial_motor_demo) by extensions ['ignore', 'ignore_ament_install']
[1.071s] Level 1:colcon.colcon_core.package_identification:_identify(serial_motor_demo/serial_motor_demo) by extension 'ignore'
[1.071s] Level 1:colcon.colcon_core.package_identification:_identify(serial_motor_demo/serial_motor_demo) by extension 'ignore_ament_install'
[1.071s] Level 1:colcon.colcon_core.package_identification:_identify(serial_motor_demo/serial_motor_demo) by extensions ['colcon_pkg']
[1.071s] Level 1:colcon.colcon_core.package_identification:_identify(serial_motor_demo/serial_motor_demo) by extension 'colcon_pkg'
[1.071s] Level 1:colcon.colcon_core.package_identification:_identify(serial_motor_demo/serial_motor_demo) by extensions ['colcon_meta']
[1.071s] Level 1:colcon.colcon_core.package_identification:_identify(serial_motor_demo/serial_motor_demo) by extension 'colcon_meta'
[1.071s] Level 1:colcon.colcon_core.package_identification:_identify(serial_motor_demo/serial_motor_demo) by extensions ['ros']
[1.071s] Level 1:colcon.colcon_core.package_identification:_identify(serial_motor_demo/serial_motor_demo) by extension 'ros'
[1.072s] DEBUG:colcon.colcon_core.package_identification:Package 'serial_motor_demo/serial_motor_demo' with type 'ros.ament_python' and name 'serial_motor_demo'
[1.072s] Level 1:colcon.colcon_core.package_identification:_identify(serial_motor_demo/serial_motor_demo_msgs) by extensions ['ignore', 'ignore_ament_install']
[1.072s] Level 1:colcon.colcon_core.package_identification:_identify(serial_motor_demo/serial_motor_demo_msgs) by extension 'ignore'
[1.072s] Level 1:colcon.colcon_core.package_identification:_identify(serial_motor_demo/serial_motor_demo_msgs) by extension 'ignore_ament_install'
[1.072s] Level 1:colcon.colcon_core.package_identification:_identify(serial_motor_demo/serial_motor_demo_msgs) by extensions ['colcon_pkg']
[1.072s] Level 1:colcon.colcon_core.package_identification:_identify(serial_motor_demo/serial_motor_demo_msgs) by extension 'colcon_pkg'
[1.072s] Level 1:colcon.colcon_core.package_identification:_identify(serial_motor_demo/serial_motor_demo_msgs) by extensions ['colcon_meta']
[1.072s] Level 1:colcon.colcon_core.package_identification:_identify(serial_motor_demo/serial_motor_demo_msgs) by extension 'colcon_meta'
[1.072s] Level 1:colcon.colcon_core.package_identification:_identify(serial_motor_demo/serial_motor_demo_msgs) by extensions ['ros']
[1.072s] Level 1:colcon.colcon_core.package_identification:_identify(serial_motor_demo/serial_motor_demo_msgs) by extension 'ros'
[1.073s] DEBUG:colcon.colcon_core.package_identification:Package 'serial_motor_demo/serial_motor_demo_msgs' with type 'ros.ament_cmake' and name 'serial_motor_demo_msgs'
[1.073s] Level 1:colcon.colcon_core.package_identification:_identify(test_node) by extensions ['ignore', 'ignore_ament_install']
[1.073s] Level 1:colcon.colcon_core.package_identification:_identify(test_node) by extension 'ignore'
[1.073s] Level 1:colcon.colcon_core.package_identification:_identify(test_node) by extension 'ignore_ament_install'
[1.073s] Level 1:colcon.colcon_core.package_identification:_identify(test_node) by extensions ['colcon_pkg']
[1.073s] Level 1:colcon.colcon_core.package_identification:_identify(test_node) by extension 'colcon_pkg'
[1.073s] Level 1:colcon.colcon_core.package_identification:_identify(test_node) by extensions ['colcon_meta']
[1.073s] Level 1:colcon.colcon_core.package_identification:_identify(test_node) by extension 'colcon_meta'
[1.073s] Level 1:colcon.colcon_core.package_identification:_identify(test_node) by extensions ['ros']
[1.073s] Level 1:colcon.colcon_core.package_identification:_identify(test_node) by extension 'ros'
[1.074s] DEBUG:colcon.colcon_core.package_identification:Package 'test_node' with type 'ros.ament_python' and name 'test_node'
[1.074s] Level 1:colcon.colcon_core.package_identification:_identify(ydlidar_ros2) by extensions ['ignore', 'ignore_ament_install']
[1.074s] Level 1:colcon.colcon_core.package_identification:_identify(ydlidar_ros2) by extension 'ignore'
[1.074s] Level 1:colcon.colcon_core.package_identification:_identify(ydlidar_ros2) by extension 'ignore_ament_install'
[1.074s] Level 1:colcon.colcon_core.package_identification:_identify(ydlidar_ros2) by extensions ['colcon_pkg']
[1.074s] Level 1:colcon.colcon_core.package_identification:_identify(ydlidar_ros2) by extension 'colcon_pkg'
[1.074s] Level 1:colcon.colcon_core.package_identification:_identify(ydlidar_ros2) by extensions ['colcon_meta']
[1.074s] Level 1:colcon.colcon_core.package_identification:_identify(ydlidar_ros2) by extension 'colcon_meta'
[1.074s] Level 1:colcon.colcon_core.package_identification:_identify(ydlidar_ros2) by extensions ['ros']
[1.074s] Level 1:colcon.colcon_core.package_identification:_identify(ydlidar_ros2) by extension 'ros'
[1.075s] DEBUG:colcon.colcon_core.package_identification:Package 'ydlidar_ros2' with type 'ros.ament_cmake' and name 'ydlidar'
[1.075s] Level 1:colcon.colcon_core.package_discovery:discover_packages(recursive) using defaults
[1.075s] Level 1:colcon.colcon_core.package_discovery:discover_packages(ignore) discover
[1.075s] Level 1:colcon.colcon_core.package_discovery:discover_packages(ignore) using defaults
[1.075s] Level 1:colcon.colcon_core.package_discovery:discover_packages(path) discover
[1.075s] Level 1:colcon.colcon_core.package_discovery:discover_packages(path) using defaults
[1.164s] Level 1:colcon.colcon_core.package_discovery:discover_packages(prefix_path) check parameters
[1.164s] Level 1:colcon.colcon_core.package_discovery:discover_packages(prefix_path) discover
[1.191s] DEBUG:colcon.colcon_installed_package_information.package_discovery:Found 324 installed packages in /opt/ros/humble
[1.193s] Level 1:colcon.colcon_core.package_discovery:discover_packages(prefix_path) using defaults
[1.290s] Level 5:colcon.colcon_core.verb:set package 'articubot_one' build argument 'cmake_args' from command line to 'None'
[1.290s] Level 5:colcon.colcon_core.verb:set package 'articubot_one' build argument 'cmake_target' from command line to 'None'
[1.290s] Level 5:colcon.colcon_core.verb:set package 'articubot_one' build argument 'cmake_target_skip_unavailable' from command line to 'False'
[1.290s] Level 5:colcon.colcon_core.verb:set package 'articubot_one' build argument 'cmake_clean_cache' from command line to 'False'
[1.290s] Level 5:colcon.colcon_core.verb:set package 'articubot_one' build argument 'cmake_clean_first' from command line to 'False'
[1.290s] Level 5:colcon.colcon_core.verb:set package 'articubot_one' build argument 'cmake_force_configure' from command line to 'False'
[1.290s] Level 5:colcon.colcon_core.verb:set package 'articubot_one' build argument 'ament_cmake_args' from command line to 'None'
[1.291s] Level 5:colcon.colcon_core.verb:set package 'articubot_one' build argument 'catkin_cmake_args' from command line to 'None'
[1.291s] Level 5:colcon.colcon_core.verb:set package 'articubot_one' build argument 'catkin_skip_building_tests' from command line to 'False'
[1.291s] DEBUG:colcon.colcon_core.verb:Building package 'articubot_one' with the following arguments: {'ament_cmake_args': None, 'build_base': '/home/ons/ros2_ws/src/build/articubot_one', 'catkin_cmake_args': None, 'catkin_skip_building_tests': False, 'cmake_args': None, 'cmake_clean_cache': False, 'cmake_clean_first': False, 'cmake_force_configure': False, 'cmake_target': None, 'cmake_target_skip_unavailable': False, 'install_base': '/home/ons/ros2_ws/src/install/articubot_one', 'merge_install': False, 'path': '/home/ons/ros2_ws/src/articubot_one', 'symlink_install': False, 'test_result_base': None}
[1.303s] Level 5:colcon.colcon_core.verb:set package 'serial_motor_demo_msgs' build argument 'cmake_args' from command line to 'None'
[1.303s] Level 5:colcon.colcon_core.verb:set package 'serial_motor_demo_msgs' build argument 'cmake_target' from command line to 'None'
[1.303s] Level 5:colcon.colcon_core.verb:set package 'serial_motor_demo_msgs' build argument 'cmake_target_skip_unavailable' from command line to 'False'
[1.303s] Level 5:colcon.colcon_core.verb:set package 'serial_motor_demo_msgs' build argument 'cmake_clean_cache' from command line to 'False'
[1.304s] Level 5:colcon.colcon_core.verb:set package 'serial_motor_demo_msgs' build argument 'cmake_clean_first' from command line to 'False'
[1.304s] Level 5:colcon.colcon_core.verb:set package 'serial_motor_demo_msgs' build argument 'cmake_force_configure' from command line to 'False'
[1.304s] Level 5:colcon.colcon_core.verb:set package 'serial_motor_demo_msgs' build argument 'ament_cmake_args' from command line to 'None'
[1.304s] Level 5:colcon.colcon_core.verb:set package 'serial_motor_demo_msgs' build argument 'catkin_cmake_args' from command line to 'None'
[1.304s] Level 5:colcon.colcon_core.verb:set package 'serial_motor_demo_msgs' build argument 'catkin_skip_building_tests' from command line to 'False'
[1.304s] DEBUG:colcon.colcon_core.verb:Building package 'serial_motor_demo_msgs' with the following arguments: {'ament_cmake_args': None, 'build_base': '/home/ons/ros2_ws/src/build/serial_motor_demo_msgs', 'catkin_cmake_args': None, 'catkin_skip_building_tests': False, 'cmake_args': None, 'cmake_clean_cache': False, 'cmake_clean_first': False, 'cmake_force_configure': False, 'cmake_target': None, 'cmake_target_skip_unavailable': False, 'install_base': '/home/ons/ros2_ws/src/install/serial_motor_demo_msgs', 'merge_install': False, 'path': '/home/ons/ros2_ws/src/serial_motor_demo/serial_motor_demo_msgs', 'symlink_install': False, 'test_result_base': None}
[1.316s] Level 5:colcon.colcon_core.verb:set package 'test_node' build argument 'cmake_args' from command line to 'None'
[1.317s] Level 5:colcon.colcon_core.verb:set package 'test_node' build argument 'cmake_target' from command line to 'None'
[1.317s] Level 5:colcon.colcon_core.verb:set package 'test_node' build argument 'cmake_target_skip_unavailable' from command line to 'False'
[1.317s] Level 5:colcon.colcon_core.verb:set package 'test_node' build argument 'cmake_clean_cache' from command line to 'False'
[1.317s] Level 5:colcon.colcon_core.verb:set package 'test_node' build argument 'cmake_clean_first' from command line to 'False'
[1.317s] Level 5:colcon.colcon_core.verb:set package 'test_node' build argument 'cmake_force_configure' from command line to 'False'
[1.317s] Level 5:colcon.colcon_core.verb:set package 'test_node' build argument 'ament_cmake_args' from command line to 'None'
[1.317s] Level 5:colcon.colcon_core.verb:set package 'test_node' build argument 'catkin_cmake_args' from command line to 'None'
[1.317s] Level 5:colcon.colcon_core.verb:set package 'test_node' build argument 'catkin_skip_building_tests' from command line to 'False'
[1.317s] DEBUG:colcon.colcon_core.verb:Building package 'test_node' with the following arguments: {'ament_cmake_args': None, 'build_base': '/home/ons/ros2_ws/src/build/test_node', 'catkin_cmake_args': None, 'catkin_skip_building_tests': False, 'cmake_args': None, 'cmake_clean_cache': False, 'cmake_clean_first': False, 'cmake_force_configure': False, 'cmake_target': None, 'cmake_target_skip_unavailable': False, 'install_base': '/home/ons/ros2_ws/src/install/test_node', 'merge_install': False, 'path': '/home/ons/ros2_ws/src/test_node', 'symlink_install': False, 'test_result_base': None}
[1.331s] Level 5:colcon.colcon_core.verb:set package 'ydlidar' build argument 'cmake_args' from command line to 'None'
[1.331s] Level 5:colcon.colcon_core.verb:set package 'ydlidar' build argument 'cmake_target' from command line to 'None'
[1.331s] Level 5:colcon.colcon_core.verb:set package 'ydlidar' build argument 'cmake_target_skip_unavailable' from command line to 'False'
[1.331s] Level 5:colcon.colcon_core.verb:set package 'ydlidar' build argument 'cmake_clean_cache' from command line to 'False'
[1.331s] Level 5:colcon.colcon_core.verb:set package 'ydlidar' build argument 'cmake_clean_first' from command line to 'False'
[1.331s] Level 5:colcon.colcon_core.verb:set package 'ydlidar' build argument 'cmake_force_configure' from command line to 'False'
[1.331s] Level 5:colcon.colcon_core.verb:set package 'ydlidar' build argument 'ament_cmake_args' from command line to 'None'
[1.331s] Level 5:colcon.colcon_core.verb:set package 'ydlidar' build argument 'catkin_cmake_args' from command line to 'None'
[1.331s] Level 5:colcon.colcon_core.verb:set package 'ydlidar' build argument 'catkin_skip_building_tests' from command line to 'False'
[1.331s] DEBUG:colcon.colcon_core.verb:Building package 'ydlidar' with the following arguments: {'ament_cmake_args': None, 'build_base': '/home/ons/ros2_ws/src/build/ydlidar', 'catkin_cmake_args': None, 'catkin_skip_building_tests': False, 'cmake_args': None, 'cmake_clean_cache': False, 'cmake_clean_first': False, 'cmake_force_configure': False, 'cmake_target': None, 'cmake_target_skip_unavailable': False, 'install_base': '/home/ons/ros2_ws/src/install/ydlidar', 'merge_install': False, 'path': '/home/ons/ros2_ws/src/ydlidar_ros2', 'symlink_install': False, 'test_result_base': None}
[1.344s] Level 5:colcon.colcon_core.verb:set package 'serial_motor_demo' build argument 'cmake_args' from command line to 'None'
[1.345s] Level 5:colcon.colcon_core.verb:set package 'serial_motor_demo' build argument 'cmake_target' from command line to 'None'
[1.345s] Level 5:colcon.colcon_core.verb:set package 'serial_motor_demo' build argument 'cmake_target_skip_unavailable' from command line to 'False'
[1.345s] Level 5:colcon.colcon_core.verb:set package 'serial_motor_demo' build argument 'cmake_clean_cache' from command line to 'False'
[1.345s] Level 5:colcon.colcon_core.verb:set package 'serial_motor_demo' build argument 'cmake_clean_first' from command line to 'False'
[1.345s] Level 5:colcon.colcon_core.verb:set package 'serial_motor_demo' build argument 'cmake_force_configure' from command line to 'False'
[1.345s] Level 5:colcon.colcon_core.verb:set package 'serial_motor_demo' build argument 'ament_cmake_args' from command line to 'None'
[1.345s] Level 5:colcon.colcon_core.verb:set package 'serial_motor_demo' build argument 'catkin_cmake_args' from command line to 'None'
[1.345s] Level 5:colcon.colcon_core.verb:set package 'serial_motor_demo' build argument 'catkin_skip_building_tests' from command line to 'False'
[1.345s] DEBUG:colcon.colcon_core.verb:Building package 'serial_motor_demo' with the following arguments: {'ament_cmake_args': None, 'build_base': '/home/ons/ros2_ws/src/build/serial_motor_demo', 'catkin_cmake_args': None, 'catkin_skip_building_tests': False, 'cmake_args': None, 'cmake_clean_cache': False, 'cmake_clean_first': False, 'cmake_force_configure': False, 'cmake_target': None, 'cmake_target_skip_unavailable': False, 'install_base': '/home/ons/ros2_ws/src/install/serial_motor_demo', 'merge_install': False, 'path': '/home/ons/ros2_ws/src/serial_motor_demo/serial_motor_demo', 'symlink_install': False, 'test_result_base': None}
[1.358s] INFO:colcon.colcon_core.executor:Executing jobs using 'parallel' executor
[1.372s] DEBUG:colcon.colcon_parallel_executor.executor.parallel:run_until_complete
[1.372s] INFO:colcon.colcon_ros.task.ament_cmake.build:Building ROS package in '/home/ons/ros2_ws/src/serial_motor_demo/serial_motor_demo_msgs' with build type 'ament_cmake'
[1.372s] INFO:colcon.colcon_cmake.task.cmake.build:Building CMake package in '/home/ons/ros2_ws/src/serial_motor_demo/serial_motor_demo_msgs'
[1.390s] INFO:colcon.colcon_core.plugin_system:Skipping extension 'colcon_core.shell.bat': Not used on non-Windows systems
[1.390s] INFO:colcon.colcon_core.shell:Skip shell extension 'powershell' for command environment: Not usable outside of PowerShell
[1.390s] DEBUG:colcon.colcon_core.shell:Skip shell extension 'dsv' for command environment
[1.424s] INFO:colcon.colcon_ros.task.ament_cmake.build:Building ROS package in '/home/ons/ros2_ws/src/articubot_one' with build type 'ament_cmake'
[1.424s] INFO:colcon.colcon_cmake.task.cmake.build:Building CMake package in '/home/ons/ros2_ws/src/articubot_one'
[1.441s] INFO:colcon.colcon_core.shell:Skip shell extension 'powershell' for command environment: Not usable outside of PowerShell
[1.441s] DEBUG:colcon.colcon_core.shell:Skip shell extension 'dsv' for command environment
[1.474s] INFO:colcon.colcon_ros.task.ament_python.build:Building ROS package in '/home/ons/ros2_ws/src/test_node' with build type 'ament_python'
[1.474s] Level 1:colcon.colcon_core.shell:create_environment_hook('test_node', 'ament_prefix_path')
[1.490s] INFO:colcon.colcon_core.shell:Creating environment hook '/home/ons/ros2_ws/src/install/test_node/share/test_node/hook/ament_prefix_path.ps1'
[1.490s] INFO:colcon.colcon_core.shell:Creating environment descriptor '/home/ons/ros2_ws/src/install/test_node/share/test_node/hook/ament_prefix_path.dsv'
[1.491s] INFO:colcon.colcon_core.shell:Creating environment hook '/home/ons/ros2_ws/src/install/test_node/share/test_node/hook/ament_prefix_path.sh'
[1.509s] INFO:colcon.colcon_core.shell:Skip shell extension 'powershell' for command environment: Not usable outside of PowerShell
[1.509s] DEBUG:colcon.colcon_core.shell:Skip shell extension 'dsv' for command environment
[1.538s] INFO:colcon.colcon_ros.task.ament_cmake.build:Building ROS package in '/home/ons/ros2_ws/src/ydlidar_ros2' with build type 'ament_cmake'
[1.538s] INFO:colcon.colcon_cmake.task.cmake.build:Building CMake package in '/home/ons/ros2_ws/src/ydlidar_ros2'
[1.554s] INFO:colcon.colcon_core.shell:Skip shell extension 'powershell' for command environment: Not usable outside of PowerShell
[1.555s] DEBUG:colcon.colcon_core.shell:Skip shell extension 'dsv' for command environment
[1.590s] DEBUG:colcon.colcon_core.event_handler.log_command:Invoking command in '/home/ons/ros2_ws/src/build/serial_motor_demo_msgs': CMAKE_PREFIX_PATH=/opt/ros/humble /usr/bin/cmake /home/ons/ros2_ws/src/serial_motor_demo/serial_motor_demo_msgs -DCMAKE_INSTALL_PREFIX=/home/ons/ros2_ws/src/install/serial_motor_demo_msgs
[1.597s] DEBUG:colcon.colcon_core.event_handler.log_command:Invoking command in '/home/ons/ros2_ws/src/build/articubot_one': CMAKE_PREFIX_PATH=/opt/ros/humble /usr/bin/cmake /home/ons/ros2_ws/src/articubot_one -DCMAKE_INSTALL_PREFIX=/home/ons/ros2_ws/src/install/articubot_one
[2.234s] INFO:colcon.colcon_core.task.python.build:Building Python package in '/home/ons/ros2_ws/src/test_node'
[2.266s] INFO:colcon.colcon_core.shell:Skip shell extension 'powershell' for command environment: Not usable outside of PowerShell
[2.266s] DEBUG:colcon.colcon_core.shell:Skip shell extension 'dsv' for command environment
[2.361s] DEBUG:colcon.colcon_core.event_handler.log_command:Invoking command in '/home/ons/ros2_ws/src/build/ydlidar': CMAKE_PREFIX_PATH=/opt/ros/humble /usr/bin/cmake /home/ons/ros2_ws/src/ydlidar_ros2 -DCMAKE_INSTALL_PREFIX=/home/ons/ros2_ws/src/install/ydlidar
[3.454s] DEBUG:colcon.colcon_core.event_handler.log_command:Invoked command in '/home/ons/ros2_ws/src/build/articubot_one' returned '0': CMAKE_PREFIX_PATH=/opt/ros/humble /usr/bin/cmake /home/ons/ros2_ws/src/articubot_one -DCMAKE_INSTALL_PREFIX=/home/ons/ros2_ws/src/install/articubot_one
[3.455s] DEBUG:colcon.colcon_core.event_handler.log_command:Invoking command in '/home/ons/ros2_ws/src/build/articubot_one': CMAKE_PREFIX_PATH=/opt/ros/humble /usr/bin/cmake --build /home/ons/ros2_ws/src/build/articubot_one -- -j4 -l4
[3.542s] DEBUG:colcon.colcon_core.event_handler.log_command:Invoked command in '/home/ons/ros2_ws/src/build/articubot_one' returned '0': CMAKE_PREFIX_PATH=/opt/ros/humble /usr/bin/cmake --build /home/ons/ros2_ws/src/build/articubot_one -- -j4 -l4
[3.608s] DEBUG:colcon.colcon_core.event_handler.log_command:Invoking command in '/home/ons/ros2_ws/src/build/articubot_one': CMAKE_PREFIX_PATH=/opt/ros/humble /usr/bin/cmake --install /home/ons/ros2_ws/src/build/articubot_one
[3.673s] DEBUG:colcon.colcon_core.event_handler.log_command:Invoking command in '/home/ons/ros2_ws/src/test_node': PYTHONPATH=/home/ons/ros2_ws/src/build/test_node/prefix_override:/home/ons/ros2_ws/src/install/test_node/lib/python3.10/site-packages:${PYTHONPATH} /usr/bin/python3 setup.py egg_info --egg-base ../build/test_node build --build-base /home/ons/ros2_ws/src/build/test_node/build install --record /home/ons/ros2_ws/src/build/test_node/install.log --single-version-externally-managed
[3.690s] Level 1:colcon.colcon_core.environment:create_environment_scripts_only(articubot_one)
[3.695s] DEBUG:colcon.colcon_core.event_handler.log_command:Invoked command in '/home/ons/ros2_ws/src/build/articubot_one' returned '0': CMAKE_PREFIX_PATH=/opt/ros/humble /usr/bin/cmake --install /home/ons/ros2_ws/src/build/articubot_one
[3.745s] Level 1:colcon.colcon_core.environment:checking '/home/ons/ros2_ws/src/install/articubot_one' for CMake module files
[3.746s] Level 1:colcon.colcon_core.environment:checking '/home/ons/ros2_ws/src/install/articubot_one' for CMake config files
[3.746s] Level 1:colcon.colcon_core.shell:create_environment_hook('articubot_one', 'cmake_prefix_path')
[3.801s] INFO:colcon.colcon_core.shell:Creating environment hook '/home/ons/ros2_ws/src/install/articubot_one/share/articubot_one/hook/cmake_prefix_path.ps1'
[3.802s] INFO:colcon.colcon_core.shell:Creating environment descriptor '/home/ons/ros2_ws/src/install/articubot_one/share/articubot_one/hook/cmake_prefix_path.dsv'
[3.803s] INFO:colcon.colcon_core.shell:Creating environment hook '/home/ons/ros2_ws/src/install/articubot_one/share/articubot_one/hook/cmake_prefix_path.sh'
[3.805s] Level 1:colcon.colcon_core.environment:checking '/home/ons/ros2_ws/src/install/articubot_one/bin'
[3.805s] Level 1:colcon.colcon_core.environment:checking '/home/ons/ros2_ws/src/install/articubot_one/lib/pkgconfig/articubot_one.pc'
[3.806s] Level 1:colcon.colcon_core.environment:checking '/home/ons/ros2_ws/src/install/articubot_one/lib/python3.10/site-packages'
[3.806s] Level 1:colcon.colcon_core.environment:checking '/home/ons/ros2_ws/src/install/articubot_one/bin'
[3.852s] INFO:colcon.colcon_core.shell:Creating package script '/home/ons/ros2_ws/src/install/articubot_one/share/articubot_one/package.ps1'
[3.855s] INFO:colcon.colcon_core.shell:Creating package descriptor '/home/ons/ros2_ws/src/install/articubot_one/share/articubot_one/package.dsv'
[3.857s] INFO:colcon.colcon_core.shell:Creating package script '/home/ons/ros2_ws/src/install/articubot_one/share/articubot_one/package.sh'
[3.860s] INFO:colcon.colcon_core.shell:Creating package script '/home/ons/ros2_ws/src/install/articubot_one/share/articubot_one/package.bash'
[3.862s] INFO:colcon.colcon_core.shell:Creating package script '/home/ons/ros2_ws/src/install/articubot_one/share/articubot_one/package.zsh'
[3.864s] Level 1:colcon.colcon_core.environment:create_file_with_runtime_dependencies(/home/ons/ros2_ws/src/install/articubot_one/share/colcon-core/packages/articubot_one)
[4.064s] Level 1:colcon.colcon_core.environment:create_environment_scripts_only(articubot_one)
[4.105s] Level 1:colcon.colcon_core.environment:checking '/home/ons/ros2_ws/src/install/articubot_one' for CMake module files
[4.106s] Level 1:colcon.colcon_core.environment:checking '/home/ons/ros2_ws/src/install/articubot_one' for CMake config files
[4.107s] Level 1:colcon.colcon_core.shell:create_environment_hook('articubot_one', 'cmake_prefix_path')
[4.238s] INFO:colcon.colcon_core.shell:Creating environment hook '/home/ons/ros2_ws/src/install/articubot_one/share/articubot_one/hook/cmake_prefix_path.ps1'
[4.248s] INFO:colcon.colcon_core.shell:Creating environment descriptor '/home/ons/ros2_ws/src/install/articubot_one/share/articubot_one/hook/cmake_prefix_path.dsv'
[4.249s] INFO:colcon.colcon_core.shell:Creating environment hook '/home/ons/ros2_ws/src/install/articubot_one/share/articubot_one/hook/cmake_prefix_path.sh'
[4.250s] Level 1:colcon.colcon_core.environment:checking '/home/ons/ros2_ws/src/install/articubot_one/bin'
[4.251s] Level 1:colcon.colcon_core.environment:checking '/home/ons/ros2_ws/src/install/articubot_one/lib/pkgconfig/articubot_one.pc'
[4.267s] Level 1:colcon.colcon_core.environment:checking '/home/ons/ros2_ws/src/install/articubot_one/lib/python3.10/site-packages'
[4.268s] Level 1:colcon.colcon_core.environment:checking '/home/ons/ros2_ws/src/install/articubot_one/bin'
[4.406s] INFO:colcon.colcon_core.shell:Creating package script '/home/ons/ros2_ws/src/install/articubot_one/share/articubot_one/package.ps1'
[4.407s] INFO:colcon.colcon_core.shell:Creating package descriptor '/home/ons/ros2_ws/src/install/articubot_one/share/articubot_one/package.dsv'
[4.409s] INFO:colcon.colcon_core.shell:Creating package script '/home/ons/ros2_ws/src/install/articubot_one/share/articubot_one/package.sh'
[4.410s] INFO:colcon.colcon_core.shell:Creating package script '/home/ons/ros2_ws/src/install/articubot_one/share/articubot_one/package.bash'
[4.411s] INFO:colcon.colcon_core.shell:Creating package script '/home/ons/ros2_ws/src/install/articubot_one/share/articubot_one/package.zsh'
[4.412s] Level 1:colcon.colcon_core.environment:create_file_with_runtime_dependencies(/home/ons/ros2_ws/src/install/articubot_one/share/colcon-core/packages/articubot_one)
[4.468s] DEBUG:colcon.colcon_core.event_handler.log_command:Invoked command in '/home/ons/ros2_ws/src/test_node' returned '0': PYTHONPATH=/home/ons/ros2_ws/src/build/test_node/prefix_override:/home/ons/ros2_ws/src/install/test_node/lib/python3.10/site-packages:${PYTHONPATH} /usr/bin/python3 setup.py egg_info --egg-base ../build/test_node build --build-base /home/ons/ros2_ws/src/build/test_node/build install --record /home/ons/ros2_ws/src/build/test_node/install.log --single-version-externally-managed
[4.492s] Level 1:colcon.colcon_core.environment:checking '/home/ons/ros2_ws/src/install/test_node' for CMake module files
[4.492s] Level 1:colcon.colcon_core.environment:checking '/home/ons/ros2_ws/src/install/test_node' for CMake config files
[4.493s] Level 1:colcon.colcon_core.environment:checking '/home/ons/ros2_ws/src/install/test_node/lib'
[4.494s] Level 1:colcon.colcon_core.environment:checking '/home/ons/ros2_ws/src/install/test_node/bin'
[4.494s] Level 1:colcon.colcon_core.environment:checking '/home/ons/ros2_ws/src/install/test_node/lib/pkgconfig/test_node.pc'
[4.494s] Level 1:colcon.colcon_core.environment:checking '/home/ons/ros2_ws/src/install/test_node/lib/python3.10/site-packages'
[4.494s] Level 1:colcon.colcon_core.shell:create_environment_hook('test_node', 'pythonpath')
[4.518s] INFO:colcon.colcon_core.shell:Creating environment hook '/home/ons/ros2_ws/src/install/test_node/share/test_node/hook/pythonpath.ps1'
[4.520s] INFO:colcon.colcon_core.shell:Creating environment descriptor '/home/ons/ros2_ws/src/install/test_node/share/test_node/hook/pythonpath.dsv'
[4.521s] INFO:colcon.colcon_core.shell:Creating environment hook '/home/ons/ros2_ws/src/install/test_node/share/test_node/hook/pythonpath.sh'
[4.522s] Level 1:colcon.colcon_core.environment:checking '/home/ons/ros2_ws/src/install/test_node/bin'
[4.522s] Level 1:colcon.colcon_core.environment:create_environment_scripts_only(test_node)
[4.556s] INFO:colcon.colcon_core.shell:Creating package script '/home/ons/ros2_ws/src/install/test_node/share/test_node/package.ps1'
[4.557s] INFO:colcon.colcon_core.shell:Creating package descriptor '/home/ons/ros2_ws/src/install/test_node/share/test_node/package.dsv'
[4.558s] INFO:colcon.colcon_core.shell:Creating package script '/home/ons/ros2_ws/src/install/test_node/share/test_node/package.sh'
[4.559s] INFO:colcon.colcon_core.shell:Creating package script '/home/ons/ros2_ws/src/install/test_node/share/test_node/package.bash'
[4.560s] INFO:colcon.colcon_core.shell:Creating package script '/home/ons/ros2_ws/src/install/test_node/share/test_node/package.zsh'
[4.561s] Level 1:colcon.colcon_core.environment:create_file_with_runtime_dependencies(/home/ons/ros2_ws/src/install/test_node/share/colcon-core/packages/test_node)
[5.521s] DEBUG:colcon.colcon_core.event_handler.log_command:Invoked command in '/home/ons/ros2_ws/src/build/serial_motor_demo_msgs' returned '0': CMAKE_PREFIX_PATH=/opt/ros/humble /usr/bin/cmake /home/ons/ros2_ws/src/serial_motor_demo/serial_motor_demo_msgs -DCMAKE_INSTALL_PREFIX=/home/ons/ros2_ws/src/install/serial_motor_demo_msgs
[5.523s] DEBUG:colcon.colcon_core.event_handler.log_command:Invoking command in '/home/ons/ros2_ws/src/build/serial_motor_demo_msgs': CMAKE_PREFIX_PATH=/opt/ros/humble /usr/bin/cmake --build /home/ons/ros2_ws/src/build/serial_motor_demo_msgs -- -j4 -l4
[6.363s] DEBUG:colcon.colcon_core.event_handler.log_command:Invoked command in '/home/ons/ros2_ws/src/build/ydlidar' returned '0': CMAKE_PREFIX_PATH=/opt/ros/humble /usr/bin/cmake /home/ons/ros2_ws/src/ydlidar_ros2 -DCMAKE_INSTALL_PREFIX=/home/ons/ros2_ws/src/install/ydlidar
[6.364s] DEBUG:colcon.colcon_core.event_handler.log_command:Invoking command in '/home/ons/ros2_ws/src/build/ydlidar': CMAKE_PREFIX_PATH=/opt/ros/humble /usr/bin/cmake --build /home/ons/ros2_ws/src/build/ydlidar -- -j4 -l4
[22.645s] DEBUG:colcon.colcon_core.event_handler.log_command:Invoked command in '/home/ons/ros2_ws/src/build/serial_motor_demo_msgs' returned '0': CMAKE_PREFIX_PATH=/opt/ros/humble /usr/bin/cmake --build /home/ons/ros2_ws/src/build/serial_motor_demo_msgs -- -j4 -l4
[23.816s] DEBUG:colcon.colcon_core.event_handler.log_command:Invoking command in '/home/ons/ros2_ws/src/build/serial_motor_demo_msgs': CMAKE_PREFIX_PATH=/opt/ros/humble /usr/bin/cmake --install /home/ons/ros2_ws/src/build/serial_motor_demo_msgs
[24.632s] Level 1:colcon.colcon_core.environment:create_environment_scripts_only(serial_motor_demo_msgs)
[24.639s] DEBUG:colcon.colcon_core.event_handler.log_command:Invoked command in '/home/ons/ros2_ws/src/build/serial_motor_demo_msgs' returned '0': CMAKE_PREFIX_PATH=/opt/ros/humble /usr/bin/cmake --install /home/ons/ros2_ws/src/build/serial_motor_demo_msgs
[24.987s] Level 1:colcon.colcon_core.environment:checking '/home/ons/ros2_ws/src/install/serial_motor_demo_msgs' for CMake module files
[24.992s] Level 1:colcon.colcon_core.environment:checking '/home/ons/ros2_ws/src/install/serial_motor_demo_msgs' for CMake config files
[25.001s] Level 1:colcon.colcon_core.shell:create_environment_hook('serial_motor_demo_msgs', 'cmake_prefix_path')
[25.102s] INFO:colcon.colcon_core.shell:Creating environment hook '/home/ons/ros2_ws/src/install/serial_motor_demo_msgs/share/serial_motor_demo_msgs/hook/cmake_prefix_path.ps1'
[25.132s] INFO:colcon.colcon_core.shell:Creating environment descriptor '/home/ons/ros2_ws/src/install/serial_motor_demo_msgs/share/serial_motor_demo_msgs/hook/cmake_prefix_path.dsv'
[25.135s] INFO:colcon.colcon_core.shell:Creating environment hook '/home/ons/ros2_ws/src/install/serial_motor_demo_msgs/share/serial_motor_demo_msgs/hook/cmake_prefix_path.sh'
[25.145s] Level 1:colcon.colcon_core.environment:checking '/home/ons/ros2_ws/src/install/serial_motor_demo_msgs/lib'
[25.146s] Level 1:colcon.colcon_core.shell:create_environment_hook('serial_motor_demo_msgs', 'ld_library_path_lib')
[25.305s] INFO:colcon.colcon_core.shell:Creating environment hook '/home/ons/ros2_ws/src/install/serial_motor_demo_msgs/share/serial_motor_demo_msgs/hook/ld_library_path_lib.ps1'
[25.311s] INFO:colcon.colcon_core.shell:Creating environment descriptor '/home/ons/ros2_ws/src/install/serial_motor_demo_msgs/share/serial_motor_demo_msgs/hook/ld_library_path_lib.dsv'
[25.313s] INFO:colcon.colcon_core.shell:Creating environment hook '/home/ons/ros2_ws/src/install/serial_motor_demo_msgs/share/serial_motor_demo_msgs/hook/ld_library_path_lib.sh'
[25.315s] Level 1:colcon.colcon_core.environment:checking '/home/ons/ros2_ws/src/install/serial_motor_demo_msgs/bin'
[25.315s] Level 1:colcon.colcon_core.environment:checking '/home/ons/ros2_ws/src/install/serial_motor_demo_msgs/lib/pkgconfig/serial_motor_demo_msgs.pc'
[25.343s] Level 1:colcon.colcon_core.environment:checking '/home/ons/ros2_ws/src/install/serial_motor_demo_msgs/lib/python3.10/site-packages'
[25.343s] Level 1:colcon.colcon_core.environment:checking '/home/ons/ros2_ws/src/install/serial_motor_demo_msgs/bin'
[25.388s] INFO:colcon.colcon_core.shell:Creating package script '/home/ons/ros2_ws/src/install/serial_motor_demo_msgs/share/serial_motor_demo_msgs/package.ps1'
[25.391s] INFO:colcon.colcon_core.shell:Creating package descriptor '/home/ons/ros2_ws/src/install/serial_motor_demo_msgs/share/serial_motor_demo_msgs/package.dsv'
[25.394s] INFO:colcon.colcon_core.shell:Creating package script '/home/ons/ros2_ws/src/install/serial_motor_demo_msgs/share/serial_motor_demo_msgs/package.sh'
[25.400s] INFO:colcon.colcon_core.shell:Creating package script '/home/ons/ros2_ws/src/install/serial_motor_demo_msgs/share/serial_motor_demo_msgs/package.bash'
[25.405s] INFO:colcon.colcon_core.shell:Creating package script '/home/ons/ros2_ws/src/install/serial_motor_demo_msgs/share/serial_motor_demo_msgs/package.zsh'
[25.411s] Level 1:colcon.colcon_core.environment:create_file_with_runtime_dependencies(/home/ons/ros2_ws/src/install/serial_motor_demo_msgs/share/colcon-core/packages/serial_motor_demo_msgs)
[26.425s] Level 1:colcon.colcon_core.environment:create_environment_scripts_only(serial_motor_demo_msgs)
[26.462s] Level 1:colcon.colcon_core.environment:checking '/home/ons/ros2_ws/src/install/serial_motor_demo_msgs' for CMake module files
[26.464s] Level 1:colcon.colcon_core.environment:checking '/home/ons/ros2_ws/src/install/serial_motor_demo_msgs' for CMake config files
[26.465s] Level 1:colcon.colcon_core.shell:create_environment_hook('serial_motor_demo_msgs', 'cmake_prefix_path')
[26.504s] INFO:colcon.colcon_core.shell:Creating environment hook '/home/ons/ros2_ws/src/install/serial_motor_demo_msgs/share/serial_motor_demo_msgs/hook/cmake_prefix_path.ps1'
[26.506s] INFO:colcon.colcon_core.shell:Creating environment descriptor '/home/ons/ros2_ws/src/install/serial_motor_demo_msgs/share/serial_motor_demo_msgs/hook/cmake_prefix_path.dsv'
[26.508s] INFO:colcon.colcon_core.shell:Creating environment hook '/home/ons/ros2_ws/src/install/serial_motor_demo_msgs/share/serial_motor_demo_msgs/hook/cmake_prefix_path.sh'
[26.510s] Level 1:colcon.colcon_core.environment:checking '/home/ons/ros2_ws/src/install/serial_motor_demo_msgs/lib'
[26.510s] Level 1:colcon.colcon_core.shell:create_environment_hook('serial_motor_demo_msgs', 'ld_library_path_lib')
[26.547s] INFO:colcon.colcon_core.shell:Creating environment hook '/home/ons/ros2_ws/src/install/serial_motor_demo_msgs/share/serial_motor_demo_msgs/hook/ld_library_path_lib.ps1'
[26.549s] INFO:colcon.colcon_core.shell:Creating environment descriptor '/home/ons/ros2_ws/src/install/serial_motor_demo_msgs/share/serial_motor_demo_msgs/hook/ld_library_path_lib.dsv'
[26.551s] INFO:colcon.colcon_core.shell:Creating environment hook '/home/ons/ros2_ws/src/install/serial_motor_demo_msgs/share/serial_motor_demo_msgs/hook/ld_library_path_lib.sh'
[26.559s] Level 1:colcon.colcon_core.environment:checking '/home/ons/ros2_ws/src/install/serial_motor_demo_msgs/bin'
[26.559s] Level 1:colcon.colcon_core.environment:checking '/home/ons/ros2_ws/src/install/serial_motor_demo_msgs/lib/pkgconfig/serial_motor_demo_msgs.pc'
[26.560s] Level 1:colcon.colcon_core.environment:checking '/home/ons/ros2_ws/src/install/serial_motor_demo_msgs/lib/python3.10/site-packages'
[26.561s] Level 1:colcon.colcon_core.environment:checking '/home/ons/ros2_ws/src/install/serial_motor_demo_msgs/bin'
[26.601s] INFO:colcon.colcon_core.shell:Creating package script '/home/ons/ros2_ws/src/install/serial_motor_demo_msgs/share/serial_motor_demo_msgs/package.ps1'
[26.602s] INFO:colcon.colcon_core.shell:Creating package descriptor '/home/ons/ros2_ws/src/install/serial_motor_demo_msgs/share/serial_motor_demo_msgs/package.dsv'
[26.605s] INFO:colcon.colcon_core.shell:Creating package script '/home/ons/ros2_ws/src/install/serial_motor_demo_msgs/share/serial_motor_demo_msgs/package.sh'
[26.607s] INFO:colcon.colcon_core.shell:Creating package script '/home/ons/ros2_ws/src/install/serial_motor_demo_msgs/share/serial_motor_demo_msgs/package.bash'
[26.609s] INFO:colcon.colcon_core.shell:Creating package script '/home/ons/ros2_ws/src/install/serial_motor_demo_msgs/share/serial_motor_demo_msgs/package.zsh'
[26.611s] Level 1:colcon.colcon_core.environment:create_file_with_runtime_dependencies(/home/ons/ros2_ws/src/install/serial_motor_demo_msgs/share/colcon-core/packages/serial_motor_demo_msgs)
[26.617s] INFO:colcon.colcon_ros.task.ament_python.build:Building ROS package in '/home/ons/ros2_ws/src/serial_motor_demo/serial_motor_demo' with build type 'ament_python'
[26.620s] Level 1:colcon.colcon_core.shell:create_environment_hook('serial_motor_demo', 'ament_prefix_path')
[26.679s] INFO:colcon.colcon_core.shell:Creating environment hook '/home/ons/ros2_ws/src/install/serial_motor_demo/share/serial_motor_demo/hook/ament_prefix_path.ps1'
[26.682s] INFO:colcon.colcon_core.shell:Creating environment descriptor '/home/ons/ros2_ws/src/install/serial_motor_demo/share/serial_motor_demo/hook/ament_prefix_path.dsv'
[26.684s] INFO:colcon.colcon_core.shell:Creating environment hook '/home/ons/ros2_ws/src/install/serial_motor_demo/share/serial_motor_demo/hook/ament_prefix_path.sh'
[26.732s] INFO:colcon.colcon_core.shell:Skip shell extension 'powershell' for command environment: Not usable outside of PowerShell
[26.732s] DEBUG:colcon.colcon_core.shell:Skip shell extension 'dsv' for command environment
[28.294s] INFO:colcon.colcon_core.task.python.build:Building Python package in '/home/ons/ros2_ws/src/serial_motor_demo/serial_motor_demo'
[28.336s] INFO:colcon.colcon_core.shell:Skip shell extension 'powershell' for command environment: Not usable outside of PowerShell
[28.336s] DEBUG:colcon.colcon_core.shell:Skip shell extension 'dsv' for command environment
[29.656s] DEBUG:colcon.colcon_core.event_handler.log_command:Invoking command in '/home/ons/ros2_ws/src/serial_motor_demo/serial_motor_demo': AMENT_PREFIX_PATH=/home/ons/ros2_ws/src/install/serial_motor_demo_msgs:${AMENT_PREFIX_PATH} CMAKE_PREFIX_PATH=/home/ons/ros2_ws/src/install/serial_motor_demo_msgs LD_LIBRARY_PATH=/home/ons/ros2_ws/src/install/serial_motor_demo_msgs/lib:${LD_LIBRARY_PATH} PYTHONPATH=/home/ons/ros2_ws/src/build/serial_motor_demo/prefix_override:/home/ons/ros2_ws/src/install/serial_motor_demo/lib/python3.10/site-packages:/home/ons/ros2_ws/src/install/serial_motor_demo_msgs/local/lib/python3.10/dist-packages:${PYTHONPATH} /usr/bin/python3 setup.py egg_info --egg-base ../../build/serial_motor_demo build --build-base /home/ons/ros2_ws/src/build/serial_motor_demo/build install --record /home/ons/ros2_ws/src/build/serial_motor_demo/install.log --install-scripts $base/lib/serial_motor_demo --single-version-externally-managed
[30.456s] DEBUG:colcon.colcon_core.event_handler.log_command:Invoked command in '/home/ons/ros2_ws/src/serial_motor_demo/serial_motor_demo' returned '0': AMENT_PREFIX_PATH=/home/ons/ros2_ws/src/install/serial_motor_demo_msgs:${AMENT_PREFIX_PATH} CMAKE_PREFIX_PATH=/home/ons/ros2_ws/src/install/serial_motor_demo_msgs LD_LIBRARY_PATH=/home/ons/ros2_ws/src/install/serial_motor_demo_msgs/lib:${LD_LIBRARY_PATH} PYTHONPATH=/home/ons/ros2_ws/src/build/serial_motor_demo/prefix_override:/home/ons/ros2_ws/src/install/serial_motor_demo/lib/python3.10/site-packages:/home/ons/ros2_ws/src/install/serial_motor_demo_msgs/local/lib/python3.10/dist-packages:${PYTHONPATH} /usr/bin/python3 setup.py egg_info --egg-base ../../build/serial_motor_demo build --build-base /home/ons/ros2_ws/src/build/serial_motor_demo/build install --record /home/ons/ros2_ws/src/build/serial_motor_demo/install.log --install-scripts $base/lib/serial_motor_demo --single-version-externally-managed
[30.496s] Level 1:colcon.colcon_core.environment:checking '/home/ons/ros2_ws/src/install/serial_motor_demo' for CMake module files
[30.497s] Level 1:colcon.colcon_core.environment:checking '/home/ons/ros2_ws/src/install/serial_motor_demo' for CMake config files
[30.499s] Level 1:colcon.colcon_core.environment:checking '/home/ons/ros2_ws/src/install/serial_motor_demo/lib'
[30.499s] Level 1:colcon.colcon_core.environment:checking '/home/ons/ros2_ws/src/install/serial_motor_demo/bin'
[30.500s] Level 1:colcon.colcon_core.environment:checking '/home/ons/ros2_ws/src/install/serial_motor_demo/lib/pkgconfig/serial_motor_demo.pc'
[30.500s] Level 1:colcon.colcon_core.environment:checking '/home/ons/ros2_ws/src/install/serial_motor_demo/lib/python3.10/site-packages'
[30.501s] Level 1:colcon.colcon_core.shell:create_environment_hook('serial_motor_demo', 'pythonpath')
[30.542s] INFO:colcon.colcon_core.shell:Creating environment hook '/home/ons/ros2_ws/src/install/serial_motor_demo/share/serial_motor_demo/hook/pythonpath.ps1'
[30.543s] INFO:colcon.colcon_core.shell:Creating environment descriptor '/home/ons/ros2_ws/src/install/serial_motor_demo/share/serial_motor_demo/hook/pythonpath.dsv'
[30.544s] INFO:colcon.colcon_core.shell:Creating environment hook '/home/ons/ros2_ws/src/install/serial_motor_demo/share/serial_motor_demo/hook/pythonpath.sh'
[30.545s] Level 1:colcon.colcon_core.environment:checking '/home/ons/ros2_ws/src/install/serial_motor_demo/bin'
[30.545s] Level 1:colcon.colcon_core.environment:create_environment_scripts_only(serial_motor_demo)
[30.577s] INFO:colcon.colcon_core.shell:Creating package script '/home/ons/ros2_ws/src/install/serial_motor_demo/share/serial_motor_demo/package.ps1'
[30.578s] INFO:colcon.colcon_core.shell:Creating package descriptor '/home/ons/ros2_ws/src/install/serial_motor_demo/share/serial_motor_demo/package.dsv'
[30.579s] INFO:colcon.colcon_core.shell:Creating package script '/home/ons/ros2_ws/src/install/serial_motor_demo/share/serial_motor_demo/package.sh'
[30.580s] INFO:colcon.colcon_core.shell:Creating package script '/home/ons/ros2_ws/src/install/serial_motor_demo/share/serial_motor_demo/package.bash'
[30.581s] INFO:colcon.colcon_core.shell:Creating package script '/home/ons/ros2_ws/src/install/serial_motor_demo/share/serial_motor_demo/package.zsh'
[30.581s] Level 1:colcon.colcon_core.environment:create_file_with_runtime_dependencies(/home/ons/ros2_ws/src/install/serial_motor_demo/share/colcon-core/packages/serial_motor_demo)
[35.675s] DEBUG:colcon.colcon_core.event_handler.log_command:Invoked command in '/home/ons/ros2_ws/src/build/ydlidar' returned '0': CMAKE_PREFIX_PATH=/opt/ros/humble /usr/bin/cmake --build /home/ons/ros2_ws/src/build/ydlidar -- -j4 -l4
[35.726s] DEBUG:colcon.colcon_core.event_handler.log_command:Invoking command in '/home/ons/ros2_ws/src/build/ydlidar': CMAKE_PREFIX_PATH=/opt/ros/humble /usr/bin/cmake --install /home/ons/ros2_ws/src/build/ydlidar
[35.755s] Level 1:colcon.colcon_core.environment:create_environment_scripts_only(ydlidar)
[35.756s] DEBUG:colcon.colcon_core.event_handler.log_command:Invoked command in '/home/ons/ros2_ws/src/build/ydlidar' returned '0': CMAKE_PREFIX_PATH=/opt/ros/humble /usr/bin/cmake --install /home/ons/ros2_ws/src/build/ydlidar
[35.791s] Level 1:colcon.colcon_core.environment:checking '/home/ons/ros2_ws/src/install/ydlidar' for CMake module files
[35.791s] Level 1:colcon.colcon_core.environment:checking '/home/ons/ros2_ws/src/install/ydlidar' for CMake config files
[35.792s] Level 1:colcon.colcon_core.shell:create_environment_hook('ydlidar', 'cmake_prefix_path')
[35.813s] INFO:colcon.colcon_core.shell:Creating environment hook '/home/ons/ros2_ws/src/install/ydlidar/share/ydlidar/hook/cmake_prefix_path.ps1'
[35.815s] INFO:colcon.colcon_core.shell:Creating environment descriptor '/home/ons/ros2_ws/src/install/ydlidar/share/ydlidar/hook/cmake_prefix_path.dsv'
[35.815s] INFO:colcon.colcon_core.shell:Creating environment hook '/home/ons/ros2_ws/src/install/ydlidar/share/ydlidar/hook/cmake_prefix_path.sh'
[35.816s] Level 1:colcon.colcon_core.environment:checking '/home/ons/ros2_ws/src/install/ydlidar/lib'
[35.817s] Level 1:colcon.colcon_core.environment:checking '/home/ons/ros2_ws/src/install/ydlidar/bin'
[35.817s] Level 1:colcon.colcon_core.environment:checking '/home/ons/ros2_ws/src/install/ydlidar/lib/pkgconfig/ydlidar.pc'
[35.817s] Level 1:colcon.colcon_core.environment:checking '/home/ons/ros2_ws/src/install/ydlidar/lib/python3.10/site-packages'
[35.818s] Level 1:colcon.colcon_core.environment:checking '/home/ons/ros2_ws/src/install/ydlidar/bin'
[35.854s] INFO:colcon.colcon_core.shell:Creating package script '/home/ons/ros2_ws/src/install/ydlidar/share/ydlidar/package.ps1'
[35.855s] INFO:colcon.colcon_core.shell:Creating package descriptor '/home/ons/ros2_ws/src/install/ydlidar/share/ydlidar/package.dsv'
[35.856s] INFO:colcon.colcon_core.shell:Creating package script '/home/ons/ros2_ws/src/install/ydlidar/share/ydlidar/package.sh'
[35.857s] INFO:colcon.colcon_core.shell:Creating package script '/home/ons/ros2_ws/src/install/ydlidar/share/ydlidar/package.bash'
[35.858s] INFO:colcon.colcon_core.shell:Creating package script '/home/ons/ros2_ws/src/install/ydlidar/share/ydlidar/package.zsh'
[35.859s] Level 1:colcon.colcon_core.environment:create_file_with_runtime_dependencies(/home/ons/ros2_ws/src/install/ydlidar/share/colcon-core/packages/ydlidar)
[35.944s] Level 1:colcon.colcon_core.environment:create_environment_scripts_only(ydlidar)
[35.965s] Level 1:colcon.colcon_core.environment:checking '/home/ons/ros2_ws/src/install/ydlidar' for CMake module files
[35.966s] Level 1:colcon.colcon_core.environment:checking '/home/ons/ros2_ws/src/install/ydlidar' for CMake config files
[35.966s] Level 1:colcon.colcon_core.shell:create_environment_hook('ydlidar', 'cmake_prefix_path')
[35.985s] INFO:colcon.colcon_core.shell:Creating environment hook '/home/ons/ros2_ws/src/install/ydlidar/share/ydlidar/hook/cmake_prefix_path.ps1'
[35.985s] INFO:colcon.colcon_core.shell:Creating environment descriptor '/home/ons/ros2_ws/src/install/ydlidar/share/ydlidar/hook/cmake_prefix_path.dsv'
[35.986s] INFO:colcon.colcon_core.shell:Creating environment hook '/home/ons/ros2_ws/src/install/ydlidar/share/ydlidar/hook/cmake_prefix_path.sh'
[35.987s] Level 1:colcon.colcon_core.environment:checking '/home/ons/ros2_ws/src/install/ydlidar/lib'
[35.987s] Level 1:colcon.colcon_core.environment:checking '/home/ons/ros2_ws/src/install/ydlidar/bin'
[35.987s] Level 1:colcon.colcon_core.environment:checking '/home/ons/ros2_ws/src/install/ydlidar/lib/pkgconfig/ydlidar.pc'
[35.987s] Level 1:colcon.colcon_core.environment:checking '/home/ons/ros2_ws/src/install/ydlidar/lib/python3.10/site-packages'
[35.988s] Level 1:colcon.colcon_core.environment:checking '/home/ons/ros2_ws/src/install/ydlidar/bin'
[36.233s] INFO:colcon.colcon_core.shell:Creating package script '/home/ons/ros2_ws/src/install/ydlidar/share/ydlidar/package.ps1'
[36.234s] INFO:colcon.colcon_core.shell:Creating package descriptor '/home/ons/ros2_ws/src/install/ydlidar/share/ydlidar/package.dsv'
[36.235s] INFO:colcon.colcon_core.shell:Creating package script '/home/ons/ros2_ws/src/install/ydlidar/share/ydlidar/package.sh'
[36.235s] INFO:colcon.colcon_core.shell:Creating package script '/home/ons/ros2_ws/src/install/ydlidar/share/ydlidar/package.bash'
[36.236s] INFO:colcon.colcon_core.shell:Creating package script '/home/ons/ros2_ws/src/install/ydlidar/share/ydlidar/package.zsh'
[36.236s] Level 1:colcon.colcon_core.environment:create_file_with_runtime_dependencies(/home/ons/ros2_ws/src/install/ydlidar/share/colcon-core/packages/ydlidar)
[36.236s] DEBUG:colcon.colcon_parallel_executor.executor.parallel:closing loop
[36.238s] DEBUG:colcon.colcon_parallel_executor.executor.parallel:loop closed
[36.238s] DEBUG:colcon.colcon_parallel_executor.executor.parallel:run_until_complete finished with '0'
[36.239s] DEBUG:colcon.colcon_core.event_reactor:joining thread
[36.305s] INFO:colcon.colcon_core.plugin_system:Skipping extension 'colcon_notification.desktop_notification.terminal_notifier': Not used on non-Darwin systems
[36.306s] INFO:colcon.colcon_core.plugin_system:Skipping extension 'colcon_notification.desktop_notification.win32': Not used on non-Windows systems
[36.306s] INFO:colcon.colcon_notification.desktop_notification:Sending desktop notification using 'notify2'
[36.372s] DEBUG:colcon.colcon_core.event_reactor:joined thread
[36.404s] INFO:colcon.colcon_core.shell:Creating prefix script '/home/ons/ros2_ws/src/install/local_setup.ps1'
[36.406s] INFO:colcon.colcon_core.shell:Creating prefix util module '/home/ons/ros2_ws/src/install/_local_setup_util_ps1.py'
[36.409s] INFO:colcon.colcon_core.shell:Creating prefix chain script '/home/ons/ros2_ws/src/install/setup.ps1'
[36.436s] INFO:colcon.colcon_core.shell:Creating prefix script '/home/ons/ros2_ws/src/install/local_setup.sh'
[36.437s] INFO:colcon.colcon_core.shell:Creating prefix util module '/home/ons/ros2_ws/src/install/_local_setup_util_sh.py'
[36.438s] INFO:colcon.colcon_core.shell:Creating prefix chain script '/home/ons/ros2_ws/src/install/setup.sh'
[36.466s] INFO:colcon.colcon_core.shell:Creating prefix script '/home/ons/ros2_ws/src/install/local_setup.bash'
[36.467s] INFO:colcon.colcon_core.shell:Creating prefix chain script '/home/ons/ros2_ws/src/install/setup.bash'
[36.498s] INFO:colcon.colcon_core.shell:Creating prefix script '/home/ons/ros2_ws/src/install/local_setup.zsh'
[36.499s] INFO:colcon.colcon_core.shell:Creating prefix chain script '/home/ons/ros2_ws/src/install/setup.zsh'
