[0.321s] Invoking command in '/home/ons/ros2_ws/build/ydlidar': CMAKE_PREFIX_PATH=${CMAKE_PREFIX_PATH}:/home/ons/ros2_ws/install/test_node:/home/ons/ros2_ws/install/serial_motor_demo:/opt/ros/humble /usr/bin/cmake --build /home/ons/ros2_ws/build/ydlidar -- -j4 -l4
[0.784s] [ 81%] Built target ydlidar_node
[0.796s] [100%] Built target ydlidar_client
[1.013s] Invoked command in '/home/ons/ros2_ws/build/ydlidar' returned '0': CMAKE_PREFIX_PATH=${CMAKE_PREFIX_PATH}:/home/ons/ros2_ws/install/test_node:/home/ons/ros2_ws/install/serial_motor_demo:/opt/ros/humble /usr/bin/cmake --build /home/ons/ros2_ws/build/ydlidar -- -j4 -l4
[1.312s] Invoking command in '/home/ons/ros2_ws/build/ydlidar': CMAKE_PREFIX_PATH=${CMAKE_PREFIX_PATH}:/home/ons/ros2_ws/install/test_node:/home/ons/ros2_ws/install/serial_motor_demo:/opt/ros/humble /usr/bin/cmake --install /home/ons/ros2_ws/build/ydlidar
[1.340s] -- Install configuration: ""
[1.341s] -- Up-to-date: /home/ons/ros2_ws/install/ydlidar/lib/ydlidar/ydlidar_node
[1.341s] -- Up-to-date: /home/ons/ros2_ws/install/ydlidar/lib/ydlidar/ydlidar_client
[1.343s] -- Up-to-date: /home/ons/ros2_ws/install/ydlidar/share/ydlidar/launch
[1.345s] -- Up-to-date: /home/ons/ros2_ws/install/ydlidar/share/ydlidar/launch/ydlidar_launch.py
[1.345s] -- Up-to-date: /home/ons/ros2_ws/install/ydlidar/share/ydlidar/launch/ydlidar.py
[1.345s] -- Up-to-date: /home/ons/ros2_ws/install/ydlidar/share/ydlidar/params
[1.346s] -- Up-to-date: /home/ons/ros2_ws/install/ydlidar/share/ydlidar/params/ydlidar.yaml
[1.346s] -- Up-to-date: /home/ons/ros2_ws/install/ydlidar/share/ydlidar/startup
[1.346s] -- Up-to-date: /home/ons/ros2_ws/install/ydlidar/share/ydlidar/startup/initenv.sh
[1.346s] -- Up-to-date: /home/ons/ros2_ws/install/ydlidar/share/ament_index/resource_index/package_run_dependencies/ydlidar
[1.346s] -- Up-to-date: /home/ons/ros2_ws/install/ydlidar/share/ament_index/resource_index/parent_prefix_path/ydlidar
[1.346s] -- Up-to-date: /home/ons/ros2_ws/install/ydlidar/share/ydlidar/environment/ament_prefix_path.sh
[1.346s] -- Up-to-date: /home/ons/ros2_ws/install/ydlidar/share/ydlidar/environment/ament_prefix_path.dsv
[1.347s] -- Up-to-date: /home/ons/ros2_ws/install/ydlidar/share/ydlidar/environment/path.sh
[1.348s] -- Up-to-date: /home/ons/ros2_ws/install/ydlidar/share/ydlidar/environment/path.dsv
[1.348s] -- Up-to-date: /home/ons/ros2_ws/install/ydlidar/share/ydlidar/local_setup.bash
[1.348s] -- Up-to-date: /home/ons/ros2_ws/install/ydlidar/share/ydlidar/local_setup.sh
[1.349s] -- Up-to-date: /home/ons/ros2_ws/install/ydlidar/share/ydlidar/local_setup.zsh
[1.349s] -- Up-to-date: /home/ons/ros2_ws/install/ydlidar/share/ydlidar/local_setup.dsv
[1.349s] -- Installing: /home/ons/ros2_ws/install/ydlidar/share/ydlidar/package.dsv
[1.360s] -- Up-to-date: /home/ons/ros2_ws/install/ydlidar/share/ament_index/resource_index/packages/ydlidar
[1.360s] -- Up-to-date: /home/ons/ros2_ws/install/ydlidar/share/ydlidar/cmake/ydlidarConfig.cmake
[1.360s] -- Up-to-date: /home/ons/ros2_ws/install/ydlidar/share/ydlidar/cmake/ydlidarConfig-version.cmake
[1.360s] -- Up-to-date: /home/ons/ros2_ws/install/ydlidar/share/ydlidar/package.xml
[1.361s] Invoked command in '/home/ons/ros2_ws/build/ydlidar' returned '0': CMAKE_PREFIX_PATH=${CMAKE_PREFIX_PATH}:/home/ons/ros2_ws/install/test_node:/home/ons/ros2_ws/install/serial_motor_demo:/opt/ros/humble /usr/bin/cmake --install /home/ons/ros2_ws/build/ydlidar
