[0.260s] Invoking command in '/home/ons/ros2_ws/build/ydlidar': CMAKE_PREFIX_PATH=/opt/ros/humble /usr/bin/cmake /home/ons/ros2_ws/src/ydlidar_ros2 -DCMAKE_INSTALL_PREFIX=/home/ons/ros2_ws/install/ydlidar
[0.410s] -- The C compiler identification is GNU 11.4.0
[0.524s] -- The CXX compiler identification is GNU 11.4.0
[0.535s] -- Detecting C compiler ABI info
[0.620s] -- Detecting C compiler ABI info - done
[0.631s] -- Check for working C compiler: /usr/bin/cc - skipped
[0.632s] -- Detecting C compile features
[0.633s] -- Detecting C compile features - done
[0.635s] -- Detecting CXX compiler ABI info
[0.710s] -- Detecting CXX compiler ABI info - done
[0.718s] -- Check for working CXX compiler: /usr/bin/c++ - skipped
[0.718s] -- Detecting CXX compile features
[0.718s] -- Detecting CXX compile features - done
[0.720s] -- Found ament_cmake: 1.3.5 (/opt/ros/humble/share/ament_cmake/cmake)
[0.948s] -- Found Python3: /usr/bin/python3.10 (found version "3.10.12") found components: Interpreter 
[1.033s] -- Found rclcpp: 16.0.5 (/opt/ros/humble/share/rclcpp/cmake)
[1.087s] -- Found rosidl_generator_c: 3.1.5 (/opt/ros/humble/share/rosidl_generator_c/cmake)
[1.094s] -- Found rosidl_adapter: 3.1.5 (/opt/ros/humble/share/rosidl_adapter/cmake)
[1.105s] -- Found rosidl_generator_cpp: 3.1.5 (/opt/ros/humble/share/rosidl_generator_cpp/cmake)
[1.127s] -- Using all available rosidl_typesupport_c: rosidl_typesupport_fastrtps_c;rosidl_typesupport_introspection_c
[1.153s] -- Using all available rosidl_typesupport_cpp: rosidl_typesupport_fastrtps_cpp;rosidl_typesupport_introspection_cpp
[1.239s] -- Found rmw_implementation_cmake: 6.1.1 (/opt/ros/humble/share/rmw_implementation_cmake/cmake)
[1.244s] -- Found rmw_fastrtps_cpp: 6.2.3 (/opt/ros/humble/share/rmw_fastrtps_cpp/cmake)
[1.356s] -- Found OpenSSL: /usr/lib/x86_64-linux-gnu/libcrypto.so (found version "3.0.2")  
[1.390s] -- Found FastRTPS: /opt/ros/humble/include  
[1.449s] -- Using RMW implementation 'rmw_fastrtps_cpp' as default
[1.460s] -- Looking for pthread.h
[1.529s] -- Looking for pthread.h - found
[1.530s] -- Performing Test CMAKE_HAVE_LIBC_PTHREAD
[1.606s] -- Performing Test CMAKE_HAVE_LIBC_PTHREAD - Success
[1.607s] -- Found Threads: TRUE  
[1.739s] -- Found sensor_msgs: 4.2.3 (/opt/ros/humble/share/sensor_msgs/cmake)
[1.846s] -- Found visualization_msgs: 4.2.3 (/opt/ros/humble/share/visualization_msgs/cmake)
[1.953s] -- Found ament_lint_auto: 0.12.7 (/opt/ros/humble/share/ament_lint_auto/cmake)
[2.027s] -- Added test 'copyright' to check source files copyright and LICENSE
[2.041s] -- Added test 'cppcheck' to perform static code analysis on C / C++ code
[2.041s] -- Configured cppcheck include dirs: /home/ons/ros2_ws/src/ydlidar_ros2/src;/home/ons/ros2_ws/src/ydlidar_ros2/sdk/include;/home/ons/ros2_ws/src/ydlidar_ros2/sdk/src
[2.041s] -- Configured cppcheck exclude dirs and/or files: 
[2.054s] -- Added test 'cpplint' to check C / C++ code against the Google style
[2.055s] -- Configured cpplint exclude dirs and/or files: 
[2.057s] -- Added test 'flake8' to check Python code syntax and style conventions
[2.061s] -- Added test 'lint_cmake' to check CMake code style
[2.063s] -- Added test 'pep257' to check Python code against some of the docstring style conventions in PEP 257
[2.076s] -- Added test 'uncrustify' to check C / C++ code style
[2.076s] -- Configured uncrustify additional arguments: 
[2.078s] -- Added test 'xmllint' to check XML markup files
[2.080s] -- Configuring done
[2.092s] -- Generating done
[2.094s] -- Build files have been written to: /home/ons/ros2_ws/build/ydlidar
