[1.036s] DEBUG:colcon:Command line arguments: ['/usr/bin/colcon', 'build']
[1.036s] DEBUG:colcon:Parsed command line arguments: Namespace(log_base=None, log_level=None, verb_name='build', build_base='build', install_base='install', merge_install=False, symlink_install=False, test_result_base=None, continue_on_error=False, executor='parallel', parallel_workers=4, event_handlers=None, ignore_user_meta=False, metas=['./colcon.meta'], base_paths=['.'], packages_ignore=None, packages_ignore_regex=None, paths=None, packages_up_to=None, packages_up_to_regex=None, packages_above=None, packages_above_and_dependencies=None, packages_above_depth=None, packages_select_by_dep=None, packages_skip_by_dep=None, packages_skip_up_to=None, packages_select_build_failed=False, packages_skip_build_finished=False, packages_select_test_failures=False, packages_skip_test_passed=False, packages_select=None, packages_skip=None, packages_select_regex=None, packages_skip_regex=None, packages_start=None, packages_end=None, allow_overriding=[], cmake_args=None, cmake_target=None, cmake_target_skip_unavailable=False, cmake_clean_cache=False, cmake_clean_first=False, cmake_force_configure=False, ament_cmake_args=None, catkin_cmake_args=None, catkin_skip_building_tests=False, verb_parser=<colcon_defaults.argument_parser.defaults.DefaultArgumentsDecorator object at 0x7f27f018edd0>, verb_extension=<colcon_core.verb.build.BuildVerb object at 0x7f27f018d1e0>, main=<bound method BuildVerb.main of <colcon_core.verb.build.BuildVerb object at 0x7f27f018d1e0>>)
[1.091s] Level 1:colcon.colcon_core.package_discovery:discover_packages(colcon_meta) check parameters
[1.092s] Level 1:colcon.colcon_core.package_discovery:discover_packages(recursive) check parameters
[1.092s] Level 1:colcon.colcon_core.package_discovery:discover_packages(ignore) check parameters
[1.092s] Level 1:colcon.colcon_core.package_discovery:discover_packages(path) check parameters
[1.092s] Level 1:colcon.colcon_core.package_discovery:discover_packages(colcon_meta) discover
[1.092s] Level 1:colcon.colcon_core.package_discovery:discover_packages(recursive) discover
[1.092s] INFO:colcon.colcon_core.package_discovery:Crawling recursively for packages in '/home/ons/ros2_ws'
[1.092s] Level 1:colcon.colcon_core.package_identification:_identify(.) by extensions ['ignore', 'ignore_ament_install']
[1.092s] Level 1:colcon.colcon_core.package_identification:_identify(.) by extension 'ignore'
[1.092s] Level 1:colcon.colcon_core.package_identification:_identify(.) by extension 'ignore_ament_install'
[1.092s] Level 1:colcon.colcon_core.package_identification:_identify(.) by extensions ['colcon_pkg']
[1.092s] Level 1:colcon.colcon_core.package_identification:_identify(.) by extension 'colcon_pkg'
[1.092s] Level 1:colcon.colcon_core.package_identification:_identify(.) by extensions ['colcon_meta']
[1.092s] Level 1:colcon.colcon_core.package_identification:_identify(.) by extension 'colcon_meta'
[1.092s] Level 1:colcon.colcon_core.package_identification:_identify(.) by extensions ['ros']
[1.092s] Level 1:colcon.colcon_core.package_identification:_identify(.) by extension 'ros'
[1.104s] Level 1:colcon.colcon_core.package_identification:_identify(.) by extensions ['cmake', 'python']
[1.104s] Level 1:colcon.colcon_core.package_identification:_identify(.) by extension 'cmake'
[1.104s] Level 1:colcon.colcon_core.package_identification:_identify(.) by extension 'python'
[1.104s] Level 1:colcon.colcon_core.package_identification:_identify(.) by extensions ['python_setup_py']
[1.104s] Level 1:colcon.colcon_core.package_identification:_identify(.) by extension 'python_setup_py'
[1.104s] Level 1:colcon.colcon_core.package_identification:_identify(build) by extensions ['ignore', 'ignore_ament_install']
[1.105s] Level 1:colcon.colcon_core.package_identification:_identify(build) by extension 'ignore'
[1.105s] Level 1:colcon.colcon_core.package_identification:_identify(build) ignored
[1.105s] Level 1:colcon.colcon_core.package_identification:_identify(install) by extensions ['ignore', 'ignore_ament_install']
[1.105s] Level 1:colcon.colcon_core.package_identification:_identify(install) by extension 'ignore'
[1.105s] Level 1:colcon.colcon_core.package_identification:_identify(install) ignored
[1.105s] Level 1:colcon.colcon_core.package_identification:_identify(log) by extensions ['ignore', 'ignore_ament_install']
[1.105s] Level 1:colcon.colcon_core.package_identification:_identify(log) by extension 'ignore'
[1.105s] Level 1:colcon.colcon_core.package_identification:_identify(log) ignored
[1.105s] Level 1:colcon.colcon_core.package_identification:_identify(src) by extensions ['ignore', 'ignore_ament_install']
[1.105s] Level 1:colcon.colcon_core.package_identification:_identify(src) by extension 'ignore'
[1.105s] Level 1:colcon.colcon_core.package_identification:_identify(src) by extension 'ignore_ament_install'
[1.105s] Level 1:colcon.colcon_core.package_identification:_identify(src) by extensions ['colcon_pkg']
[1.105s] Level 1:colcon.colcon_core.package_identification:_identify(src) by extension 'colcon_pkg'
[1.105s] Level 1:colcon.colcon_core.package_identification:_identify(src) by extensions ['colcon_meta']
[1.106s] Level 1:colcon.colcon_core.package_identification:_identify(src) by extension 'colcon_meta'
[1.106s] Level 1:colcon.colcon_core.package_identification:_identify(src) by extensions ['ros']
[1.106s] Level 1:colcon.colcon_core.package_identification:_identify(src) by extension 'ros'
[1.106s] Level 1:colcon.colcon_core.package_identification:_identify(src) by extensions ['cmake', 'python']
[1.106s] Level 1:colcon.colcon_core.package_identification:_identify(src) by extension 'cmake'
[1.106s] Level 1:colcon.colcon_core.package_identification:_identify(src) by extension 'python'
[1.106s] Level 1:colcon.colcon_core.package_identification:_identify(src) by extensions ['python_setup_py']
[1.106s] Level 1:colcon.colcon_core.package_identification:_identify(src) by extension 'python_setup_py'
[1.106s] Level 1:colcon.colcon_core.package_identification:_identify(src/articubot_one) by extensions ['ignore', 'ignore_ament_install']
[1.106s] Level 1:colcon.colcon_core.package_identification:_identify(src/articubot_one) by extension 'ignore'
[1.106s] Level 1:colcon.colcon_core.package_identification:_identify(src/articubot_one) by extension 'ignore_ament_install'
[1.106s] Level 1:colcon.colcon_core.package_identification:_identify(src/articubot_one) by extensions ['colcon_pkg']
[1.106s] Level 1:colcon.colcon_core.package_identification:_identify(src/articubot_one) by extension 'colcon_pkg'
[1.106s] Level 1:colcon.colcon_core.package_identification:_identify(src/articubot_one) by extensions ['colcon_meta']
[1.106s] Level 1:colcon.colcon_core.package_identification:_identify(src/articubot_one) by extension 'colcon_meta'
[1.106s] Level 1:colcon.colcon_core.package_identification:_identify(src/articubot_one) by extensions ['ros']
[1.106s] Level 1:colcon.colcon_core.package_identification:_identify(src/articubot_one) by extension 'ros'
[1.109s] DEBUG:colcon.colcon_core.package_identification:Package 'src/articubot_one' with type 'ros.ament_cmake' and name 'articubot_one'
[1.110s] Level 1:colcon.colcon_core.package_identification:_identify(src/build) by extensions ['ignore', 'ignore_ament_install']
[1.110s] Level 1:colcon.colcon_core.package_identification:_identify(src/build) by extension 'ignore'
[1.110s] Level 1:colcon.colcon_core.package_identification:_identify(src/build) ignored
[1.110s] Level 1:colcon.colcon_core.package_identification:_identify(src/diffdrive_arduino) by extensions ['ignore', 'ignore_ament_install']
[1.110s] Level 1:colcon.colcon_core.package_identification:_identify(src/diffdrive_arduino) by extension 'ignore'
[1.110s] Level 1:colcon.colcon_core.package_identification:_identify(src/diffdrive_arduino) by extension 'ignore_ament_install'
[1.110s] Level 1:colcon.colcon_core.package_identification:_identify(src/diffdrive_arduino) by extensions ['colcon_pkg']
[1.110s] Level 1:colcon.colcon_core.package_identification:_identify(src/diffdrive_arduino) by extension 'colcon_pkg'
[1.110s] Level 1:colcon.colcon_core.package_identification:_identify(src/diffdrive_arduino) by extensions ['colcon_meta']
[1.110s] Level 1:colcon.colcon_core.package_identification:_identify(src/diffdrive_arduino) by extension 'colcon_meta'
[1.110s] Level 1:colcon.colcon_core.package_identification:_identify(src/diffdrive_arduino) by extensions ['ros']
[1.110s] Level 1:colcon.colcon_core.package_identification:_identify(src/diffdrive_arduino) by extension 'ros'
[1.111s] DEBUG:colcon.colcon_core.package_identification:Package 'src/diffdrive_arduino' with type 'ros.ament_cmake' and name 'diffdrive_arduino'
[1.111s] Level 1:colcon.colcon_core.package_identification:_identify(src/install) by extensions ['ignore', 'ignore_ament_install']
[1.111s] Level 1:colcon.colcon_core.package_identification:_identify(src/install) by extension 'ignore'
[1.111s] Level 1:colcon.colcon_core.package_identification:_identify(src/install) ignored
[1.112s] Level 1:colcon.colcon_core.package_identification:_identify(src/log) by extensions ['ignore', 'ignore_ament_install']
[1.112s] Level 1:colcon.colcon_core.package_identification:_identify(src/log) by extension 'ignore'
[1.112s] Level 1:colcon.colcon_core.package_identification:_identify(src/log) ignored
[1.112s] Level 1:colcon.colcon_core.package_identification:_identify(src/serial_motor_demo) by extensions ['ignore', 'ignore_ament_install']
[1.112s] Level 1:colcon.colcon_core.package_identification:_identify(src/serial_motor_demo) by extension 'ignore'
[1.112s] Level 1:colcon.colcon_core.package_identification:_identify(src/serial_motor_demo) by extension 'ignore_ament_install'
[1.112s] Level 1:colcon.colcon_core.package_identification:_identify(src/serial_motor_demo) by extensions ['colcon_pkg']
[1.112s] Level 1:colcon.colcon_core.package_identification:_identify(src/serial_motor_demo) by extension 'colcon_pkg'
[1.112s] Level 1:colcon.colcon_core.package_identification:_identify(src/serial_motor_demo) by extensions ['colcon_meta']
[1.112s] Level 1:colcon.colcon_core.package_identification:_identify(src/serial_motor_demo) by extension 'colcon_meta'
[1.112s] Level 1:colcon.colcon_core.package_identification:_identify(src/serial_motor_demo) by extensions ['ros']
[1.112s] Level 1:colcon.colcon_core.package_identification:_identify(src/serial_motor_demo) by extension 'ros'
[1.112s] Level 1:colcon.colcon_core.package_identification:_identify(src/serial_motor_demo) by extensions ['cmake', 'python']
[1.112s] Level 1:colcon.colcon_core.package_identification:_identify(src/serial_motor_demo) by extension 'cmake'
[1.112s] Level 1:colcon.colcon_core.package_identification:_identify(src/serial_motor_demo) by extension 'python'
[1.112s] Level 1:colcon.colcon_core.package_identification:_identify(src/serial_motor_demo) by extensions ['python_setup_py']
[1.112s] Level 1:colcon.colcon_core.package_identification:_identify(src/serial_motor_demo) by extension 'python_setup_py'
[1.112s] Level 1:colcon.colcon_core.package_identification:_identify(src/serial_motor_demo/serial_motor_demo) by extensions ['ignore', 'ignore_ament_install']
[1.113s] Level 1:colcon.colcon_core.package_identification:_identify(src/serial_motor_demo/serial_motor_demo) by extension 'ignore'
[1.113s] Level 1:colcon.colcon_core.package_identification:_identify(src/serial_motor_demo/serial_motor_demo) by extension 'ignore_ament_install'
[1.113s] Level 1:colcon.colcon_core.package_identification:_identify(src/serial_motor_demo/serial_motor_demo) by extensions ['colcon_pkg']
[1.113s] Level 1:colcon.colcon_core.package_identification:_identify(src/serial_motor_demo/serial_motor_demo) by extension 'colcon_pkg'
[1.113s] Level 1:colcon.colcon_core.package_identification:_identify(src/serial_motor_demo/serial_motor_demo) by extensions ['colcon_meta']
[1.113s] Level 1:colcon.colcon_core.package_identification:_identify(src/serial_motor_demo/serial_motor_demo) by extension 'colcon_meta'
[1.113s] Level 1:colcon.colcon_core.package_identification:_identify(src/serial_motor_demo/serial_motor_demo) by extensions ['ros']
[1.113s] Level 1:colcon.colcon_core.package_identification:_identify(src/serial_motor_demo/serial_motor_demo) by extension 'ros'
[1.114s] DEBUG:colcon.colcon_core.package_identification:Package 'src/serial_motor_demo/serial_motor_demo' with type 'ros.ament_python' and name 'serial_motor_demo'
[1.114s] Level 1:colcon.colcon_core.package_identification:_identify(src/serial_motor_demo/serial_motor_demo_msgs) by extensions ['ignore', 'ignore_ament_install']
[1.114s] Level 1:colcon.colcon_core.package_identification:_identify(src/serial_motor_demo/serial_motor_demo_msgs) by extension 'ignore'
[1.114s] Level 1:colcon.colcon_core.package_identification:_identify(src/serial_motor_demo/serial_motor_demo_msgs) by extension 'ignore_ament_install'
[1.114s] Level 1:colcon.colcon_core.package_identification:_identify(src/serial_motor_demo/serial_motor_demo_msgs) by extensions ['colcon_pkg']
[1.114s] Level 1:colcon.colcon_core.package_identification:_identify(src/serial_motor_demo/serial_motor_demo_msgs) by extension 'colcon_pkg'
[1.114s] Level 1:colcon.colcon_core.package_identification:_identify(src/serial_motor_demo/serial_motor_demo_msgs) by extensions ['colcon_meta']
[1.114s] Level 1:colcon.colcon_core.package_identification:_identify(src/serial_motor_demo/serial_motor_demo_msgs) by extension 'colcon_meta'
[1.114s] Level 1:colcon.colcon_core.package_identification:_identify(src/serial_motor_demo/serial_motor_demo_msgs) by extensions ['ros']
[1.114s] Level 1:colcon.colcon_core.package_identification:_identify(src/serial_motor_demo/serial_motor_demo_msgs) by extension 'ros'
[1.115s] DEBUG:colcon.colcon_core.package_identification:Package 'src/serial_motor_demo/serial_motor_demo_msgs' with type 'ros.ament_cmake' and name 'serial_motor_demo_msgs'
[1.115s] Level 1:colcon.colcon_core.package_identification:_identify(src/test_node) by extensions ['ignore', 'ignore_ament_install']
[1.116s] Level 1:colcon.colcon_core.package_identification:_identify(src/test_node) by extension 'ignore'
[1.116s] Level 1:colcon.colcon_core.package_identification:_identify(src/test_node) by extension 'ignore_ament_install'
[1.116s] Level 1:colcon.colcon_core.package_identification:_identify(src/test_node) by extensions ['colcon_pkg']
[1.116s] Level 1:colcon.colcon_core.package_identification:_identify(src/test_node) by extension 'colcon_pkg'
[1.116s] Level 1:colcon.colcon_core.package_identification:_identify(src/test_node) by extensions ['colcon_meta']
[1.116s] Level 1:colcon.colcon_core.package_identification:_identify(src/test_node) by extension 'colcon_meta'
[1.116s] Level 1:colcon.colcon_core.package_identification:_identify(src/test_node) by extensions ['ros']
[1.116s] Level 1:colcon.colcon_core.package_identification:_identify(src/test_node) by extension 'ros'
[1.117s] DEBUG:colcon.colcon_core.package_identification:Package 'src/test_node' with type 'ros.ament_python' and name 'test_node'
[1.118s] Level 1:colcon.colcon_core.package_identification:_identify(src/ydlidar_ros2) by extensions ['ignore', 'ignore_ament_install']
[1.118s] Level 1:colcon.colcon_core.package_identification:_identify(src/ydlidar_ros2) by extension 'ignore'
[1.118s] Level 1:colcon.colcon_core.package_identification:_identify(src/ydlidar_ros2) by extension 'ignore_ament_install'
[1.118s] Level 1:colcon.colcon_core.package_identification:_identify(src/ydlidar_ros2) by extensions ['colcon_pkg']
[1.118s] Level 1:colcon.colcon_core.package_identification:_identify(src/ydlidar_ros2) by extension 'colcon_pkg'
[1.118s] Level 1:colcon.colcon_core.package_identification:_identify(src/ydlidar_ros2) by extensions ['colcon_meta']
[1.118s] Level 1:colcon.colcon_core.package_identification:_identify(src/ydlidar_ros2) by extension 'colcon_meta'
[1.118s] Level 1:colcon.colcon_core.package_identification:_identify(src/ydlidar_ros2) by extensions ['ros']
[1.118s] Level 1:colcon.colcon_core.package_identification:_identify(src/ydlidar_ros2) by extension 'ros'
[1.119s] DEBUG:colcon.colcon_core.package_identification:Package 'src/ydlidar_ros2' with type 'ros.ament_cmake' and name 'ydlidar'
[1.119s] Level 1:colcon.colcon_core.package_discovery:discover_packages(recursive) using defaults
[1.120s] Level 1:colcon.colcon_core.package_discovery:discover_packages(ignore) discover
[1.120s] Level 1:colcon.colcon_core.package_discovery:discover_packages(ignore) using defaults
[1.120s] Level 1:colcon.colcon_core.package_discovery:discover_packages(path) discover
[1.120s] Level 1:colcon.colcon_core.package_discovery:discover_packages(path) using defaults
[1.219s] Level 1:colcon.colcon_core.package_discovery:discover_packages(prefix_path) check parameters
[1.219s] Level 1:colcon.colcon_core.package_discovery:discover_packages(prefix_path) discover
[1.248s] DEBUG:colcon.colcon_installed_package_information.package_discovery:Found 324 installed packages in /opt/ros/humble
[1.250s] Level 1:colcon.colcon_core.package_discovery:discover_packages(prefix_path) using defaults
[1.372s] Level 5:colcon.colcon_core.verb:set package 'articubot_one' build argument 'cmake_args' from command line to 'None'
[1.372s] Level 5:colcon.colcon_core.verb:set package 'articubot_one' build argument 'cmake_target' from command line to 'None'
[1.373s] Level 5:colcon.colcon_core.verb:set package 'articubot_one' build argument 'cmake_target_skip_unavailable' from command line to 'False'
[1.373s] Level 5:colcon.colcon_core.verb:set package 'articubot_one' build argument 'cmake_clean_cache' from command line to 'False'
[1.373s] Level 5:colcon.colcon_core.verb:set package 'articubot_one' build argument 'cmake_clean_first' from command line to 'False'
[1.373s] Level 5:colcon.colcon_core.verb:set package 'articubot_one' build argument 'cmake_force_configure' from command line to 'False'
[1.373s] Level 5:colcon.colcon_core.verb:set package 'articubot_one' build argument 'ament_cmake_args' from command line to 'None'
[1.373s] Level 5:colcon.colcon_core.verb:set package 'articubot_one' build argument 'catkin_cmake_args' from command line to 'None'
[1.373s] Level 5:colcon.colcon_core.verb:set package 'articubot_one' build argument 'catkin_skip_building_tests' from command line to 'False'
[1.373s] DEBUG:colcon.colcon_core.verb:Building package 'articubot_one' with the following arguments: {'ament_cmake_args': None, 'build_base': '/home/ons/ros2_ws/build/articubot_one', 'catkin_cmake_args': None, 'catkin_skip_building_tests': False, 'cmake_args': None, 'cmake_clean_cache': False, 'cmake_clean_first': False, 'cmake_force_configure': False, 'cmake_target': None, 'cmake_target_skip_unavailable': False, 'install_base': '/home/ons/ros2_ws/install/articubot_one', 'merge_install': False, 'path': '/home/ons/ros2_ws/src/articubot_one', 'symlink_install': False, 'test_result_base': None}
[1.386s] Level 5:colcon.colcon_core.verb:set package 'diffdrive_arduino' build argument 'cmake_args' from command line to 'None'
[1.386s] Level 5:colcon.colcon_core.verb:set package 'diffdrive_arduino' build argument 'cmake_target' from command line to 'None'
[1.386s] Level 5:colcon.colcon_core.verb:set package 'diffdrive_arduino' build argument 'cmake_target_skip_unavailable' from command line to 'False'
[1.386s] Level 5:colcon.colcon_core.verb:set package 'diffdrive_arduino' build argument 'cmake_clean_cache' from command line to 'False'
[1.387s] Level 5:colcon.colcon_core.verb:set package 'diffdrive_arduino' build argument 'cmake_clean_first' from command line to 'False'
[1.387s] Level 5:colcon.colcon_core.verb:set package 'diffdrive_arduino' build argument 'cmake_force_configure' from command line to 'False'
[1.387s] Level 5:colcon.colcon_core.verb:set package 'diffdrive_arduino' build argument 'ament_cmake_args' from command line to 'None'
[1.387s] Level 5:colcon.colcon_core.verb:set package 'diffdrive_arduino' build argument 'catkin_cmake_args' from command line to 'None'
[1.387s] Level 5:colcon.colcon_core.verb:set package 'diffdrive_arduino' build argument 'catkin_skip_building_tests' from command line to 'False'
[1.387s] DEBUG:colcon.colcon_core.verb:Building package 'diffdrive_arduino' with the following arguments: {'ament_cmake_args': None, 'build_base': '/home/ons/ros2_ws/build/diffdrive_arduino', 'catkin_cmake_args': None, 'catkin_skip_building_tests': False, 'cmake_args': None, 'cmake_clean_cache': False, 'cmake_clean_first': False, 'cmake_force_configure': False, 'cmake_target': None, 'cmake_target_skip_unavailable': False, 'install_base': '/home/ons/ros2_ws/install/diffdrive_arduino', 'merge_install': False, 'path': '/home/ons/ros2_ws/src/diffdrive_arduino', 'symlink_install': False, 'test_result_base': None}
[1.399s] Level 5:colcon.colcon_core.verb:set package 'serial_motor_demo_msgs' build argument 'cmake_args' from command line to 'None'
[1.399s] Level 5:colcon.colcon_core.verb:set package 'serial_motor_demo_msgs' build argument 'cmake_target' from command line to 'None'
[1.399s] Level 5:colcon.colcon_core.verb:set package 'serial_motor_demo_msgs' build argument 'cmake_target_skip_unavailable' from command line to 'False'
[1.399s] Level 5:colcon.colcon_core.verb:set package 'serial_motor_demo_msgs' build argument 'cmake_clean_cache' from command line to 'False'
[1.399s] Level 5:colcon.colcon_core.verb:set package 'serial_motor_demo_msgs' build argument 'cmake_clean_first' from command line to 'False'
[1.399s] Level 5:colcon.colcon_core.verb:set package 'serial_motor_demo_msgs' build argument 'cmake_force_configure' from command line to 'False'
[1.399s] Level 5:colcon.colcon_core.verb:set package 'serial_motor_demo_msgs' build argument 'ament_cmake_args' from command line to 'None'
[1.399s] Level 5:colcon.colcon_core.verb:set package 'serial_motor_demo_msgs' build argument 'catkin_cmake_args' from command line to 'None'
[1.399s] Level 5:colcon.colcon_core.verb:set package 'serial_motor_demo_msgs' build argument 'catkin_skip_building_tests' from command line to 'False'
[1.400s] DEBUG:colcon.colcon_core.verb:Building package 'serial_motor_demo_msgs' with the following arguments: {'ament_cmake_args': None, 'build_base': '/home/ons/ros2_ws/build/serial_motor_demo_msgs', 'catkin_cmake_args': None, 'catkin_skip_building_tests': False, 'cmake_args': None, 'cmake_clean_cache': False, 'cmake_clean_first': False, 'cmake_force_configure': False, 'cmake_target': None, 'cmake_target_skip_unavailable': False, 'install_base': '/home/ons/ros2_ws/install/serial_motor_demo_msgs', 'merge_install': False, 'path': '/home/ons/ros2_ws/src/serial_motor_demo/serial_motor_demo_msgs', 'symlink_install': False, 'test_result_base': None}
[1.412s] Level 5:colcon.colcon_core.verb:set package 'test_node' build argument 'cmake_args' from command line to 'None'
[1.412s] Level 5:colcon.colcon_core.verb:set package 'test_node' build argument 'cmake_target' from command line to 'None'
[1.412s] Level 5:colcon.colcon_core.verb:set package 'test_node' build argument 'cmake_target_skip_unavailable' from command line to 'False'
[1.412s] Level 5:colcon.colcon_core.verb:set package 'test_node' build argument 'cmake_clean_cache' from command line to 'False'
[1.412s] Level 5:colcon.colcon_core.verb:set package 'test_node' build argument 'cmake_clean_first' from command line to 'False'
[1.412s] Level 5:colcon.colcon_core.verb:set package 'test_node' build argument 'cmake_force_configure' from command line to 'False'
[1.412s] Level 5:colcon.colcon_core.verb:set package 'test_node' build argument 'ament_cmake_args' from command line to 'None'
[1.412s] Level 5:colcon.colcon_core.verb:set package 'test_node' build argument 'catkin_cmake_args' from command line to 'None'
[1.412s] Level 5:colcon.colcon_core.verb:set package 'test_node' build argument 'catkin_skip_building_tests' from command line to 'False'
[1.412s] DEBUG:colcon.colcon_core.verb:Building package 'test_node' with the following arguments: {'ament_cmake_args': None, 'build_base': '/home/ons/ros2_ws/build/test_node', 'catkin_cmake_args': None, 'catkin_skip_building_tests': False, 'cmake_args': None, 'cmake_clean_cache': False, 'cmake_clean_first': False, 'cmake_force_configure': False, 'cmake_target': None, 'cmake_target_skip_unavailable': False, 'install_base': '/home/ons/ros2_ws/install/test_node', 'merge_install': False, 'path': '/home/ons/ros2_ws/src/test_node', 'symlink_install': False, 'test_result_base': None}
[1.425s] Level 5:colcon.colcon_core.verb:set package 'ydlidar' build argument 'cmake_args' from command line to 'None'
[1.425s] Level 5:colcon.colcon_core.verb:set package 'ydlidar' build argument 'cmake_target' from command line to 'None'
[1.425s] Level 5:colcon.colcon_core.verb:set package 'ydlidar' build argument 'cmake_target_skip_unavailable' from command line to 'False'
[1.425s] Level 5:colcon.colcon_core.verb:set package 'ydlidar' build argument 'cmake_clean_cache' from command line to 'False'
[1.425s] Level 5:colcon.colcon_core.verb:set package 'ydlidar' build argument 'cmake_clean_first' from command line to 'False'
[1.425s] Level 5:colcon.colcon_core.verb:set package 'ydlidar' build argument 'cmake_force_configure' from command line to 'False'
[1.425s] Level 5:colcon.colcon_core.verb:set package 'ydlidar' build argument 'ament_cmake_args' from command line to 'None'
[1.425s] Level 5:colcon.colcon_core.verb:set package 'ydlidar' build argument 'catkin_cmake_args' from command line to 'None'
[1.425s] Level 5:colcon.colcon_core.verb:set package 'ydlidar' build argument 'catkin_skip_building_tests' from command line to 'False'
[1.425s] DEBUG:colcon.colcon_core.verb:Building package 'ydlidar' with the following arguments: {'ament_cmake_args': None, 'build_base': '/home/ons/ros2_ws/build/ydlidar', 'catkin_cmake_args': None, 'catkin_skip_building_tests': False, 'cmake_args': None, 'cmake_clean_cache': False, 'cmake_clean_first': False, 'cmake_force_configure': False, 'cmake_target': None, 'cmake_target_skip_unavailable': False, 'install_base': '/home/ons/ros2_ws/install/ydlidar', 'merge_install': False, 'path': '/home/ons/ros2_ws/src/ydlidar_ros2', 'symlink_install': False, 'test_result_base': None}
[1.438s] Level 5:colcon.colcon_core.verb:set package 'serial_motor_demo' build argument 'cmake_args' from command line to 'None'
[1.438s] Level 5:colcon.colcon_core.verb:set package 'serial_motor_demo' build argument 'cmake_target' from command line to 'None'
[1.438s] Level 5:colcon.colcon_core.verb:set package 'serial_motor_demo' build argument 'cmake_target_skip_unavailable' from command line to 'False'
[1.438s] Level 5:colcon.colcon_core.verb:set package 'serial_motor_demo' build argument 'cmake_clean_cache' from command line to 'False'
[1.438s] Level 5:colcon.colcon_core.verb:set package 'serial_motor_demo' build argument 'cmake_clean_first' from command line to 'False'
[1.438s] Level 5:colcon.colcon_core.verb:set package 'serial_motor_demo' build argument 'cmake_force_configure' from command line to 'False'
[1.438s] Level 5:colcon.colcon_core.verb:set package 'serial_motor_demo' build argument 'ament_cmake_args' from command line to 'None'
[1.438s] Level 5:colcon.colcon_core.verb:set package 'serial_motor_demo' build argument 'catkin_cmake_args' from command line to 'None'
[1.438s] Level 5:colcon.colcon_core.verb:set package 'serial_motor_demo' build argument 'catkin_skip_building_tests' from command line to 'False'
[1.438s] DEBUG:colcon.colcon_core.verb:Building package 'serial_motor_demo' with the following arguments: {'ament_cmake_args': None, 'build_base': '/home/ons/ros2_ws/build/serial_motor_demo', 'catkin_cmake_args': None, 'catkin_skip_building_tests': False, 'cmake_args': None, 'cmake_clean_cache': False, 'cmake_clean_first': False, 'cmake_force_configure': False, 'cmake_target': None, 'cmake_target_skip_unavailable': False, 'install_base': '/home/ons/ros2_ws/install/serial_motor_demo', 'merge_install': False, 'path': '/home/ons/ros2_ws/src/serial_motor_demo/serial_motor_demo', 'symlink_install': False, 'test_result_base': None}
[1.451s] INFO:colcon.colcon_core.executor:Executing jobs using 'parallel' executor
[1.464s] DEBUG:colcon.colcon_parallel_executor.executor.parallel:run_until_complete
[1.464s] INFO:colcon.colcon_ros.task.ament_cmake.build:Building ROS package in '/home/ons/ros2_ws/src/serial_motor_demo/serial_motor_demo_msgs' with build type 'ament_cmake'
[1.465s] INFO:colcon.colcon_cmake.task.cmake.build:Building CMake package in '/home/ons/ros2_ws/src/serial_motor_demo/serial_motor_demo_msgs'
[1.481s] INFO:colcon.colcon_core.plugin_system:Skipping extension 'colcon_core.shell.bat': Not used on non-Windows systems
[1.482s] INFO:colcon.colcon_core.shell:Skip shell extension 'powershell' for command environment: Not usable outside of PowerShell
[1.482s] DEBUG:colcon.colcon_core.shell:Skip shell extension 'dsv' for command environment
[1.513s] INFO:colcon.colcon_ros.task.ament_cmake.build:Building ROS package in '/home/ons/ros2_ws/src/articubot_one' with build type 'ament_cmake'
[1.513s] INFO:colcon.colcon_cmake.task.cmake.build:Building CMake package in '/home/ons/ros2_ws/src/articubot_one'
[1.530s] INFO:colcon.colcon_core.shell:Skip shell extension 'powershell' for command environment: Not usable outside of PowerShell
[1.530s] DEBUG:colcon.colcon_core.shell:Skip shell extension 'dsv' for command environment
[1.560s] INFO:colcon.colcon_ros.task.ament_cmake.build:Building ROS package in '/home/ons/ros2_ws/src/diffdrive_arduino' with build type 'ament_cmake'
[1.560s] INFO:colcon.colcon_cmake.task.cmake.build:Building CMake package in '/home/ons/ros2_ws/src/diffdrive_arduino'
[1.575s] INFO:colcon.colcon_core.shell:Skip shell extension 'powershell' for command environment: Not usable outside of PowerShell
[1.575s] DEBUG:colcon.colcon_core.shell:Skip shell extension 'dsv' for command environment
[1.606s] INFO:colcon.colcon_ros.task.ament_python.build:Building ROS package in '/home/ons/ros2_ws/src/test_node' with build type 'ament_python'
[1.607s] Level 1:colcon.colcon_core.shell:create_environment_hook('test_node', 'ament_prefix_path')
[1.622s] INFO:colcon.colcon_core.shell:Creating environment hook '/home/ons/ros2_ws/install/test_node/share/test_node/hook/ament_prefix_path.ps1'
[1.623s] INFO:colcon.colcon_core.shell:Creating environment descriptor '/home/ons/ros2_ws/install/test_node/share/test_node/hook/ament_prefix_path.dsv'
[1.623s] INFO:colcon.colcon_core.shell:Creating environment hook '/home/ons/ros2_ws/install/test_node/share/test_node/hook/ament_prefix_path.sh'
[1.638s] INFO:colcon.colcon_core.shell:Skip shell extension 'powershell' for command environment: Not usable outside of PowerShell
[1.638s] DEBUG:colcon.colcon_core.shell:Skip shell extension 'dsv' for command environment
[1.695s] DEBUG:colcon.colcon_core.event_handler.log_command:Invoking command in '/home/ons/ros2_ws/build/serial_motor_demo_msgs': CMAKE_PREFIX_PATH=/opt/ros/humble /usr/bin/cmake --build /home/ons/ros2_ws/build/serial_motor_demo_msgs -- -j4 -l4
[1.705s] DEBUG:colcon.colcon_core.event_handler.log_command:Invoking command in '/home/ons/ros2_ws/build/articubot_one': CMAKE_PREFIX_PATH=/opt/ros/humble /usr/bin/cmake --build /home/ons/ros2_ws/build/articubot_one -- -j4 -l4
[1.721s] DEBUG:colcon.colcon_core.event_handler.log_command:Invoking command in '/home/ons/ros2_ws/build/diffdrive_arduino': CMAKE_PREFIX_PATH=/opt/ros/humble /usr/bin/cmake --build /home/ons/ros2_ws/build/diffdrive_arduino -- -j4 -l4
[2.382s] INFO:colcon.colcon_core.task.python.build:Building Python package in '/home/ons/ros2_ws/src/test_node'
[2.405s] INFO:colcon.colcon_core.shell:Skip shell extension 'powershell' for command environment: Not usable outside of PowerShell
[2.405s] DEBUG:colcon.colcon_core.shell:Skip shell extension 'dsv' for command environment
[2.455s] DEBUG:colcon.colcon_core.event_handler.log_command:Invoked command in '/home/ons/ros2_ws/build/articubot_one' returned '0': CMAKE_PREFIX_PATH=/opt/ros/humble /usr/bin/cmake --build /home/ons/ros2_ws/build/articubot_one -- -j4 -l4
[2.457s] DEBUG:colcon.colcon_core.event_handler.log_command:Invoked command in '/home/ons/ros2_ws/build/diffdrive_arduino' returned '0': CMAKE_PREFIX_PATH=/opt/ros/humble /usr/bin/cmake --build /home/ons/ros2_ws/build/diffdrive_arduino -- -j4 -l4
[2.527s] DEBUG:colcon.colcon_core.event_handler.log_command:Invoking command in '/home/ons/ros2_ws/build/articubot_one': CMAKE_PREFIX_PATH=/opt/ros/humble /usr/bin/cmake --install /home/ons/ros2_ws/build/articubot_one
[2.537s] DEBUG:colcon.colcon_core.event_handler.log_command:Invoking command in '/home/ons/ros2_ws/build/diffdrive_arduino': CMAKE_PREFIX_PATH=/opt/ros/humble /usr/bin/cmake --install /home/ons/ros2_ws/build/diffdrive_arduino
[2.585s] Level 1:colcon.colcon_core.environment:create_environment_scripts_only(diffdrive_arduino)
[2.603s] DEBUG:colcon.colcon_core.event_handler.log_command:Invoked command in '/home/ons/ros2_ws/build/diffdrive_arduino' returned '0': CMAKE_PREFIX_PATH=/opt/ros/humble /usr/bin/cmake --install /home/ons/ros2_ws/build/diffdrive_arduino
[2.655s] Level 1:colcon.colcon_core.environment:checking '/home/ons/ros2_ws/install/diffdrive_arduino' for CMake module files
[2.656s] Level 1:colcon.colcon_core.environment:checking '/home/ons/ros2_ws/install/diffdrive_arduino' for CMake config files
[2.657s] Level 1:colcon.colcon_core.shell:create_environment_hook('diffdrive_arduino', 'cmake_prefix_path')
[2.727s] INFO:colcon.colcon_core.shell:Creating environment hook '/home/ons/ros2_ws/install/diffdrive_arduino/share/diffdrive_arduino/hook/cmake_prefix_path.ps1'
[2.728s] INFO:colcon.colcon_core.shell:Creating environment descriptor '/home/ons/ros2_ws/install/diffdrive_arduino/share/diffdrive_arduino/hook/cmake_prefix_path.dsv'
[2.730s] INFO:colcon.colcon_core.shell:Creating environment hook '/home/ons/ros2_ws/install/diffdrive_arduino/share/diffdrive_arduino/hook/cmake_prefix_path.sh'
[2.735s] Level 1:colcon.colcon_core.environment:checking '/home/ons/ros2_ws/install/diffdrive_arduino/lib'
[2.736s] Level 1:colcon.colcon_core.shell:create_environment_hook('diffdrive_arduino', 'ld_library_path_lib')
[2.784s] INFO:colcon.colcon_core.shell:Creating environment hook '/home/ons/ros2_ws/install/diffdrive_arduino/share/diffdrive_arduino/hook/ld_library_path_lib.ps1'
[2.786s] INFO:colcon.colcon_core.shell:Creating environment descriptor '/home/ons/ros2_ws/install/diffdrive_arduino/share/diffdrive_arduino/hook/ld_library_path_lib.dsv'
[2.787s] INFO:colcon.colcon_core.shell:Creating environment hook '/home/ons/ros2_ws/install/diffdrive_arduino/share/diffdrive_arduino/hook/ld_library_path_lib.sh'
[2.788s] Level 1:colcon.colcon_core.environment:checking '/home/ons/ros2_ws/install/diffdrive_arduino/bin'
[2.788s] Level 1:colcon.colcon_core.environment:checking '/home/ons/ros2_ws/install/diffdrive_arduino/lib/pkgconfig/diffdrive_arduino.pc'
[2.789s] Level 1:colcon.colcon_core.environment:checking '/home/ons/ros2_ws/install/diffdrive_arduino/lib/python3.10/site-packages'
[2.789s] Level 1:colcon.colcon_core.environment:checking '/home/ons/ros2_ws/install/diffdrive_arduino/bin'
[2.838s] INFO:colcon.colcon_core.shell:Creating package script '/home/ons/ros2_ws/install/diffdrive_arduino/share/diffdrive_arduino/package.ps1'
[2.839s] INFO:colcon.colcon_core.shell:Creating package descriptor '/home/ons/ros2_ws/install/diffdrive_arduino/share/diffdrive_arduino/package.dsv'
[2.840s] INFO:colcon.colcon_core.shell:Creating package script '/home/ons/ros2_ws/install/diffdrive_arduino/share/diffdrive_arduino/package.sh'
[2.842s] INFO:colcon.colcon_core.shell:Creating package script '/home/ons/ros2_ws/install/diffdrive_arduino/share/diffdrive_arduino/package.bash'
[2.844s] INFO:colcon.colcon_core.shell:Creating package script '/home/ons/ros2_ws/install/diffdrive_arduino/share/diffdrive_arduino/package.zsh'
[2.846s] Level 1:colcon.colcon_core.environment:create_file_with_runtime_dependencies(/home/ons/ros2_ws/install/diffdrive_arduino/share/colcon-core/packages/diffdrive_arduino)
[2.854s] Level 1:colcon.colcon_core.environment:create_environment_scripts_only(articubot_one)
[2.859s] DEBUG:colcon.colcon_core.event_handler.log_command:Invoked command in '/home/ons/ros2_ws/build/articubot_one' returned '0': CMAKE_PREFIX_PATH=/opt/ros/humble /usr/bin/cmake --install /home/ons/ros2_ws/build/articubot_one
[2.931s] Level 1:colcon.colcon_core.environment:checking '/home/ons/ros2_ws/install/articubot_one' for CMake module files
[2.940s] Level 1:colcon.colcon_core.environment:checking '/home/ons/ros2_ws/install/articubot_one' for CMake config files
[2.941s] Level 1:colcon.colcon_core.shell:create_environment_hook('articubot_one', 'cmake_prefix_path')
[3.003s] INFO:colcon.colcon_core.shell:Creating environment hook '/home/ons/ros2_ws/install/articubot_one/share/articubot_one/hook/cmake_prefix_path.ps1'
[3.004s] INFO:colcon.colcon_core.shell:Creating environment descriptor '/home/ons/ros2_ws/install/articubot_one/share/articubot_one/hook/cmake_prefix_path.dsv'
[3.005s] INFO:colcon.colcon_core.shell:Creating environment hook '/home/ons/ros2_ws/install/articubot_one/share/articubot_one/hook/cmake_prefix_path.sh'
[3.008s] Level 1:colcon.colcon_core.environment:checking '/home/ons/ros2_ws/install/articubot_one/bin'
[3.008s] Level 1:colcon.colcon_core.environment:checking '/home/ons/ros2_ws/install/articubot_one/lib/pkgconfig/articubot_one.pc'
[3.011s] Level 1:colcon.colcon_core.environment:checking '/home/ons/ros2_ws/install/articubot_one/lib/python3.10/site-packages'
[3.013s] Level 1:colcon.colcon_core.environment:checking '/home/ons/ros2_ws/install/articubot_one/bin'
[3.059s] INFO:colcon.colcon_core.shell:Creating package script '/home/ons/ros2_ws/install/articubot_one/share/articubot_one/package.ps1'
[3.060s] INFO:colcon.colcon_core.shell:Creating package descriptor '/home/ons/ros2_ws/install/articubot_one/share/articubot_one/package.dsv'
[3.061s] INFO:colcon.colcon_core.shell:Creating package script '/home/ons/ros2_ws/install/articubot_one/share/articubot_one/package.sh'
[3.062s] INFO:colcon.colcon_core.shell:Creating package script '/home/ons/ros2_ws/install/articubot_one/share/articubot_one/package.bash'
[3.063s] INFO:colcon.colcon_core.shell:Creating package script '/home/ons/ros2_ws/install/articubot_one/share/articubot_one/package.zsh'
[3.064s] Level 1:colcon.colcon_core.environment:create_file_with_runtime_dependencies(/home/ons/ros2_ws/install/articubot_one/share/colcon-core/packages/articubot_one)
[3.069s] DEBUG:colcon.colcon_core.event_handler.log_command:Invoked command in '/home/ons/ros2_ws/build/serial_motor_demo_msgs' returned '0': CMAKE_PREFIX_PATH=/opt/ros/humble /usr/bin/cmake --build /home/ons/ros2_ws/build/serial_motor_demo_msgs -- -j4 -l4
[3.120s] Level 1:colcon.colcon_core.environment:create_environment_scripts_only(diffdrive_arduino)
[3.154s] Level 1:colcon.colcon_core.environment:checking '/home/ons/ros2_ws/install/diffdrive_arduino' for CMake module files
[3.155s] Level 1:colcon.colcon_core.environment:checking '/home/ons/ros2_ws/install/diffdrive_arduino' for CMake config files
[3.156s] Level 1:colcon.colcon_core.shell:create_environment_hook('diffdrive_arduino', 'cmake_prefix_path')
[3.190s] INFO:colcon.colcon_core.shell:Creating environment hook '/home/ons/ros2_ws/install/diffdrive_arduino/share/diffdrive_arduino/hook/cmake_prefix_path.ps1'
[3.191s] INFO:colcon.colcon_core.shell:Creating environment descriptor '/home/ons/ros2_ws/install/diffdrive_arduino/share/diffdrive_arduino/hook/cmake_prefix_path.dsv'
[3.192s] INFO:colcon.colcon_core.shell:Creating environment hook '/home/ons/ros2_ws/install/diffdrive_arduino/share/diffdrive_arduino/hook/cmake_prefix_path.sh'
[3.193s] Level 1:colcon.colcon_core.environment:checking '/home/ons/ros2_ws/install/diffdrive_arduino/lib'
[3.193s] Level 1:colcon.colcon_core.shell:create_environment_hook('diffdrive_arduino', 'ld_library_path_lib')
[3.228s] INFO:colcon.colcon_core.shell:Creating environment hook '/home/ons/ros2_ws/install/diffdrive_arduino/share/diffdrive_arduino/hook/ld_library_path_lib.ps1'
[3.229s] INFO:colcon.colcon_core.shell:Creating environment descriptor '/home/ons/ros2_ws/install/diffdrive_arduino/share/diffdrive_arduino/hook/ld_library_path_lib.dsv'
[3.230s] INFO:colcon.colcon_core.shell:Creating environment hook '/home/ons/ros2_ws/install/diffdrive_arduino/share/diffdrive_arduino/hook/ld_library_path_lib.sh'
[3.231s] Level 1:colcon.colcon_core.environment:checking '/home/ons/ros2_ws/install/diffdrive_arduino/bin'
[3.232s] Level 1:colcon.colcon_core.environment:checking '/home/ons/ros2_ws/install/diffdrive_arduino/lib/pkgconfig/diffdrive_arduino.pc'
[3.232s] Level 1:colcon.colcon_core.environment:checking '/home/ons/ros2_ws/install/diffdrive_arduino/lib/python3.10/site-packages'
[3.232s] Level 1:colcon.colcon_core.environment:checking '/home/ons/ros2_ws/install/diffdrive_arduino/bin'
[3.264s] INFO:colcon.colcon_core.shell:Creating package script '/home/ons/ros2_ws/install/diffdrive_arduino/share/diffdrive_arduino/package.ps1'
[3.265s] INFO:colcon.colcon_core.shell:Creating package descriptor '/home/ons/ros2_ws/install/diffdrive_arduino/share/diffdrive_arduino/package.dsv'
[3.266s] INFO:colcon.colcon_core.shell:Creating package script '/home/ons/ros2_ws/install/diffdrive_arduino/share/diffdrive_arduino/package.sh'
[3.267s] INFO:colcon.colcon_core.shell:Creating package script '/home/ons/ros2_ws/install/diffdrive_arduino/share/diffdrive_arduino/package.bash'
[3.268s] INFO:colcon.colcon_core.shell:Creating package script '/home/ons/ros2_ws/install/diffdrive_arduino/share/diffdrive_arduino/package.zsh'
[3.269s] Level 1:colcon.colcon_core.environment:create_file_with_runtime_dependencies(/home/ons/ros2_ws/install/diffdrive_arduino/share/colcon-core/packages/diffdrive_arduino)
[3.271s] INFO:colcon.colcon_ros.task.ament_cmake.build:Building ROS package in '/home/ons/ros2_ws/src/ydlidar_ros2' with build type 'ament_cmake'
[3.271s] INFO:colcon.colcon_cmake.task.cmake.build:Building CMake package in '/home/ons/ros2_ws/src/ydlidar_ros2'
[3.302s] INFO:colcon.colcon_core.shell:Skip shell extension 'powershell' for command environment: Not usable outside of PowerShell
[3.303s] DEBUG:colcon.colcon_core.shell:Skip shell extension 'dsv' for command environment
[3.383s] Level 1:colcon.colcon_core.environment:create_environment_scripts_only(articubot_one)
[3.410s] Level 1:colcon.colcon_core.environment:checking '/home/ons/ros2_ws/install/articubot_one' for CMake module files
[3.411s] Level 1:colcon.colcon_core.environment:checking '/home/ons/ros2_ws/install/articubot_one' for CMake config files
[3.411s] Level 1:colcon.colcon_core.shell:create_environment_hook('articubot_one', 'cmake_prefix_path')
[3.439s] INFO:colcon.colcon_core.shell:Creating environment hook '/home/ons/ros2_ws/install/articubot_one/share/articubot_one/hook/cmake_prefix_path.ps1'
[3.440s] INFO:colcon.colcon_core.shell:Creating environment descriptor '/home/ons/ros2_ws/install/articubot_one/share/articubot_one/hook/cmake_prefix_path.dsv'
[3.441s] INFO:colcon.colcon_core.shell:Creating environment hook '/home/ons/ros2_ws/install/articubot_one/share/articubot_one/hook/cmake_prefix_path.sh'
[3.442s] Level 1:colcon.colcon_core.environment:checking '/home/ons/ros2_ws/install/articubot_one/bin'
[3.442s] Level 1:colcon.colcon_core.environment:checking '/home/ons/ros2_ws/install/articubot_one/lib/pkgconfig/articubot_one.pc'
[3.443s] Level 1:colcon.colcon_core.environment:checking '/home/ons/ros2_ws/install/articubot_one/lib/python3.10/site-packages'
[3.443s] Level 1:colcon.colcon_core.environment:checking '/home/ons/ros2_ws/install/articubot_one/bin'
[3.473s] INFO:colcon.colcon_core.shell:Creating package script '/home/ons/ros2_ws/install/articubot_one/share/articubot_one/package.ps1'
[3.474s] INFO:colcon.colcon_core.shell:Creating package descriptor '/home/ons/ros2_ws/install/articubot_one/share/articubot_one/package.dsv'
[3.475s] INFO:colcon.colcon_core.shell:Creating package script '/home/ons/ros2_ws/install/articubot_one/share/articubot_one/package.sh'
[3.475s] INFO:colcon.colcon_core.shell:Creating package script '/home/ons/ros2_ws/install/articubot_one/share/articubot_one/package.bash'
[3.476s] INFO:colcon.colcon_core.shell:Creating package script '/home/ons/ros2_ws/install/articubot_one/share/articubot_one/package.zsh'
[3.477s] Level 1:colcon.colcon_core.environment:create_file_with_runtime_dependencies(/home/ons/ros2_ws/install/articubot_one/share/colcon-core/packages/articubot_one)
[3.483s] DEBUG:colcon.colcon_core.event_handler.log_command:Invoking command in '/home/ons/ros2_ws/build/serial_motor_demo_msgs': CMAKE_PREFIX_PATH=/opt/ros/humble /usr/bin/cmake --install /home/ons/ros2_ws/build/serial_motor_demo_msgs
[3.493s] DEBUG:colcon.colcon_core.event_handler.log_command:Invoking command in '/home/ons/ros2_ws/build/ydlidar': CMAKE_PREFIX_PATH=/opt/ros/humble /usr/bin/cmake --build /home/ons/ros2_ws/build/ydlidar -- -j4 -l4
[3.526s] DEBUG:colcon.colcon_core.event_handler.log_command:Invoking command in '/home/ons/ros2_ws/src/test_node': PYTHONPATH=/home/ons/ros2_ws/build/test_node/prefix_override:/home/ons/ros2_ws/install/test_node/lib/python3.10/site-packages:${PYTHONPATH} /usr/bin/python3 setup.py egg_info --egg-base ../../build/test_node build --build-base /home/ons/ros2_ws/build/test_node/build install --record /home/ons/ros2_ws/build/test_node/install.log --single-version-externally-managed
[3.706s] Level 1:colcon.colcon_core.environment:create_environment_scripts_only(serial_motor_demo_msgs)
[3.707s] DEBUG:colcon.colcon_core.event_handler.log_command:Invoked command in '/home/ons/ros2_ws/build/serial_motor_demo_msgs' returned '0': CMAKE_PREFIX_PATH=/opt/ros/humble /usr/bin/cmake --install /home/ons/ros2_ws/build/serial_motor_demo_msgs
[3.750s] Level 1:colcon.colcon_core.environment:checking '/home/ons/ros2_ws/install/serial_motor_demo_msgs' for CMake module files
[3.751s] Level 1:colcon.colcon_core.environment:checking '/home/ons/ros2_ws/install/serial_motor_demo_msgs' for CMake config files
[3.752s] Level 1:colcon.colcon_core.shell:create_environment_hook('serial_motor_demo_msgs', 'cmake_prefix_path')
[3.775s] INFO:colcon.colcon_core.shell:Creating environment hook '/home/ons/ros2_ws/install/serial_motor_demo_msgs/share/serial_motor_demo_msgs/hook/cmake_prefix_path.ps1'
[3.775s] INFO:colcon.colcon_core.shell:Creating environment descriptor '/home/ons/ros2_ws/install/serial_motor_demo_msgs/share/serial_motor_demo_msgs/hook/cmake_prefix_path.dsv'
[3.776s] INFO:colcon.colcon_core.shell:Creating environment hook '/home/ons/ros2_ws/install/serial_motor_demo_msgs/share/serial_motor_demo_msgs/hook/cmake_prefix_path.sh'
[3.777s] Level 1:colcon.colcon_core.environment:checking '/home/ons/ros2_ws/install/serial_motor_demo_msgs/lib'
[3.777s] Level 1:colcon.colcon_core.shell:create_environment_hook('serial_motor_demo_msgs', 'ld_library_path_lib')
[3.800s] INFO:colcon.colcon_core.shell:Creating environment hook '/home/ons/ros2_ws/install/serial_motor_demo_msgs/share/serial_motor_demo_msgs/hook/ld_library_path_lib.ps1'
[3.801s] INFO:colcon.colcon_core.shell:Creating environment descriptor '/home/ons/ros2_ws/install/serial_motor_demo_msgs/share/serial_motor_demo_msgs/hook/ld_library_path_lib.dsv'
[3.802s] INFO:colcon.colcon_core.shell:Creating environment hook '/home/ons/ros2_ws/install/serial_motor_demo_msgs/share/serial_motor_demo_msgs/hook/ld_library_path_lib.sh'
[3.802s] Level 1:colcon.colcon_core.environment:checking '/home/ons/ros2_ws/install/serial_motor_demo_msgs/bin'
[3.803s] Level 1:colcon.colcon_core.environment:checking '/home/ons/ros2_ws/install/serial_motor_demo_msgs/lib/pkgconfig/serial_motor_demo_msgs.pc'
[3.803s] Level 1:colcon.colcon_core.environment:checking '/home/ons/ros2_ws/install/serial_motor_demo_msgs/lib/python3.10/site-packages'
[3.804s] Level 1:colcon.colcon_core.environment:checking '/home/ons/ros2_ws/install/serial_motor_demo_msgs/bin'
[3.842s] INFO:colcon.colcon_core.shell:Creating package script '/home/ons/ros2_ws/install/serial_motor_demo_msgs/share/serial_motor_demo_msgs/package.ps1'
[3.843s] INFO:colcon.colcon_core.shell:Creating package descriptor '/home/ons/ros2_ws/install/serial_motor_demo_msgs/share/serial_motor_demo_msgs/package.dsv'
[3.844s] INFO:colcon.colcon_core.shell:Creating package script '/home/ons/ros2_ws/install/serial_motor_demo_msgs/share/serial_motor_demo_msgs/package.sh'
[3.845s] INFO:colcon.colcon_core.shell:Creating package script '/home/ons/ros2_ws/install/serial_motor_demo_msgs/share/serial_motor_demo_msgs/package.bash'
[3.845s] INFO:colcon.colcon_core.shell:Creating package script '/home/ons/ros2_ws/install/serial_motor_demo_msgs/share/serial_motor_demo_msgs/package.zsh'
[3.846s] Level 1:colcon.colcon_core.environment:create_file_with_runtime_dependencies(/home/ons/ros2_ws/install/serial_motor_demo_msgs/share/colcon-core/packages/serial_motor_demo_msgs)
[3.852s] DEBUG:colcon.colcon_core.event_handler.log_command:Invoked command in '/home/ons/ros2_ws/build/ydlidar' returned '0': CMAKE_PREFIX_PATH=/opt/ros/humble /usr/bin/cmake --build /home/ons/ros2_ws/build/ydlidar -- -j4 -l4
[3.941s] DEBUG:colcon.colcon_core.event_handler.log_command:Invoking command in '/home/ons/ros2_ws/build/ydlidar': CMAKE_PREFIX_PATH=/opt/ros/humble /usr/bin/cmake --install /home/ons/ros2_ws/build/ydlidar
[3.967s] Level 1:colcon.colcon_core.environment:create_environment_scripts_only(ydlidar)
[3.979s] DEBUG:colcon.colcon_core.event_handler.log_command:Invoked command in '/home/ons/ros2_ws/build/ydlidar' returned '0': CMAKE_PREFIX_PATH=/opt/ros/humble /usr/bin/cmake --install /home/ons/ros2_ws/build/ydlidar
[4.006s] Level 1:colcon.colcon_core.environment:checking '/home/ons/ros2_ws/install/ydlidar' for CMake module files
[4.027s] Level 1:colcon.colcon_core.environment:checking '/home/ons/ros2_ws/install/ydlidar' for CMake config files
[4.028s] Level 1:colcon.colcon_core.shell:create_environment_hook('ydlidar', 'cmake_prefix_path')
[4.068s] INFO:colcon.colcon_core.shell:Creating environment hook '/home/ons/ros2_ws/install/ydlidar/share/ydlidar/hook/cmake_prefix_path.ps1'
[4.070s] INFO:colcon.colcon_core.shell:Creating environment descriptor '/home/ons/ros2_ws/install/ydlidar/share/ydlidar/hook/cmake_prefix_path.dsv'
[4.070s] INFO:colcon.colcon_core.shell:Creating environment hook '/home/ons/ros2_ws/install/ydlidar/share/ydlidar/hook/cmake_prefix_path.sh'
[4.071s] Level 1:colcon.colcon_core.environment:checking '/home/ons/ros2_ws/install/ydlidar/lib'
[4.072s] Level 1:colcon.colcon_core.environment:checking '/home/ons/ros2_ws/install/ydlidar/bin'
[4.073s] Level 1:colcon.colcon_core.environment:checking '/home/ons/ros2_ws/install/ydlidar/lib/pkgconfig/ydlidar.pc'
[4.074s] Level 1:colcon.colcon_core.environment:checking '/home/ons/ros2_ws/install/ydlidar/lib/python3.10/site-packages'
[4.074s] Level 1:colcon.colcon_core.environment:checking '/home/ons/ros2_ws/install/ydlidar/bin'
[4.104s] INFO:colcon.colcon_core.shell:Creating package script '/home/ons/ros2_ws/install/ydlidar/share/ydlidar/package.ps1'
[4.105s] INFO:colcon.colcon_core.shell:Creating package descriptor '/home/ons/ros2_ws/install/ydlidar/share/ydlidar/package.dsv'
[4.106s] INFO:colcon.colcon_core.shell:Creating package script '/home/ons/ros2_ws/install/ydlidar/share/ydlidar/package.sh'
[4.106s] INFO:colcon.colcon_core.shell:Creating package script '/home/ons/ros2_ws/install/ydlidar/share/ydlidar/package.bash'
[4.107s] INFO:colcon.colcon_core.shell:Creating package script '/home/ons/ros2_ws/install/ydlidar/share/ydlidar/package.zsh'
[4.107s] Level 1:colcon.colcon_core.environment:create_file_with_runtime_dependencies(/home/ons/ros2_ws/install/ydlidar/share/colcon-core/packages/ydlidar)
[4.149s] Level 1:colcon.colcon_core.environment:create_environment_scripts_only(serial_motor_demo_msgs)
[4.193s] Level 1:colcon.colcon_core.environment:checking '/home/ons/ros2_ws/install/serial_motor_demo_msgs' for CMake module files
[4.194s] Level 1:colcon.colcon_core.environment:checking '/home/ons/ros2_ws/install/serial_motor_demo_msgs' for CMake config files
[4.195s] Level 1:colcon.colcon_core.shell:create_environment_hook('serial_motor_demo_msgs', 'cmake_prefix_path')
[4.230s] INFO:colcon.colcon_core.shell:Creating environment hook '/home/ons/ros2_ws/install/serial_motor_demo_msgs/share/serial_motor_demo_msgs/hook/cmake_prefix_path.ps1'
[4.231s] INFO:colcon.colcon_core.shell:Creating environment descriptor '/home/ons/ros2_ws/install/serial_motor_demo_msgs/share/serial_motor_demo_msgs/hook/cmake_prefix_path.dsv'
[4.232s] INFO:colcon.colcon_core.shell:Creating environment hook '/home/ons/ros2_ws/install/serial_motor_demo_msgs/share/serial_motor_demo_msgs/hook/cmake_prefix_path.sh'
[4.233s] Level 1:colcon.colcon_core.environment:checking '/home/ons/ros2_ws/install/serial_motor_demo_msgs/lib'
[4.234s] Level 1:colcon.colcon_core.shell:create_environment_hook('serial_motor_demo_msgs', 'ld_library_path_lib')
[4.264s] INFO:colcon.colcon_core.shell:Creating environment hook '/home/ons/ros2_ws/install/serial_motor_demo_msgs/share/serial_motor_demo_msgs/hook/ld_library_path_lib.ps1'
[4.265s] INFO:colcon.colcon_core.shell:Creating environment descriptor '/home/ons/ros2_ws/install/serial_motor_demo_msgs/share/serial_motor_demo_msgs/hook/ld_library_path_lib.dsv'
[4.266s] INFO:colcon.colcon_core.shell:Creating environment hook '/home/ons/ros2_ws/install/serial_motor_demo_msgs/share/serial_motor_demo_msgs/hook/ld_library_path_lib.sh'
[4.267s] Level 1:colcon.colcon_core.environment:checking '/home/ons/ros2_ws/install/serial_motor_demo_msgs/bin'
[4.267s] Level 1:colcon.colcon_core.environment:checking '/home/ons/ros2_ws/install/serial_motor_demo_msgs/lib/pkgconfig/serial_motor_demo_msgs.pc'
[4.268s] Level 1:colcon.colcon_core.environment:checking '/home/ons/ros2_ws/install/serial_motor_demo_msgs/lib/python3.10/site-packages'
[4.268s] Level 1:colcon.colcon_core.environment:checking '/home/ons/ros2_ws/install/serial_motor_demo_msgs/bin'
[4.288s] INFO:colcon.colcon_core.shell:Creating package script '/home/ons/ros2_ws/install/serial_motor_demo_msgs/share/serial_motor_demo_msgs/package.ps1'
[4.289s] INFO:colcon.colcon_core.shell:Creating package descriptor '/home/ons/ros2_ws/install/serial_motor_demo_msgs/share/serial_motor_demo_msgs/package.dsv'
[4.290s] INFO:colcon.colcon_core.shell:Creating package script '/home/ons/ros2_ws/install/serial_motor_demo_msgs/share/serial_motor_demo_msgs/package.sh'
[4.290s] INFO:colcon.colcon_core.shell:Creating package script '/home/ons/ros2_ws/install/serial_motor_demo_msgs/share/serial_motor_demo_msgs/package.bash'
[4.291s] INFO:colcon.colcon_core.shell:Creating package script '/home/ons/ros2_ws/install/serial_motor_demo_msgs/share/serial_motor_demo_msgs/package.zsh'
[4.291s] Level 1:colcon.colcon_core.environment:create_file_with_runtime_dependencies(/home/ons/ros2_ws/install/serial_motor_demo_msgs/share/colcon-core/packages/serial_motor_demo_msgs)
[4.292s] INFO:colcon.colcon_ros.task.ament_python.build:Building ROS package in '/home/ons/ros2_ws/src/serial_motor_demo/serial_motor_demo' with build type 'ament_python'
[4.293s] Level 1:colcon.colcon_core.shell:create_environment_hook('serial_motor_demo', 'ament_prefix_path')
[4.319s] INFO:colcon.colcon_core.shell:Creating environment hook '/home/ons/ros2_ws/install/serial_motor_demo/share/serial_motor_demo/hook/ament_prefix_path.ps1'
[4.320s] INFO:colcon.colcon_core.shell:Creating environment descriptor '/home/ons/ros2_ws/install/serial_motor_demo/share/serial_motor_demo/hook/ament_prefix_path.dsv'
[4.321s] INFO:colcon.colcon_core.shell:Creating environment hook '/home/ons/ros2_ws/install/serial_motor_demo/share/serial_motor_demo/hook/ament_prefix_path.sh'
[4.340s] INFO:colcon.colcon_core.shell:Skip shell extension 'powershell' for command environment: Not usable outside of PowerShell
[4.340s] DEBUG:colcon.colcon_core.shell:Skip shell extension 'dsv' for command environment
[4.406s] Level 1:colcon.colcon_core.environment:create_environment_scripts_only(ydlidar)
[4.429s] Level 1:colcon.colcon_core.environment:checking '/home/ons/ros2_ws/install/ydlidar' for CMake module files
[4.429s] Level 1:colcon.colcon_core.environment:checking '/home/ons/ros2_ws/install/ydlidar' for CMake config files
[4.430s] Level 1:colcon.colcon_core.shell:create_environment_hook('ydlidar', 'cmake_prefix_path')
[4.461s] INFO:colcon.colcon_core.shell:Creating environment hook '/home/ons/ros2_ws/install/ydlidar/share/ydlidar/hook/cmake_prefix_path.ps1'
[4.461s] INFO:colcon.colcon_core.shell:Creating environment descriptor '/home/ons/ros2_ws/install/ydlidar/share/ydlidar/hook/cmake_prefix_path.dsv'
[4.462s] INFO:colcon.colcon_core.shell:Creating environment hook '/home/ons/ros2_ws/install/ydlidar/share/ydlidar/hook/cmake_prefix_path.sh'
[4.463s] Level 1:colcon.colcon_core.environment:checking '/home/ons/ros2_ws/install/ydlidar/lib'
[4.463s] Level 1:colcon.colcon_core.environment:checking '/home/ons/ros2_ws/install/ydlidar/bin'
[4.463s] Level 1:colcon.colcon_core.environment:checking '/home/ons/ros2_ws/install/ydlidar/lib/pkgconfig/ydlidar.pc'
[4.463s] Level 1:colcon.colcon_core.environment:checking '/home/ons/ros2_ws/install/ydlidar/lib/python3.10/site-packages'
[4.464s] Level 1:colcon.colcon_core.environment:checking '/home/ons/ros2_ws/install/ydlidar/bin'
[4.481s] INFO:colcon.colcon_core.shell:Creating package script '/home/ons/ros2_ws/install/ydlidar/share/ydlidar/package.ps1'
[4.482s] INFO:colcon.colcon_core.shell:Creating package descriptor '/home/ons/ros2_ws/install/ydlidar/share/ydlidar/package.dsv'
[4.483s] INFO:colcon.colcon_core.shell:Creating package script '/home/ons/ros2_ws/install/ydlidar/share/ydlidar/package.sh'
[4.484s] INFO:colcon.colcon_core.shell:Creating package script '/home/ons/ros2_ws/install/ydlidar/share/ydlidar/package.bash'
[4.484s] INFO:colcon.colcon_core.shell:Creating package script '/home/ons/ros2_ws/install/ydlidar/share/ydlidar/package.zsh'
[4.485s] Level 1:colcon.colcon_core.environment:create_file_with_runtime_dependencies(/home/ons/ros2_ws/install/ydlidar/share/colcon-core/packages/ydlidar)
[4.487s] DEBUG:colcon.colcon_core.event_handler.log_command:Invoked command in '/home/ons/ros2_ws/src/test_node' returned '0': PYTHONPATH=/home/ons/ros2_ws/build/test_node/prefix_override:/home/ons/ros2_ws/install/test_node/lib/python3.10/site-packages:${PYTHONPATH} /usr/bin/python3 setup.py egg_info --egg-base ../../build/test_node build --build-base /home/ons/ros2_ws/build/test_node/build install --record /home/ons/ros2_ws/build/test_node/install.log --single-version-externally-managed
[4.515s] Level 1:colcon.colcon_core.environment:checking '/home/ons/ros2_ws/install/test_node' for CMake module files
[4.516s] Level 1:colcon.colcon_core.environment:checking '/home/ons/ros2_ws/install/test_node' for CMake config files
[4.517s] Level 1:colcon.colcon_core.environment:checking '/home/ons/ros2_ws/install/test_node/lib'
[4.518s] Level 1:colcon.colcon_core.environment:checking '/home/ons/ros2_ws/install/test_node/bin'
[4.518s] Level 1:colcon.colcon_core.environment:checking '/home/ons/ros2_ws/install/test_node/lib/pkgconfig/test_node.pc'
[4.519s] Level 1:colcon.colcon_core.environment:checking '/home/ons/ros2_ws/install/test_node/lib/python3.10/site-packages'
[4.519s] Level 1:colcon.colcon_core.shell:create_environment_hook('test_node', 'pythonpath')
[4.544s] INFO:colcon.colcon_core.shell:Creating environment hook '/home/ons/ros2_ws/install/test_node/share/test_node/hook/pythonpath.ps1'
[4.544s] INFO:colcon.colcon_core.shell:Creating environment descriptor '/home/ons/ros2_ws/install/test_node/share/test_node/hook/pythonpath.dsv'
[4.545s] INFO:colcon.colcon_core.shell:Creating environment hook '/home/ons/ros2_ws/install/test_node/share/test_node/hook/pythonpath.sh'
[4.546s] Level 1:colcon.colcon_core.environment:checking '/home/ons/ros2_ws/install/test_node/bin'
[4.546s] Level 1:colcon.colcon_core.environment:create_environment_scripts_only(test_node)
[4.568s] INFO:colcon.colcon_core.shell:Creating package script '/home/ons/ros2_ws/install/test_node/share/test_node/package.ps1'
[4.569s] INFO:colcon.colcon_core.shell:Creating package descriptor '/home/ons/ros2_ws/install/test_node/share/test_node/package.dsv'
[4.570s] INFO:colcon.colcon_core.shell:Creating package script '/home/ons/ros2_ws/install/test_node/share/test_node/package.sh'
[4.570s] INFO:colcon.colcon_core.shell:Creating package script '/home/ons/ros2_ws/install/test_node/share/test_node/package.bash'
[4.571s] INFO:colcon.colcon_core.shell:Creating package script '/home/ons/ros2_ws/install/test_node/share/test_node/package.zsh'
[4.571s] Level 1:colcon.colcon_core.environment:create_file_with_runtime_dependencies(/home/ons/ros2_ws/install/test_node/share/colcon-core/packages/test_node)
[4.972s] INFO:colcon.colcon_core.task.python.build:Building Python package in '/home/ons/ros2_ws/src/serial_motor_demo/serial_motor_demo'
[4.995s] INFO:colcon.colcon_core.shell:Skip shell extension 'powershell' for command environment: Not usable outside of PowerShell
[4.995s] DEBUG:colcon.colcon_core.shell:Skip shell extension 'dsv' for command environment
[5.570s] DEBUG:colcon.colcon_core.event_handler.log_command:Invoking command in '/home/ons/ros2_ws/src/serial_motor_demo/serial_motor_demo': AMENT_PREFIX_PATH=/home/ons/ros2_ws/install/serial_motor_demo_msgs:${AMENT_PREFIX_PATH} CMAKE_PREFIX_PATH=/home/ons/ros2_ws/install/serial_motor_demo_msgs LD_LIBRARY_PATH=/home/ons/ros2_ws/install/serial_motor_demo_msgs/lib:${LD_LIBRARY_PATH} PYTHONPATH=/home/ons/ros2_ws/build/serial_motor_demo/prefix_override:/home/ons/ros2_ws/install/serial_motor_demo/lib/python3.10/site-packages:/home/ons/ros2_ws/install/serial_motor_demo_msgs/local/lib/python3.10/dist-packages:${PYTHONPATH} /usr/bin/python3 setup.py egg_info --egg-base ../../../build/serial_motor_demo build --build-base /home/ons/ros2_ws/build/serial_motor_demo/build install --record /home/ons/ros2_ws/build/serial_motor_demo/install.log --install-scripts $base/lib/serial_motor_demo --single-version-externally-managed
[6.070s] DEBUG:colcon.colcon_core.event_handler.log_command:Invoked command in '/home/ons/ros2_ws/src/serial_motor_demo/serial_motor_demo' returned '0': AMENT_PREFIX_PATH=/home/ons/ros2_ws/install/serial_motor_demo_msgs:${AMENT_PREFIX_PATH} CMAKE_PREFIX_PATH=/home/ons/ros2_ws/install/serial_motor_demo_msgs LD_LIBRARY_PATH=/home/ons/ros2_ws/install/serial_motor_demo_msgs/lib:${LD_LIBRARY_PATH} PYTHONPATH=/home/ons/ros2_ws/build/serial_motor_demo/prefix_override:/home/ons/ros2_ws/install/serial_motor_demo/lib/python3.10/site-packages:/home/ons/ros2_ws/install/serial_motor_demo_msgs/local/lib/python3.10/dist-packages:${PYTHONPATH} /usr/bin/python3 setup.py egg_info --egg-base ../../../build/serial_motor_demo build --build-base /home/ons/ros2_ws/build/serial_motor_demo/build install --record /home/ons/ros2_ws/build/serial_motor_demo/install.log --install-scripts $base/lib/serial_motor_demo --single-version-externally-managed
[6.100s] Level 1:colcon.colcon_core.environment:checking '/home/ons/ros2_ws/install/serial_motor_demo' for CMake module files
[6.101s] Level 1:colcon.colcon_core.environment:checking '/home/ons/ros2_ws/install/serial_motor_demo' for CMake config files
[6.102s] Level 1:colcon.colcon_core.environment:checking '/home/ons/ros2_ws/install/serial_motor_demo/lib'
[6.103s] Level 1:colcon.colcon_core.environment:checking '/home/ons/ros2_ws/install/serial_motor_demo/bin'
[6.103s] Level 1:colcon.colcon_core.environment:checking '/home/ons/ros2_ws/install/serial_motor_demo/lib/pkgconfig/serial_motor_demo.pc'
[6.103s] Level 1:colcon.colcon_core.environment:checking '/home/ons/ros2_ws/install/serial_motor_demo/lib/python3.10/site-packages'
[6.103s] Level 1:colcon.colcon_core.shell:create_environment_hook('serial_motor_demo', 'pythonpath')
[6.130s] INFO:colcon.colcon_core.shell:Creating environment hook '/home/ons/ros2_ws/install/serial_motor_demo/share/serial_motor_demo/hook/pythonpath.ps1'
[6.131s] INFO:colcon.colcon_core.shell:Creating environment descriptor '/home/ons/ros2_ws/install/serial_motor_demo/share/serial_motor_demo/hook/pythonpath.dsv'
[6.132s] INFO:colcon.colcon_core.shell:Creating environment hook '/home/ons/ros2_ws/install/serial_motor_demo/share/serial_motor_demo/hook/pythonpath.sh'
[6.133s] Level 1:colcon.colcon_core.environment:checking '/home/ons/ros2_ws/install/serial_motor_demo/bin'
[6.133s] Level 1:colcon.colcon_core.environment:create_environment_scripts_only(serial_motor_demo)
[6.151s] INFO:colcon.colcon_core.shell:Creating package script '/home/ons/ros2_ws/install/serial_motor_demo/share/serial_motor_demo/package.ps1'
[6.152s] INFO:colcon.colcon_core.shell:Creating package descriptor '/home/ons/ros2_ws/install/serial_motor_demo/share/serial_motor_demo/package.dsv'
[6.152s] INFO:colcon.colcon_core.shell:Creating package script '/home/ons/ros2_ws/install/serial_motor_demo/share/serial_motor_demo/package.sh'
[6.153s] INFO:colcon.colcon_core.shell:Creating package script '/home/ons/ros2_ws/install/serial_motor_demo/share/serial_motor_demo/package.bash'
[6.153s] INFO:colcon.colcon_core.shell:Creating package script '/home/ons/ros2_ws/install/serial_motor_demo/share/serial_motor_demo/package.zsh'
[6.154s] Level 1:colcon.colcon_core.environment:create_file_with_runtime_dependencies(/home/ons/ros2_ws/install/serial_motor_demo/share/colcon-core/packages/serial_motor_demo)
[6.154s] DEBUG:colcon.colcon_parallel_executor.executor.parallel:closing loop
[6.155s] DEBUG:colcon.colcon_parallel_executor.executor.parallel:loop closed
[6.155s] DEBUG:colcon.colcon_parallel_executor.executor.parallel:run_until_complete finished with '0'
[6.156s] DEBUG:colcon.colcon_core.event_reactor:joining thread
[6.190s] INFO:colcon.colcon_core.plugin_system:Skipping extension 'colcon_notification.desktop_notification.terminal_notifier': Not used on non-Darwin systems
[6.190s] INFO:colcon.colcon_core.plugin_system:Skipping extension 'colcon_notification.desktop_notification.win32': Not used on non-Windows systems
[6.190s] INFO:colcon.colcon_notification.desktop_notification:Sending desktop notification using 'notify2'
[6.283s] DEBUG:colcon.colcon_core.event_reactor:joined thread
[6.311s] INFO:colcon.colcon_core.shell:Creating prefix script '/home/ons/ros2_ws/install/local_setup.ps1'
[6.313s] INFO:colcon.colcon_core.shell:Creating prefix util module '/home/ons/ros2_ws/install/_local_setup_util_ps1.py'
[6.317s] INFO:colcon.colcon_core.shell:Creating prefix chain script '/home/ons/ros2_ws/install/setup.ps1'
[6.352s] INFO:colcon.colcon_core.shell:Creating prefix script '/home/ons/ros2_ws/install/local_setup.sh'
[6.354s] INFO:colcon.colcon_core.shell:Creating prefix util module '/home/ons/ros2_ws/install/_local_setup_util_sh.py'
[6.354s] INFO:colcon.colcon_core.shell:Creating prefix chain script '/home/ons/ros2_ws/install/setup.sh'
[6.377s] INFO:colcon.colcon_core.shell:Creating prefix script '/home/ons/ros2_ws/install/local_setup.bash'
[6.378s] INFO:colcon.colcon_core.shell:Creating prefix chain script '/home/ons/ros2_ws/install/setup.bash'
[6.400s] INFO:colcon.colcon_core.shell:Creating prefix script '/home/ons/ros2_ws/install/local_setup.zsh'
[6.400s] INFO:colcon.colcon_core.shell:Creating prefix chain script '/home/ons/ros2_ws/install/setup.zsh'
