[0.314s] Invoking command in '/home/ons/ros2_ws/build/ydlidar_ros2_driver': CMAKE_PREFIX_PATH=${CMAKE_PREFIX_PATH}:/home/ons/ros2_ws/install/test_node:/opt/ros/humble /usr/bin/cmake /home/ons/ros2_ws/src/ydlidar_ros2_driver-master -DCMAKE_INSTALL_PREFIX=/home/ons/ros2_ws/install/ydlidar_ros2_driver
[0.334s] -- Found ament_cmake: 1.3.5 (/opt/ros/humble/share/ament_cmake/cmake)
[0.667s] -- Found rclcpp: 16.0.5 (/opt/ros/humble/share/rclcpp/cmake)
[0.717s] -- Found rosidl_generator_c: 3.1.5 (/opt/ros/humble/share/rosidl_generator_c/cmake)
[0.722s] -- Found rosidl_adapter: 3.1.5 (/opt/ros/humble/share/rosidl_adapter/cmake)
[0.731s] -- Found rosidl_generator_cpp: 3.1.5 (/opt/ros/humble/share/rosidl_generator_cpp/cmake)
[0.747s] -- Using all available rosidl_typesupport_c: rosidl_typesupport_fastrtps_c;rosidl_typesupport_introspection_c
[0.773s] -- Using all available rosidl_typesupport_cpp: rosidl_typesupport_fastrtps_cpp;rosidl_typesupport_introspection_cpp
[0.884s] -- Found rmw_implementation_cmake: 6.1.1 (/opt/ros/humble/share/rmw_implementation_cmake/cmake)
[0.898s] -- Found rmw_fastrtps_cpp: 6.2.3 (/opt/ros/humble/share/rmw_fastrtps_cpp/cmake)
[1.064s] -- Using RMW implementation 'rmw_fastrtps_cpp' as default
[1.227s] -- Found sensor_msgs: 4.2.3 (/opt/ros/humble/share/sensor_msgs/cmake)
[1.331s] -- Found visualization_msgs: 4.2.3 (/opt/ros/humble/share/visualization_msgs/cmake)
[1.460s] -- Found std_srvs: 4.2.3 (/opt/ros/humble/share/std_srvs/cmake)
[1.484s] [31mCMake Error at CMakeLists.txt:25 (find_package):
[1.484s]   By not providing "Findydlidar_sdk.cmake" in CMAKE_MODULE_PATH this project
[1.484s]   has asked CMake to find a package configuration file provided by
[1.484s]   "ydlidar_sdk", but CMake did not find one.
[1.484s] 
[1.485s]   Could not find a package configuration file provided by "ydlidar_sdk" with
[1.485s]   any of the following names:
[1.485s] 
[1.485s]     ydlidar_sdkConfig.cmake
[1.485s]     ydlidar_sdk-config.cmake
[1.485s] 
[1.485s]   Add the installation prefix of "ydlidar_sdk" to CMAKE_PREFIX_PATH or set
[1.485s]   "ydlidar_sdk_DIR" to a directory containing one of the above files.  If
[1.485s]   "ydlidar_sdk" provides a separate development package or SDK, be sure it
[1.485s]   has been installed.
[1.485s] 
[1.485s] [0m
[1.486s] -- Configuring incomplete, errors occurred!
[1.486s] See also "/home/ons/ros2_ws/build/ydlidar_ros2_driver/CMakeFiles/CMakeOutput.log".
