[35m[1mConsolidate compiler generated dependencies of target diffdrive_arduino[0m
[ 50%] [32mBuilding CXX object CMakeFiles/diffdrive_arduino.dir/hardware/diffbot_system.cpp.o[0m
[01m[K/home/ons/ros2_ws/src/diffdrive_arduino/hardware/diffbot_system.cpp:[m[K In member function ‘[01m[Kvirtual hardware_interface::return_type diffdrive_arduino::DiffDriveArduinoHardware::write(const rclcpp::Time&, const rclcpp::Duration&)[m[K’:
[01m[K/home/ons/ros2_ws/src/diffdrive_arduino/hardware/diffbot_system.cpp:233:3:[m[K [01;31m[Kerror: [m[K‘[01m[Kstring[m[K’ was not declared in this scope
  233 |   [01;31m[Kstring[m[K msg_hello = "hello" ;
      |   [01;31m[K^~~~~~[m[K
[01m[K/home/ons/ros2_ws/src/diffdrive_arduino/hardware/diffbot_system.cpp:233:3:[m[K [01;36m[Knote: [m[Ksuggested alternatives:
In file included from [01m[K/usr/include/c++/11/iosfwd:39[m[K,
                 from [01m[K/usr/include/c++/11/bits/shared_ptr.h:52[m[K,
                 from [01m[K/usr/include/c++/11/memory:77[m[K,
                 from [01m[K/home/ons/ros2_ws/src/diffdrive_arduino/hardware/include/diffdrive_arduino/diffbot_system.hpp:18[m[K,
                 from [01m[K/home/ons/ros2_ws/src/diffdrive_arduino/hardware/diffbot_system.cpp:15[m[K:
[01m[K/usr/include/c++/11/bits/stringfwd.h:79:33:[m[K [01;36m[Knote: [m[K  ‘[01m[Kstd::string[m[K’
   79 |   typedef basic_string<char>    [01;36m[Kstring[m[K;
      |                                 [01;36m[K^~~~~~[m[K
In file included from [01m[K/home/ons/ros2_ws/src/diffdrive_arduino/hardware/include/diffdrive_arduino/diffbot_system.hpp:19[m[K,
                 from [01m[K/home/ons/ros2_ws/src/diffdrive_arduino/hardware/diffbot_system.cpp:15[m[K:
[01m[K/usr/include/c++/11/string:67:11:[m[K [01;36m[Knote: [m[K  ‘[01m[Kstd::pmr::string[m[K’
   67 |     using [01;36m[Kstring[m[K    = basic_string<char>;
      |           [01;36m[K^~~~~~[m[K
In file included from [01m[K/opt/ros/humble/include/rclcpp/rclcpp/logging.hpp:24[m[K,
                 from [01m[K/opt/ros/humble/include/rclcpp/rclcpp/client.hpp:40[m[K,
                 from [01m[K/opt/ros/humble/include/rclcpp/rclcpp/callback_group.hpp:24[m[K,
                 from [01m[K/opt/ros/humble/include/rclcpp/rclcpp/any_executable.hpp:20[m[K,
                 from [01m[K/opt/ros/humble/include/rclcpp/rclcpp/memory_strategy.hpp:25[m[K,
                 from [01m[K/opt/ros/humble/include/rclcpp/rclcpp/memory_strategies.hpp:18[m[K,
                 from [01m[K/opt/ros/humble/include/rclcpp/rclcpp/executor_options.hpp:20[m[K,
                 from [01m[K/opt/ros/humble/include/rclcpp/rclcpp/executor.hpp:37[m[K,
                 from [01m[K/opt/ros/humble/include/rclcpp/rclcpp/executors/multi_threaded_executor.hpp:25[m[K,
                 from [01m[K/opt/ros/humble/include/rclcpp/rclcpp/executors.hpp:21[m[K,
                 from [01m[K/opt/ros/humble/include/rclcpp/rclcpp/rclcpp.hpp:155[m[K,
                 from [01m[K/home/ons/ros2_ws/src/diffdrive_arduino/hardware/diffbot_system.cpp:24[m[K:
[01m[K/home/ons/ros2_ws/src/diffdrive_arduino/hardware/diffbot_system.cpp:234:62:[m[K [01;31m[Kerror: [m[K‘[01m[Kmsg_hello[m[K’ was not declared in this scope
  234 |   RCLCPP_INFO(rclcpp::get_logger("DiffDriveArduinoHardware"),[01;31m[Kmsg_hello[m[K);
      |                                                              [01;31m[K^~~~~~~~~[m[K
gmake[2]: *** [CMakeFiles/diffdrive_arduino.dir/build.make:76: CMakeFiles/diffdrive_arduino.dir/hardware/diffbot_system.cpp.o] Error 1
gmake[1]: *** [CMakeFiles/Makefile2:137: CMakeFiles/diffdrive_arduino.dir/all] Error 2
gmake: *** [Makefile:146: all] Error 2
