[0.256s] Invoking command in '/home/ons/ros2_ws/build/ydlidar_ros2_driver': CMAKE_PREFIX_PATH=/opt/ros/humble /usr/bin/cmake /home/ons/ros2_ws/src/ydlidar_ros2_driver-master -DCMAKE_INSTALL_PREFIX=/home/ons/ros2_ws/install/ydlidar_ros2_driver
[0.270s] -- Found ament_cmake: 1.3.5 (/opt/ros/humble/share/ament_cmake/cmake)
[0.551s] -- Found rclcpp: 16.0.5 (/opt/ros/humble/share/rclcpp/cmake)
[0.597s] -- Found rosidl_generator_c: 3.1.5 (/opt/ros/humble/share/rosidl_generator_c/cmake)
[0.598s] -- Found rosidl_adapter: 3.1.5 (/opt/ros/humble/share/rosidl_adapter/cmake)
[0.609s] -- Found rosidl_generator_cpp: 3.1.5 (/opt/ros/humble/share/rosidl_generator_cpp/cmake)
[0.627s] -- Using all available rosidl_typesupport_c: rosidl_typesupport_fastrtps_c;rosidl_typesupport_introspection_c
[0.650s] -- Using all available rosidl_typesupport_cpp: rosidl_typesupport_fastrtps_cpp;rosidl_typesupport_introspection_cpp
[0.744s] -- Found rmw_implementation_cmake: 6.1.1 (/opt/ros/humble/share/rmw_implementation_cmake/cmake)
[0.746s] -- Found rmw_fastrtps_cpp: 6.2.3 (/opt/ros/humble/share/rmw_fastrtps_cpp/cmake)
[0.957s] -- Using RMW implementation 'rmw_fastrtps_cpp' as default
[1.539s] -- Found sensor_msgs: 4.2.3 (/opt/ros/humble/share/sensor_msgs/cmake)
[2.017s] -- Found visualization_msgs: 4.2.3 (/opt/ros/humble/share/visualization_msgs/cmake)
[2.488s] -- Found std_srvs: 4.2.3 (/opt/ros/humble/share/std_srvs/cmake)
[2.549s] [31mCMake Error at CMakeLists.txt:25 (find_package):
[2.550s]   By not providing "Findydlidar_sdk.cmake" in CMAKE_MODULE_PATH this project
[2.550s]   has asked CMake to find a package configuration file provided by
[2.551s]   "ydlidar_sdk", but CMake did not find one.
[2.552s] 
[2.552s]   Could not find a package configuration file provided by "ydlidar_sdk" with
[2.553s]   any of the following names:
[2.553s] 
[2.554s]     ydlidar_sdkConfig.cmake
[2.555s]     ydlidar_sdk-config.cmake
[2.556s] 
[2.556s]   Add the installation prefix of "ydlidar_sdk" to CMAKE_PREFIX_PATH or set
[2.557s]   "ydlidar_sdk_DIR" to a directory containing one of the above files.  If
[2.558s]   "ydlidar_sdk" provides a separate development package or SDK, be sure it
[2.558s]   has been installed.
[2.559s] 
[2.560s] [0m
[2.560s] -- Configuring incomplete, errors occurred!
[2.561s] See also "/home/ons/ros2_ws/build/ydlidar_ros2_driver/CMakeFiles/CMakeOutput.log".
[2.575s] Invoked command in '/home/ons/ros2_ws/build/ydlidar_ros2_driver' returned '1': CMAKE_PREFIX_PATH=/opt/ros/humble /usr/bin/cmake /home/ons/ros2_ws/src/ydlidar_ros2_driver-master -DCMAKE_INSTALL_PREFIX=/home/ons/ros2_ws/install/ydlidar_ros2_driver
