[35m[1mConsolidate compiler generated dependencies of target ydlidar_node[0m
[35m[1mConsolidate compiler generated dependencies of target ydlidar_client[0m
[  9%] [32m[1mLinking CXX executable ydlidar_client[0m
[ 18%] [32m[1mLinking CXX executable ydlidar_node[0m
[ 90%] Built target ydlidar_node
[100%] Built target ydlidar_client
-- Install configuration: ""
-- Execute custom install script
-- Symlinking: /home/ons/ros2_ws/install/ydlidar/lib/ydlidar/ydlidar_node
-- Symlinking: /home/ons/ros2_ws/install/ydlidar/lib/ydlidar/ydlidar_client
-- Symlinking: /home/ons/ros2_ws/install/ydlidar/share/ydlidar/launch/ydlidar.py
-- Symlinking: /home/ons/ros2_ws/install/ydlidar/share/ydlidar/launch/ydlidar_launch.py
-- Symlinking: /home/ons/ros2_ws/install/ydlidar/share/ydlidar/params/ydlidar.yaml
-- Symlinking: /home/ons/ros2_ws/install/ydlidar/share/ydlidar/startup/initenv.sh
-- Symlinking: /home/ons/ros2_ws/install/ydlidar/share/ament_index/resource_index/package_run_dependencies/ydlidar
-- Symlinking: /home/ons/ros2_ws/install/ydlidar/share/ament_index/resource_index/parent_prefix_path/ydlidar
-- Symlinking: /home/ons/ros2_ws/install/ydlidar/share/ydlidar/environment/ament_prefix_path.sh
-- Symlinking: /home/ons/ros2_ws/install/ydlidar/share/ydlidar/environment/ament_prefix_path.dsv
-- Symlinking: /home/ons/ros2_ws/install/ydlidar/share/ydlidar/environment/path.sh
-- Symlinking: /home/ons/ros2_ws/install/ydlidar/share/ydlidar/environment/path.dsv
-- Symlinking: /home/ons/ros2_ws/install/ydlidar/share/ydlidar/local_setup.bash
-- Symlinking: /home/ons/ros2_ws/install/ydlidar/share/ydlidar/local_setup.sh
-- Symlinking: /home/ons/ros2_ws/install/ydlidar/share/ydlidar/local_setup.zsh
-- Symlinking: /home/ons/ros2_ws/install/ydlidar/share/ydlidar/local_setup.dsv
-- Symlinking: /home/ons/ros2_ws/install/ydlidar/share/ydlidar/package.dsv
-- Symlinking: /home/ons/ros2_ws/install/ydlidar/share/ament_index/resource_index/packages/ydlidar
-- Symlinking: /home/ons/ros2_ws/install/ydlidar/share/ydlidar/cmake/ydlidarConfig.cmake
-- Symlinking: /home/ons/ros2_ws/install/ydlidar/share/ydlidar/cmake/ydlidarConfig-version.cmake
-- Symlinking: /home/ons/ros2_ws/install/ydlidar/share/ydlidar/package.xml
