[0.009s] Invoking command in '/home/ons/ros2_ws/build/ydlidar_sdk': /usr/bin/cmake /home/ons/ros2_ws/src/YDLidar-SDK -DCMAKE_INSTALL_PREFIX=/home/ons/ros2_ws/install/ydlidar_sdk
[0.022s] [0mCMake Deprecation Warning at CMakeLists.txt:1 (cmake_minimum_required):
[0.022s]   Compatibility with CMake < 2.8.12 will be removed from a future version of
[0.022s]   CMake.
[0.022s] 
[0.023s]   Update the VERSION argument <min> value or use a ...<max> suffix to tell
[0.023s]   CMake that the project does not need compatibility with older versions.
[0.024s] 
[0.024s] [0m
[0.219s] -- The C compiler identification is GNU 11.4.0
[0.544s] -- The CXX compiler identification is GNU 11.4.0
[0.579s] -- Detecting C compiler ABI info
[1.044s] -- Detecting C compiler ABI info - done
[1.059s] -- Check for working C compiler: /usr/bin/cc - skipped
[1.060s] -- Detecting C compile features
[1.061s] -- Detecting C compile features - done
[1.070s] -- Detecting CXX compiler ABI info
[1.569s] -- Detecting CXX compiler ABI info - done
[1.597s] -- Check for working CXX compiler: /usr/bin/c++ - skipped
[1.597s] -- Detecting CXX compile features
[1.597s] -- Detecting CXX compile features - done
[1.597s] -- Current platform: Linux
[1.597s] -- Could NOT find SWIG (missing: SWIG_EXECUTABLE SWIG_DIR) 
[1.598s] [0mCMake Deprecation Warning at CMakeLists.txt:50 (cmake_policy):
[1.598s]   The OLD behavior for policy CMP0053 will be removed from a future version
[1.598s]   of CMake.
[1.598s] 
[1.598s]   The cmake-policies(7) manual explains that the OLD behaviors of all
[1.598s]   policies are deprecated and that a policy should be set to OLD only under
[1.598s]   specific short-term circumstances.  Projects should be ported to the NEW
[1.598s]   behavior and not rely on setting a policy to OLD.
[1.598s] 
[1.598s] [0m
[1.598s] [0mCMake Deprecation Warning at CMakeLists.txt:53 (cmake_policy):
[1.598s]   The OLD behavior for policy CMP0037 will be removed from a future version
[1.598s]   of CMake.
[1.599s] 
[1.599s]   The cmake-policies(7) manual explains that the OLD behaviors of all
[1.599s]   policies are deprecated and that a policy should be set to OLD only under
[1.599s]   specific short-term circumstances.  Projects should be ported to the NEW
[1.599s]   behavior and not rely on setting a policy to OLD.
[1.599s] 
[1.599s] [0m
[1.599s] [0mCMake Deprecation Warning at CMakeLists.txt:56 (cmake_policy):
[1.599s]   The OLD behavior for policy CMP0043 will be removed from a future version
[1.599s]   of CMake.
[1.599s] 
[1.599s]   The cmake-policies(7) manual explains that the OLD behaviors of all
[1.599s]   policies are deprecated and that a policy should be set to OLD only under
[1.600s]   specific short-term circumstances.  Projects should be ported to the NEW
[1.600s]   behavior and not rely on setting a policy to OLD.
[1.620s] 
[1.621s] [0m
[1.694s] -- Found PythonInterp: /usr/bin/python3.10 (found version "3.10.12") 
[1.766s] -- Found PythonLibs: /usr/lib/x86_64-linux-gnu/libpython3.10.so (found version "3.10.12") 
[2.495s] -- Found GTest: /usr/lib/x86_64-linux-gnu/cmake/GTest/GTestConfig.cmake (found version "1.11.0")  
[2.497s] [0mCMake Deprecation Warning at core/CMakeLists.txt:1 (cmake_minimum_required):
[2.498s]   Compatibility with CMake < 2.8.12 will be removed from a future version of
[2.499s]   CMake.
[2.500s] 
[2.501s]   Update the VERSION argument <min> value or use a ...<max> suffix to tell
[2.502s]   CMake that the project does not need compatibility with older versions.
[2.502s] 
[2.503s] [0m
[2.518s] [0mCMake Deprecation Warning at samples/CMakeLists.txt:2 (cmake_minimum_required):
[2.520s]   Compatibility with CMake < 2.8.12 will be removed from a future version of
[2.520s]   CMake.
[2.522s] 
[2.522s]   Update the VERSION argument <min> value or use a ...<max> suffix to tell
[2.523s]   CMake that the project does not need compatibility with older versions.
[2.523s] 
[2.524s] [0m
[2.525s] [0mCMake Deprecation Warning at cmake/install_package.cmake:101 (cmake_policy):
[2.525s]   The OLD behavior for policy CMP0026 will be removed from a future version
[2.527s]   of CMake.
[2.527s] 
[2.528s]   The cmake-policies(7) manual explains that the OLD behaviors of all
[2.529s]   policies are deprecated and that a policy should be set to OLD only under
[2.529s]   specific short-term circumstances.  Projects should be ported to the NEW
[2.530s]   behavior and not rely on setting a policy to OLD.
[2.531s] Call Stack (most recent call first):
[2.534s]   CMakeLists.txt:168 (install_package)
[2.534s] 
[2.535s] [0m
[2.536s] [33mCMake Warning (dev) at cmake/install_package.cmake:191 (install):
[2.537s]   Policy CMP0062 is not set: Disallow install() of export() result.  Run
[2.537s]   "cmake --help-policy CMP0062" for policy details.  Use the cmake_policy
[2.538s]   command to set the policy and suppress this warning.
[2.538s] 
[2.539s]   The file
[2.540s] 
[2.540s]     /home/ons/ros2_ws/build/ydlidar_sdk/ydlidar_sdkTargets.cmake
[2.541s] 
[2.541s]   was generated by the export() command.  It should not be installed with the
[2.542s]   install() command.  Use the install(EXPORT) mechanism instead.  See the
[2.543s]   cmake-packages(7) manual for more.
[2.544s] 
[2.557s] Call Stack (most recent call first):
[2.558s]   CMakeLists.txt:168 (install_package)
[2.558s] This warning is for project developers.  Use -Wno-dev to suppress it.
[2.559s] [0m
[2.560s] -- 
[2.560s] -- +===========================================================================+
[2.561s] -- |         Resulting configuration for                             |
[2.562s] -- +===========================================================================+
[2.563s] --  _________________________ PLATFORM _____________________________
[2.563s] --  Host                        : Linux6.2.0-33-genericx86_64
[2.564s] --  Is the system big endian?   :  No 
[2.565s] --  Word size (32/64 bit)       : 64
[2.568s] --  CMake version               : 3.22.1
[2.581s] --  CMake generator             : Unix Makefiles
[2.581s] --  CMake build tool            : /usr/bin/gmake
[2.582s] --  Compiler                    : GNU
[2.582s] --  Configuration               : 
[2.582s] -- 
[2.582s] --  __________________________ OPTIONS _____________________________
[2.582s] --  Build YDLidar-SDK as a shared library?　　 :  No 
[2.582s] --  Build Examples?　　　　　　　　　　　　　　 : Yes 
[2.582s] --  Build C Sharp API?　　　　　　　　　　　　 :  No 
[2.582s] --  Build TEST?  			　　　 :  No 
[2.582s] -- 
[2.582s] --  _________________________ INSTALL _____________________
[2.582s] --  Install prefix                    : /home/ons/ros2_ws/install/ydlidar_sdk
[2.583s] -- 
[2.583s] --  _______________________ WRAPPERS/BINDINGS ______________________
[2.583s] --  Python bindings (pyydlidar)   :  No 
[2.583s] --   - dep: Swig found?       :  No [Version: ]
[2.583s] --   - dep: PythonLibs found?  : Yes [Version: 3.10.12]
[2.583s] -- 
[2.583s] -- Configuring done
[2.643s] -- Generating done
[2.654s] -- Build files have been written to: /home/ons/ros2_ws/build/ydlidar_sdk
