[0.725s] Invoking command in '/home/ons/ros2_ws/build/ydlidar': CMAKE_PREFIX_PATH=${CMAKE_PREFIX_PATH}:/home/ons/ros2_ws/install/test_node:/home/ons/ros2_ws/install/serial_motor_demo:/opt/ros/humble /usr/bin/cmake --build /home/ons/ros2_ws/build/ydlidar -- -j4 -l4
[0.923s] [ 81%] Built target ydlidar_node
[0.928s] [100%] Built target ydlidar_client
[1.013s] Invoked command in '/home/ons/ros2_ws/build/ydlidar' returned '0': CMAKE_PREFIX_PATH=${CMAKE_PREFIX_PATH}:/home/ons/ros2_ws/install/test_node:/home/ons/ros2_ws/install/serial_motor_demo:/opt/ros/humble /usr/bin/cmake --build /home/ons/ros2_ws/build/ydlidar -- -j4 -l4
[1.326s] Invoking command in '/home/ons/ros2_ws/build/ydlidar': CMAKE_PREFIX_PATH=${CMAKE_PREFIX_PATH}:/home/ons/ros2_ws/install/test_node:/home/ons/ros2_ws/install/serial_motor_demo:/opt/ros/humble /usr/bin/cmake --install /home/ons/ros2_ws/build/ydlidar
[1.370s] -- Install configuration: ""
[1.373s] -- Execute custom install script
[1.376s] -- Up-to-date symlink: /home/ons/ros2_ws/install/ydlidar/lib/ydlidar/ydlidar_node
[1.377s] -- Up-to-date symlink: /home/ons/ros2_ws/install/ydlidar/lib/ydlidar/ydlidar_client
[1.380s] -- Up-to-date symlink: /home/ons/ros2_ws/install/ydlidar/share/ydlidar/launch/ydlidar.py
[1.380s] -- Up-to-date symlink: /home/ons/ros2_ws/install/ydlidar/share/ydlidar/launch/ydlidar_launch.py
[1.381s] -- Up-to-date symlink: /home/ons/ros2_ws/install/ydlidar/share/ydlidar/params/ydlidar.yaml
[1.383s] -- Up-to-date symlink: /home/ons/ros2_ws/install/ydlidar/share/ydlidar/startup/initenv.sh
[1.384s] -- Up-to-date symlink: /home/ons/ros2_ws/install/ydlidar/share/ament_index/resource_index/package_run_dependencies/ydlidar
[1.384s] -- Up-to-date symlink: /home/ons/ros2_ws/install/ydlidar/share/ament_index/resource_index/parent_prefix_path/ydlidar
[1.387s] -- Up-to-date symlink: /home/ons/ros2_ws/install/ydlidar/share/ydlidar/environment/ament_prefix_path.sh
[1.388s] -- Up-to-date symlink: /home/ons/ros2_ws/install/ydlidar/share/ydlidar/environment/ament_prefix_path.dsv
[1.391s] -- Up-to-date symlink: /home/ons/ros2_ws/install/ydlidar/share/ydlidar/environment/path.sh
[1.391s] -- Up-to-date symlink: /home/ons/ros2_ws/install/ydlidar/share/ydlidar/environment/path.dsv
[1.393s] -- Up-to-date symlink: /home/ons/ros2_ws/install/ydlidar/share/ydlidar/local_setup.bash
[1.400s] -- Up-to-date symlink: /home/ons/ros2_ws/install/ydlidar/share/ydlidar/local_setup.sh
[1.403s] -- Up-to-date symlink: /home/ons/ros2_ws/install/ydlidar/share/ydlidar/local_setup.zsh
[1.403s] -- Up-to-date symlink: /home/ons/ros2_ws/install/ydlidar/share/ydlidar/local_setup.dsv
[1.403s] -- Symlinking: /home/ons/ros2_ws/install/ydlidar/share/ydlidar/package.dsv
[1.422s] -- Up-to-date symlink: /home/ons/ros2_ws/install/ydlidar/share/ament_index/resource_index/packages/ydlidar
[1.423s] -- Up-to-date symlink: /home/ons/ros2_ws/install/ydlidar/share/ydlidar/cmake/ydlidarConfig.cmake
[1.423s] -- Up-to-date symlink: /home/ons/ros2_ws/install/ydlidar/share/ydlidar/cmake/ydlidarConfig-version.cmake
[1.424s] -- Up-to-date symlink: /home/ons/ros2_ws/install/ydlidar/share/ydlidar/package.xml
[1.853s] Invoked command in '/home/ons/ros2_ws/build/ydlidar' returned '0': CMAKE_PREFIX_PATH=${CMAKE_PREFIX_PATH}:/home/ons/ros2_ws/install/test_node:/home/ons/ros2_ws/install/serial_motor_demo:/opt/ros/humble /usr/bin/cmake --install /home/ons/ros2_ws/build/ydlidar
