[0.120s] Invoking command in '/home/ons/ros2_ws/build/diffdrive_arduino': CMAKE_PREFIX_PATH=/opt/ros/humble /usr/bin/cmake --build /home/ons/ros2_ws/build/diffdrive_arduino -- -j4 -l4
[0.260s] [35m[1mConsolidate compiler generated dependencies of target diffdrive_arduino[0m
[0.326s] [ 50%] [32mBuilding CXX object CMakeFiles/diffdrive_arduino.dir/hardware/diffbot_system.cpp.o[0m
[4.196s] [01m[K/home/ons/ros2_ws/src/diffdrive_arduino/hardware/diffbot_system.cpp:[m[K In member function ‘[01m[Kvirtual hardware_interface::return_type diffdrive_arduino::DiffDriveArduinoHardware::read(const rclcpp::Time&, const rclcpp::Duration&)[m[K’:
[4.196s] [01m[K/home/ons/ros2_ws/src/diffdrive_arduino/hardware/diffbot_system.cpp:212:10:[m[K [01;35m[Kwarning: [m[Kvariable ‘[01m[Kpos_prev[m[K’ set but not used [[01;35m[K]8;;https://gcc.gnu.org/onlinedocs/gcc/Warning-Options.html#index-Wunused-but-set-variable-Wunused-but-set-variable]8;;[m[K]
[4.196s]   212 |   double [01;35m[Kpos_prev[m[K = wheel_l_.pos;
[4.197s]       |          [01;35m[K^~~~~~~~[m[K
[5.558s] [100%] [32m[1mLinking CXX shared library libdiffdrive_arduino.so[0m
[5.829s] [100%] Built target diffdrive_arduino
[5.839s] Invoked command in '/home/ons/ros2_ws/build/diffdrive_arduino' returned '0': CMAKE_PREFIX_PATH=/opt/ros/humble /usr/bin/cmake --build /home/ons/ros2_ws/build/diffdrive_arduino -- -j4 -l4
[5.858s] Invoking command in '/home/ons/ros2_ws/build/diffdrive_arduino': CMAKE_PREFIX_PATH=/opt/ros/humble /usr/bin/cmake --install /home/ons/ros2_ws/build/diffdrive_arduino
[5.865s] -- Install configuration: ""
[5.866s] -- Up-to-date: /home/ons/ros2_ws/install/diffdrive_arduino/include/diffdrive_arduino
[5.866s] -- Up-to-date: /home/ons/ros2_ws/install/diffdrive_arduino/include/diffdrive_arduino/diffdrive_arduino
[5.867s] -- Up-to-date: /home/ons/ros2_ws/install/diffdrive_arduino/share/diffdrive_arduino/launch
[5.867s] -- Up-to-date: /home/ons/ros2_ws/install/diffdrive_arduino/share/diffdrive_arduino/ros2_control
[5.867s] -- Up-to-date: /home/ons/ros2_ws/install/diffdrive_arduino/share/diffdrive_arduino/urdf
[5.867s] -- Up-to-date: /home/ons/ros2_ws/install/diffdrive_arduino/share/diffdrive_arduino/rviz
[5.867s] -- Up-to-date: /home/ons/ros2_ws/install/diffdrive_arduino/share/diffdrive_arduino/launch
[5.868s] -- Up-to-date: /home/ons/ros2_ws/install/diffdrive_arduino/share/diffdrive_arduino/config
[5.868s] -- Installing: /home/ons/ros2_ws/install/diffdrive_arduino/lib/libdiffdrive_arduino.so
[5.869s] -- Set runtime path of "/home/ons/ros2_ws/install/diffdrive_arduino/lib/libdiffdrive_arduino.so" to ""
[5.870s] -- Installing: /home/ons/ros2_ws/install/diffdrive_arduino/share/diffdrive_arduino/package.dsv
[5.873s] -- Up-to-date: /home/ons/ros2_ws/install/diffdrive_arduino/share/diffdrive_arduino/cmake/export_diffdrive_arduinoExport.cmake
[5.873s] -- Up-to-date: /home/ons/ros2_ws/install/diffdrive_arduino/share/diffdrive_arduino/cmake/export_diffdrive_arduinoExport-noconfig.cmake
[5.876s] Invoked command in '/home/ons/ros2_ws/build/diffdrive_arduino' returned '0': CMAKE_PREFIX_PATH=/opt/ros/humble /usr/bin/cmake --install /home/ons/ros2_ws/build/diffdrive_arduino
