[0.220s] Invoking command in '/home/ons/ros2_ws/build/ydlidar': CMAKE_PREFIX_PATH=/opt/ros/humble /usr/bin/cmake --build /home/ons/ros2_ws/build/ydlidar -- -j4 -l4
[0.447s] [ 18%] Built target ydlidar_client
[0.449s] [100%] Built target ydlidar_node
[0.579s] Invoked command in '/home/ons/ros2_ws/build/ydlidar' returned '0': CMAKE_PREFIX_PATH=/opt/ros/humble /usr/bin/cmake --build /home/ons/ros2_ws/build/ydlidar -- -j4 -l4
[0.668s] Invoking command in '/home/ons/ros2_ws/build/ydlidar': CMAKE_PREFIX_PATH=/opt/ros/humble /usr/bin/cmake --install /home/ons/ros2_ws/build/ydlidar
[0.685s] -- Install configuration: ""
[0.688s] -- Up-to-date: /home/ons/ros2_ws/install/ydlidar/lib/ydlidar/ydlidar_node
[0.690s] -- Up-to-date: /home/ons/ros2_ws/install/ydlidar/lib/ydlidar/ydlidar_client
[0.691s] -- Up-to-date: /home/ons/ros2_ws/install/ydlidar/share/ydlidar/launch
[0.691s] -- Up-to-date: /home/ons/ros2_ws/install/ydlidar/share/ydlidar/launch/ydlidar_launch.py
[0.691s] -- Up-to-date: /home/ons/ros2_ws/install/ydlidar/share/ydlidar/launch/ydlidar.py
[0.691s] -- Up-to-date: /home/ons/ros2_ws/install/ydlidar/share/ydlidar/params
[0.691s] -- Up-to-date: /home/ons/ros2_ws/install/ydlidar/share/ydlidar/params/ydlidar.yaml
[0.692s] -- Up-to-date: /home/ons/ros2_ws/install/ydlidar/share/ydlidar/startup
[0.692s] -- Up-to-date: /home/ons/ros2_ws/install/ydlidar/share/ydlidar/startup/initenv.sh
[0.692s] -- Up-to-date: /home/ons/ros2_ws/install/ydlidar/share/ament_index/resource_index/package_run_dependencies/ydlidar
[0.692s] -- Up-to-date: /home/ons/ros2_ws/install/ydlidar/share/ament_index/resource_index/parent_prefix_path/ydlidar
[0.692s] -- Up-to-date: /home/ons/ros2_ws/install/ydlidar/share/ydlidar/environment/ament_prefix_path.sh
[0.692s] -- Up-to-date: /home/ons/ros2_ws/install/ydlidar/share/ydlidar/environment/ament_prefix_path.dsv
[0.693s] -- Up-to-date: /home/ons/ros2_ws/install/ydlidar/share/ydlidar/environment/path.sh
[0.693s] -- Up-to-date: /home/ons/ros2_ws/install/ydlidar/share/ydlidar/environment/path.dsv
[0.693s] -- Up-to-date: /home/ons/ros2_ws/install/ydlidar/share/ydlidar/local_setup.bash
[0.693s] -- Up-to-date: /home/ons/ros2_ws/install/ydlidar/share/ydlidar/local_setup.sh
[0.693s] -- Up-to-date: /home/ons/ros2_ws/install/ydlidar/share/ydlidar/local_setup.zsh
[0.693s] -- Up-to-date: /home/ons/ros2_ws/install/ydlidar/share/ydlidar/local_setup.dsv
[0.693s] -- Installing: /home/ons/ros2_ws/install/ydlidar/share/ydlidar/package.dsv
[0.694s] -- Up-to-date: /home/ons/ros2_ws/install/ydlidar/share/ament_index/resource_index/packages/ydlidar
[0.694s] -- Up-to-date: /home/ons/ros2_ws/install/ydlidar/share/ydlidar/cmake/ydlidarConfig.cmake
[0.694s] -- Up-to-date: /home/ons/ros2_ws/install/ydlidar/share/ydlidar/cmake/ydlidarConfig-version.cmake
[0.694s] -- Up-to-date: /home/ons/ros2_ws/install/ydlidar/share/ydlidar/package.xml
[0.706s] Invoked command in '/home/ons/ros2_ws/build/ydlidar' returned '0': CMAKE_PREFIX_PATH=/opt/ros/humble /usr/bin/cmake --install /home/ons/ros2_ws/build/ydlidar
